<?xml version="1.0" encoding="UTF-8"?>
<testsuites name="12.2 AI Assistant (AIEditbeta)" time="281.523" tests="2" failures="0" errors="0">
   <testsuite name="12.2 AI Assistant (AIEditbeta)" tests="2" failures="0" errors="0" time="281.523" skipped="0" timestamp="2023-08-04 01:21:11" hostname="Personal - DESKTOP-TFDFEQ1" id="Test Suites/TS-Organization/12.2 AI Assistant (AIEditbeta)">
      <properties>
         <property name="deviceName" value=""/>
         <property name="devicePlatform" value=""/>
         <property name="logFolder" value="C:\\Users\\Personal\\Documents\\GitHub\\Everleagues\\Reports\\20230804_012110\\TS-Organization\\12.2 AI Assistant (AIEditbeta)\\20230804_012110"/>
         <property name="logFiles" value="C:\\Users\\Personal\\Documents\\GitHub\\Everleagues\\Reports\\20230804_012110\\TS-Organization\\12.2 AI Assistant (AIEditbeta)\\20230804_012110\\execution0.log"/>
         <property name="attachments" value=""/>
         <property name="hostName" value="Personal - DESKTOP-TFDFEQ1"/>
         <property name="os" value="Windows 11 64bit"/>
         <property name="katalonVersion" value="8.6.5.208"/>
         <property name="browser" value="Chrome 115.0.0.0"/>
         <property name="hostAddress" value="10.100.1.38"/>
         <property name="sessionId" value="e788a4655da3e43c85b1da6fb1df636a"/>
         <property name="seleniumVersion" value="3.141.59"/>
         <property name="proxyInformation" value="ProxyInformation { proxyOption=NO_PROXY, proxyServerType=HTTP, username=, password=********, proxyServerAddress=, proxyServerPort=0, executionList=&quot;&quot;, isApplyToDesiredCapabilities=true }"/>
         <property name="platform" value="Windows 11"/>
      </properties>
      <testcase name="Test Cases/12- AI assistant (beta)/12.2-AI Edit (beta)/01-Run AI Edit" time="270.004" classname="Test Cases/12- AI assistant (beta)/12.2-AI Edit (beta)/01-Run AI Edit" status="PASSED">
         <system-out><![CDATA[2023-08-04 01:21:12 - [TEST_CASE][PASSED] - Test Cases/12- AI assistant (beta)/12.2-AI Edit (beta)/01-Run AI Edit: Test Cases/12- AI assistant (beta)/12.2-AI Edit (beta)/01-Run AI Edit

2023-08-04 01:21:12 - [TEST_STEP][PASSED] - openBrowser(""): Browser is opened with url: ''

2023-08-04 01:21:12 - [MESSAGE][INFO] - Starting 'Chrome' driver

2023-08-04 01:21:12 - [MESSAGE][INFO] - User set preference: ['args', '[--disable-web-security, --ignore-certificate-errors, --no-first-run, --disable-gpu]']

2023-08-04 01:21:12 - [MESSAGE][INFO] - Action delay is set to 0 milliseconds

2023-08-04 01:21:14 - [MESSAGE][PASSED] - Browser is opened with url: ''

2023-08-04 01:21:14 - [TEST_STEP][PASSED] - navigateToUrl(app_url_login): Navigate to 'https://lab.everleagues.com/login' successfully

2023-08-04 01:24:19 - [MESSAGE][PASSED] - Navigate to 'https://lab.everleagues.com/login' successfully

2023-08-04 01:24:19 - [TEST_STEP][PASSED] - maximizeWindow(): Current window maximized

2023-08-04 01:24:19 - [MESSAGE][PASSED] - Current window maximized

2023-08-04 01:24:19 - [TEST_STEP][PASSED] - callTestCase(findTestCase("01-Login and Forgot Password/04-Login(Valid Credentials-With Subscription)"), [:], STOP_ON_FAILURE): Call Test Case 'Test Cases/01-Login and Forgot Password/04-Login(Valid Credentials-With Subscription)' successfully

2023-08-04 01:24:19 - [TEST_CASE][PASSED] - Test Cases/01-Login and Forgot Password/04-Login(Valid Credentials-With Subscription): Test Cases/01-Login and Forgot Password/04-Login(Valid Credentials-With Subscription)

2023-08-04 01:24:20 - [TEST_STEP][PASSED] - setText(findTestObject("01-Login and Forgot Password/input_Email_email"), email_with_subscription): Text 'testuser005@mailinator.com' is set on object 'Object Repository/01-Login and Forgot Password/input_Email_email'

2023-08-04 01:24:20 - [MESSAGE][PASSED] - Text 'testuser005@mailinator.com' is set on object 'Object Repository/01-Login and Forgot Password/input_Email_email'

2023-08-04 01:24:20 - [TEST_STEP][PASSED] - setEncryptedText(findTestObject("01-Login and Forgot Password/input_Email_password"), password): Text ****** has been set on object 'Object Repository/01-Login and Forgot Password/input_Email_password'

2023-08-04 01:24:21 - [MESSAGE][PASSED] - Text ****** has been set on object 'Object Repository/01-Login and Forgot Password/input_Email_password'

2023-08-04 01:24:21 - [TEST_STEP][PASSED] - delay(delay_2seconds): Delayed 2 second(s)

2023-08-04 01:24:23 - [MESSAGE][PASSED] - Delayed 2 second(s)

2023-08-04 01:24:23 - [TEST_STEP][PASSED] - click(findTestObject("01-Login and Forgot Password/show pass button")): Object: 'Object Repository/01-Login and Forgot Password/show pass button' is clicked on

2023-08-04 01:24:23 - [MESSAGE][PASSED] - Object: 'Object Repository/01-Login and Forgot Password/show pass button' is clicked on

2023-08-04 01:24:23 - [TEST_STEP][PASSED] - delay(delay_3seconds): Delayed 3 second(s)

2023-08-04 01:24:26 - [MESSAGE][PASSED] - Delayed 3 second(s)

2023-08-04 01:24:26 - [TEST_STEP][PASSED] - click(findTestObject("01-Login and Forgot Password/button_Sign in")): Object: 'Object Repository/01-Login and Forgot Password/button_Sign in' is clicked on

2023-08-04 01:24:27 - [MESSAGE][PASSED] - Object: 'Object Repository/01-Login and Forgot Password/button_Sign in' is clicked on

2023-08-04 01:24:27 - [TEST_STEP][PASSED] - delay(delay_3seconds): Delayed 3 second(s)

2023-08-04 01:24:30 - [MESSAGE][PASSED] - Delayed 3 second(s)

2023-08-04 01:24:30 - [TEST_STEP][PASSED] - executeJavaScript("window.open();", []): Execute JavaScript 'window.open();' successfully

2023-08-04 01:24:30 - [MESSAGE][PASSED] - Execute JavaScript 'window.open();' successfully

2023-08-04 01:24:30 - [TEST_STEP][PASSED] - currentWindow = getWindowIndex(): Current window's index is: 0

2023-08-04 01:24:30 - [MESSAGE][PASSED] - Current window's index is: 0

2023-08-04 01:24:30 - [TEST_STEP][PASSED] - delay(delay_3seconds): Delayed 3 second(s)

2023-08-04 01:24:33 - [MESSAGE][PASSED] - Delayed 3 second(s)

2023-08-04 01:24:33 - [TEST_STEP][PASSED] - switchToWindowIndex(currentWindow + 1): Switched to window with index: '1'

2023-08-04 01:24:33 - [MESSAGE][PASSED] - Switched to window with index: '1'

2023-08-04 01:24:33 - [TEST_STEP][PASSED] - navigateToUrl(app_mailinator): Navigate to 'https://www.mailinator.com/' successfully

2023-08-04 01:24:39 - [MESSAGE][PASSED] - Navigate to 'https://www.mailinator.com/' successfully

2023-08-04 01:24:39 - [TEST_STEP][PASSED] - delay(delay_3seconds): Delayed 3 second(s)

2023-08-04 01:24:42 - [MESSAGE][PASSED] - Delayed 3 second(s)

2023-08-04 01:24:42 - [TEST_STEP][PASSED] - setText(findTestObject("00-Signup and Activation/zMailinator/input_LOGIN_search"), email_for_searchmailinator_testuser05): Text 'testuser005@mailinator.com' is set on object 'Object Repository/00-Signup and Activation/zMailinator/input_LOGIN_search'

2023-08-04 01:24:42 - [MESSAGE][PASSED] - Text 'testuser005@mailinator.com' is set on object 'Object Repository/00-Signup and Activation/zMailinator/input_LOGIN_search'

2023-08-04 01:24:42 - [TEST_STEP][PASSED] - click(findTestObject("00-Signup and Activation/zMailinator/gobutton"), STOP_ON_FAILURE): Object: 'Object Repository/00-Signup and Activation/zMailinator/gobutton' is clicked on

2023-08-04 01:24:43 - [MESSAGE][PASSED] - Object: 'Object Repository/00-Signup and Activation/zMailinator/gobutton' is clicked on

2023-08-04 01:24:43 - [TEST_STEP][PASSED] - delay(delay_10seconds): Delayed 10 second(s)

2023-08-04 01:24:53 - [MESSAGE][PASSED] - Delayed 10 second(s)

2023-08-04 01:24:53 - [TEST_STEP][PASSED] - click(findTestObject("00-Signup and Activation/zMailinator/Email - everleagues")): Object: 'Object Repository/00-Signup and Activation/zMailinator/Email - everleagues' is clicked on

2023-08-04 01:24:53 - [MESSAGE][PASSED] - Object: 'Object Repository/00-Signup and Activation/zMailinator/Email - everleagues' is clicked on

2023-08-04 01:24:53 - [TEST_STEP][PASSED] - delay(delay_5seconds): Delayed 5 second(s)

2023-08-04 01:24:58 - [MESSAGE][PASSED] - Delayed 5 second(s)

2023-08-04 01:24:58 - [TEST_STEP][PASSED] - code = getText(findTestObject("Object Repository/06-Teams/For 2FA/2FA code")): Text of object 'Object Repository/06-Teams/For 2FA/2FA code' is: '041085'

2023-08-04 01:24:59 - [MESSAGE][PASSED] - Text of object 'Object Repository/06-Teams/For 2FA/2FA code' is: '041085'

2023-08-04 01:24:59 - [TEST_STEP][PASSED] - delay(delay_3seconds): Delayed 3 second(s)

2023-08-04 01:25:02 - [MESSAGE][PASSED] - Delayed 3 second(s)

2023-08-04 01:25:02 - [TEST_STEP][PASSED] - closeWindowTitle("Mailinator"): Window with title: 'Mailinator' is closed

2023-08-04 01:25:02 - [MESSAGE][PASSED] - Window with title: 'Mailinator' is closed

2023-08-04 01:25:02 - [TEST_STEP][PASSED] - delay(delay_5seconds): Delayed 5 second(s)

2023-08-04 01:25:07 - [MESSAGE][PASSED] - Delayed 5 second(s)

2023-08-04 01:25:07 - [TEST_STEP][PASSED] - switchToWindowIndex(0): Switched to window with index: '0'

2023-08-04 01:25:07 - [MESSAGE][PASSED] - Switched to window with index: '0'

2023-08-04 01:25:07 - [TEST_STEP][PASSED] - delay(delay_3seconds): Delayed 3 second(s)

2023-08-04 01:25:10 - [MESSAGE][PASSED] - Delayed 3 second(s)

2023-08-04 01:25:10 - [TEST_STEP][PASSED] - setText(findTestObject("Object Repository/06-Teams/For 2FA/input_Enter verification code_code"), code): Text '041085' is set on object 'Object Repository/06-Teams/For 2FA/input_Enter verification code_code'

2023-08-04 01:25:11 - [MESSAGE][PASSED] - Text '041085' is set on object 'Object Repository/06-Teams/For 2FA/input_Enter verification code_code'

2023-08-04 01:25:11 - [TEST_STEP][PASSED] - delay(delay_3seconds): Delayed 3 second(s)

2023-08-04 01:25:14 - [MESSAGE][PASSED] - Delayed 3 second(s)

2023-08-04 01:25:14 - [TEST_STEP][PASSED] - click(findTestObject("06-Teams/For 2FA/button_Verify_2FA")): Object: 'Object Repository/06-Teams/For 2FA/button_Verify_2FA' is clicked on

2023-08-04 01:25:14 - [MESSAGE][PASSED] - Object: 'Object Repository/06-Teams/For 2FA/button_Verify_2FA' is clicked on

2023-08-04 01:25:14 - [TEST_STEP][PASSED] - delay(delay_3seconds): Delayed 3 second(s)

2023-08-04 01:25:17 - [MESSAGE][PASSED] - Delayed 3 second(s)

2023-08-04 01:25:17 - [MESSAGE][PASSED] - Call Test Case 'Test Cases/01-Login and Forgot Password/04-Login(Valid Credentials-With Subscription)' successfully

2023-08-04 01:25:17 - [TEST_STEP][PASSED] - click(findTestObject("06-Teams/button_doublearrow")): Object: 'Object Repository/06-Teams/button_doublearrow' is clicked on

2023-08-04 01:25:21 - [MESSAGE][PASSED] - Object: 'Object Repository/06-Teams/button_doublearrow' is clicked on

2023-08-04 01:25:21 - [TEST_STEP][PASSED] - click(findTestObject("06-Teams/button_My Organizations")): Object: 'Object Repository/06-Teams/button_My Organizations' is clicked on

2023-08-04 01:25:22 - [MESSAGE][PASSED] - Object: 'Object Repository/06-Teams/button_My Organizations' is clicked on

2023-08-04 01:25:22 - [TEST_STEP][PASSED] - click(findTestObject("02-Side Icons(Organization)/Add Contact/button_Automation Test Org")): Object: 'Object Repository/02-Side Icons(Organization)/Add Contact/button_Automation Test Org' is clicked on

2023-08-04 01:25:22 - [MESSAGE][PASSED] - Object: 'Object Repository/02-Side Icons(Organization)/Add Contact/button_Automation Test Org' is clicked on

2023-08-04 01:25:22 - [TEST_STEP][PASSED] - delay(delay_4seconds): Delayed 4 second(s)

2023-08-04 01:25:26 - [MESSAGE][PASSED] - Delayed 4 second(s)

2023-08-04 01:25:26 - [TEST_STEP][PASSED] - verifyElementVisible(findTestObject("02-Side Icons(Organization)/Add Contact/span_Automation Test Org")): Object 'Object Repository/02-Side Icons(Organization)/Add Contact/span_Automation Test Org' is visible

2023-08-04 01:25:27 - [MESSAGE][PASSED] - Object 'Object Repository/02-Side Icons(Organization)/Add Contact/span_Automation Test Org' is visible

2023-08-04 01:25:27 - [TEST_STEP][PASSED] - delay(delay_5seconds): Delayed 5 second(s)

2023-08-04 01:25:32 - [MESSAGE][PASSED] - Delayed 5 second(s)

2023-08-04 01:25:32 - [TEST_STEP][PASSED] - scrollToElement(findTestObject("12-AI Assistant(beta)/AI asst button-Side panel"), 30): Scroll to object 'Object Repository/12-AI Assistant(beta)/AI asst button-Side panel' successfully

2023-08-04 01:25:32 - [MESSAGE][PASSED] - Scroll to object 'Object Repository/12-AI Assistant(beta)/AI asst button-Side panel' successfully

2023-08-04 01:25:32 - [TEST_STEP][PASSED] - click(findTestObject("12-AI Assistant(beta)/AI asst button-Side panel")): Object: 'Object Repository/12-AI Assistant(beta)/AI asst button-Side panel' is clicked on

2023-08-04 01:25:32 - [MESSAGE][PASSED] - Object: 'Object Repository/12-AI Assistant(beta)/AI asst button-Side panel' is clicked on

2023-08-04 01:25:32 - [TEST_STEP][PASSED] - verifyElementVisible(findTestObject("12-AI Assistant(beta)/AI asst button-Side panel")): Object 'Object Repository/12-AI Assistant(beta)/AI asst button-Side panel' is visible

2023-08-04 01:25:33 - [MESSAGE][PASSED] - Object 'Object Repository/12-AI Assistant(beta)/AI asst button-Side panel' is visible

2023-08-04 01:25:33 - [TEST_STEP][PASSED] - delay(delay_3seconds): Delayed 3 second(s)

2023-08-04 01:25:36 - [MESSAGE][PASSED] - Delayed 3 second(s)

2023-08-04 01:25:36 - [TEST_STEP][PASSED] - click(findTestObject("12-AI Assistant(beta)/12.2-AI Edit(beta)/AI Edit(beta) button")): Object: 'Object Repository/12-AI Assistant(beta)/12.2-AI Edit(beta)/AI Edit(beta) button' is clicked on

2023-08-04 01:25:37 - [MESSAGE][PASSED] - Object: 'Object Repository/12-AI Assistant(beta)/12.2-AI Edit(beta)/AI Edit(beta) button' is clicked on

2023-08-04 01:25:37 - [TEST_STEP][PASSED] - setText(findTestObject("12-AI Assistant(beta)/12.2-AI Edit(beta)/Input content"), "Clock is gold"): Text 'Clock is gold' is set on object 'Object Repository/12-AI Assistant(beta)/12.2-AI Edit(beta)/Input content'

2023-08-04 01:25:38 - [MESSAGE][PASSED] - Text 'Clock is gold' is set on object 'Object Repository/12-AI Assistant(beta)/12.2-AI Edit(beta)/Input content'

2023-08-04 01:25:38 - [TEST_STEP][PASSED] - setText(findTestObject("12-AI Assistant(beta)/12.2-AI Edit(beta)/Input edit instructions"), "Replace "Clock" with "Time""): Text 'Replace "Clock" with "Time"' is set on object 'Object Repository/12-AI Assistant(beta)/12.2-AI Edit(beta)/Input edit instructions'

2023-08-04 01:25:39 - [MESSAGE][PASSED] - Text 'Replace "Clock" with "Time"' is set on object 'Object Repository/12-AI Assistant(beta)/12.2-AI Edit(beta)/Input edit instructions'

2023-08-04 01:25:39 - [TEST_STEP][PASSED] - click(findTestObject("12-AI Assistant(beta)/12.2-AI Edit(beta)/Run AI edit button")): Object: 'Object Repository/12-AI Assistant(beta)/12.2-AI Edit(beta)/Run AI edit button' is clicked on

2023-08-04 01:25:39 - [MESSAGE][PASSED] - Object: 'Object Repository/12-AI Assistant(beta)/12.2-AI Edit(beta)/Run AI edit button' is clicked on

2023-08-04 01:25:39 - [TEST_STEP][PASSED] - verifyElementVisible(findTestObject("12-AI Assistant(beta)/12.2-AI Edit(beta)/New input result assertion"), STOP_ON_FAILURE): Object 'Object Repository/12-AI Assistant(beta)/12.2-AI Edit(beta)/New input result assertion' is visible

2023-08-04 01:25:42 - [MESSAGE][PASSED] - Object 'Object Repository/12-AI Assistant(beta)/12.2-AI Edit(beta)/New input result assertion' is visible]]></system-out>
         <system-err><![CDATA[]]></system-err>
      </testcase>
      <testcase name="Test Cases/12- AI assistant (beta)/12.2-AI Edit (beta)/02-If Input content is empty but edit instruction has and Vice versa" time="11.34" classname="Test Cases/12- AI assistant (beta)/12.2-AI Edit (beta)/02-If Input content is empty but edit instruction has and Vice versa" status="PASSED">
         <system-out><![CDATA[2023-08-04 01:25:42 - [TEST_CASE][PASSED] - Test Cases/12- AI assistant (beta)/12.2-AI Edit (beta)/02-If Input content is empty but edit instruction has and Vice versa: Test Cases/12- AI assistant (beta)/12.2-AI Edit (beta)/02-If Input content is empty but edit instruction has and Vice versa

2023-08-04 01:25:42 - [TEST_STEP][PASSED] - click(findTestObject("12-AI Assistant(beta)/12.1-Chat GPT(beta)/Chat GPT (beta)"), STOP_ON_FAILURE): Object: 'Object Repository/12-AI Assistant(beta)/12.1-Chat GPT(beta)/Chat GPT (beta)' is clicked on

2023-08-04 01:25:42 - [MESSAGE][PASSED] - Object: 'Object Repository/12-AI Assistant(beta)/12.1-Chat GPT(beta)/Chat GPT (beta)' is clicked on

2023-08-04 01:25:42 - [TEST_STEP][PASSED] - delay(delay_2seconds): Delayed 2 second(s)

2023-08-04 01:25:44 - [MESSAGE][PASSED] - Delayed 2 second(s)

2023-08-04 01:25:44 - [TEST_STEP][PASSED] - click(findTestObject("12-AI Assistant(beta)/12.2-AI Edit(beta)/AI Edit(beta) button"), STOP_ON_FAILURE): Object: 'Object Repository/12-AI Assistant(beta)/12.2-AI Edit(beta)/AI Edit(beta) button' is clicked on

2023-08-04 01:25:45 - [MESSAGE][PASSED] - Object: 'Object Repository/12-AI Assistant(beta)/12.2-AI Edit(beta)/AI Edit(beta) button' is clicked on

2023-08-04 01:25:45 - [TEST_STEP][PASSED] - click(findTestObject("12-AI Assistant(beta)/12.2-AI Edit(beta)/Input edit instructions")): Object: 'Object Repository/12-AI Assistant(beta)/12.2-AI Edit(beta)/Input edit instructions' is clicked on

2023-08-04 01:25:45 - [MESSAGE][PASSED] - Object: 'Object Repository/12-AI Assistant(beta)/12.2-AI Edit(beta)/Input edit instructions' is clicked on

2023-08-04 01:25:45 - [TEST_STEP][PASSED] - delay(delay_2seconds): Delayed 2 second(s)

2023-08-04 01:25:47 - [MESSAGE][PASSED] - Delayed 2 second(s)

2023-08-04 01:25:47 - [TEST_STEP][PASSED] - setText(findTestObject("12-AI Assistant(beta)/12.2-AI Edit(beta)/Input edit instructions"), "Replace "Clock" with "Time""): Text 'Replace "Clock" with "Time"' is set on object 'Object Repository/12-AI Assistant(beta)/12.2-AI Edit(beta)/Input edit instructions'

2023-08-04 01:25:48 - [MESSAGE][PASSED] - Text 'Replace "Clock" with "Time"' is set on object 'Object Repository/12-AI Assistant(beta)/12.2-AI Edit(beta)/Input edit instructions'

2023-08-04 01:25:48 - [TEST_STEP][PASSED] - verifyElementNotClickable(findTestObject("12-AI Assistant(beta)/12.2-AI Edit(beta)/disabled_RunAI_edit")): Object 'Object Repository/12-AI Assistant(beta)/12.2-AI Edit(beta)/disabled_RunAI_edit' is NOT clickable

2023-08-04 01:25:48 - [MESSAGE][PASSED] - Object 'Object Repository/12-AI Assistant(beta)/12.2-AI Edit(beta)/disabled_RunAI_edit' is NOT clickable

2023-08-04 01:25:48 - [TEST_STEP][PASSED] - click(findTestObject("12-AI Assistant(beta)/12.1-Chat GPT(beta)/Chat GPT (beta)"), STOP_ON_FAILURE): Object: 'Object Repository/12-AI Assistant(beta)/12.1-Chat GPT(beta)/Chat GPT (beta)' is clicked on

2023-08-04 01:25:49 - [MESSAGE][PASSED] - Object: 'Object Repository/12-AI Assistant(beta)/12.1-Chat GPT(beta)/Chat GPT (beta)' is clicked on

2023-08-04 01:25:49 - [TEST_STEP][PASSED] - delay(delay_2seconds): Delayed 2 second(s)

2023-08-04 01:25:51 - [MESSAGE][PASSED] - Delayed 2 second(s)

2023-08-04 01:25:51 - [TEST_STEP][PASSED] - click(findTestObject("12-AI Assistant(beta)/12.2-AI Edit(beta)/AI Edit(beta) button"), STOP_ON_FAILURE): Object: 'Object Repository/12-AI Assistant(beta)/12.2-AI Edit(beta)/AI Edit(beta) button' is clicked on

2023-08-04 01:25:51 - [MESSAGE][PASSED] - Object: 'Object Repository/12-AI Assistant(beta)/12.2-AI Edit(beta)/AI Edit(beta) button' is clicked on

2023-08-04 01:25:51 - [TEST_STEP][PASSED] - setText(findTestObject("12-AI Assistant(beta)/12.2-AI Edit(beta)/Input content"), "Clock is gold"): Text 'Clock is gold' is set on object 'Object Repository/12-AI Assistant(beta)/12.2-AI Edit(beta)/Input content'

2023-08-04 01:25:53 - [MESSAGE][PASSED] - Text 'Clock is gold' is set on object 'Object Repository/12-AI Assistant(beta)/12.2-AI Edit(beta)/Input content'

2023-08-04 01:25:53 - [TEST_STEP][PASSED] - verifyElementNotClickable(findTestObject("12-AI Assistant(beta)/12.2-AI Edit(beta)/disabled_RunAI_edit")): Object 'Object Repository/12-AI Assistant(beta)/12.2-AI Edit(beta)/disabled_RunAI_edit' is NOT clickable

2023-08-04 01:25:53 - [MESSAGE][PASSED] - Object 'Object Repository/12-AI Assistant(beta)/12.2-AI Edit(beta)/disabled_RunAI_edit' is NOT clickable]]></system-out>
         <system-err><![CDATA[]]></system-err>
      </testcase>
      <system-out><![CDATA[2023-08-04 01:21:11 - [TEST_SUITE][PASSED] - 12.2 AI Assistant (AIEditbeta): Test Cases/12- AI assistant (beta)/12.2-AI Edit (beta)/02-If Input content is empty but edit instruction has and Vice versa]]></system-out>
      <system-err><![CDATA[]]></system-err>
   </testsuite>
</testsuites>
