<?xml version="1.0" encoding="UTF-8"?>
<testsuites name="12.1- AI Assistant (ChatGPTbeta)" time="108.478" tests="4" failures="0" errors="0">
   <testsuite name="12.1- AI Assistant (ChatGPTbeta)" tests="4" failures="0" errors="0" time="108.478" skipped="0" timestamp="2023-08-03 16:49:58" hostname="Personal - DESKTOP-TFDFEQ1" id="Test Suites/TS-Organization/12.1- AI Assistant (ChatGPTbeta)">
      <properties>
         <property name="deviceName" value=""/>
         <property name="devicePlatform" value=""/>
         <property name="logFolder" value="C:\\Users\\Personal\\Documents\\GitHub\\Everleagues\\Reports\\20230803_164955\\TS-Organization\\12.1- AI Assistant (ChatGPTbeta)\\20230803_164956"/>
         <property name="logFiles" value="C:\\Users\\Personal\\Documents\\GitHub\\Everleagues\\Reports\\20230803_164955\\TS-Organization\\12.1- AI Assistant (ChatGPTbeta)\\20230803_164956\\execution0.log"/>
         <property name="attachments" value=""/>
         <property name="hostName" value="Personal - DESKTOP-TFDFEQ1"/>
         <property name="os" value="Windows 11 64bit"/>
         <property name="katalonVersion" value="8.6.5.208"/>
         <property name="browser" value="Chrome 115.0.0.0"/>
         <property name="hostAddress" value="10.100.1.38"/>
         <property name="sessionId" value="7b0d012d5776f6b1e9e0dd95261d3b75"/>
         <property name="seleniumVersion" value="3.141.59"/>
         <property name="proxyInformation" value="ProxyInformation { proxyOption=NO_PROXY, proxyServerType=HTTP, username=, password=********, proxyServerAddress=, proxyServerPort=0, executionList=&quot;&quot;, isApplyToDesiredCapabilities=true }"/>
         <property name="platform" value="Windows 11"/>
      </properties>
      <testcase name="Test Cases/12- AI assistant (beta)/12.1-ChatGPT (beta)/01-Ask EL Chat GPT" time="96.902" classname="Test Cases/12- AI assistant (beta)/12.1-ChatGPT (beta)/01-Ask EL Chat GPT" status="PASSED">
         <system-out><![CDATA[2023-08-03 16:49:58 - [TEST_CASE][PASSED] - Test Cases/12- AI assistant (beta)/12.1-ChatGPT (beta)/01-Ask EL Chat GPT: Test Cases/12- AI assistant (beta)/12.1-ChatGPT (beta)/01-Ask EL Chat GPT

2023-08-03 16:49:59 - [TEST_STEP][PASSED] - openBrowser(""): Browser is opened with url: ''

2023-08-03 16:49:59 - [MESSAGE][INFO] - Starting 'Chrome' driver

2023-08-03 16:49:59 - [MESSAGE][INFO] - User set preference: ['args', '[--disable-web-security, --ignore-certificate-errors, --no-first-run, --disable-gpu]']

2023-08-03 16:49:59 - [MESSAGE][INFO] - Action delay is set to 0 milliseconds

2023-08-03 16:50:01 - [MESSAGE][PASSED] - Browser is opened with url: ''

2023-08-03 16:50:01 - [TEST_STEP][PASSED] - navigateToUrl(app_url_login): Navigate to 'https://lab.everleagues.com/login' successfully

2023-08-03 16:50:12 - [MESSAGE][PASSED] - Navigate to 'https://lab.everleagues.com/login' successfully

2023-08-03 16:50:12 - [TEST_STEP][PASSED] - maximizeWindow(): Current window maximized

2023-08-03 16:50:12 - [MESSAGE][PASSED] - Current window maximized

2023-08-03 16:50:12 - [TEST_STEP][PASSED] - callTestCase(findTestCase("01-Login and Forgot Password/04-Login(Valid Credentials-With Subscription)"), [:], STOP_ON_FAILURE): Call Test Case 'Test Cases/01-Login and Forgot Password/04-Login(Valid Credentials-With Subscription)' successfully

2023-08-03 16:50:13 - [TEST_CASE][PASSED] - Test Cases/01-Login and Forgot Password/04-Login(Valid Credentials-With Subscription): Test Cases/01-Login and Forgot Password/04-Login(Valid Credentials-With Subscription)

2023-08-03 16:50:13 - [TEST_STEP][PASSED] - setText(findTestObject("01-Login and Forgot Password/input_Email_email"), email_with_subscription): Text 'testuser005@mailinator.com' is set on object 'Object Repository/01-Login and Forgot Password/input_Email_email'

2023-08-03 16:50:14 - [MESSAGE][PASSED] - Text 'testuser005@mailinator.com' is set on object 'Object Repository/01-Login and Forgot Password/input_Email_email'

2023-08-03 16:50:14 - [TEST_STEP][PASSED] - setEncryptedText(findTestObject("01-Login and Forgot Password/input_Email_password"), password): Text ****** has been set on object 'Object Repository/01-Login and Forgot Password/input_Email_password'

2023-08-03 16:50:14 - [MESSAGE][PASSED] - Text ****** has been set on object 'Object Repository/01-Login and Forgot Password/input_Email_password'

2023-08-03 16:50:14 - [TEST_STEP][PASSED] - delay(delay_2seconds): Delayed 2 second(s)

2023-08-03 16:50:16 - [MESSAGE][PASSED] - Delayed 2 second(s)

2023-08-03 16:50:16 - [TEST_STEP][PASSED] - click(findTestObject("01-Login and Forgot Password/show pass button")): Object: 'Object Repository/01-Login and Forgot Password/show pass button' is clicked on

2023-08-03 16:50:17 - [MESSAGE][PASSED] - Object: 'Object Repository/01-Login and Forgot Password/show pass button' is clicked on

2023-08-03 16:50:17 - [TEST_STEP][PASSED] - delay(delay_3seconds): Delayed 3 second(s)

2023-08-03 16:50:20 - [MESSAGE][PASSED] - Delayed 3 second(s)

2023-08-03 16:50:20 - [TEST_STEP][PASSED] - click(findTestObject("01-Login and Forgot Password/button_Sign in")): Object: 'Object Repository/01-Login and Forgot Password/button_Sign in' is clicked on

2023-08-03 16:50:20 - [MESSAGE][PASSED] - Object: 'Object Repository/01-Login and Forgot Password/button_Sign in' is clicked on

2023-08-03 16:50:20 - [TEST_STEP][PASSED] - delay(delay_3seconds): Delayed 3 second(s)

2023-08-03 16:50:23 - [MESSAGE][PASSED] - Delayed 3 second(s)

2023-08-03 16:50:23 - [TEST_STEP][PASSED] - executeJavaScript("window.open();", []): Execute JavaScript 'window.open();' successfully

2023-08-03 16:50:23 - [MESSAGE][PASSED] - Execute JavaScript 'window.open();' successfully

2023-08-03 16:50:23 - [TEST_STEP][PASSED] - currentWindow = getWindowIndex(): Current window's index is: 0

2023-08-03 16:50:23 - [MESSAGE][PASSED] - Current window's index is: 0

2023-08-03 16:50:23 - [TEST_STEP][PASSED] - delay(delay_3seconds): Delayed 3 second(s)

2023-08-03 16:50:26 - [MESSAGE][PASSED] - Delayed 3 second(s)

2023-08-03 16:50:26 - [TEST_STEP][PASSED] - switchToWindowIndex(currentWindow + 1): Switched to window with index: '1'

2023-08-03 16:50:26 - [MESSAGE][PASSED] - Switched to window with index: '1'

2023-08-03 16:50:26 - [TEST_STEP][PASSED] - navigateToUrl(app_mailinator): Navigate to 'https://www.mailinator.com/' successfully

2023-08-03 16:50:33 - [MESSAGE][PASSED] - Navigate to 'https://www.mailinator.com/' successfully

2023-08-03 16:50:33 - [TEST_STEP][PASSED] - delay(delay_3seconds): Delayed 3 second(s)

2023-08-03 16:50:36 - [MESSAGE][PASSED] - Delayed 3 second(s)

2023-08-03 16:50:36 - [TEST_STEP][PASSED] - setText(findTestObject("00-Signup and Activation/zMailinator/input_LOGIN_search"), email_for_searchmailinator_testuser05): Text 'testuser005@mailinator.com' is set on object 'Object Repository/00-Signup and Activation/zMailinator/input_LOGIN_search'

2023-08-03 16:50:37 - [MESSAGE][PASSED] - Text 'testuser005@mailinator.com' is set on object 'Object Repository/00-Signup and Activation/zMailinator/input_LOGIN_search'

2023-08-03 16:50:37 - [TEST_STEP][PASSED] - click(findTestObject("00-Signup and Activation/zMailinator/gobutton"), STOP_ON_FAILURE): Object: 'Object Repository/00-Signup and Activation/zMailinator/gobutton' is clicked on

2023-08-03 16:50:37 - [MESSAGE][PASSED] - Object: 'Object Repository/00-Signup and Activation/zMailinator/gobutton' is clicked on

2023-08-03 16:50:37 - [TEST_STEP][PASSED] - delay(delay_10seconds): Delayed 10 second(s)

2023-08-03 16:50:47 - [MESSAGE][PASSED] - Delayed 10 second(s)

2023-08-03 16:50:47 - [TEST_STEP][PASSED] - click(findTestObject("00-Signup and Activation/zMailinator/Email - everleagues")): Object: 'Object Repository/00-Signup and Activation/zMailinator/Email - everleagues' is clicked on

2023-08-03 16:50:48 - [MESSAGE][PASSED] - Object: 'Object Repository/00-Signup and Activation/zMailinator/Email - everleagues' is clicked on

2023-08-03 16:50:48 - [TEST_STEP][PASSED] - delay(delay_5seconds): Delayed 5 second(s)

2023-08-03 16:50:53 - [MESSAGE][PASSED] - Delayed 5 second(s)

2023-08-03 16:50:53 - [TEST_STEP][PASSED] - code = getText(findTestObject("Object Repository/06-Teams/For 2FA/2FA code")): Text of object 'Object Repository/06-Teams/For 2FA/2FA code' is: '564060'

2023-08-03 16:50:53 - [MESSAGE][PASSED] - Text of object 'Object Repository/06-Teams/For 2FA/2FA code' is: '564060'

2023-08-03 16:50:53 - [TEST_STEP][PASSED] - delay(delay_3seconds): Delayed 3 second(s)

2023-08-03 16:50:56 - [MESSAGE][PASSED] - Delayed 3 second(s)

2023-08-03 16:50:56 - [TEST_STEP][PASSED] - closeWindowTitle("Mailinator"): Window with title: 'Mailinator' is closed

2023-08-03 16:50:56 - [MESSAGE][PASSED] - Window with title: 'Mailinator' is closed

2023-08-03 16:50:56 - [TEST_STEP][PASSED] - delay(delay_5seconds): Delayed 5 second(s)

2023-08-03 16:51:01 - [MESSAGE][PASSED] - Delayed 5 second(s)

2023-08-03 16:51:01 - [TEST_STEP][PASSED] - switchToWindowIndex(0): Switched to window with index: '0'

2023-08-03 16:51:01 - [MESSAGE][PASSED] - Switched to window with index: '0'

2023-08-03 16:51:01 - [TEST_STEP][PASSED] - delay(delay_3seconds): Delayed 3 second(s)

2023-08-03 16:51:04 - [MESSAGE][PASSED] - Delayed 3 second(s)

2023-08-03 16:51:04 - [TEST_STEP][PASSED] - setText(findTestObject("Object Repository/06-Teams/For 2FA/input_Enter verification code_code"), code): Text '564060' is set on object 'Object Repository/06-Teams/For 2FA/input_Enter verification code_code'

2023-08-03 16:51:05 - [MESSAGE][PASSED] - Text '564060' is set on object 'Object Repository/06-Teams/For 2FA/input_Enter verification code_code'

2023-08-03 16:51:05 - [TEST_STEP][PASSED] - delay(delay_3seconds): Delayed 3 second(s)

2023-08-03 16:51:08 - [MESSAGE][PASSED] - Delayed 3 second(s)

2023-08-03 16:51:08 - [TEST_STEP][PASSED] - click(findTestObject("06-Teams/For 2FA/button_Verify_2FA")): Object: 'Object Repository/06-Teams/For 2FA/button_Verify_2FA' is clicked on

2023-08-03 16:51:09 - [MESSAGE][PASSED] - Object: 'Object Repository/06-Teams/For 2FA/button_Verify_2FA' is clicked on

2023-08-03 16:51:09 - [TEST_STEP][PASSED] - delay(delay_3seconds): Delayed 3 second(s)

2023-08-03 16:51:12 - [MESSAGE][PASSED] - Delayed 3 second(s)

2023-08-03 16:51:12 - [MESSAGE][PASSED] - Call Test Case 'Test Cases/01-Login and Forgot Password/04-Login(Valid Credentials-With Subscription)' successfully

2023-08-03 16:51:12 - [TEST_STEP][PASSED] - click(findTestObject("06-Teams/button_doublearrow")): Object: 'Object Repository/06-Teams/button_doublearrow' is clicked on

2023-08-03 16:51:15 - [MESSAGE][PASSED] - Object: 'Object Repository/06-Teams/button_doublearrow' is clicked on

2023-08-03 16:51:15 - [TEST_STEP][PASSED] - click(findTestObject("06-Teams/button_My Organizations")): Object: 'Object Repository/06-Teams/button_My Organizations' is clicked on

2023-08-03 16:51:16 - [MESSAGE][PASSED] - Object: 'Object Repository/06-Teams/button_My Organizations' is clicked on

2023-08-03 16:51:16 - [TEST_STEP][PASSED] - click(findTestObject("02-Side Icons(Organization)/Add Contact/button_Automation Test Org")): Object: 'Object Repository/02-Side Icons(Organization)/Add Contact/button_Automation Test Org' is clicked on

2023-08-03 16:51:17 - [MESSAGE][PASSED] - Object: 'Object Repository/02-Side Icons(Organization)/Add Contact/button_Automation Test Org' is clicked on

2023-08-03 16:51:17 - [TEST_STEP][PASSED] - delay(delay_4seconds): Delayed 4 second(s)

2023-08-03 16:51:21 - [MESSAGE][PASSED] - Delayed 4 second(s)

2023-08-03 16:51:21 - [TEST_STEP][PASSED] - verifyElementVisible(findTestObject("02-Side Icons(Organization)/Add Contact/span_Automation Test Org")): Object 'Object Repository/02-Side Icons(Organization)/Add Contact/span_Automation Test Org' is visible

2023-08-03 16:51:21 - [MESSAGE][PASSED] - Object 'Object Repository/02-Side Icons(Organization)/Add Contact/span_Automation Test Org' is visible

2023-08-03 16:51:21 - [TEST_STEP][PASSED] - delay(delay_5seconds): Delayed 5 second(s)

2023-08-03 16:51:26 - [MESSAGE][PASSED] - Delayed 5 second(s)

2023-08-03 16:51:26 - [TEST_STEP][PASSED] - scrollToElement(findTestObject("12-AI Assistant(beta)/AI asst button-Side panel"), 30): Scroll to object 'Object Repository/12-AI Assistant(beta)/AI asst button-Side panel' successfully

2023-08-03 16:51:26 - [MESSAGE][PASSED] - Scroll to object 'Object Repository/12-AI Assistant(beta)/AI asst button-Side panel' successfully

2023-08-03 16:51:26 - [TEST_STEP][PASSED] - click(findTestObject("12-AI Assistant(beta)/AI asst button-Side panel")): Object: 'Object Repository/12-AI Assistant(beta)/AI asst button-Side panel' is clicked on

2023-08-03 16:51:27 - [MESSAGE][PASSED] - Object: 'Object Repository/12-AI Assistant(beta)/AI asst button-Side panel' is clicked on

2023-08-03 16:51:27 - [TEST_STEP][PASSED] - verifyElementVisible(findTestObject("12-AI Assistant(beta)/AI asst button-Side panel")): Object 'Object Repository/12-AI Assistant(beta)/AI asst button-Side panel' is visible

2023-08-03 16:51:27 - [MESSAGE][PASSED] - Object 'Object Repository/12-AI Assistant(beta)/AI asst button-Side panel' is visible

2023-08-03 16:51:27 - [TEST_STEP][PASSED] - delay(delay_3seconds): Delayed 3 second(s)

2023-08-03 16:51:30 - [MESSAGE][PASSED] - Delayed 3 second(s)

2023-08-03 16:51:30 - [TEST_STEP][PASSED] - click(findTestObject("12-AI Assistant(beta)/12.1-Chat GPT(beta)/Chat GPT (beta)")): Object: 'Object Repository/12-AI Assistant(beta)/12.1-Chat GPT(beta)/Chat GPT (beta)' is clicked on

2023-08-03 16:51:31 - [MESSAGE][PASSED] - Object: 'Object Repository/12-AI Assistant(beta)/12.1-Chat GPT(beta)/Chat GPT (beta)' is clicked on

2023-08-03 16:51:31 - [TEST_STEP][PASSED] - verifyElementText(findTestObject("12-AI Assistant(beta)/h4_AI ASSISTANT (BETA)"), "AI ASSISTANT (BETA)"): Actual text and expected text of test object 'Object Repository/12-AI Assistant(beta)/h4_AI ASSISTANT (BETA)' are matched.

2023-08-03 16:51:31 - [MESSAGE][PASSED] - Actual text and expected text of test object 'Object Repository/12-AI Assistant(beta)/h4_AI ASSISTANT (BETA)' are matched.

2023-08-03 16:51:31 - [TEST_STEP][PASSED] - setText(findTestObject("12-AI Assistant(beta)/12.1-Chat GPT(beta)/Ask me anything input field"), "1+1"): Text '1+1' is set on object 'Object Repository/12-AI Assistant(beta)/12.1-Chat GPT(beta)/Ask me anything input field'

2023-08-03 16:51:32 - [MESSAGE][PASSED] - Text '1+1' is set on object 'Object Repository/12-AI Assistant(beta)/12.1-Chat GPT(beta)/Ask me anything input field'

2023-08-03 16:51:32 - [TEST_STEP][PASSED] - click(findTestObject("12-AI Assistant(beta)/12.1-Chat GPT(beta)/Ask ChatGPT button")): Object: 'Object Repository/12-AI Assistant(beta)/12.1-Chat GPT(beta)/Ask ChatGPT button' is clicked on

2023-08-03 16:51:33 - [MESSAGE][PASSED] - Object: 'Object Repository/12-AI Assistant(beta)/12.1-Chat GPT(beta)/Ask ChatGPT button' is clicked on

2023-08-03 16:51:33 - [TEST_STEP][PASSED] - verifyElementVisible(findTestObject("12-AI Assistant(beta)/12.1-Chat GPT(beta)/Generated answer assertion"), STOP_ON_FAILURE): Object 'Object Repository/12-AI Assistant(beta)/12.1-Chat GPT(beta)/Generated answer assertion' is visible

2023-08-03 16:51:35 - [MESSAGE][PASSED] - Object 'Object Repository/12-AI Assistant(beta)/12.1-Chat GPT(beta)/Generated answer assertion' is visible]]></system-out>
         <system-err><![CDATA[]]></system-err>
      </testcase>
      <testcase name="Test Cases/12- AI assistant (beta)/12.1-ChatGPT (beta)/02-Clear previous searches" time="1.789" classname="Test Cases/12- AI assistant (beta)/12.1-ChatGPT (beta)/02-Clear previous searches" status="PASSED">
         <system-out><![CDATA[2023-08-03 16:51:35 - [TEST_CASE][PASSED] - Test Cases/12- AI assistant (beta)/12.1-ChatGPT (beta)/02-Clear previous searches: Test Cases/12- AI assistant (beta)/12.1-ChatGPT (beta)/02-Clear previous searches

2023-08-03 16:51:36 - [TEST_STEP][PASSED] - click(findTestObject("12-AI Assistant(beta)/12.1-Chat GPT(beta)/Clear button")): Object: 'Object Repository/12-AI Assistant(beta)/12.1-Chat GPT(beta)/Clear button' is clicked on

2023-08-03 16:51:36 - [MESSAGE][PASSED] - Object: 'Object Repository/12-AI Assistant(beta)/12.1-Chat GPT(beta)/Clear button' is clicked on

2023-08-03 16:51:36 - [TEST_STEP][PASSED] - verifyElementNotPresent(findTestObject("12-AI Assistant(beta)/12.1-Chat GPT(beta)/Generated answer assertion"), 30): Web element with id: 'Object Repository/12-AI Assistant(beta)/12.1-Chat GPT(beta)/Generated answer assertion' located by 'By.xpath: //div[@class='ng-star-inserted']//pre[1]' is not present after '30' second(s)

2023-08-03 16:51:37 - [MESSAGE][PASSED] - Web element with id: 'Object Repository/12-AI Assistant(beta)/12.1-Chat GPT(beta)/Generated answer assertion' located by 'By.xpath: //div[@class='ng-star-inserted']//pre[1]' is not present after '30' second(s)

2023-08-03 16:51:37 - [TEST_STEP][PASSED] - verifyTextNotPresent("1+1 equals 2.", false): Text '1+1 equals 2.' is not present on page

2023-08-03 16:51:37 - [MESSAGE][PASSED] - Text '1+1 equals 2.' is not present on page]]></system-out>
         <system-err><![CDATA[]]></system-err>
      </testcase>
      <testcase name="Test Cases/12- AI assistant (beta)/12.1-ChatGPT (beta)/03-Check history" time="2.662" classname="Test Cases/12- AI assistant (beta)/12.1-ChatGPT (beta)/03-Check history" status="PASSED">
         <system-out><![CDATA[2023-08-03 16:51:37 - [TEST_CASE][PASSED] - Test Cases/12- AI assistant (beta)/12.1-ChatGPT (beta)/03-Check history: Test Cases/12- AI assistant (beta)/12.1-ChatGPT (beta)/03-Check history

2023-08-03 16:51:37 - [TEST_STEP][PASSED] - now = LocalDateTime.now(): null

2023-08-03 16:51:37 - [TEST_STEP][PASSED] - formatter = ISO_LOCAL_DATE_TIME: null

2023-08-03 16:51:37 - [TEST_STEP][PASSED] - nowString = formatter.format(now): null

2023-08-03 16:51:37 - [TEST_STEP][PASSED] - comment($nowString): 2023-08-03T16:51:37.884

2023-08-03 16:51:37 - [MESSAGE][INFO] - 2023-08-03T16:51:37.884

2023-08-03 16:51:37 - [TEST_STEP][PASSED] - click(findTestObject("12-AI Assistant(beta)/12.1-Chat GPT(beta)/History button")): Object: 'Object Repository/12-AI Assistant(beta)/12.1-Chat GPT(beta)/History button' is clicked on

2023-08-03 16:51:38 - [MESSAGE][PASSED] - Object: 'Object Repository/12-AI Assistant(beta)/12.1-Chat GPT(beta)/History button' is clicked on

2023-08-03 16:51:38 - [TEST_STEP][PASSED] - verifyElementText(findTestObject("12-AI Assistant(beta)/12.1-Chat GPT(beta)/div_Chat History heading"), "Chat History"): Actual text and expected text of test object 'Object Repository/12-AI Assistant(beta)/12.1-Chat GPT(beta)/div_Chat History heading' are matched.

2023-08-03 16:51:39 - [MESSAGE][PASSED] - Actual text and expected text of test object 'Object Repository/12-AI Assistant(beta)/12.1-Chat GPT(beta)/div_Chat History heading' are matched.

2023-08-03 16:51:39 - [TEST_STEP][PASSED] - verifyElementVisible(findTestObject("12-AI Assistant(beta)/12.1-Chat GPT(beta)/Chat history-Latest line with date")): Object 'Object Repository/12-AI Assistant(beta)/12.1-Chat GPT(beta)/Chat history-Latest line with date' is visible

2023-08-03 16:51:39 - [MESSAGE][PASSED] - Object 'Object Repository/12-AI Assistant(beta)/12.1-Chat GPT(beta)/Chat history-Latest line with date' is visible

2023-08-03 16:51:39 - [TEST_STEP][PASSED] - click(findTestObject("12-AI Assistant(beta)/12.1-Chat GPT(beta)/Chat history-Latest line with date")): Object: 'Object Repository/12-AI Assistant(beta)/12.1-Chat GPT(beta)/Chat history-Latest line with date' is clicked on

2023-08-03 16:51:39 - [MESSAGE][PASSED] - Object: 'Object Repository/12-AI Assistant(beta)/12.1-Chat GPT(beta)/Chat history-Latest line with date' is clicked on

2023-08-03 16:51:39 - [TEST_STEP][PASSED] - verifyElementVisible(findTestObject("12-AI Assistant(beta)/12.1-Chat GPT(beta)/History-Generated answer assertion")): Object 'Object Repository/12-AI Assistant(beta)/12.1-Chat GPT(beta)/History-Generated answer assertion' is visible

2023-08-03 16:51:40 - [MESSAGE][PASSED] - Object 'Object Repository/12-AI Assistant(beta)/12.1-Chat GPT(beta)/History-Generated answer assertion' is visible]]></system-out>
         <system-err><![CDATA[]]></system-err>
      </testcase>
      <testcase name="Test Cases/12- AI assistant (beta)/12.1-ChatGPT (beta)/04-Use my own ChatGPT account" time="6.943" classname="Test Cases/12- AI assistant (beta)/12.1-ChatGPT (beta)/04-Use my own ChatGPT account" status="PASSED">
         <system-out><![CDATA[2023-08-03 16:51:40 - [TEST_CASE][PASSED] - Test Cases/12- AI assistant (beta)/12.1-ChatGPT (beta)/04-Use my own ChatGPT account: Test Cases/12- AI assistant (beta)/12.1-ChatGPT (beta)/04-Use my own ChatGPT account

2023-08-03 16:51:40 - [TEST_STEP][PASSED] - click(findTestObject("12-AI Assistant(beta)/12.1-Chat GPT(beta)/Use my ownChatGPT account")): Object: 'Object Repository/12-AI Assistant(beta)/12.1-Chat GPT(beta)/Use my ownChatGPT account' is clicked on

2023-08-03 16:51:43 - [MESSAGE][PASSED] - Object: 'Object Repository/12-AI Assistant(beta)/12.1-Chat GPT(beta)/Use my ownChatGPT account' is clicked on

2023-08-03 16:51:43 - [TEST_STEP][PASSED] - executeJavaScript("window.open();", []): Execute JavaScript 'window.open();' successfully

2023-08-03 16:51:43 - [MESSAGE][PASSED] - Execute JavaScript 'window.open();' successfully

2023-08-03 16:51:43 - [TEST_STEP][PASSED] - currentWindow = getWindowIndex(): Current window's index is: 0

2023-08-03 16:51:43 - [MESSAGE][PASSED] - Current window's index is: 0

2023-08-03 16:51:43 - [TEST_STEP][PASSED] - delay(delay_3seconds): Delayed 3 second(s)

2023-08-03 16:51:46 - [MESSAGE][PASSED] - Delayed 3 second(s)

2023-08-03 16:51:46 - [TEST_STEP][PASSED] - switchToWindowIndex(currentWindow + 1): Switched to window with index: '1'

2023-08-03 16:51:46 - [MESSAGE][PASSED] - Switched to window with index: '1'

2023-08-03 16:51:46 - [TEST_STEP][PASSED] - navigateToUrl(url_CHATGPT): Navigate to 'https://chat.openai.com/' successfully

2023-08-03 16:51:47 - [MESSAGE][PASSED] - Navigate to 'https://chat.openai.com/' successfully

2023-08-03 16:51:47 - [TEST_STEP][PASSED] - url = getUrl(): Current window's url is: 'https://chat.openai.com/auth/login'

2023-08-03 16:51:47 - [MESSAGE][PASSED] - Current window's url is: 'https://chat.openai.com/auth/login'

2023-08-03 16:51:47 - [TEST_STEP][PASSED] - url.contains("https://chat.openai.com/"): null]]></system-out>
         <system-err><![CDATA[]]></system-err>
      </testcase>
      <system-out><![CDATA[2023-08-03 16:49:58 - [TEST_SUITE][PASSED] - 12.1- AI Assistant (ChatGPTbeta): Test Cases/12- AI assistant (beta)/12.1-ChatGPT (beta)/04-Use my own ChatGPT account]]></system-out>
      <system-err><![CDATA[]]></system-err>
   </testsuite>
</testsuites>
