<?xml version="1.0" encoding="UTF-8"?>
<testsuites name="11.1 - Cloud Files(My Drive)" time="341.353" tests="14" failures="0" errors="0">
   <testsuite name="11.1 - Cloud Files(My Drive)" tests="14" failures="0" errors="0" time="341.353" skipped="0" timestamp="2023-08-09 17:45:15" hostname="Personal - DESKTOP-TFDFEQ1" id="Test Suites/TS-Organization/11.1 - Cloud Files(My Drive)">
      <properties>
         <property name="deviceName" value=""/>
         <property name="devicePlatform" value=""/>
         <property name="logFolder" value="C:\\Users\\Personal\\Documents\\GitHub\\Everleagues\\Reports\\20230809_174512\\TS-Organization\\11.1 - Cloud Files(My Drive)\\20230809_174513"/>
         <property name="logFiles" value="C:\\Users\\Personal\\Documents\\GitHub\\Everleagues\\Reports\\20230809_174512\\TS-Organization\\11.1 - Cloud Files(My Drive)\\20230809_174513\\execution0.log"/>
         <property name="attachments" value=""/>
         <property name="hostName" value="Personal - DESKTOP-TFDFEQ1"/>
         <property name="os" value="Windows 11 64bit"/>
         <property name="katalonVersion" value="8.6.5.208"/>
         <property name="browser" value="Chrome 115.0.0.0"/>
         <property name="hostAddress" value="10.100.1.38"/>
         <property name="sessionId" value="8876be4fbd88aad4dd6625d7a1825e51"/>
         <property name="seleniumVersion" value="3.141.59"/>
         <property name="proxyInformation" value="ProxyInformation { proxyOption=NO_PROXY, proxyServerType=HTTP, username=, password=********, proxyServerAddress=, proxyServerPort=0, executionList=&quot;&quot;, isApplyToDesiredCapabilities=true }"/>
         <property name="platform" value="Windows 11"/>
      </properties>
      <testcase name="Test Cases/11.1 - Cloud Files (My Drive)/01-Create new folder(required field is blank)" time="110.077" classname="Test Cases/11.1 - Cloud Files (My Drive)/01-Create new folder(required field is blank)" status="PASSED">
         <system-out><![CDATA[2023-08-09 17:45:15 - [TEST_CASE][PASSED] - Test Cases/11.1 - Cloud Files (My Drive)/01-Create new folder(required field is blank): Test Cases/11.1 - Cloud Files (My Drive)/01-Create new folder(required field is blank)

2023-08-09 17:45:16 - [TEST_STEP][PASSED] - openBrowser(""): Browser is opened with url: ''

2023-08-09 17:45:16 - [MESSAGE][INFO] - Starting 'Chrome' driver

2023-08-09 17:45:16 - [MESSAGE][INFO] - User set preference: ['args', '[--disable-web-security, --ignore-certificate-errors, --no-first-run, --disable-gpu]']

2023-08-09 17:45:16 - [MESSAGE][INFO] - Action delay is set to 0 milliseconds

2023-08-09 17:45:17 - [MESSAGE][PASSED] - Browser is opened with url: ''

2023-08-09 17:45:17 - [TEST_STEP][PASSED] - navigateToUrl(appURL): Navigate to 'https://lab.everleagues.com/login' successfully

2023-08-09 17:45:34 - [MESSAGE][PASSED] - Navigate to 'https://lab.everleagues.com/login' successfully

2023-08-09 17:45:34 - [TEST_STEP][PASSED] - maximizeWindow(): Current window maximized

2023-08-09 17:45:34 - [MESSAGE][PASSED] - Current window maximized

2023-08-09 17:45:34 - [TEST_STEP][PASSED] - callTestCase(findTestCase("01-Login and Forgot Password/04-Login(Valid Credentials-With Subscription)"), [:], STOP_ON_FAILURE): Call Test Case 'Test Cases/01-Login and Forgot Password/04-Login(Valid Credentials-With Subscription)' successfully

2023-08-09 17:45:34 - [TEST_CASE][PASSED] - Test Cases/01-Login and Forgot Password/04-Login(Valid Credentials-With Subscription): Test Cases/01-Login and Forgot Password/04-Login(Valid Credentials-With Subscription)

2023-08-09 17:45:34 - [TEST_STEP][PASSED] - setText(findTestObject("01-Login and Forgot Password/input_Email_email"), email_with_subscription): Text 'testuser005@mailinator.com' is set on object 'Object Repository/01-Login and Forgot Password/input_Email_email'

2023-08-09 17:45:35 - [MESSAGE][PASSED] - Text 'testuser005@mailinator.com' is set on object 'Object Repository/01-Login and Forgot Password/input_Email_email'

2023-08-09 17:45:35 - [TEST_STEP][PASSED] - setEncryptedText(findTestObject("01-Login and Forgot Password/input_Email_password"), password): Text ****** has been set on object 'Object Repository/01-Login and Forgot Password/input_Email_password'

2023-08-09 17:45:36 - [MESSAGE][PASSED] - Text ****** has been set on object 'Object Repository/01-Login and Forgot Password/input_Email_password'

2023-08-09 17:45:36 - [TEST_STEP][PASSED] - delay(delay_2seconds): Delayed 2 second(s)

2023-08-09 17:45:38 - [MESSAGE][PASSED] - Delayed 2 second(s)

2023-08-09 17:45:38 - [TEST_STEP][PASSED] - click(findTestObject("01-Login and Forgot Password/show pass button")): Object: 'Object Repository/01-Login and Forgot Password/show pass button' is clicked on

2023-08-09 17:45:38 - [MESSAGE][PASSED] - Object: 'Object Repository/01-Login and Forgot Password/show pass button' is clicked on

2023-08-09 17:45:38 - [TEST_STEP][PASSED] - delay(delay_3seconds): Delayed 3 second(s)

2023-08-09 17:45:41 - [MESSAGE][PASSED] - Delayed 3 second(s)

2023-08-09 17:45:41 - [TEST_STEP][PASSED] - click(findTestObject("01-Login and Forgot Password/button_Sign in")): Object: 'Object Repository/01-Login and Forgot Password/button_Sign in' is clicked on

2023-08-09 17:45:42 - [MESSAGE][PASSED] - Object: 'Object Repository/01-Login and Forgot Password/button_Sign in' is clicked on

2023-08-09 17:45:42 - [TEST_STEP][PASSED] - delay(delay_3seconds): Delayed 3 second(s)

2023-08-09 17:45:45 - [MESSAGE][PASSED] - Delayed 3 second(s)

2023-08-09 17:45:45 - [TEST_STEP][PASSED] - executeJavaScript("window.open();", []): Execute JavaScript 'window.open();' successfully

2023-08-09 17:45:45 - [MESSAGE][PASSED] - Execute JavaScript 'window.open();' successfully

2023-08-09 17:45:45 - [TEST_STEP][PASSED] - currentWindow = getWindowIndex(): Current window's index is: 0

2023-08-09 17:45:45 - [MESSAGE][PASSED] - Current window's index is: 0

2023-08-09 17:45:45 - [TEST_STEP][PASSED] - delay(delay_3seconds): Delayed 3 second(s)

2023-08-09 17:45:48 - [MESSAGE][PASSED] - Delayed 3 second(s)

2023-08-09 17:45:48 - [TEST_STEP][PASSED] - switchToWindowIndex(currentWindow + 1): Switched to window with index: '1'

2023-08-09 17:45:48 - [MESSAGE][PASSED] - Switched to window with index: '1'

2023-08-09 17:45:48 - [TEST_STEP][PASSED] - navigateToUrl(app_mailinator): Navigate to 'https://www.mailinator.com/' successfully

2023-08-09 17:45:58 - [MESSAGE][PASSED] - Navigate to 'https://www.mailinator.com/' successfully

2023-08-09 17:45:58 - [TEST_STEP][PASSED] - delay(delay_3seconds): Delayed 3 second(s)

2023-08-09 17:46:01 - [MESSAGE][PASSED] - Delayed 3 second(s)

2023-08-09 17:46:01 - [TEST_STEP][PASSED] - setText(findTestObject("00-Signup and Activation/zMailinator/input_LOGIN_search"), email_for_searchmailinator_testuser05): Text 'testuser005@mailinator.com' is set on object 'Object Repository/00-Signup and Activation/zMailinator/input_LOGIN_search'

2023-08-09 17:46:02 - [MESSAGE][PASSED] - Text 'testuser005@mailinator.com' is set on object 'Object Repository/00-Signup and Activation/zMailinator/input_LOGIN_search'

2023-08-09 17:46:02 - [TEST_STEP][PASSED] - click(findTestObject("00-Signup and Activation/zMailinator/gobutton"), STOP_ON_FAILURE): Object: 'Object Repository/00-Signup and Activation/zMailinator/gobutton' is clicked on

2023-08-09 17:46:03 - [MESSAGE][PASSED] - Object: 'Object Repository/00-Signup and Activation/zMailinator/gobutton' is clicked on

2023-08-09 17:46:03 - [TEST_STEP][PASSED] - delay(delay_10seconds): Delayed 10 second(s)

2023-08-09 17:46:13 - [MESSAGE][PASSED] - Delayed 10 second(s)

2023-08-09 17:46:13 - [TEST_STEP][PASSED] - click(findTestObject("00-Signup and Activation/zMailinator/Email - everleagues")): Object: 'Object Repository/00-Signup and Activation/zMailinator/Email - everleagues' is clicked on

2023-08-09 17:46:13 - [MESSAGE][PASSED] - Object: 'Object Repository/00-Signup and Activation/zMailinator/Email - everleagues' is clicked on

2023-08-09 17:46:13 - [TEST_STEP][PASSED] - delay(delay_5seconds): Delayed 5 second(s)

2023-08-09 17:46:18 - [MESSAGE][PASSED] - Delayed 5 second(s)

2023-08-09 17:46:18 - [TEST_STEP][PASSED] - code = getText(findTestObject("Object Repository/06-Teams/For 2FA/2FA code")): Text of object 'Object Repository/06-Teams/For 2FA/2FA code' is: '312607'

2023-08-09 17:46:19 - [MESSAGE][PASSED] - Text of object 'Object Repository/06-Teams/For 2FA/2FA code' is: '312607'

2023-08-09 17:46:19 - [TEST_STEP][PASSED] - delay(delay_3seconds): Delayed 3 second(s)

2023-08-09 17:46:22 - [MESSAGE][PASSED] - Delayed 3 second(s)

2023-08-09 17:46:22 - [TEST_STEP][PASSED] - closeWindowTitle("Mailinator"): Window with title: 'Mailinator' is closed

2023-08-09 17:46:22 - [MESSAGE][PASSED] - Window with title: 'Mailinator' is closed

2023-08-09 17:46:22 - [TEST_STEP][PASSED] - delay(delay_5seconds): Delayed 5 second(s)

2023-08-09 17:46:27 - [MESSAGE][PASSED] - Delayed 5 second(s)

2023-08-09 17:46:27 - [TEST_STEP][PASSED] - switchToWindowIndex(0): Switched to window with index: '0'

2023-08-09 17:46:27 - [MESSAGE][PASSED] - Switched to window with index: '0'

2023-08-09 17:46:27 - [TEST_STEP][PASSED] - delay(delay_3seconds): Delayed 3 second(s)

2023-08-09 17:46:30 - [MESSAGE][PASSED] - Delayed 3 second(s)

2023-08-09 17:46:30 - [TEST_STEP][PASSED] - setText(findTestObject("Object Repository/06-Teams/For 2FA/input_Enter verification code_code"), code): Text '312607' is set on object 'Object Repository/06-Teams/For 2FA/input_Enter verification code_code'

2023-08-09 17:46:31 - [MESSAGE][PASSED] - Text '312607' is set on object 'Object Repository/06-Teams/For 2FA/input_Enter verification code_code'

2023-08-09 17:46:31 - [TEST_STEP][PASSED] - delay(delay_3seconds): Delayed 3 second(s)

2023-08-09 17:46:34 - [MESSAGE][PASSED] - Delayed 3 second(s)

2023-08-09 17:46:34 - [TEST_STEP][PASSED] - click(findTestObject("06-Teams/For 2FA/button_Verify_2FA")): Object: 'Object Repository/06-Teams/For 2FA/button_Verify_2FA' is clicked on

2023-08-09 17:46:35 - [MESSAGE][PASSED] - Object: 'Object Repository/06-Teams/For 2FA/button_Verify_2FA' is clicked on

2023-08-09 17:46:35 - [TEST_STEP][PASSED] - delay(delay_3seconds): Delayed 3 second(s)

2023-08-09 17:46:38 - [MESSAGE][PASSED] - Delayed 3 second(s)

2023-08-09 17:46:38 - [MESSAGE][PASSED] - Call Test Case 'Test Cases/01-Login and Forgot Password/04-Login(Valid Credentials-With Subscription)' successfully

2023-08-09 17:46:38 - [TEST_STEP][PASSED] - click(findTestObject("06-Teams/button_doublearrow")): Object: 'Object Repository/06-Teams/button_doublearrow' is clicked on

2023-08-09 17:46:40 - [MESSAGE][PASSED] - Object: 'Object Repository/06-Teams/button_doublearrow' is clicked on

2023-08-09 17:46:40 - [TEST_STEP][PASSED] - click(findTestObject("06-Teams/button_My Organizations")): Object: 'Object Repository/06-Teams/button_My Organizations' is clicked on

2023-08-09 17:46:41 - [MESSAGE][PASSED] - Object: 'Object Repository/06-Teams/button_My Organizations' is clicked on

2023-08-09 17:46:41 - [TEST_STEP][PASSED] - click(findTestObject("02-Side Icons(Organization)/Add Contact/button_Automation Test Org")): Object: 'Object Repository/02-Side Icons(Organization)/Add Contact/button_Automation Test Org' is clicked on

2023-08-09 17:46:42 - [MESSAGE][PASSED] - Object: 'Object Repository/02-Side Icons(Organization)/Add Contact/button_Automation Test Org' is clicked on

2023-08-09 17:46:42 - [TEST_STEP][PASSED] - delay(delay_4seconds): Delayed 4 second(s)

2023-08-09 17:46:46 - [MESSAGE][PASSED] - Delayed 4 second(s)

2023-08-09 17:46:46 - [TEST_STEP][PASSED] - verifyElementVisible(findTestObject("02-Side Icons(Organization)/Add Contact/span_Automation Test Org")): Object 'Object Repository/02-Side Icons(Organization)/Add Contact/span_Automation Test Org' is visible

2023-08-09 17:46:47 - [MESSAGE][PASSED] - Object 'Object Repository/02-Side Icons(Organization)/Add Contact/span_Automation Test Org' is visible

2023-08-09 17:46:47 - [TEST_STEP][PASSED] - delay(delay_5seconds): Delayed 5 second(s)

2023-08-09 17:46:52 - [MESSAGE][PASSED] - Delayed 5 second(s)

2023-08-09 17:46:52 - [TEST_STEP][PASSED] - click(findTestObject("03-Header Menu/Hamburger Button/div_Cloud Files")): Object: 'Object Repository/03-Header Menu/Hamburger Button/div_Cloud Files' is clicked on

2023-08-09 17:46:52 - [MESSAGE][PASSED] - Object: 'Object Repository/03-Header Menu/Hamburger Button/div_Cloud Files' is clicked on

2023-08-09 17:46:52 - [TEST_STEP][PASSED] - scrollToElement(findTestObject("11-Cloud Files/a_My Drive"), 0): Scroll to object 'Object Repository/11-Cloud Files/a_My Drive' successfully

2023-08-09 17:46:52 - [MESSAGE][WARNING] - Timeout '0' is invalid. Using default page load timeout: '30'

2023-08-09 17:46:53 - [MESSAGE][PASSED] - Scroll to object 'Object Repository/11-Cloud Files/a_My Drive' successfully

2023-08-09 17:46:53 - [TEST_STEP][PASSED] - verifyElementVisible(findTestObject("11-Cloud Files/a_My Drive")): Object 'Object Repository/11-Cloud Files/a_My Drive' is visible

2023-08-09 17:46:53 - [MESSAGE][PASSED] - Object 'Object Repository/11-Cloud Files/a_My Drive' is visible

2023-08-09 17:46:53 - [TEST_STEP][PASSED] - verifyElementVisible(findTestObject("11-Cloud Files/a_Shared Drive")): Object 'Object Repository/11-Cloud Files/a_Shared Drive' is visible

2023-08-09 17:46:53 - [MESSAGE][PASSED] - Object 'Object Repository/11-Cloud Files/a_Shared Drive' is visible

2023-08-09 17:46:53 - [TEST_STEP][PASSED] - verifyElementVisible(findTestObject("11-Cloud Files/a_Shared With Me")): Object 'Object Repository/11-Cloud Files/a_Shared With Me' is visible

2023-08-09 17:46:54 - [MESSAGE][PASSED] - Object 'Object Repository/11-Cloud Files/a_Shared With Me' is visible

2023-08-09 17:46:54 - [TEST_STEP][PASSED] - click(findTestObject("11-Cloud Files/a_My Drive")): Object: 'Object Repository/11-Cloud Files/a_My Drive' is clicked on

2023-08-09 17:46:54 - [MESSAGE][PASSED] - Object: 'Object Repository/11-Cloud Files/a_My Drive' is clicked on

2023-08-09 17:46:54 - [TEST_STEP][PASSED] - verifyElementVisible(findTestObject("11-Cloud Files/h4_CLOUD STORAGE")): Object 'Object Repository/11-Cloud Files/h4_CLOUD STORAGE' is visible

2023-08-09 17:46:56 - [MESSAGE][PASSED] - Object 'Object Repository/11-Cloud Files/h4_CLOUD STORAGE' is visible

2023-08-09 17:46:56 - [TEST_STEP][PASSED] - verifyElementVisible(findTestObject("11-Cloud Files/h4_MY FILES")): Object 'Object Repository/11-Cloud Files/h4_MY FILES' is visible

2023-08-09 17:46:56 - [MESSAGE][PASSED] - Object 'Object Repository/11-Cloud Files/h4_MY FILES' is visible

2023-08-09 17:46:56 - [TEST_STEP][PASSED] - delay(delay_3seconds): Delayed 3 second(s)

2023-08-09 17:46:59 - [MESSAGE][PASSED] - Delayed 3 second(s)

2023-08-09 17:46:59 - [TEST_STEP][PASSED] - click(findTestObject("11-Cloud Files/button_create_new_folderNew Folder")): Object: 'Object Repository/11-Cloud Files/button_create_new_folderNew Folder' is clicked on

2023-08-09 17:46:59 - [MESSAGE][PASSED] - Object: 'Object Repository/11-Cloud Files/button_create_new_folderNew Folder' is clicked on

2023-08-09 17:46:59 - [TEST_STEP][PASSED] - verifyElementVisible(findTestObject("11-Cloud Files/mat-dialog-container_CreateNewFolder modal")): Object 'Object Repository/11-Cloud Files/mat-dialog-container_CreateNewFolder modal' is visible

2023-08-09 17:47:00 - [MESSAGE][PASSED] - Object 'Object Repository/11-Cloud Files/mat-dialog-container_CreateNewFolder modal' is visible

2023-08-09 17:47:00 - [TEST_STEP][PASSED] - verifyElementVisible(findTestObject("11-Cloud Files/h4_New folder")): Object 'Object Repository/11-Cloud Files/h4_New folder' is visible

2023-08-09 17:47:01 - [MESSAGE][PASSED] - Object 'Object Repository/11-Cloud Files/h4_New folder' is visible

2023-08-09 17:47:01 - [TEST_STEP][PASSED] - click(findTestObject("11-Cloud Files/input_folderName"), STOP_ON_FAILURE): Object: 'Object Repository/11-Cloud Files/input_folderName' is clicked on

2023-08-09 17:47:01 - [MESSAGE][PASSED] - Object: 'Object Repository/11-Cloud Files/input_folderName' is clicked on

2023-08-09 17:47:01 - [TEST_STEP][PASSED] - clickOffset(findTestObject("11-Cloud Files/input_folderName"), 50, 50): Object: 'Object Repository/11-Cloud Files/input_folderName' is clicked on using offset x=50 and y=50

2023-08-09 17:47:02 - [MESSAGE][PASSED] - Object: 'Object Repository/11-Cloud Files/input_folderName' is clicked on using offset x=50 and y=50

2023-08-09 17:47:02 - [TEST_STEP][PASSED] - verifyElementVisible(findTestObject("11-Cloud Files/mat-error_filename")): Object 'Object Repository/11-Cloud Files/mat-error_filename' is visible

2023-08-09 17:47:02 - [MESSAGE][PASSED] - Object 'Object Repository/11-Cloud Files/mat-error_filename' is visible

2023-08-09 17:47:02 - [TEST_STEP][PASSED] - verifyElementNotClickable(findTestObject("11-Cloud Files/button_Create")): Object 'Object Repository/11-Cloud Files/button_Create' is NOT clickable

2023-08-09 17:47:02 - [MESSAGE][PASSED] - Object 'Object Repository/11-Cloud Files/button_Create' is NOT clickable

2023-08-09 17:47:02 - [TEST_STEP][PASSED] - delay(delay_3seconds): Delayed 3 second(s)

2023-08-09 17:47:05 - [MESSAGE][PASSED] - Delayed 3 second(s)]]></system-out>
         <system-err><![CDATA[]]></system-err>
      </testcase>
      <testcase name="Test Cases/11.1 - Cloud Files (My Drive)/02-Create new folder" time="11.867" classname="Test Cases/11.1 - Cloud Files (My Drive)/02-Create new folder" status="PASSED">
         <system-out><![CDATA[2023-08-09 17:47:05 - [TEST_CASE][PASSED] - Test Cases/11.1 - Cloud Files (My Drive)/02-Create new folder: Test Cases/11.1 - Cloud Files (My Drive)/02-Create new folder

2023-08-09 17:47:06 - [TEST_STEP][PASSED] - setText(findTestObject("11-Cloud Files/input_folderName"), folder_name): Text 'Automation folder' is set on object 'Object Repository/11-Cloud Files/input_folderName'

2023-08-09 17:47:06 - [MESSAGE][PASSED] - Text 'Automation folder' is set on object 'Object Repository/11-Cloud Files/input_folderName'

2023-08-09 17:47:06 - [TEST_STEP][PASSED] - click(findTestObject("11-Cloud Files/button_Create")): Object: 'Object Repository/11-Cloud Files/button_Create' is clicked on

2023-08-09 17:47:07 - [MESSAGE][PASSED] - Object: 'Object Repository/11-Cloud Files/button_Create' is clicked on

2023-08-09 17:47:07 - [TEST_STEP][PASSED] - delay(delay_3seconds): Delayed 3 second(s)

2023-08-09 17:47:10 - [MESSAGE][PASSED] - Delayed 3 second(s)

2023-08-09 17:47:10 - [TEST_STEP][PASSED] - click(findTestObject("11-Cloud Files/button_create_new_folderNew Folder")): Object: 'Object Repository/11-Cloud Files/button_create_new_folderNew Folder' is clicked on

2023-08-09 17:47:10 - [MESSAGE][PASSED] - Object: 'Object Repository/11-Cloud Files/button_create_new_folderNew Folder' is clicked on

2023-08-09 17:47:10 - [TEST_STEP][PASSED] - verifyElementVisible(findTestObject("11-Cloud Files/mat-dialog-container_CreateNewFolder modal")): Object 'Object Repository/11-Cloud Files/mat-dialog-container_CreateNewFolder modal' is visible

2023-08-09 17:47:11 - [MESSAGE][PASSED] - Object 'Object Repository/11-Cloud Files/mat-dialog-container_CreateNewFolder modal' is visible

2023-08-09 17:47:11 - [TEST_STEP][PASSED] - verifyElementVisible(findTestObject("11-Cloud Files/h4_New folder")): Object 'Object Repository/11-Cloud Files/h4_New folder' is visible

2023-08-09 17:47:12 - [MESSAGE][PASSED] - Object 'Object Repository/11-Cloud Files/h4_New folder' is visible

2023-08-09 17:47:12 - [TEST_STEP][PASSED] - setText(findTestObject("11-Cloud Files/input_folderName"), folder_name2): Text 'Automation folder 2' is set on object 'Object Repository/11-Cloud Files/input_folderName'

2023-08-09 17:47:12 - [MESSAGE][PASSED] - Text 'Automation folder 2' is set on object 'Object Repository/11-Cloud Files/input_folderName'

2023-08-09 17:47:12 - [TEST_STEP][PASSED] - click(findTestObject("11-Cloud Files/button_Create")): Object: 'Object Repository/11-Cloud Files/button_Create' is clicked on

2023-08-09 17:47:13 - [MESSAGE][PASSED] - Object: 'Object Repository/11-Cloud Files/button_Create' is clicked on

2023-08-09 17:47:13 - [TEST_STEP][PASSED] - delay(delay_3seconds): Delayed 3 second(s)

2023-08-09 17:47:16 - [MESSAGE][PASSED] - Delayed 3 second(s)

2023-08-09 17:47:16 - [TEST_STEP][PASSED] - click(findTestObject("11-Cloud Files/mat-icon_refresh")): Object: 'Object Repository/11-Cloud Files/mat-icon_refresh' is clicked on

2023-08-09 17:47:16 - [MESSAGE][PASSED] - Object: 'Object Repository/11-Cloud Files/mat-icon_refresh' is clicked on

2023-08-09 17:47:16 - [TEST_STEP][PASSED] - verifyElementVisible(findTestObject("11-Cloud Files/td_Automation folder")): Object 'Object Repository/11-Cloud Files/td_Automation folder' is visible

2023-08-09 17:47:17 - [MESSAGE][PASSED] - Object 'Object Repository/11-Cloud Files/td_Automation folder' is visible]]></system-out>
         <system-err><![CDATA[]]></system-err>
      </testcase>
      <testcase name="Test Cases/11.1 - Cloud Files (My Drive)/03-Upload Local File" time="19.037" classname="Test Cases/11.1 - Cloud Files (My Drive)/03-Upload Local File" status="PASSED">
         <system-out><![CDATA[2023-08-09 17:47:17 - [TEST_CASE][PASSED] - Test Cases/11.1 - Cloud Files (My Drive)/03-Upload Local File: Test Cases/11.1 - Cloud Files (My Drive)/03-Upload Local File

2023-08-09 17:47:17 - [TEST_STEP][PASSED] - delay(delay_3seconds): Delayed 3 second(s)

2023-08-09 17:47:20 - [MESSAGE][PASSED] - Delayed 3 second(s)

2023-08-09 17:47:20 - [TEST_STEP][PASSED] - click(findTestObject("11-Cloud Files/button_cloud_upload Upload Files  Create Folders")): Object: 'Object Repository/11-Cloud Files/button_cloud_upload Upload Files  Create Folders' is clicked on

2023-08-09 17:47:21 - [MESSAGE][PASSED] - Object: 'Object Repository/11-Cloud Files/button_cloud_upload Upload Files  Create Folders' is clicked on

2023-08-09 17:47:21 - [TEST_STEP][PASSED] - uploadpackage.Upload.uploadFile(findTestObject("11-Cloud Files/button_cloud_uploadUpload Local File"), upload_file): uploadpackage.Upload.uploadFile is PASSED

2023-08-09 17:47:22 - [MESSAGE][PASSED] - Object: 'Object Repository/11-Cloud Files/button_cloud_uploadUpload Local File' is clicked on

2023-08-09 17:47:22 - [MESSAGE][PASSED] - uploadpackage.Upload.uploadFile is PASSED

2023-08-09 17:47:22 - [TEST_STEP][PASSED] - delay(delay_2seconds): Delayed 2 second(s)

2023-08-09 17:47:24 - [MESSAGE][PASSED] - Delayed 2 second(s)

2023-08-09 17:47:24 - [TEST_STEP][PASSED] - verifyElementVisible(findTestObject("11-Cloud Files/mat-dialog-container_Upload local file modal")): Object 'Object Repository/11-Cloud Files/mat-dialog-container_Upload local file modal' is visible

2023-08-09 17:47:24 - [MESSAGE][PASSED] - Object 'Object Repository/11-Cloud Files/mat-dialog-container_Upload local file modal' is visible

2023-08-09 17:47:24 - [TEST_STEP][PASSED] - click(findTestObject("11-Cloud Files/button_Confirm")): Object: 'Object Repository/11-Cloud Files/button_Confirm' is clicked on

2023-08-09 17:47:25 - [MESSAGE][PASSED] - Object: 'Object Repository/11-Cloud Files/button_Confirm' is clicked on

2023-08-09 17:47:25 - [TEST_STEP][PASSED] - delay(delay_3seconds): Delayed 3 second(s)

2023-08-09 17:47:28 - [MESSAGE][PASSED] - Delayed 3 second(s)

2023-08-09 17:47:28 - [TEST_STEP][PASSED] - verifyElementVisible(findTestObject("11-Cloud Files/div_Upload completed clear")): Object 'Object Repository/11-Cloud Files/div_Upload completed clear' is visible

2023-08-09 17:47:28 - [MESSAGE][PASSED] - Object 'Object Repository/11-Cloud Files/div_Upload completed clear' is visible

2023-08-09 17:47:28 - [TEST_STEP][PASSED] - delay(delay_3seconds): Delayed 3 second(s)

2023-08-09 17:47:31 - [MESSAGE][PASSED] - Delayed 3 second(s)

2023-08-09 17:47:31 - [TEST_STEP][PASSED] - setText(findTestObject("11-Cloud Files/input_Search cloudfiles"), folder_name): Text 'Automation folder' is set on object 'Object Repository/11-Cloud Files/input_Search cloudfiles'

2023-08-09 17:47:32 - [MESSAGE][PASSED] - Text 'Automation folder' is set on object 'Object Repository/11-Cloud Files/input_Search cloudfiles'

2023-08-09 17:47:32 - [TEST_STEP][PASSED] - sendKeys(findTestObject("11-Cloud Files/input_Search cloudfiles"), Keys.chord(ENTER)): Keys 'ENTER + ' sent to object: 'Object Repository/11-Cloud Files/input_Search cloudfiles'

2023-08-09 17:47:32 - [MESSAGE][PASSED] - Keys 'ENTER + ' sent to object: 'Object Repository/11-Cloud Files/input_Search cloudfiles'

2023-08-09 17:47:32 - [TEST_STEP][PASSED] - delay(delay_3seconds): Delayed 3 second(s)

2023-08-09 17:47:35 - [MESSAGE][PASSED] - Delayed 3 second(s)

2023-08-09 17:47:35 - [TEST_STEP][PASSED] - verifyElementVisible(findTestObject("11-Cloud Files/td_Automation folder")): Object 'Object Repository/11-Cloud Files/td_Automation folder' is visible

2023-08-09 17:47:36 - [MESSAGE][PASSED] - Object 'Object Repository/11-Cloud Files/td_Automation folder' is visible

2023-08-09 17:47:36 - [TEST_STEP][PASSED] - clearText(findTestObject("11-Cloud Files/input_Search cloudfiles")): Text of object 'Object Repository/11-Cloud Files/input_Search cloudfiles' is cleared

2023-08-09 17:47:36 - [MESSAGE][PASSED] - Text of object 'Object Repository/11-Cloud Files/input_Search cloudfiles' is cleared

2023-08-09 17:47:36 - [TEST_STEP][PASSED] - click(findTestObject("11-Cloud Files/button_back")): Object: 'Object Repository/11-Cloud Files/button_back' is clicked on

2023-08-09 17:47:36 - [MESSAGE][PASSED] - Object: 'Object Repository/11-Cloud Files/button_back' is clicked on]]></system-out>
         <system-err><![CDATA[]]></system-err>
      </testcase>
      <testcase name="Test Cases/11.1 - Cloud Files (My Drive)/04-Rename a folder and file" time="22.858" classname="Test Cases/11.1 - Cloud Files (My Drive)/04-Rename a folder and file" status="PASSED">
         <system-out><![CDATA[2023-08-09 17:47:36 - [TEST_CASE][PASSED] - Test Cases/11.1 - Cloud Files (My Drive)/04-Rename a folder and file: Test Cases/11.1 - Cloud Files (My Drive)/04-Rename a folder and file

2023-08-09 17:47:36 - [TEST_STEP][PASSED] - delay(delay_3seconds): Delayed 3 second(s)

2023-08-09 17:47:40 - [MESSAGE][PASSED] - Delayed 3 second(s)

2023-08-09 17:47:40 - [TEST_STEP][PASSED] - rightClick(findTestObject("11-Cloud Files/td_Automation folder")): Object: 'Object Repository/11-Cloud Files/td_Automation folder' is right clicked on

2023-08-09 17:47:40 - [MESSAGE][PASSED] - Object: 'Object Repository/11-Cloud Files/td_Automation folder' is right clicked on

2023-08-09 17:47:40 - [TEST_STEP][PASSED] - click(findTestObject("11-Cloud Files/button_Rename")): Object: 'Object Repository/11-Cloud Files/button_Rename' is clicked on

2023-08-09 17:47:41 - [MESSAGE][PASSED] - Object: 'Object Repository/11-Cloud Files/button_Rename' is clicked on

2023-08-09 17:47:41 - [TEST_STEP][PASSED] - verifyElementVisible(findTestObject("11-Cloud Files/mat-dialog-container_RenameName nodal")): Object 'Object Repository/11-Cloud Files/mat-dialog-container_RenameName nodal' is visible

2023-08-09 17:47:42 - [MESSAGE][PASSED] - Object 'Object Repository/11-Cloud Files/mat-dialog-container_RenameName nodal' is visible

2023-08-09 17:47:42 - [TEST_STEP][PASSED] - setText(findTestObject("11-Cloud Files/input_Rename"), edit_folder_name): Text 'Automation folder EDIT' is set on object 'Object Repository/11-Cloud Files/input_Rename'

2023-08-09 17:47:43 - [MESSAGE][PASSED] - Text 'Automation folder EDIT' is set on object 'Object Repository/11-Cloud Files/input_Rename'

2023-08-09 17:47:43 - [TEST_STEP][PASSED] - click(findTestObject("09-Settings/Users/Active User/button_Save")): Object: 'Object Repository/09-Settings/Users/Active User/button_Save' is clicked on

2023-08-09 17:47:43 - [MESSAGE][PASSED] - Object: 'Object Repository/09-Settings/Users/Active User/button_Save' is clicked on

2023-08-09 17:47:43 - [TEST_STEP][PASSED] - verifyElementVisible(findTestObject("11-Cloud Files/snack-bar-container_Successfully changed nameOK_New")): Object 'Object Repository/11-Cloud Files/snack-bar-container_Successfully changed nameOK_New' is visible

2023-08-09 17:47:46 - [MESSAGE][PASSED] - Object 'Object Repository/11-Cloud Files/snack-bar-container_Successfully changed nameOK_New' is visible

2023-08-09 17:47:46 - [TEST_STEP][PASSED] - delay(delay_3seconds): Delayed 3 second(s)

2023-08-09 17:47:49 - [MESSAGE][PASSED] - Delayed 3 second(s)

2023-08-09 17:47:49 - [TEST_STEP][PASSED] - rightClick(findTestObject("11-Cloud Files/td_qa")): Object: 'Object Repository/11-Cloud Files/td_qa' is right clicked on

2023-08-09 17:47:49 - [MESSAGE][PASSED] - Object: 'Object Repository/11-Cloud Files/td_qa' is right clicked on

2023-08-09 17:47:49 - [TEST_STEP][PASSED] - click(findTestObject("11-Cloud Files/button_Rename")): Object: 'Object Repository/11-Cloud Files/button_Rename' is clicked on

2023-08-09 17:47:50 - [MESSAGE][PASSED] - Object: 'Object Repository/11-Cloud Files/button_Rename' is clicked on

2023-08-09 17:47:50 - [TEST_STEP][PASSED] - verifyElementVisible(findTestObject("11-Cloud Files/mat-dialog-container_RenameName nodal")): Object 'Object Repository/11-Cloud Files/mat-dialog-container_RenameName nodal' is visible

2023-08-09 17:47:51 - [MESSAGE][PASSED] - Object 'Object Repository/11-Cloud Files/mat-dialog-container_RenameName nodal' is visible

2023-08-09 17:47:51 - [TEST_STEP][PASSED] - setText(findTestObject("11-Cloud Files/input_Rename"), "qa EDIT"): Text 'qa EDIT' is set on object 'Object Repository/11-Cloud Files/input_Rename'

2023-08-09 17:47:52 - [MESSAGE][PASSED] - Text 'qa EDIT' is set on object 'Object Repository/11-Cloud Files/input_Rename'

2023-08-09 17:47:52 - [TEST_STEP][PASSED] - click(findTestObject("09-Settings/Users/Active User/button_Save")): Object: 'Object Repository/09-Settings/Users/Active User/button_Save' is clicked on

2023-08-09 17:47:52 - [MESSAGE][PASSED] - Object: 'Object Repository/09-Settings/Users/Active User/button_Save' is clicked on

2023-08-09 17:47:52 - [TEST_STEP][PASSED] - verifyElementVisible(findTestObject("11-Cloud Files/snack-bar-container_Successfully changed nameOK_New")): Object 'Object Repository/11-Cloud Files/snack-bar-container_Successfully changed nameOK_New' is visible

2023-08-09 17:47:59 - [MESSAGE][PASSED] - Object 'Object Repository/11-Cloud Files/snack-bar-container_Successfully changed nameOK_New' is visible]]></system-out>
         <system-err><![CDATA[]]></system-err>
      </testcase>
      <testcase name="Test Cases/11.1 - Cloud Files (My Drive)/05-Download a file and folder" time="13.531" classname="Test Cases/11.1 - Cloud Files (My Drive)/05-Download a file and folder" status="PASSED">
         <system-out><![CDATA[2023-08-09 17:47:59 - [TEST_CASE][PASSED] - Test Cases/11.1 - Cloud Files (My Drive)/05-Download a file and folder: Test Cases/11.1 - Cloud Files (My Drive)/05-Download a file and folder

2023-08-09 17:47:59 - [TEST_STEP][PASSED] - delay(delay_3seconds): Delayed 3 second(s)

2023-08-09 17:48:02 - [MESSAGE][PASSED] - Delayed 3 second(s)

2023-08-09 17:48:02 - [TEST_STEP][PASSED] - rightClick(findTestObject("11-Cloud Files/td_qa EDIT")): Object: 'Object Repository/11-Cloud Files/td_qa EDIT' is right clicked on

2023-08-09 17:48:03 - [MESSAGE][PASSED] - Object: 'Object Repository/11-Cloud Files/td_qa EDIT' is right clicked on

2023-08-09 17:48:03 - [TEST_STEP][PASSED] - click(findTestObject("11-Cloud Files/button_download")): Object: 'Object Repository/11-Cloud Files/button_download' is clicked on

2023-08-09 17:48:04 - [MESSAGE][PASSED] - Object: 'Object Repository/11-Cloud Files/button_download' is clicked on

2023-08-09 17:48:04 - [TEST_STEP][PASSED] - verifyElementVisible(findTestObject("11-Cloud Files/div_Done downloading qaclear")): Object 'Object Repository/11-Cloud Files/div_Done downloading qaclear' is visible

2023-08-09 17:48:06 - [MESSAGE][PASSED] - Object 'Object Repository/11-Cloud Files/div_Done downloading qaclear' is visible

2023-08-09 17:48:06 - [TEST_STEP][PASSED] - delay(delay_3seconds): Delayed 3 second(s)

2023-08-09 17:48:09 - [MESSAGE][PASSED] - Delayed 3 second(s)

2023-08-09 17:48:09 - [TEST_STEP][PASSED] - rightClick(findTestObject("11-Cloud Files/td_Automation folder EDIT")): Object: 'Object Repository/11-Cloud Files/td_Automation folder EDIT' is right clicked on

2023-08-09 17:48:09 - [MESSAGE][PASSED] - Object: 'Object Repository/11-Cloud Files/td_Automation folder EDIT' is right clicked on

2023-08-09 17:48:09 - [TEST_STEP][PASSED] - click(findTestObject("11-Cloud Files/button_download")): Object: 'Object Repository/11-Cloud Files/button_download' is clicked on

2023-08-09 17:48:10 - [MESSAGE][PASSED] - Object: 'Object Repository/11-Cloud Files/button_download' is clicked on

2023-08-09 17:48:10 - [TEST_STEP][PASSED] - verifyElementVisible(findTestObject("11-Cloud Files/div_Done downloading folder")): Object 'Object Repository/11-Cloud Files/div_Done downloading folder' is visible

2023-08-09 17:48:13 - [MESSAGE][PASSED] - Object 'Object Repository/11-Cloud Files/div_Done downloading folder' is visible]]></system-out>
         <system-err><![CDATA[]]></system-err>
      </testcase>
      <testcase name="Test Cases/11.1 - Cloud Files (My Drive)/06-Duplicate a Folder (Negative scenario)" time="8.704" classname="Test Cases/11.1 - Cloud Files (My Drive)/06-Duplicate a Folder (Negative scenario)" status="PASSED">
         <system-out><![CDATA[2023-08-09 17:48:13 - [TEST_CASE][PASSED] - Test Cases/11.1 - Cloud Files (My Drive)/06-Duplicate a Folder (Negative scenario): Test Cases/11.1 - Cloud Files (My Drive)/06-Duplicate a Folder (Negative scenario)

2023-08-09 17:48:13 - [TEST_STEP][PASSED] - delay(delay_3seconds): Delayed 3 second(s)

2023-08-09 17:48:16 - [MESSAGE][PASSED] - Delayed 3 second(s)

2023-08-09 17:48:16 - [TEST_STEP][PASSED] - click(findTestObject("11-Cloud Files/td_Automation folder EDIT")): Object: 'Object Repository/11-Cloud Files/td_Automation folder EDIT' is clicked on

2023-08-09 17:48:16 - [MESSAGE][PASSED] - Object: 'Object Repository/11-Cloud Files/td_Automation folder EDIT' is clicked on

2023-08-09 17:48:16 - [TEST_STEP][PASSED] - click(findTestObject("11-Cloud Files/button_Duplicate")): Object: 'Object Repository/11-Cloud Files/button_Duplicate' is clicked on

2023-08-09 17:48:17 - [MESSAGE][PASSED] - Object: 'Object Repository/11-Cloud Files/button_Duplicate' is clicked on

2023-08-09 17:48:17 - [TEST_STEP][PASSED] - verifyElementVisible(findTestObject("11-Cloud Files/mat-dialog-container_DuplicateFolderModal")): Object 'Object Repository/11-Cloud Files/mat-dialog-container_DuplicateFolderModal' is visible

2023-08-09 17:48:17 - [MESSAGE][PASSED] - Object 'Object Repository/11-Cloud Files/mat-dialog-container_DuplicateFolderModal' is visible

2023-08-09 17:48:17 - [TEST_STEP][PASSED] - delay(delay_3seconds): Delayed 3 second(s)

2023-08-09 17:48:20 - [MESSAGE][PASSED] - Delayed 3 second(s)

2023-08-09 17:48:20 - [TEST_STEP][PASSED] - click(findTestObject("11-Cloud Files/button_Confirm")): Object: 'Object Repository/11-Cloud Files/button_Confirm' is clicked on

2023-08-09 17:48:21 - [MESSAGE][PASSED] - Object: 'Object Repository/11-Cloud Files/button_Confirm' is clicked on

2023-08-09 17:48:21 - [TEST_STEP][PASSED] - click(findTestObject("11-Cloud Files/td_Automation folder EDIT")): Object: 'Object Repository/11-Cloud Files/td_Automation folder EDIT' is clicked on

2023-08-09 17:48:21 - [MESSAGE][PASSED] - Object: 'Object Repository/11-Cloud Files/td_Automation folder EDIT' is clicked on]]></system-out>
         <system-err><![CDATA[]]></system-err>
      </testcase>
      <testcase name="Test Cases/11.1 - Cloud Files (My Drive)/07-Duplicate a file" time="6.1" classname="Test Cases/11.1 - Cloud Files (My Drive)/07-Duplicate a file" status="PASSED">
         <system-out><![CDATA[2023-08-09 17:48:21 - [TEST_CASE][PASSED] - Test Cases/11.1 - Cloud Files (My Drive)/07-Duplicate a file: Test Cases/11.1 - Cloud Files (My Drive)/07-Duplicate a file

2023-08-09 17:48:22 - [TEST_STEP][PASSED] - delay(delay_3seconds): Delayed 3 second(s)

2023-08-09 17:48:25 - [MESSAGE][PASSED] - Delayed 3 second(s)

2023-08-09 17:48:25 - [TEST_STEP][PASSED] - click(findTestObject("11-Cloud Files/td_qa EDIT")): Object: 'Object Repository/11-Cloud Files/td_qa EDIT' is clicked on

2023-08-09 17:48:25 - [MESSAGE][PASSED] - Object: 'Object Repository/11-Cloud Files/td_qa EDIT' is clicked on

2023-08-09 17:48:25 - [TEST_STEP][PASSED] - click(findTestObject("11-Cloud Files/button_Duplicate")): Object: 'Object Repository/11-Cloud Files/button_Duplicate' is clicked on

2023-08-09 17:48:26 - [MESSAGE][PASSED] - Object: 'Object Repository/11-Cloud Files/button_Duplicate' is clicked on

2023-08-09 17:48:26 - [TEST_STEP][PASSED] - verifyElementVisible(findTestObject("11-Cloud Files/div_ItemsDuplicatedSuccessfully")): Object 'Object Repository/11-Cloud Files/div_ItemsDuplicatedSuccessfully' is visible

2023-08-09 17:48:27 - [MESSAGE][PASSED] - Object 'Object Repository/11-Cloud Files/div_ItemsDuplicatedSuccessfully' is visible

2023-08-09 17:48:27 - [TEST_STEP][PASSED] - verifyElementVisible(findTestObject("11-Cloud Files/td_Copy of qa EDIT")): Object 'Object Repository/11-Cloud Files/td_Copy of qa EDIT' is visible

2023-08-09 17:48:28 - [MESSAGE][PASSED] - Object 'Object Repository/11-Cloud Files/td_Copy of qa EDIT' is visible]]></system-out>
         <system-err><![CDATA[]]></system-err>
      </testcase>
      <testcase name="Test Cases/11.1 - Cloud Files (My Drive)/08-Move a file and folder" time="16.108" classname="Test Cases/11.1 - Cloud Files (My Drive)/08-Move a file and folder" status="PASSED">
         <system-out><![CDATA[2023-08-09 17:48:28 - [TEST_CASE][PASSED] - Test Cases/11.1 - Cloud Files (My Drive)/08-Move a file and folder: Test Cases/11.1 - Cloud Files (My Drive)/08-Move a file and folder

2023-08-09 17:48:28 - [TEST_STEP][PASSED] - delay(delay_3seconds): Delayed 3 second(s)

2023-08-09 17:48:31 - [MESSAGE][PASSED] - Delayed 3 second(s)

2023-08-09 17:48:31 - [TEST_STEP][PASSED] - rightClick(findTestObject("11-Cloud Files/td_Copy of qa EDIT")): Object: 'Object Repository/11-Cloud Files/td_Copy of qa EDIT' is right clicked on

2023-08-09 17:48:31 - [MESSAGE][PASSED] - Object: 'Object Repository/11-Cloud Files/td_Copy of qa EDIT' is right clicked on

2023-08-09 17:48:31 - [TEST_STEP][PASSED] - click(findTestObject("11-Cloud Files/button_MoveTo")): Object: 'Object Repository/11-Cloud Files/button_MoveTo' is clicked on

2023-08-09 17:48:32 - [MESSAGE][PASSED] - Object: 'Object Repository/11-Cloud Files/button_MoveTo' is clicked on

2023-08-09 17:48:32 - [TEST_STEP][PASSED] - click(findTestObject("11-Cloud Files/span_Automation folder EDIT MoveTo")): Object: 'Object Repository/11-Cloud Files/span_Automation folder EDIT MoveTo' is clicked on

2023-08-09 17:48:34 - [MESSAGE][PASSED] - Object: 'Object Repository/11-Cloud Files/span_Automation folder EDIT MoveTo' is clicked on

2023-08-09 17:48:34 - [TEST_STEP][PASSED] - click(findTestObject("11-Cloud Files/button_Move")): Object: 'Object Repository/11-Cloud Files/button_Move' is clicked on

2023-08-09 17:48:34 - [MESSAGE][PASSED] - Object: 'Object Repository/11-Cloud Files/button_Move' is clicked on

2023-08-09 17:48:34 - [TEST_STEP][PASSED] - verifyElementVisible(findTestObject("11-Cloud Files/div_ItemSuccessfullyMove")): Object 'Object Repository/11-Cloud Files/div_ItemSuccessfullyMove' is visible

2023-08-09 17:48:36 - [MESSAGE][PASSED] - Object 'Object Repository/11-Cloud Files/div_ItemSuccessfullyMove' is visible

2023-08-09 17:48:36 - [TEST_STEP][PASSED] - delay(delay_3seconds): Delayed 3 second(s)

2023-08-09 17:48:39 - [MESSAGE][PASSED] - Delayed 3 second(s)

2023-08-09 17:48:39 - [TEST_STEP][PASSED] - rightClick(findTestObject("11-Cloud Files/td_Automation folder 2")): Object: 'Object Repository/11-Cloud Files/td_Automation folder 2' is right clicked on

2023-08-09 17:48:39 - [MESSAGE][PASSED] - Object: 'Object Repository/11-Cloud Files/td_Automation folder 2' is right clicked on

2023-08-09 17:48:39 - [TEST_STEP][PASSED] - click(findTestObject("11-Cloud Files/button_MoveTo")): Object: 'Object Repository/11-Cloud Files/button_MoveTo' is clicked on

2023-08-09 17:48:40 - [MESSAGE][PASSED] - Object: 'Object Repository/11-Cloud Files/button_MoveTo' is clicked on

2023-08-09 17:48:40 - [TEST_STEP][PASSED] - click(findTestObject("11-Cloud Files/span_Automation folder EDIT MoveTo")): Object: 'Object Repository/11-Cloud Files/span_Automation folder EDIT MoveTo' is clicked on

2023-08-09 17:48:41 - [MESSAGE][PASSED] - Object: 'Object Repository/11-Cloud Files/span_Automation folder EDIT MoveTo' is clicked on

2023-08-09 17:48:41 - [TEST_STEP][PASSED] - click(findTestObject("11-Cloud Files/button_Move")): Object: 'Object Repository/11-Cloud Files/button_Move' is clicked on

2023-08-09 17:48:42 - [MESSAGE][PASSED] - Object: 'Object Repository/11-Cloud Files/button_Move' is clicked on

2023-08-09 17:48:42 - [TEST_STEP][PASSED] - verifyElementVisible(findTestObject("11-Cloud Files/div_ItemSuccessfullyMove")): Object 'Object Repository/11-Cloud Files/div_ItemSuccessfullyMove' is visible

2023-08-09 17:48:44 - [MESSAGE][PASSED] - Object 'Object Repository/11-Cloud Files/div_ItemSuccessfullyMove' is visible]]></system-out>
         <system-err><![CDATA[]]></system-err>
      </testcase>
      <testcase name="Test Cases/11.1 - Cloud Files (My Drive)/09-Open a file and folder" time="16.573" classname="Test Cases/11.1 - Cloud Files (My Drive)/09-Open a file and folder" status="PASSED">
         <system-out><![CDATA[2023-08-09 17:48:44 - [TEST_CASE][PASSED] - Test Cases/11.1 - Cloud Files (My Drive)/09-Open a file and folder: Test Cases/11.1 - Cloud Files (My Drive)/09-Open a file and folder

2023-08-09 17:48:44 - [TEST_STEP][PASSED] - delay(delay_3seconds): Delayed 3 second(s)

2023-08-09 17:48:47 - [MESSAGE][PASSED] - Delayed 3 second(s)

2023-08-09 17:48:47 - [TEST_STEP][PASSED] - rightClick(findTestObject("11-Cloud Files/td_qa EDIT")): Object: 'Object Repository/11-Cloud Files/td_qa EDIT' is right clicked on

2023-08-09 17:48:47 - [MESSAGE][PASSED] - Object: 'Object Repository/11-Cloud Files/td_qa EDIT' is right clicked on

2023-08-09 17:48:47 - [TEST_STEP][PASSED] - click(findTestObject("11-Cloud Files/button_Open")): Object: 'Object Repository/11-Cloud Files/button_Open' is clicked on

2023-08-09 17:48:48 - [MESSAGE][PASSED] - Object: 'Object Repository/11-Cloud Files/button_Open' is clicked on

2023-08-09 17:48:48 - [TEST_STEP][PASSED] - switchToWindowIndex(1): Switched to window with index: '1'

2023-08-09 17:48:52 - [MESSAGE][PASSED] - Switched to window with index: '1'

2023-08-09 17:48:52 - [TEST_STEP][PASSED] - closeWindowIndex(1): Window with index 1 is closed

2023-08-09 17:48:52 - [MESSAGE][PASSED] - Window with index 1 is closed

2023-08-09 17:48:52 - [TEST_STEP][PASSED] - switchToWindowIndex(0): Switched to window with index: '0'

2023-08-09 17:48:52 - [MESSAGE][PASSED] - Switched to window with index: '0'

2023-08-09 17:48:52 - [TEST_STEP][PASSED] - delay(delay_3seconds): Delayed 3 second(s)

2023-08-09 17:48:55 - [MESSAGE][PASSED] - Delayed 3 second(s)

2023-08-09 17:48:55 - [TEST_STEP][PASSED] - rightClick(findTestObject("11-Cloud Files/td_Automation folder EDIT")): Object: 'Object Repository/11-Cloud Files/td_Automation folder EDIT' is right clicked on

2023-08-09 17:48:55 - [MESSAGE][PASSED] - Object: 'Object Repository/11-Cloud Files/td_Automation folder EDIT' is right clicked on

2023-08-09 17:48:55 - [TEST_STEP][PASSED] - click(findTestObject("11-Cloud Files/button_Open")): Object: 'Object Repository/11-Cloud Files/button_Open' is clicked on

2023-08-09 17:48:56 - [MESSAGE][PASSED] - Object: 'Object Repository/11-Cloud Files/button_Open' is clicked on

2023-08-09 17:48:56 - [TEST_STEP][PASSED] - click(findTestObject("11-Cloud Files/h4_MY FILES")): Object: 'Object Repository/11-Cloud Files/h4_MY FILES' is clicked on

2023-08-09 17:48:57 - [MESSAGE][PASSED] - Object: 'Object Repository/11-Cloud Files/h4_MY FILES' is clicked on

2023-08-09 17:48:57 - [TEST_STEP][PASSED] - delay(delay_3seconds): Delayed 3 second(s)

2023-08-09 17:49:00 - [MESSAGE][PASSED] - Delayed 3 second(s)]]></system-out>
         <system-err><![CDATA[]]></system-err>
      </testcase>
      <testcase name="Test Cases/11.1 - Cloud Files (My Drive)/10-Share a file" time="7.759" classname="Test Cases/11.1 - Cloud Files (My Drive)/10-Share a file" status="PASSED">
         <system-out><![CDATA[2023-08-09 17:49:00 - [TEST_CASE][PASSED] - Test Cases/11.1 - Cloud Files (My Drive)/10-Share a file: Test Cases/11.1 - Cloud Files (My Drive)/10-Share a file

2023-08-09 17:49:00 - [TEST_STEP][PASSED] - click(findTestObject("11-Cloud Files/button_clearNotif")): Object: 'Object Repository/11-Cloud Files/button_clearNotif' is clicked on

2023-08-09 17:49:01 - [MESSAGE][PASSED] - Object: 'Object Repository/11-Cloud Files/button_clearNotif' is clicked on

2023-08-09 17:49:01 - [TEST_STEP][PASSED] - rightClick(findTestObject("11-Cloud Files/td_qa EDIT")): Object: 'Object Repository/11-Cloud Files/td_qa EDIT' is right clicked on

2023-08-09 17:49:01 - [MESSAGE][PASSED] - Object: 'Object Repository/11-Cloud Files/td_qa EDIT' is right clicked on

2023-08-09 17:49:01 - [TEST_STEP][PASSED] - click(findTestObject("11-Cloud Files/button_Share")): Object: 'Object Repository/11-Cloud Files/button_Share' is clicked on

2023-08-09 17:49:02 - [MESSAGE][PASSED] - Object: 'Object Repository/11-Cloud Files/button_Share' is clicked on

2023-08-09 17:49:02 - [TEST_STEP][PASSED] - verifyElementVisible(findTestObject("11-Cloud Files/mat-dialog-container_ShareFiles Modal")): Object 'Object Repository/11-Cloud Files/mat-dialog-container_ShareFiles Modal' is visible

2023-08-09 17:49:03 - [MESSAGE][PASSED] - Object 'Object Repository/11-Cloud Files/mat-dialog-container_ShareFiles Modal' is visible

2023-08-09 17:49:03 - [TEST_STEP][PASSED] - click(findTestObject("11-Cloud Files/input_Add Users")): Object: 'Object Repository/11-Cloud Files/input_Add Users' is clicked on

2023-08-09 17:49:03 - [MESSAGE][PASSED] - Object: 'Object Repository/11-Cloud Files/input_Add Users' is clicked on

2023-08-09 17:49:03 - [TEST_STEP][PASSED] - click(findTestObject("11-Cloud Files/mat-option_GTGG tester 2")): Object: 'Object Repository/11-Cloud Files/mat-option_GTGG tester 2' is clicked on

2023-08-09 17:49:04 - [MESSAGE][PASSED] - Object: 'Object Repository/11-Cloud Files/mat-option_GTGG tester 2' is clicked on

2023-08-09 17:49:04 - [TEST_STEP][PASSED] - click(findTestObject("11-Cloud Files/mat-option_GTGG tester")): Object: 'Object Repository/11-Cloud Files/mat-option_GTGG tester' is clicked on

2023-08-09 17:49:04 - [MESSAGE][PASSED] - Object: 'Object Repository/11-Cloud Files/mat-option_GTGG tester' is clicked on

2023-08-09 17:49:04 - [TEST_STEP][PASSED] - click(findTestObject("11-Cloud Files/button_sharefiles_SHARE")): Object: 'Object Repository/11-Cloud Files/button_sharefiles_SHARE' is clicked on

2023-08-09 17:49:05 - [MESSAGE][PASSED] - Object: 'Object Repository/11-Cloud Files/button_sharefiles_SHARE' is clicked on

2023-08-09 17:49:05 - [TEST_STEP][PASSED] - delay(delay_3seconds): Delayed 3 second(s)

2023-08-09 17:49:08 - [MESSAGE][PASSED] - Delayed 3 second(s)]]></system-out>
         <system-err><![CDATA[]]></system-err>
      </testcase>
      <testcase name="Test Cases/11.1 - Cloud Files (My Drive)/11-Share a file - Edit" time="36.819" classname="Test Cases/11.1 - Cloud Files (My Drive)/11-Share a file - Edit" status="PASSED">
         <system-out><![CDATA[2023-08-09 17:49:08 - [TEST_CASE][PASSED] - Test Cases/11.1 - Cloud Files (My Drive)/11-Share a file - Edit: Test Cases/11.1 - Cloud Files (My Drive)/11-Share a file - Edit

2023-08-09 17:49:08 - [TEST_STEP][PASSED] - rightClick(findTestObject("11-Cloud Files/td_qa EditPeople")): Object: 'Object Repository/11-Cloud Files/td_qa EditPeople' is right clicked on

2023-08-09 17:49:09 - [MESSAGE][PASSED] - Object: 'Object Repository/11-Cloud Files/td_qa EditPeople' is right clicked on

2023-08-09 17:49:09 - [TEST_STEP][PASSED] - click(findTestObject("11-Cloud Files/button_Share")): Object: 'Object Repository/11-Cloud Files/button_Share' is clicked on

2023-08-09 17:49:10 - [MESSAGE][PASSED] - Object: 'Object Repository/11-Cloud Files/button_Share' is clicked on

2023-08-09 17:49:10 - [TEST_STEP][PASSED] - verifyElementVisible(findTestObject("11-Cloud Files/mat-dialog-container_View Share Files Modal")): Object 'Object Repository/11-Cloud Files/mat-dialog-container_View Share Files Modal' is visible

2023-08-09 17:49:10 - [MESSAGE][PASSED] - Object 'Object Repository/11-Cloud Files/mat-dialog-container_View Share Files Modal' is visible

2023-08-09 17:49:10 - [TEST_STEP][PASSED] - click(findTestObject("11-Cloud Files/div_dropdown")): Object: 'Object Repository/11-Cloud Files/div_dropdown' is clicked on

2023-08-09 17:49:11 - [MESSAGE][PASSED] - Object: 'Object Repository/11-Cloud Files/div_dropdown' is clicked on

2023-08-09 17:49:11 - [TEST_STEP][PASSED] - click(findTestObject("11-Cloud Files/mat-option_manager")): Object: 'Object Repository/11-Cloud Files/mat-option_manager' is clicked on

2023-08-09 17:49:11 - [MESSAGE][PASSED] - Object: 'Object Repository/11-Cloud Files/mat-option_manager' is clicked on

2023-08-09 17:49:11 - [TEST_STEP][PASSED] - delay(delay_3seconds): Delayed 3 second(s)

2023-08-09 17:49:14 - [MESSAGE][PASSED] - Delayed 3 second(s)

2023-08-09 17:49:14 - [TEST_STEP][PASSED] - verifyElementVisible(findTestObject("11-Cloud Files/div_GTGG tester2")): Object 'Object Repository/11-Cloud Files/div_GTGG tester2' is visible

2023-08-09 17:49:15 - [MESSAGE][PASSED] - Object 'Object Repository/11-Cloud Files/div_GTGG tester2' is visible

2023-08-09 17:49:15 - [TEST_STEP][PASSED] - click(findTestObject("11-Cloud Files/div_dropdown2")): Object: 'Object Repository/11-Cloud Files/div_dropdown2' is clicked on

2023-08-09 17:49:15 - [MESSAGE][PASSED] - Object: 'Object Repository/11-Cloud Files/div_dropdown2' is clicked on

2023-08-09 17:49:15 - [TEST_STEP][PASSED] - click(findTestObject("11-Cloud Files/mat-option-checkmark_contributor")): Object: 'Object Repository/11-Cloud Files/mat-option-checkmark_contributor' is clicked on

2023-08-09 17:49:16 - [MESSAGE][PASSED] - Object: 'Object Repository/11-Cloud Files/mat-option-checkmark_contributor' is clicked on

2023-08-09 17:49:16 - [TEST_STEP][PASSED] - delay(delay_3seconds): Delayed 3 second(s)

2023-08-09 17:49:19 - [MESSAGE][PASSED] - Delayed 3 second(s)

2023-08-09 17:49:19 - [TEST_STEP][PASSED] - verifyElementVisible(findTestObject("11-Cloud Files/div_GTGG tester")): Object 'Object Repository/11-Cloud Files/div_GTGG tester' is visible

2023-08-09 17:49:19 - [MESSAGE][PASSED] - Object 'Object Repository/11-Cloud Files/div_GTGG tester' is visible

2023-08-09 17:49:19 - [TEST_STEP][PASSED] - click(findTestObject("11-Cloud Files/div_dropdown3")): Object: 'Object Repository/11-Cloud Files/div_dropdown3' is clicked on

2023-08-09 17:49:20 - [MESSAGE][PASSED] - Object: 'Object Repository/11-Cloud Files/div_dropdown3' is clicked on

2023-08-09 17:49:20 - [TEST_STEP][PASSED] - click(findTestObject("11-Cloud Files/span_delete Remove Access")): Object: 'Object Repository/11-Cloud Files/span_delete Remove Access' is clicked on

2023-08-09 17:49:20 - [MESSAGE][PASSED] - Object: 'Object Repository/11-Cloud Files/span_delete Remove Access' is clicked on

2023-08-09 17:49:20 - [TEST_STEP][PASSED] - click(findTestObject("11-Cloud Files/button_sharefiles_SHARE")): Object: 'Object Repository/11-Cloud Files/button_sharefiles_SHARE' is clicked on

2023-08-09 17:49:21 - [MESSAGE][PASSED] - Object: 'Object Repository/11-Cloud Files/button_sharefiles_SHARE' is clicked on

2023-08-09 17:49:21 - [TEST_STEP][PASSED] - delay(delay_3seconds): Delayed 3 second(s)

2023-08-09 17:49:24 - [MESSAGE][PASSED] - Delayed 3 second(s)

2023-08-09 17:49:24 - [TEST_STEP][PASSED] - rightClick(findTestObject("11-Cloud Files/td_qa EditPeople")): Object: 'Object Repository/11-Cloud Files/td_qa EditPeople' is right clicked on

2023-08-09 17:49:24 - [MESSAGE][PASSED] - Object: 'Object Repository/11-Cloud Files/td_qa EditPeople' is right clicked on

2023-08-09 17:49:24 - [TEST_STEP][PASSED] - click(findTestObject("11-Cloud Files/button_Share")): Object: 'Object Repository/11-Cloud Files/button_Share' is clicked on

2023-08-09 17:49:25 - [MESSAGE][PASSED] - Object: 'Object Repository/11-Cloud Files/button_Share' is clicked on

2023-08-09 17:49:25 - [TEST_STEP][PASSED] - click(findTestObject("11-Cloud Files/button_Copy Share Link")): Object: 'Object Repository/11-Cloud Files/button_Copy Share Link' is clicked on

2023-08-09 17:49:26 - [MESSAGE][PASSED] - Object: 'Object Repository/11-Cloud Files/button_Copy Share Link' is clicked on

2023-08-09 17:49:26 - [TEST_STEP][PASSED] - delay(delay_3seconds): Delayed 3 second(s)

2023-08-09 17:49:29 - [MESSAGE][PASSED] - Delayed 3 second(s)

2023-08-09 17:49:29 - [TEST_STEP][PASSED] - my_clipboard = getContents(null).getTransferData(stringFlavor): null

2023-08-09 17:49:29 - [TEST_STEP][PASSED] - navigateToUrl(my_clipboard): Navigate to 'https://xukp7.app.goo.gl/MTCp' successfully

2023-08-09 17:49:33 - [MESSAGE][PASSED] - Navigate to 'https://xukp7.app.goo.gl/MTCp' successfully

2023-08-09 17:49:33 - [TEST_STEP][PASSED] - closeWindowIndex(1): Window with index 1 is closed

2023-08-09 17:49:40 - [MESSAGE][PASSED] - Window with index 1 is closed

2023-08-09 17:49:40 - [TEST_STEP][PASSED] - switchToWindowIndex(0): Switched to window with index: '0'

2023-08-09 17:49:40 - [MESSAGE][PASSED] - Switched to window with index: '0'

2023-08-09 17:49:40 - [TEST_STEP][PASSED] - click(findTestObject("03-Header Menu/Hamburger Button/div_Cloud Files")): Object: 'Object Repository/03-Header Menu/Hamburger Button/div_Cloud Files' is clicked on

2023-08-09 17:49:41 - [MESSAGE][PASSED] - Object: 'Object Repository/03-Header Menu/Hamburger Button/div_Cloud Files' is clicked on

2023-08-09 17:49:41 - [TEST_STEP][PASSED] - scrollToElement(findTestObject("11-Cloud Files/a_My Drive"), 0): Scroll to object 'Object Repository/11-Cloud Files/a_My Drive' successfully

2023-08-09 17:49:41 - [MESSAGE][WARNING] - Timeout '0' is invalid. Using default page load timeout: '30'

2023-08-09 17:49:41 - [MESSAGE][PASSED] - Scroll to object 'Object Repository/11-Cloud Files/a_My Drive' successfully

2023-08-09 17:49:41 - [TEST_STEP][PASSED] - click(findTestObject("11-Cloud Files/a_My Drive")): Object: 'Object Repository/11-Cloud Files/a_My Drive' is clicked on

2023-08-09 17:49:42 - [MESSAGE][PASSED] - Object: 'Object Repository/11-Cloud Files/a_My Drive' is clicked on

2023-08-09 17:49:42 - [TEST_STEP][PASSED] - delay(delay_3seconds): Delayed 3 second(s)

2023-08-09 17:49:45 - [MESSAGE][PASSED] - Delayed 3 second(s)]]></system-out>
         <system-err><![CDATA[]]></system-err>
      </testcase>
      <testcase name="Test Cases/11.1 - Cloud Files (My Drive)/12-Share a folder" time="21.986" classname="Test Cases/11.1 - Cloud Files (My Drive)/12-Share a folder" status="PASSED">
         <system-out><![CDATA[2023-08-09 17:49:45 - [TEST_CASE][PASSED] - Test Cases/11.1 - Cloud Files (My Drive)/12-Share a folder: Test Cases/11.1 - Cloud Files (My Drive)/12-Share a folder

2023-08-09 17:49:45 - [TEST_STEP][PASSED] - rightClick(findTestObject("11-Cloud Files/td_Automation folder EDIT")): Object: 'Object Repository/11-Cloud Files/td_Automation folder EDIT' is right clicked on

2023-08-09 17:49:46 - [MESSAGE][PASSED] - Object: 'Object Repository/11-Cloud Files/td_Automation folder EDIT' is right clicked on

2023-08-09 17:49:46 - [TEST_STEP][PASSED] - click(findTestObject("11-Cloud Files/button_Share")): Object: 'Object Repository/11-Cloud Files/button_Share' is clicked on

2023-08-09 17:49:46 - [MESSAGE][PASSED] - Object: 'Object Repository/11-Cloud Files/button_Share' is clicked on

2023-08-09 17:49:46 - [TEST_STEP][PASSED] - verifyElementVisible(findTestObject("11-Cloud Files/mat-dialog-container_ShareFiles Modal")): Object 'Object Repository/11-Cloud Files/mat-dialog-container_ShareFiles Modal' is visible

2023-08-09 17:49:47 - [MESSAGE][PASSED] - Object 'Object Repository/11-Cloud Files/mat-dialog-container_ShareFiles Modal' is visible

2023-08-09 17:49:47 - [TEST_STEP][PASSED] - click(findTestObject("11-Cloud Files/mat-icon_close")): Object: 'Object Repository/11-Cloud Files/mat-icon_close' is clicked on

2023-08-09 17:49:47 - [MESSAGE][PASSED] - Object: 'Object Repository/11-Cloud Files/mat-icon_close' is clicked on

2023-08-09 17:49:47 - [TEST_STEP][PASSED] - delay(delay_3seconds): Delayed 3 second(s)

2023-08-09 17:49:50 - [MESSAGE][PASSED] - Delayed 3 second(s)

2023-08-09 17:49:50 - [TEST_STEP][PASSED] - rightClick(findTestObject("11-Cloud Files/td_Automation folder EDIT")): Object: 'Object Repository/11-Cloud Files/td_Automation folder EDIT' is right clicked on

2023-08-09 17:49:51 - [MESSAGE][PASSED] - Object: 'Object Repository/11-Cloud Files/td_Automation folder EDIT' is right clicked on

2023-08-09 17:49:51 - [TEST_STEP][PASSED] - click(findTestObject("11-Cloud Files/button_Share")): Object: 'Object Repository/11-Cloud Files/button_Share' is clicked on

2023-08-09 17:49:52 - [MESSAGE][PASSED] - Object: 'Object Repository/11-Cloud Files/button_Share' is clicked on

2023-08-09 17:49:52 - [TEST_STEP][PASSED] - verifyElementVisible(findTestObject("11-Cloud Files/mat-dialog-container_ShareFiles Modal")): Object 'Object Repository/11-Cloud Files/mat-dialog-container_ShareFiles Modal' is visible

2023-08-09 17:49:53 - [MESSAGE][PASSED] - Object 'Object Repository/11-Cloud Files/mat-dialog-container_ShareFiles Modal' is visible

2023-08-09 17:49:53 - [TEST_STEP][PASSED] - click(findTestObject("11-Cloud Files/input_Add Users")): Object: 'Object Repository/11-Cloud Files/input_Add Users' is clicked on

2023-08-09 17:49:53 - [MESSAGE][PASSED] - Object: 'Object Repository/11-Cloud Files/input_Add Users' is clicked on

2023-08-09 17:49:53 - [TEST_STEP][PASSED] - click(findTestObject("11-Cloud Files/mat-option_GTGG tester")): Object: 'Object Repository/11-Cloud Files/mat-option_GTGG tester' is clicked on

2023-08-09 17:49:54 - [MESSAGE][PASSED] - Object: 'Object Repository/11-Cloud Files/mat-option_GTGG tester' is clicked on

2023-08-09 17:49:54 - [TEST_STEP][PASSED] - click(findTestObject("10-Open Video Conference/mat-icon_cancel")): Object: 'Object Repository/10-Open Video Conference/mat-icon_cancel' is clicked on

2023-08-09 17:49:54 - [MESSAGE][PASSED] - Object: 'Object Repository/10-Open Video Conference/mat-icon_cancel' is clicked on

2023-08-09 17:49:54 - [TEST_STEP][PASSED] - delay(delay_3seconds): Delayed 3 second(s)

2023-08-09 17:49:57 - [MESSAGE][PASSED] - Delayed 3 second(s)

2023-08-09 17:49:57 - [TEST_STEP][PASSED] - click(findTestObject("11-Cloud Files/input_Add Users")): Object: 'Object Repository/11-Cloud Files/input_Add Users' is clicked on

2023-08-09 17:49:58 - [MESSAGE][PASSED] - Object: 'Object Repository/11-Cloud Files/input_Add Users' is clicked on

2023-08-09 17:49:58 - [TEST_STEP][PASSED] - click(findTestObject("11-Cloud Files/mat-option_GTGG tester 2")): Object: 'Object Repository/11-Cloud Files/mat-option_GTGG tester 2' is clicked on

2023-08-09 17:49:58 - [MESSAGE][PASSED] - Object: 'Object Repository/11-Cloud Files/mat-option_GTGG tester 2' is clicked on

2023-08-09 17:49:58 - [TEST_STEP][PASSED] - click(findTestObject("11-Cloud Files/mat-option_GTGG tester")): Object: 'Object Repository/11-Cloud Files/mat-option_GTGG tester' is clicked on

2023-08-09 17:49:59 - [MESSAGE][PASSED] - Object: 'Object Repository/11-Cloud Files/mat-option_GTGG tester' is clicked on

2023-08-09 17:49:59 - [TEST_STEP][PASSED] - clickOffset(findTestObject("11-Cloud Files/button_Copy Share Link"), 10, 10): Object: 'Object Repository/11-Cloud Files/button_Copy Share Link' is clicked on using offset x=10 and y=10

2023-08-09 17:49:59 - [MESSAGE][PASSED] - Object: 'Object Repository/11-Cloud Files/button_Copy Share Link' is clicked on using offset x=10 and y=10

2023-08-09 17:49:59 - [TEST_STEP][PASSED] - click(findTestObject("11-Cloud Files/div_mat-checkbox-notify-user")): Object: 'Object Repository/11-Cloud Files/div_mat-checkbox-notify-user' is clicked on

2023-08-09 17:50:01 - [MESSAGE][PASSED] - Object: 'Object Repository/11-Cloud Files/div_mat-checkbox-notify-user' is clicked on

2023-08-09 17:50:01 - [TEST_STEP][PASSED] - click(findTestObject("11-Cloud Files/div_mat-checkbox-notify-user")): Object: 'Object Repository/11-Cloud Files/div_mat-checkbox-notify-user' is clicked on

2023-08-09 17:50:02 - [MESSAGE][PASSED] - Object: 'Object Repository/11-Cloud Files/div_mat-checkbox-notify-user' is clicked on

2023-08-09 17:50:02 - [TEST_STEP][PASSED] - click(findTestObject("11-Cloud Files/div_dropdown")): Object: 'Object Repository/11-Cloud Files/div_dropdown' is clicked on

2023-08-09 17:50:03 - [MESSAGE][PASSED] - Object: 'Object Repository/11-Cloud Files/div_dropdown' is clicked on

2023-08-09 17:50:03 - [TEST_STEP][PASSED] - click(findTestObject("11-Cloud Files/span_Viewer")): Object: 'Object Repository/11-Cloud Files/span_Viewer' is clicked on

2023-08-09 17:50:03 - [MESSAGE][PASSED] - Object: 'Object Repository/11-Cloud Files/span_Viewer' is clicked on

2023-08-09 17:50:03 - [TEST_STEP][PASSED] - click(findTestObject("11-Cloud Files/button_sharefiles_SHARE")): Object: 'Object Repository/11-Cloud Files/button_sharefiles_SHARE' is clicked on

2023-08-09 17:50:04 - [MESSAGE][PASSED] - Object: 'Object Repository/11-Cloud Files/button_sharefiles_SHARE' is clicked on

2023-08-09 17:50:04 - [TEST_STEP][PASSED] - delay(delay_3seconds): Delayed 3 second(s)

2023-08-09 17:50:07 - [MESSAGE][PASSED] - Delayed 3 second(s)]]></system-out>
         <system-err><![CDATA[]]></system-err>
      </testcase>
      <testcase name="Test Cases/11.1 - Cloud Files (My Drive)/13-Share a folder - Edit" time="36.428" classname="Test Cases/11.1 - Cloud Files (My Drive)/13-Share a folder - Edit" status="PASSED">
         <system-out><![CDATA[2023-08-09 17:50:07 - [TEST_CASE][PASSED] - Test Cases/11.1 - Cloud Files (My Drive)/13-Share a folder - Edit: Test Cases/11.1 - Cloud Files (My Drive)/13-Share a folder - Edit

2023-08-09 17:50:07 - [TEST_STEP][PASSED] - delay(delay_3seconds): Delayed 3 second(s)

2023-08-09 17:50:10 - [MESSAGE][PASSED] - Delayed 3 second(s)

2023-08-09 17:50:10 - [TEST_STEP][PASSED] - rightClick(findTestObject("11-Cloud Files/td_Automation folder EDIT")): Object: 'Object Repository/11-Cloud Files/td_Automation folder EDIT' is right clicked on

2023-08-09 17:50:11 - [MESSAGE][PASSED] - Object: 'Object Repository/11-Cloud Files/td_Automation folder EDIT' is right clicked on

2023-08-09 17:50:11 - [TEST_STEP][PASSED] - click(findTestObject("11-Cloud Files/button_Share")): Object: 'Object Repository/11-Cloud Files/button_Share' is clicked on

2023-08-09 17:50:11 - [MESSAGE][PASSED] - Object: 'Object Repository/11-Cloud Files/button_Share' is clicked on

2023-08-09 17:50:11 - [TEST_STEP][PASSED] - verifyElementVisible(findTestObject("11-Cloud Files/mat-dialog-container_View Share Files Modal")): Object 'Object Repository/11-Cloud Files/mat-dialog-container_View Share Files Modal' is visible

2023-08-09 17:50:12 - [MESSAGE][PASSED] - Object 'Object Repository/11-Cloud Files/mat-dialog-container_View Share Files Modal' is visible

2023-08-09 17:50:12 - [TEST_STEP][PASSED] - click(findTestObject("11-Cloud Files/div_dropdown")): Object: 'Object Repository/11-Cloud Files/div_dropdown' is clicked on

2023-08-09 17:50:12 - [MESSAGE][PASSED] - Object: 'Object Repository/11-Cloud Files/div_dropdown' is clicked on

2023-08-09 17:50:12 - [TEST_STEP][PASSED] - click(findTestObject("11-Cloud Files/mat-option_manager")): Object: 'Object Repository/11-Cloud Files/mat-option_manager' is clicked on

2023-08-09 17:50:13 - [MESSAGE][PASSED] - Object: 'Object Repository/11-Cloud Files/mat-option_manager' is clicked on

2023-08-09 17:50:13 - [TEST_STEP][PASSED] - delay(delay_3seconds): Delayed 3 second(s)

2023-08-09 17:50:16 - [MESSAGE][PASSED] - Delayed 3 second(s)

2023-08-09 17:50:16 - [TEST_STEP][PASSED] - verifyElementVisible(findTestObject("11-Cloud Files/div_GTGG tester2")): Object 'Object Repository/11-Cloud Files/div_GTGG tester2' is visible

2023-08-09 17:50:16 - [MESSAGE][PASSED] - Object 'Object Repository/11-Cloud Files/div_GTGG tester2' is visible

2023-08-09 17:50:16 - [TEST_STEP][PASSED] - click(findTestObject("11-Cloud Files/div_dropdown2")): Object: 'Object Repository/11-Cloud Files/div_dropdown2' is clicked on

2023-08-09 17:50:17 - [MESSAGE][PASSED] - Object: 'Object Repository/11-Cloud Files/div_dropdown2' is clicked on

2023-08-09 17:50:17 - [TEST_STEP][PASSED] - click(findTestObject("11-Cloud Files/mat-option-checkmark_contributor")): Object: 'Object Repository/11-Cloud Files/mat-option-checkmark_contributor' is clicked on

2023-08-09 17:50:17 - [MESSAGE][PASSED] - Object: 'Object Repository/11-Cloud Files/mat-option-checkmark_contributor' is clicked on

2023-08-09 17:50:17 - [TEST_STEP][PASSED] - delay(delay_3seconds): Delayed 3 second(s)

2023-08-09 17:50:20 - [MESSAGE][PASSED] - Delayed 3 second(s)

2023-08-09 17:50:20 - [TEST_STEP][PASSED] - verifyElementVisible(findTestObject("11-Cloud Files/div_GTGG tester")): Object 'Object Repository/11-Cloud Files/div_GTGG tester' is visible

2023-08-09 17:50:21 - [MESSAGE][PASSED] - Object 'Object Repository/11-Cloud Files/div_GTGG tester' is visible

2023-08-09 17:50:21 - [TEST_STEP][PASSED] - click(findTestObject("11-Cloud Files/div_dropdown3")): Object: 'Object Repository/11-Cloud Files/div_dropdown3' is clicked on

2023-08-09 17:50:21 - [MESSAGE][PASSED] - Object: 'Object Repository/11-Cloud Files/div_dropdown3' is clicked on

2023-08-09 17:50:21 - [TEST_STEP][PASSED] - click(findTestObject("11-Cloud Files/span_delete Remove Access")): Object: 'Object Repository/11-Cloud Files/span_delete Remove Access' is clicked on

2023-08-09 17:50:22 - [MESSAGE][PASSED] - Object: 'Object Repository/11-Cloud Files/span_delete Remove Access' is clicked on

2023-08-09 17:50:22 - [TEST_STEP][PASSED] - click(findTestObject("11-Cloud Files/button_sharefiles_SHARE")): Object: 'Object Repository/11-Cloud Files/button_sharefiles_SHARE' is clicked on

2023-08-09 17:50:22 - [MESSAGE][PASSED] - Object: 'Object Repository/11-Cloud Files/button_sharefiles_SHARE' is clicked on

2023-08-09 17:50:22 - [TEST_STEP][PASSED] - delay(delay_3seconds): Delayed 3 second(s)

2023-08-09 17:50:25 - [MESSAGE][PASSED] - Delayed 3 second(s)

2023-08-09 17:50:25 - [TEST_STEP][PASSED] - rightClick(findTestObject("11-Cloud Files/td_Automation folder EDIT")): Object: 'Object Repository/11-Cloud Files/td_Automation folder EDIT' is right clicked on

2023-08-09 17:50:26 - [MESSAGE][PASSED] - Object: 'Object Repository/11-Cloud Files/td_Automation folder EDIT' is right clicked on

2023-08-09 17:50:26 - [TEST_STEP][PASSED] - click(findTestObject("11-Cloud Files/button_Share")): Object: 'Object Repository/11-Cloud Files/button_Share' is clicked on

2023-08-09 17:50:26 - [MESSAGE][PASSED] - Object: 'Object Repository/11-Cloud Files/button_Share' is clicked on

2023-08-09 17:50:26 - [TEST_STEP][PASSED] - click(findTestObject("11-Cloud Files/button_Copy Share Link")): Object: 'Object Repository/11-Cloud Files/button_Copy Share Link' is clicked on

2023-08-09 17:50:27 - [MESSAGE][PASSED] - Object: 'Object Repository/11-Cloud Files/button_Copy Share Link' is clicked on

2023-08-09 17:50:27 - [TEST_STEP][PASSED] - delay(delay_3seconds): Delayed 3 second(s)

2023-08-09 17:50:30 - [MESSAGE][PASSED] - Delayed 3 second(s)

2023-08-09 17:50:30 - [TEST_STEP][PASSED] - my_clipboard = getContents(null).getTransferData(stringFlavor): null

2023-08-09 17:50:30 - [TEST_STEP][PASSED] - navigateToUrl(my_clipboard): Navigate to 'https://xukp7.app.goo.gl/RXgG' successfully

2023-08-09 17:50:34 - [MESSAGE][PASSED] - Navigate to 'https://xukp7.app.goo.gl/RXgG' successfully

2023-08-09 17:50:34 - [TEST_STEP][PASSED] - delay(delay_4seconds): Delayed 4 second(s)

2023-08-09 17:50:38 - [MESSAGE][PASSED] - Delayed 4 second(s)

2023-08-09 17:50:38 - [TEST_STEP][PASSED] - click(findTestObject("03-Header Menu/Hamburger Button/div_Cloud Files")): Object: 'Object Repository/03-Header Menu/Hamburger Button/div_Cloud Files' is clicked on

2023-08-09 17:50:38 - [MESSAGE][PASSED] - Object: 'Object Repository/03-Header Menu/Hamburger Button/div_Cloud Files' is clicked on

2023-08-09 17:50:38 - [TEST_STEP][PASSED] - scrollToElement(findTestObject("11-Cloud Files/a_My Drive"), 0): Scroll to object 'Object Repository/11-Cloud Files/a_My Drive' successfully

2023-08-09 17:50:38 - [MESSAGE][WARNING] - Timeout '0' is invalid. Using default page load timeout: '30'

2023-08-09 17:50:39 - [MESSAGE][PASSED] - Scroll to object 'Object Repository/11-Cloud Files/a_My Drive' successfully

2023-08-09 17:50:39 - [TEST_STEP][PASSED] - click(findTestObject("11-Cloud Files/a_My Drive")): Object: 'Object Repository/11-Cloud Files/a_My Drive' is clicked on

2023-08-09 17:50:39 - [MESSAGE][PASSED] - Object: 'Object Repository/11-Cloud Files/a_My Drive' is clicked on

2023-08-09 17:50:39 - [TEST_STEP][PASSED] - click(findTestObject("11-Cloud Files/h4_MY FILES")): Object: 'Object Repository/11-Cloud Files/h4_MY FILES' is clicked on

2023-08-09 17:50:40 - [MESSAGE][PASSED] - Object: 'Object Repository/11-Cloud Files/h4_MY FILES' is clicked on

2023-08-09 17:50:40 - [TEST_STEP][PASSED] - delay(delay_3seconds): Delayed 3 second(s)

2023-08-09 17:50:43 - [MESSAGE][PASSED] - Delayed 3 second(s)]]></system-out>
         <system-err><![CDATA[]]></system-err>
      </testcase>
      <testcase name="Test Cases/11.1 - Cloud Files (My Drive)/14-Delete a file and folder" time="13.178" classname="Test Cases/11.1 - Cloud Files (My Drive)/14-Delete a file and folder" status="PASSED">
         <system-out><![CDATA[2023-08-09 17:50:43 - [TEST_CASE][PASSED] - Test Cases/11.1 - Cloud Files (My Drive)/14-Delete a file and folder: Test Cases/11.1 - Cloud Files (My Drive)/14-Delete a file and folder

2023-08-09 17:50:44 - [TEST_STEP][PASSED] - rightClick(findTestObject("11-Cloud Files/td_Automation folder EDIT")): Object: 'Object Repository/11-Cloud Files/td_Automation folder EDIT' is right clicked on

2023-08-09 17:50:44 - [MESSAGE][PASSED] - Object: 'Object Repository/11-Cloud Files/td_Automation folder EDIT' is right clicked on

2023-08-09 17:50:44 - [TEST_STEP][PASSED] - click(findTestObject("11-Cloud Files/button_deleteDelete")): Object: 'Object Repository/11-Cloud Files/button_deleteDelete' is clicked on

2023-08-09 17:50:45 - [MESSAGE][PASSED] - Object: 'Object Repository/11-Cloud Files/button_deleteDelete' is clicked on

2023-08-09 17:50:45 - [TEST_STEP][PASSED] - verifyElementVisible(findTestObject("11-Cloud Files/mat-dialog-container_DeleteConfirmationModal")): Object 'Object Repository/11-Cloud Files/mat-dialog-container_DeleteConfirmationModal' is visible

2023-08-09 17:50:45 - [MESSAGE][PASSED] - Object 'Object Repository/11-Cloud Files/mat-dialog-container_DeleteConfirmationModal' is visible

2023-08-09 17:50:45 - [TEST_STEP][PASSED] - click(findTestObject("11-Cloud Files/button_Confirm")): Object: 'Object Repository/11-Cloud Files/button_Confirm' is clicked on

2023-08-09 17:50:46 - [MESSAGE][PASSED] - Object: 'Object Repository/11-Cloud Files/button_Confirm' is clicked on

2023-08-09 17:50:46 - [TEST_STEP][PASSED] - delay(delay_3seconds): Delayed 3 second(s)

2023-08-09 17:50:49 - [MESSAGE][PASSED] - Delayed 3 second(s)

2023-08-09 17:50:49 - [TEST_STEP][PASSED] - rightClick(findTestObject("11-Cloud Files/td_qa EditPeople")): Object: 'Object Repository/11-Cloud Files/td_qa EditPeople' is right clicked on

2023-08-09 17:50:49 - [MESSAGE][PASSED] - Object: 'Object Repository/11-Cloud Files/td_qa EditPeople' is right clicked on

2023-08-09 17:50:49 - [TEST_STEP][PASSED] - click(findTestObject("11-Cloud Files/button_deleteDelete")): Object: 'Object Repository/11-Cloud Files/button_deleteDelete' is clicked on

2023-08-09 17:50:50 - [MESSAGE][PASSED] - Object: 'Object Repository/11-Cloud Files/button_deleteDelete' is clicked on

2023-08-09 17:50:50 - [TEST_STEP][PASSED] - verifyElementVisible(findTestObject("11-Cloud Files/mat-dialog-container_DeleteConfirmationModal")): Object 'Object Repository/11-Cloud Files/mat-dialog-container_DeleteConfirmationModal' is visible

2023-08-09 17:50:51 - [MESSAGE][PASSED] - Object 'Object Repository/11-Cloud Files/mat-dialog-container_DeleteConfirmationModal' is visible

2023-08-09 17:50:51 - [TEST_STEP][PASSED] - click(findTestObject("11-Cloud Files/button_Confirm")): Object: 'Object Repository/11-Cloud Files/button_Confirm' is clicked on

2023-08-09 17:50:51 - [MESSAGE][PASSED] - Object: 'Object Repository/11-Cloud Files/button_Confirm' is clicked on

2023-08-09 17:50:51 - [TEST_STEP][PASSED] - delay(delay_4seconds): Delayed 4 second(s)

2023-08-09 17:50:55 - [MESSAGE][PASSED] - Delayed 4 second(s)

2023-08-09 17:50:55 - [TEST_STEP][PASSED] - closeBrowser(): Browser is closed

2023-08-09 17:50:56 - [MESSAGE][PASSED] - Browser is closed]]></system-out>
         <system-err><![CDATA[]]></system-err>
      </testcase>
      <system-out><![CDATA[2023-08-09 17:45:15 - [TEST_SUITE][PASSED] - 11.1 - Cloud Files(My Drive): Test Cases/11.1 - Cloud Files (My Drive)/14-Delete a file and folder]]></system-out>
      <system-err><![CDATA[]]></system-err>
   </testsuite>
</testsuites>
