<?xml version="1.0" encoding="UTF-8"?>
<testsuites name="12.3- AI Assistant (AI Image Beta)" time="106.335" tests="2" failures="0" errors="0">
   <testsuite name="12.3- AI Assistant (AI Image Beta)" tests="2" failures="0" errors="0" time="106.335" skipped="0" timestamp="2023-08-09 18:13:35" hostname="Personal - DESKTOP-TFDFEQ1" id="Test Suites/TS-Organization/12.3- AI Assistant (AI Image Beta)">
      <properties>
         <property name="deviceName" value=""/>
         <property name="devicePlatform" value=""/>
         <property name="logFolder" value="C:\\Users\\Personal\\Documents\\GitHub\\Everleagues\\Reports\\20230809_181332\\TS-Organization\\12.3- AI Assistant (AI Image Beta)\\20230809_181333"/>
         <property name="logFiles" value="C:\\Users\\Personal\\Documents\\GitHub\\Everleagues\\Reports\\20230809_181332\\TS-Organization\\12.3- AI Assistant (AI Image Beta)\\20230809_181333\\execution0.log"/>
         <property name="attachments" value=""/>
         <property name="hostName" value="Personal - DESKTOP-TFDFEQ1"/>
         <property name="os" value="Windows 11 64bit"/>
         <property name="katalonVersion" value="8.6.5.208"/>
         <property name="browser" value="Chrome 115.0.0.0"/>
         <property name="hostAddress" value="10.100.1.38"/>
         <property name="sessionId" value="60e71164b82015d99ae6e62fb01d9e83"/>
         <property name="seleniumVersion" value="3.141.59"/>
         <property name="proxyInformation" value="ProxyInformation { proxyOption=NO_PROXY, proxyServerType=HTTP, username=, password=********, proxyServerAddress=, proxyServerPort=0, executionList=&quot;&quot;, isApplyToDesiredCapabilities=true }"/>
         <property name="platform" value="Windows 11"/>
      </properties>
      <testcase name="Test Cases/12- AI assistant (beta)/12.3-AI image (beta)/01-Generate image using EL AI-Blank fields" time="94.598" classname="Test Cases/12- AI assistant (beta)/12.3-AI image (beta)/01-Generate image using EL AI-Blank fields" status="PASSED">
         <system-out><![CDATA[2023-08-09 18:13:35 - [TEST_CASE][PASSED] - Test Cases/12- AI assistant (beta)/12.3-AI image (beta)/01-Generate image using EL AI-Blank fields: Test Cases/12- AI assistant (beta)/12.3-AI image (beta)/01-Generate image using EL AI-Blank fields

2023-08-09 18:13:35 - [TEST_STEP][PASSED] - openBrowser(""): Browser is opened with url: ''

2023-08-09 18:13:36 - [MESSAGE][INFO] - Starting 'Chrome' driver

2023-08-09 18:13:36 - [MESSAGE][INFO] - User set preference: ['args', '[--disable-web-security, --ignore-certificate-errors, --no-first-run, --disable-gpu]']

2023-08-09 18:13:36 - [MESSAGE][INFO] - Action delay is set to 0 milliseconds

2023-08-09 18:13:37 - [MESSAGE][PASSED] - Browser is opened with url: ''

2023-08-09 18:13:37 - [TEST_STEP][PASSED] - navigateToUrl(app_url_login): Navigate to 'https://lab.everleagues.com/login' successfully

2023-08-09 18:13:48 - [MESSAGE][PASSED] - Navigate to 'https://lab.everleagues.com/login' successfully

2023-08-09 18:13:48 - [TEST_STEP][PASSED] - maximizeWindow(): Current window maximized

2023-08-09 18:13:48 - [MESSAGE][PASSED] - Current window maximized

2023-08-09 18:13:48 - [TEST_STEP][PASSED] - callTestCase(findTestCase("01-Login and Forgot Password/04-Login(Valid Credentials-With Subscription)"), [:], STOP_ON_FAILURE): Call Test Case 'Test Cases/01-Login and Forgot Password/04-Login(Valid Credentials-With Subscription)' successfully

2023-08-09 18:13:48 - [TEST_CASE][PASSED] - Test Cases/01-Login and Forgot Password/04-Login(Valid Credentials-With Subscription): Test Cases/01-Login and Forgot Password/04-Login(Valid Credentials-With Subscription)

2023-08-09 18:13:48 - [TEST_STEP][PASSED] - setText(findTestObject("01-Login and Forgot Password/input_Email_email"), email_with_subscription): Text 'testuser005@mailinator.com' is set on object 'Object Repository/01-Login and Forgot Password/input_Email_email'

2023-08-09 18:13:49 - [MESSAGE][PASSED] - Text 'testuser005@mailinator.com' is set on object 'Object Repository/01-Login and Forgot Password/input_Email_email'

2023-08-09 18:13:49 - [TEST_STEP][PASSED] - setEncryptedText(findTestObject("01-Login and Forgot Password/input_Email_password"), password): Text ****** has been set on object 'Object Repository/01-Login and Forgot Password/input_Email_password'

2023-08-09 18:13:49 - [MESSAGE][PASSED] - Text ****** has been set on object 'Object Repository/01-Login and Forgot Password/input_Email_password'

2023-08-09 18:13:49 - [TEST_STEP][PASSED] - delay(delay_2seconds): Delayed 2 second(s)

2023-08-09 18:13:51 - [MESSAGE][PASSED] - Delayed 2 second(s)

2023-08-09 18:13:51 - [TEST_STEP][PASSED] - click(findTestObject("01-Login and Forgot Password/show pass button")): Object: 'Object Repository/01-Login and Forgot Password/show pass button' is clicked on

2023-08-09 18:13:52 - [MESSAGE][PASSED] - Object: 'Object Repository/01-Login and Forgot Password/show pass button' is clicked on

2023-08-09 18:13:52 - [TEST_STEP][PASSED] - delay(delay_3seconds): Delayed 3 second(s)

2023-08-09 18:13:55 - [MESSAGE][PASSED] - Delayed 3 second(s)

2023-08-09 18:13:55 - [TEST_STEP][PASSED] - click(findTestObject("01-Login and Forgot Password/button_Sign in")): Object: 'Object Repository/01-Login and Forgot Password/button_Sign in' is clicked on

2023-08-09 18:13:55 - [MESSAGE][PASSED] - Object: 'Object Repository/01-Login and Forgot Password/button_Sign in' is clicked on

2023-08-09 18:13:55 - [TEST_STEP][PASSED] - delay(delay_3seconds): Delayed 3 second(s)

2023-08-09 18:13:58 - [MESSAGE][PASSED] - Delayed 3 second(s)

2023-08-09 18:13:58 - [TEST_STEP][PASSED] - executeJavaScript("window.open();", []): Execute JavaScript 'window.open();' successfully

2023-08-09 18:13:58 - [MESSAGE][PASSED] - Execute JavaScript 'window.open();' successfully

2023-08-09 18:13:58 - [TEST_STEP][PASSED] - currentWindow = getWindowIndex(): Current window's index is: 0

2023-08-09 18:13:58 - [MESSAGE][PASSED] - Current window's index is: 0

2023-08-09 18:13:58 - [TEST_STEP][PASSED] - delay(delay_3seconds): Delayed 3 second(s)

2023-08-09 18:14:01 - [MESSAGE][PASSED] - Delayed 3 second(s)

2023-08-09 18:14:01 - [TEST_STEP][PASSED] - switchToWindowIndex(currentWindow + 1): Switched to window with index: '1'

2023-08-09 18:14:01 - [MESSAGE][PASSED] - Switched to window with index: '1'

2023-08-09 18:14:01 - [TEST_STEP][PASSED] - navigateToUrl(app_mailinator): Navigate to 'https://www.mailinator.com/' successfully

2023-08-09 18:14:09 - [MESSAGE][PASSED] - Navigate to 'https://www.mailinator.com/' successfully

2023-08-09 18:14:09 - [TEST_STEP][PASSED] - delay(delay_3seconds): Delayed 3 second(s)

2023-08-09 18:14:12 - [MESSAGE][PASSED] - Delayed 3 second(s)

2023-08-09 18:14:12 - [TEST_STEP][PASSED] - setText(findTestObject("00-Signup and Activation/zMailinator/input_LOGIN_search"), email_for_searchmailinator_testuser05): Text 'testuser005@mailinator.com' is set on object 'Object Repository/00-Signup and Activation/zMailinator/input_LOGIN_search'

2023-08-09 18:14:12 - [MESSAGE][PASSED] - Text 'testuser005@mailinator.com' is set on object 'Object Repository/00-Signup and Activation/zMailinator/input_LOGIN_search'

2023-08-09 18:14:12 - [TEST_STEP][PASSED] - click(findTestObject("00-Signup and Activation/zMailinator/gobutton"), STOP_ON_FAILURE): Object: 'Object Repository/00-Signup and Activation/zMailinator/gobutton' is clicked on

2023-08-09 18:14:13 - [MESSAGE][PASSED] - Object: 'Object Repository/00-Signup and Activation/zMailinator/gobutton' is clicked on

2023-08-09 18:14:13 - [TEST_STEP][PASSED] - delay(delay_10seconds): Delayed 10 second(s)

2023-08-09 18:14:23 - [MESSAGE][PASSED] - Delayed 10 second(s)

2023-08-09 18:14:23 - [TEST_STEP][PASSED] - click(findTestObject("00-Signup and Activation/zMailinator/Email - everleagues")): Object: 'Object Repository/00-Signup and Activation/zMailinator/Email - everleagues' is clicked on

2023-08-09 18:14:24 - [MESSAGE][PASSED] - Object: 'Object Repository/00-Signup and Activation/zMailinator/Email - everleagues' is clicked on

2023-08-09 18:14:24 - [TEST_STEP][PASSED] - delay(delay_5seconds): Delayed 5 second(s)

2023-08-09 18:14:29 - [MESSAGE][PASSED] - Delayed 5 second(s)

2023-08-09 18:14:29 - [TEST_STEP][PASSED] - code = getText(findTestObject("Object Repository/06-Teams/For 2FA/2FA code")): Text of object 'Object Repository/06-Teams/For 2FA/2FA code' is: '123580'

2023-08-09 18:14:29 - [MESSAGE][PASSED] - Text of object 'Object Repository/06-Teams/For 2FA/2FA code' is: '123580'

2023-08-09 18:14:29 - [TEST_STEP][PASSED] - delay(delay_3seconds): Delayed 3 second(s)

2023-08-09 18:14:32 - [MESSAGE][PASSED] - Delayed 3 second(s)

2023-08-09 18:14:32 - [TEST_STEP][PASSED] - closeWindowTitle("Mailinator"): Window with title: 'Mailinator' is closed

2023-08-09 18:14:32 - [MESSAGE][PASSED] - Window with title: 'Mailinator' is closed

2023-08-09 18:14:32 - [TEST_STEP][PASSED] - delay(delay_5seconds): Delayed 5 second(s)

2023-08-09 18:14:37 - [MESSAGE][PASSED] - Delayed 5 second(s)

2023-08-09 18:14:37 - [TEST_STEP][PASSED] - switchToWindowIndex(0): Switched to window with index: '0'

2023-08-09 18:14:37 - [MESSAGE][PASSED] - Switched to window with index: '0'

2023-08-09 18:14:37 - [TEST_STEP][PASSED] - delay(delay_3seconds): Delayed 3 second(s)

2023-08-09 18:14:40 - [MESSAGE][PASSED] - Delayed 3 second(s)

2023-08-09 18:14:40 - [TEST_STEP][PASSED] - setText(findTestObject("Object Repository/06-Teams/For 2FA/input_Enter verification code_code"), code): Text '123580' is set on object 'Object Repository/06-Teams/For 2FA/input_Enter verification code_code'

2023-08-09 18:14:41 - [MESSAGE][PASSED] - Text '123580' is set on object 'Object Repository/06-Teams/For 2FA/input_Enter verification code_code'

2023-08-09 18:14:41 - [TEST_STEP][PASSED] - delay(delay_3seconds): Delayed 3 second(s)

2023-08-09 18:14:44 - [MESSAGE][PASSED] - Delayed 3 second(s)

2023-08-09 18:14:44 - [TEST_STEP][PASSED] - click(findTestObject("06-Teams/For 2FA/button_Verify_2FA")): Object: 'Object Repository/06-Teams/For 2FA/button_Verify_2FA' is clicked on

2023-08-09 18:14:45 - [MESSAGE][PASSED] - Object: 'Object Repository/06-Teams/For 2FA/button_Verify_2FA' is clicked on

2023-08-09 18:14:45 - [TEST_STEP][PASSED] - delay(delay_3seconds): Delayed 3 second(s)

2023-08-09 18:14:48 - [MESSAGE][PASSED] - Delayed 3 second(s)

2023-08-09 18:14:48 - [MESSAGE][PASSED] - Call Test Case 'Test Cases/01-Login and Forgot Password/04-Login(Valid Credentials-With Subscription)' successfully

2023-08-09 18:14:48 - [TEST_STEP][PASSED] - click(findTestObject("06-Teams/button_doublearrow")): Object: 'Object Repository/06-Teams/button_doublearrow' is clicked on

2023-08-09 18:14:51 - [MESSAGE][PASSED] - Object: 'Object Repository/06-Teams/button_doublearrow' is clicked on

2023-08-09 18:14:51 - [TEST_STEP][PASSED] - click(findTestObject("06-Teams/button_My Organizations")): Object: 'Object Repository/06-Teams/button_My Organizations' is clicked on

2023-08-09 18:14:52 - [MESSAGE][PASSED] - Object: 'Object Repository/06-Teams/button_My Organizations' is clicked on

2023-08-09 18:14:52 - [TEST_STEP][PASSED] - click(findTestObject("02-Side Icons(Organization)/Add Contact/button_Automation Test Org")): Object: 'Object Repository/02-Side Icons(Organization)/Add Contact/button_Automation Test Org' is clicked on

2023-08-09 18:14:53 - [MESSAGE][PASSED] - Object: 'Object Repository/02-Side Icons(Organization)/Add Contact/button_Automation Test Org' is clicked on

2023-08-09 18:14:53 - [TEST_STEP][PASSED] - delay(delay_4seconds): Delayed 4 second(s)

2023-08-09 18:14:57 - [MESSAGE][PASSED] - Delayed 4 second(s)

2023-08-09 18:14:57 - [TEST_STEP][PASSED] - verifyElementVisible(findTestObject("02-Side Icons(Organization)/Add Contact/span_Automation Test Org")): Object 'Object Repository/02-Side Icons(Organization)/Add Contact/span_Automation Test Org' is visible

2023-08-09 18:14:57 - [MESSAGE][PASSED] - Object 'Object Repository/02-Side Icons(Organization)/Add Contact/span_Automation Test Org' is visible

2023-08-09 18:14:57 - [TEST_STEP][PASSED] - delay(delay_5seconds): Delayed 5 second(s)

2023-08-09 18:15:02 - [MESSAGE][PASSED] - Delayed 5 second(s)

2023-08-09 18:15:02 - [TEST_STEP][PASSED] - scrollToElement(findTestObject("12-AI Assistant(beta)/AI asst button-Side panel"), 30): Scroll to object 'Object Repository/12-AI Assistant(beta)/AI asst button-Side panel' successfully

2023-08-09 18:15:02 - [MESSAGE][PASSED] - Scroll to object 'Object Repository/12-AI Assistant(beta)/AI asst button-Side panel' successfully

2023-08-09 18:15:02 - [TEST_STEP][PASSED] - click(findTestObject("12-AI Assistant(beta)/AI asst button-Side panel")): Object: 'Object Repository/12-AI Assistant(beta)/AI asst button-Side panel' is clicked on

2023-08-09 18:15:03 - [MESSAGE][PASSED] - Object: 'Object Repository/12-AI Assistant(beta)/AI asst button-Side panel' is clicked on

2023-08-09 18:15:03 - [TEST_STEP][PASSED] - verifyElementVisible(findTestObject("12-AI Assistant(beta)/AI asst button-Side panel")): Object 'Object Repository/12-AI Assistant(beta)/AI asst button-Side panel' is visible

2023-08-09 18:15:04 - [MESSAGE][PASSED] - Object 'Object Repository/12-AI Assistant(beta)/AI asst button-Side panel' is visible

2023-08-09 18:15:04 - [TEST_STEP][PASSED] - delay(delay_3seconds): Delayed 3 second(s)

2023-08-09 18:15:07 - [MESSAGE][PASSED] - Delayed 3 second(s)

2023-08-09 18:15:07 - [TEST_STEP][PASSED] - click(findTestObject("12-AI Assistant(beta)/12.3- AI Image(beta)/AI Image (beta)")): Object: 'Object Repository/12-AI Assistant(beta)/12.3- AI Image(beta)/AI Image (beta)' is clicked on

2023-08-09 18:15:07 - [MESSAGE][PASSED] - Object: 'Object Repository/12-AI Assistant(beta)/12.3- AI Image(beta)/AI Image (beta)' is clicked on

2023-08-09 18:15:07 - [TEST_STEP][PASSED] - setText(findTestObject("12-AI Assistant(beta)/12.3- AI Image(beta)/Input content"), ""): Text '' is set on object 'Object Repository/12-AI Assistant(beta)/12.3- AI Image(beta)/Input content'

2023-08-09 18:15:09 - [MESSAGE][PASSED] - Text '' is set on object 'Object Repository/12-AI Assistant(beta)/12.3- AI Image(beta)/Input content'

2023-08-09 18:15:09 - [TEST_STEP][PASSED] - click(findTestObject("12-AI Assistant(beta)/12.3- AI Image(beta)/Generate Image button")): Object: 'Object Repository/12-AI Assistant(beta)/12.3- AI Image(beta)/Generate Image button' is clicked on

2023-08-09 18:15:09 - [MESSAGE][PASSED] - Object: 'Object Repository/12-AI Assistant(beta)/12.3- AI Image(beta)/Generate Image button' is clicked on

2023-08-09 18:15:09 - [TEST_STEP][PASSED] - verifyElementVisible(findTestObject("12-AI Assistant(beta)/12.3- AI Image(beta)/InputContent_emptyfield")): Object 'Object Repository/12-AI Assistant(beta)/12.3- AI Image(beta)/InputContent_emptyfield' is visible

2023-08-09 18:15:09 - [MESSAGE][PASSED] - Object 'Object Repository/12-AI Assistant(beta)/12.3- AI Image(beta)/InputContent_emptyfield' is visible

2023-08-09 18:15:09 - [TEST_STEP][PASSED] - verifyElementNotClickable(findTestObject("12-AI Assistant(beta)/12.3- AI Image(beta)/generate_image_button_disabled")): Object 'Object Repository/12-AI Assistant(beta)/12.3- AI Image(beta)/generate_image_button_disabled' is NOT clickable

2023-08-09 18:15:10 - [MESSAGE][PASSED] - Object 'Object Repository/12-AI Assistant(beta)/12.3- AI Image(beta)/generate_image_button_disabled' is NOT clickable]]></system-out>
         <system-err><![CDATA[]]></system-err>
      </testcase>
      <testcase name="Test Cases/12- AI assistant (beta)/12.3-AI image (beta)/02-Generate image using EL AI" time="11.537" classname="Test Cases/12- AI assistant (beta)/12.3-AI image (beta)/02-Generate image using EL AI" status="PASSED">
         <system-out><![CDATA[2023-08-09 18:15:10 - [TEST_CASE][PASSED] - Test Cases/12- AI assistant (beta)/12.3-AI image (beta)/02-Generate image using EL AI: Test Cases/12- AI assistant (beta)/12.3-AI image (beta)/02-Generate image using EL AI

2023-08-09 18:15:10 - [TEST_STEP][PASSED] - setText(findTestObject("12-AI Assistant(beta)/12.3- AI Image(beta)/Input content"), "Give me a butterfly image"): Text 'Give me a butterfly image' is set on object 'Object Repository/12-AI Assistant(beta)/12.3- AI Image(beta)/Input content'

2023-08-09 18:15:11 - [MESSAGE][PASSED] - Text 'Give me a butterfly image' is set on object 'Object Repository/12-AI Assistant(beta)/12.3- AI Image(beta)/Input content'

2023-08-09 18:15:11 - [TEST_STEP][PASSED] - click(findTestObject("12-AI Assistant(beta)/12.3- AI Image(beta)/Generate Image button")): Object: 'Object Repository/12-AI Assistant(beta)/12.3- AI Image(beta)/Generate Image button' is clicked on

2023-08-09 18:15:11 - [MESSAGE][PASSED] - Object: 'Object Repository/12-AI Assistant(beta)/12.3- AI Image(beta)/Generate Image button' is clicked on

2023-08-09 18:15:11 - [TEST_STEP][PASSED] - verifyElementVisible(findTestObject("12-AI Assistant(beta)/12.3- AI Image(beta)/div_generated_image")): Object 'Object Repository/12-AI Assistant(beta)/12.3- AI Image(beta)/div_generated_image' is visible

2023-08-09 18:15:21 - [MESSAGE][PASSED] - Object 'Object Repository/12-AI Assistant(beta)/12.3- AI Image(beta)/div_generated_image' is visible]]></system-out>
         <system-err><![CDATA[]]></system-err>
      </testcase>
      <system-out><![CDATA[2023-08-09 18:13:35 - [TEST_SUITE][PASSED] - 12.3- AI Assistant (AI Image Beta): Test Cases/12- AI assistant (beta)/12.3-AI image (beta)/02-Generate image using EL AI]]></system-out>
      <system-err><![CDATA[]]></system-err>
   </testsuite>
</testsuites>
