<?xml version="1.0" encoding="UTF-8"?>
<testsuites name="13.1-EL Sign (Send Documents)" time="537.869" tests="9" failures="0" errors="0">
   <testsuite name="13.1-EL Sign (Send Documents)" tests="9" failures="0" errors="0" time="537.869" skipped="0" timestamp="2023-08-07 20:30:18" hostname="Personal - DESKTOP-TFDFEQ1" id="Test Suites/TS-Organization/13.1-EL Sign (Send Documents)">
      <properties>
         <property name="deviceName" value=""/>
         <property name="devicePlatform" value=""/>
         <property name="logFolder" value="C:\\Users\\Personal\\Documents\\GitHub\\Everleagues\\Reports\\20230807_203016\\TS-Organization\\13.1-EL Sign (Send Documents)\\20230807_203016"/>
         <property name="logFiles" value="C:\\Users\\Personal\\Documents\\GitHub\\Everleagues\\Reports\\20230807_203016\\TS-Organization\\13.1-EL Sign (Send Documents)\\20230807_203016\\execution0.log"/>
         <property name="attachments" value=""/>
         <property name="hostName" value="Personal - DESKTOP-TFDFEQ1"/>
         <property name="os" value="Windows 11 64bit"/>
         <property name="katalonVersion" value="8.6.5.208"/>
         <property name="browser" value="Chrome 115.0.0.0"/>
         <property name="hostAddress" value="10.100.1.38"/>
         <property name="sessionId" value="f76bea9c9ae34e6072a1582fc4fce6f7"/>
         <property name="seleniumVersion" value="3.141.59"/>
         <property name="proxyInformation" value="ProxyInformation { proxyOption=NO_PROXY, proxyServerType=HTTP, username=, password=********, proxyServerAddress=, proxyServerPort=0, executionList=&quot;&quot;, isApplyToDesiredCapabilities=true }"/>
         <property name="platform" value="Windows 11"/>
      </properties>
      <testcase name="Test Cases/13-EL Sign/01-Send Documents (Upload a file-required field is blank)" time="368.693" classname="Test Cases/13-EL Sign/01-Send Documents (Upload a file-required field is blank)" status="PASSED">
         <system-out><![CDATA[2023-08-07 20:30:18 - [TEST_CASE][PASSED] - Test Cases/13-EL Sign/01-Send Documents (Upload a file-required field is blank): Test Cases/13-EL Sign/01-Send Documents (Upload a file-required field is blank)

2023-08-07 20:30:18 - [TEST_STEP][PASSED] - openBrowser(""): Browser is opened with url: ''

2023-08-07 20:30:18 - [MESSAGE][INFO] - Starting 'Chrome' driver

2023-08-07 20:30:18 - [MESSAGE][INFO] - User set preference: ['args', '[--disable-web-security, --ignore-certificate-errors, --no-first-run, --disable-gpu]']

2023-08-07 20:30:18 - [MESSAGE][INFO] - Action delay is set to 0 milliseconds

2023-08-07 20:30:20 - [MESSAGE][PASSED] - Browser is opened with url: ''

2023-08-07 20:30:20 - [TEST_STEP][PASSED] - navigateToUrl(appURL): Navigate to 'https://lab.everleagues.com/login' successfully

2023-08-07 20:34:56 - [MESSAGE][PASSED] - Navigate to 'https://lab.everleagues.com/login' successfully

2023-08-07 20:34:56 - [TEST_STEP][PASSED] - maximizeWindow(): Current window maximized

2023-08-07 20:34:56 - [MESSAGE][PASSED] - Current window maximized

2023-08-07 20:34:56 - [TEST_STEP][PASSED] - callTestCase(findTestCase("01-Login and Forgot Password/04-Login(Valid Credentials-With Subscription)"), [:], STOP_ON_FAILURE): Call Test Case 'Test Cases/01-Login and Forgot Password/04-Login(Valid Credentials-With Subscription)' successfully

2023-08-07 20:34:56 - [TEST_CASE][PASSED] - Test Cases/01-Login and Forgot Password/04-Login(Valid Credentials-With Subscription): Test Cases/01-Login and Forgot Password/04-Login(Valid Credentials-With Subscription)

2023-08-07 20:34:56 - [TEST_STEP][PASSED] - setText(findTestObject("01-Login and Forgot Password/input_Email_email"), email_with_subscription): Text 'testuser005@mailinator.com' is set on object 'Object Repository/01-Login and Forgot Password/input_Email_email'

2023-08-07 20:34:57 - [MESSAGE][PASSED] - Text 'testuser005@mailinator.com' is set on object 'Object Repository/01-Login and Forgot Password/input_Email_email'

2023-08-07 20:34:57 - [TEST_STEP][PASSED] - setEncryptedText(findTestObject("01-Login and Forgot Password/input_Email_password"), password): Text ****** has been set on object 'Object Repository/01-Login and Forgot Password/input_Email_password'

2023-08-07 20:34:58 - [MESSAGE][PASSED] - Text ****** has been set on object 'Object Repository/01-Login and Forgot Password/input_Email_password'

2023-08-07 20:34:58 - [TEST_STEP][PASSED] - delay(delay_2seconds): Delayed 2 second(s)

2023-08-07 20:35:00 - [MESSAGE][PASSED] - Delayed 2 second(s)

2023-08-07 20:35:00 - [TEST_STEP][PASSED] - click(findTestObject("01-Login and Forgot Password/show pass button")): Object: 'Object Repository/01-Login and Forgot Password/show pass button' is clicked on

2023-08-07 20:35:00 - [MESSAGE][PASSED] - Object: 'Object Repository/01-Login and Forgot Password/show pass button' is clicked on

2023-08-07 20:35:00 - [TEST_STEP][PASSED] - delay(delay_3seconds): Delayed 3 second(s)

2023-08-07 20:35:03 - [MESSAGE][PASSED] - Delayed 3 second(s)

2023-08-07 20:35:03 - [TEST_STEP][PASSED] - click(findTestObject("01-Login and Forgot Password/button_Sign in")): Object: 'Object Repository/01-Login and Forgot Password/button_Sign in' is clicked on

2023-08-07 20:35:03 - [MESSAGE][PASSED] - Object: 'Object Repository/01-Login and Forgot Password/button_Sign in' is clicked on

2023-08-07 20:35:03 - [TEST_STEP][PASSED] - delay(delay_3seconds): Delayed 3 second(s)

2023-08-07 20:35:06 - [MESSAGE][PASSED] - Delayed 3 second(s)

2023-08-07 20:35:06 - [TEST_STEP][PASSED] - executeJavaScript("window.open();", []): Execute JavaScript 'window.open();' successfully

2023-08-07 20:35:07 - [MESSAGE][PASSED] - Execute JavaScript 'window.open();' successfully

2023-08-07 20:35:07 - [TEST_STEP][PASSED] - currentWindow = getWindowIndex(): Current window's index is: 0

2023-08-07 20:35:07 - [MESSAGE][PASSED] - Current window's index is: 0

2023-08-07 20:35:07 - [TEST_STEP][PASSED] - delay(delay_3seconds): Delayed 3 second(s)

2023-08-07 20:35:10 - [MESSAGE][PASSED] - Delayed 3 second(s)

2023-08-07 20:35:10 - [TEST_STEP][PASSED] - switchToWindowIndex(currentWindow + 1): Switched to window with index: '1'

2023-08-07 20:35:10 - [MESSAGE][PASSED] - Switched to window with index: '1'

2023-08-07 20:35:10 - [TEST_STEP][PASSED] - navigateToUrl(app_mailinator): Navigate to 'https://www.mailinator.com/' successfully

2023-08-07 20:35:16 - [MESSAGE][PASSED] - Navigate to 'https://www.mailinator.com/' successfully

2023-08-07 20:35:16 - [TEST_STEP][PASSED] - delay(delay_3seconds): Delayed 3 second(s)

2023-08-07 20:35:19 - [MESSAGE][PASSED] - Delayed 3 second(s)

2023-08-07 20:35:19 - [TEST_STEP][PASSED] - setText(findTestObject("00-Signup and Activation/zMailinator/input_LOGIN_search"), email_for_searchmailinator_testuser05): Text 'testuser005@mailinator.com' is set on object 'Object Repository/00-Signup and Activation/zMailinator/input_LOGIN_search'

2023-08-07 20:35:19 - [MESSAGE][PASSED] - Text 'testuser005@mailinator.com' is set on object 'Object Repository/00-Signup and Activation/zMailinator/input_LOGIN_search'

2023-08-07 20:35:19 - [TEST_STEP][PASSED] - click(findTestObject("00-Signup and Activation/zMailinator/gobutton"), STOP_ON_FAILURE): Object: 'Object Repository/00-Signup and Activation/zMailinator/gobutton' is clicked on

2023-08-07 20:35:20 - [MESSAGE][PASSED] - Object: 'Object Repository/00-Signup and Activation/zMailinator/gobutton' is clicked on

2023-08-07 20:35:20 - [TEST_STEP][PASSED] - delay(delay_10seconds): Delayed 10 second(s)

2023-08-07 20:35:30 - [MESSAGE][PASSED] - Delayed 10 second(s)

2023-08-07 20:35:30 - [TEST_STEP][PASSED] - click(findTestObject("00-Signup and Activation/zMailinator/Email - everleagues")): Object: 'Object Repository/00-Signup and Activation/zMailinator/Email - everleagues' is clicked on

2023-08-07 20:35:31 - [MESSAGE][PASSED] - Object: 'Object Repository/00-Signup and Activation/zMailinator/Email - everleagues' is clicked on

2023-08-07 20:35:31 - [TEST_STEP][PASSED] - delay(delay_5seconds): Delayed 5 second(s)

2023-08-07 20:35:36 - [MESSAGE][PASSED] - Delayed 5 second(s)

2023-08-07 20:35:36 - [TEST_STEP][PASSED] - code = getText(findTestObject("Object Repository/06-Teams/For 2FA/2FA code")): Text of object 'Object Repository/06-Teams/For 2FA/2FA code' is: '600184'

2023-08-07 20:35:36 - [MESSAGE][PASSED] - Text of object 'Object Repository/06-Teams/For 2FA/2FA code' is: '600184'

2023-08-07 20:35:36 - [TEST_STEP][PASSED] - delay(delay_3seconds): Delayed 3 second(s)

2023-08-07 20:35:39 - [MESSAGE][PASSED] - Delayed 3 second(s)

2023-08-07 20:35:39 - [TEST_STEP][PASSED] - closeWindowTitle("Mailinator"): Window with title: 'Mailinator' is closed

2023-08-07 20:35:39 - [MESSAGE][PASSED] - Window with title: 'Mailinator' is closed

2023-08-07 20:35:39 - [TEST_STEP][PASSED] - delay(delay_5seconds): Delayed 5 second(s)

2023-08-07 20:35:44 - [MESSAGE][PASSED] - Delayed 5 second(s)

2023-08-07 20:35:44 - [TEST_STEP][PASSED] - switchToWindowIndex(0): Switched to window with index: '0'

2023-08-07 20:35:45 - [MESSAGE][PASSED] - Switched to window with index: '0'

2023-08-07 20:35:45 - [TEST_STEP][PASSED] - delay(delay_3seconds): Delayed 3 second(s)

2023-08-07 20:35:48 - [MESSAGE][PASSED] - Delayed 3 second(s)

2023-08-07 20:35:48 - [TEST_STEP][PASSED] - setText(findTestObject("Object Repository/06-Teams/For 2FA/input_Enter verification code_code"), code): Text '600184' is set on object 'Object Repository/06-Teams/For 2FA/input_Enter verification code_code'

2023-08-07 20:35:49 - [MESSAGE][PASSED] - Text '600184' is set on object 'Object Repository/06-Teams/For 2FA/input_Enter verification code_code'

2023-08-07 20:35:49 - [TEST_STEP][PASSED] - delay(delay_3seconds): Delayed 3 second(s)

2023-08-07 20:35:52 - [MESSAGE][PASSED] - Delayed 3 second(s)

2023-08-07 20:35:52 - [TEST_STEP][PASSED] - click(findTestObject("06-Teams/For 2FA/button_Verify_2FA")): Object: 'Object Repository/06-Teams/For 2FA/button_Verify_2FA' is clicked on

2023-08-07 20:35:52 - [MESSAGE][PASSED] - Object: 'Object Repository/06-Teams/For 2FA/button_Verify_2FA' is clicked on

2023-08-07 20:35:52 - [TEST_STEP][PASSED] - delay(delay_3seconds): Delayed 3 second(s)

2023-08-07 20:35:55 - [MESSAGE][PASSED] - Delayed 3 second(s)

2023-08-07 20:35:55 - [MESSAGE][PASSED] - Call Test Case 'Test Cases/01-Login and Forgot Password/04-Login(Valid Credentials-With Subscription)' successfully

2023-08-07 20:35:55 - [TEST_STEP][PASSED] - click(findTestObject("06-Teams/button_doublearrow")): Object: 'Object Repository/06-Teams/button_doublearrow' is clicked on

2023-08-07 20:36:00 - [MESSAGE][PASSED] - Object: 'Object Repository/06-Teams/button_doublearrow' is clicked on

2023-08-07 20:36:00 - [TEST_STEP][PASSED] - click(findTestObject("06-Teams/button_My Organizations")): Object: 'Object Repository/06-Teams/button_My Organizations' is clicked on

2023-08-07 20:36:00 - [MESSAGE][PASSED] - Object: 'Object Repository/06-Teams/button_My Organizations' is clicked on

2023-08-07 20:36:00 - [TEST_STEP][PASSED] - click(findTestObject("02-Side Icons(Organization)/Add Contact/button_Automation Test Org")): Object: 'Object Repository/02-Side Icons(Organization)/Add Contact/button_Automation Test Org' is clicked on

2023-08-07 20:36:02 - [MESSAGE][PASSED] - Object: 'Object Repository/02-Side Icons(Organization)/Add Contact/button_Automation Test Org' is clicked on

2023-08-07 20:36:02 - [TEST_STEP][PASSED] - delay(delay_4seconds): Delayed 4 second(s)

2023-08-07 20:36:06 - [MESSAGE][PASSED] - Delayed 4 second(s)

2023-08-07 20:36:06 - [TEST_STEP][PASSED] - verifyElementVisible(findTestObject("02-Side Icons(Organization)/Add Contact/span_Automation Test Org")): Object 'Object Repository/02-Side Icons(Organization)/Add Contact/span_Automation Test Org' is visible

2023-08-07 20:36:06 - [MESSAGE][PASSED] - Object 'Object Repository/02-Side Icons(Organization)/Add Contact/span_Automation Test Org' is visible

2023-08-07 20:36:06 - [TEST_STEP][PASSED] - delay(delay_5seconds): Delayed 5 second(s)

2023-08-07 20:36:11 - [MESSAGE][PASSED] - Delayed 5 second(s)

2023-08-07 20:36:11 - [TEST_STEP][PASSED] - scrollToElement(findTestObject("03-Header Menu/Hamburger Button/div_ELSign"), 0): Scroll to object 'Object Repository/03-Header Menu/Hamburger Button/div_ELSign' successfully

2023-08-07 20:36:11 - [MESSAGE][WARNING] - Timeout '0' is invalid. Using default page load timeout: '30'

2023-08-07 20:36:11 - [MESSAGE][PASSED] - Scroll to object 'Object Repository/03-Header Menu/Hamburger Button/div_ELSign' successfully

2023-08-07 20:36:11 - [TEST_STEP][PASSED] - click(findTestObject("03-Header Menu/Hamburger Button/div_ELSign")): Object: 'Object Repository/03-Header Menu/Hamburger Button/div_ELSign' is clicked on

2023-08-07 20:36:12 - [MESSAGE][PASSED] - Object: 'Object Repository/03-Header Menu/Hamburger Button/div_ELSign' is clicked on

2023-08-07 20:36:12 - [TEST_STEP][PASSED] - verifyElementVisible(findTestObject("03-Header Menu/Hamburger Button/div_ELSign")): Object 'Object Repository/03-Header Menu/Hamburger Button/div_ELSign' is visible

2023-08-07 20:36:13 - [MESSAGE][PASSED] - Object 'Object Repository/03-Header Menu/Hamburger Button/div_ELSign' is visible

2023-08-07 20:36:13 - [TEST_STEP][PASSED] - verifyElementVisible(findTestObject("13-EL Sign/h4_ELSign")): Object 'Object Repository/13-EL Sign/h4_ELSign' is visible

2023-08-07 20:36:14 - [MESSAGE][PASSED] - Object 'Object Repository/13-EL Sign/h4_ELSign' is visible

2023-08-07 20:36:14 - [TEST_STEP][PASSED] - delay(delay_3seconds): Delayed 3 second(s)

2023-08-07 20:36:17 - [MESSAGE][PASSED] - Delayed 3 second(s)

2023-08-07 20:36:17 - [TEST_STEP][PASSED] - click(findTestObject("13-EL Sign/div_Send Documents")): Object: 'Object Repository/13-EL Sign/div_Send Documents' is clicked on

2023-08-07 20:36:17 - [MESSAGE][PASSED] - Object: 'Object Repository/13-EL Sign/div_Send Documents' is clicked on

2023-08-07 20:36:17 - [TEST_STEP][PASSED] - uploadpackage.Upload.uploadFile(findTestObject("Object Repository/13-EL Sign/div_Drag and drop or Upload PDF or Word document here"), upload_pdf_file): uploadpackage.Upload.uploadFile is PASSED

2023-08-07 20:36:18 - [MESSAGE][PASSED] - Object: 'Object Repository/13-EL Sign/div_Drag and drop or Upload PDF or Word document here' is clicked on

2023-08-07 20:36:18 - [MESSAGE][PASSED] - uploadpackage.Upload.uploadFile is PASSED

2023-08-07 20:36:18 - [TEST_STEP][PASSED] - delay(delay_3seconds): Delayed 3 second(s)

2023-08-07 20:36:21 - [MESSAGE][PASSED] - Delayed 3 second(s)

2023-08-07 20:36:21 - [TEST_STEP][PASSED] - click(findTestObject("13-EL Sign/input_documentTitle")): Object: 'Object Repository/13-EL Sign/input_documentTitle' is clicked on

2023-08-07 20:36:22 - [MESSAGE][PASSED] - Object: 'Object Repository/13-EL Sign/input_documentTitle' is clicked on

2023-08-07 20:36:22 - [TEST_STEP][PASSED] - sendKeys(findTestObject("Object Repository/13-EL Sign/input_documentTitle"), Keys.chord(CONTROL, "a")): Keys 'CONTROL + a' sent to object: 'Object Repository/13-EL Sign/input_documentTitle'

2023-08-07 20:36:22 - [MESSAGE][PASSED] - Keys 'CONTROL + a' sent to object: 'Object Repository/13-EL Sign/input_documentTitle'

2023-08-07 20:36:22 - [TEST_STEP][PASSED] - sendKeys(findTestObject("Object Repository/13-EL Sign/input_documentTitle"), Keys.chord(BACK_SPACE)): Keys 'BACK_SPACE + ' sent to object: 'Object Repository/13-EL Sign/input_documentTitle'

2023-08-07 20:36:22 - [MESSAGE][PASSED] - Keys 'BACK_SPACE + ' sent to object: 'Object Repository/13-EL Sign/input_documentTitle'

2023-08-07 20:36:22 - [TEST_STEP][PASSED] - clickOffset(findTestObject("13-EL Sign/h4_ELSign"), 100, 100): Object: 'Object Repository/13-EL Sign/h4_ELSign' is clicked on using offset x=100 and y=100

2023-08-07 20:36:23 - [MESSAGE][PASSED] - Object: 'Object Repository/13-EL Sign/h4_ELSign' is clicked on using offset x=100 and y=100

2023-08-07 20:36:23 - [TEST_STEP][PASSED] - verifyElementVisible(findTestObject("13-EL Sign/mat-error_Title is required")): Object 'Object Repository/13-EL Sign/mat-error_Title is required' is visible

2023-08-07 20:36:23 - [MESSAGE][PASSED] - Object 'Object Repository/13-EL Sign/mat-error_Title is required' is visible

2023-08-07 20:36:23 - [TEST_STEP][PASSED] - delay(delay_3seconds): Delayed 3 second(s)

2023-08-07 20:36:26 - [MESSAGE][PASSED] - Delayed 3 second(s)]]></system-out>
         <system-err><![CDATA[]]></system-err>
      </testcase>
      <testcase name="Test Cases/13-EL Sign/02-Send Documents (Upload a file-fill out required field)" time="10.311" classname="Test Cases/13-EL Sign/02-Send Documents (Upload a file-fill out required field)" status="PASSED">
         <system-out><![CDATA[2023-08-07 20:36:26 - [TEST_CASE][PASSED] - Test Cases/13-EL Sign/02-Send Documents (Upload a file-fill out required field): Test Cases/13-EL Sign/02-Send Documents (Upload a file-fill out required field)

2023-08-07 20:36:27 - [TEST_STEP][PASSED] - setText(findTestObject("13-EL Sign/input_documentTitle"), "sample.pdf"): Text 'sample.pdf' is set on object 'Object Repository/13-EL Sign/input_documentTitle'

2023-08-07 20:36:27 - [MESSAGE][PASSED] - Text 'sample.pdf' is set on object 'Object Repository/13-EL Sign/input_documentTitle'

2023-08-07 20:36:27 - [TEST_STEP][PASSED] - click(findTestObject("13-EL Sign/button_UPLOAD")): Object: 'Object Repository/13-EL Sign/button_UPLOAD' is clicked on

2023-08-07 20:36:28 - [MESSAGE][PASSED] - Object: 'Object Repository/13-EL Sign/button_UPLOAD' is clicked on

2023-08-07 20:36:28 - [TEST_STEP][PASSED] - delay(delay_3seconds): Delayed 3 second(s)

2023-08-07 20:36:31 - [MESSAGE][PASSED] - Delayed 3 second(s)

2023-08-07 20:36:31 - [TEST_STEP][PASSED] - click(findTestObject("13-EL Sign/button_homeELSIGN DOCUMENTS")): Object: 'Object Repository/13-EL Sign/button_homeELSIGN DOCUMENTS' is clicked on

2023-08-07 20:36:34 - [MESSAGE][PASSED] - Object: 'Object Repository/13-EL Sign/button_homeELSIGN DOCUMENTS' is clicked on

2023-08-07 20:36:34 - [TEST_STEP][PASSED] - delay(delay_3seconds): Delayed 3 second(s)

2023-08-07 20:36:37 - [MESSAGE][PASSED] - Delayed 3 second(s)]]></system-out>
         <system-err><![CDATA[]]></system-err>
      </testcase>
      <testcase name="Test Cases/13-EL Sign/03-Send Documents (Function buttons)" time="44.848" classname="Test Cases/13-EL Sign/03-Send Documents (Function buttons)" status="PASSED">
         <system-out><![CDATA[2023-08-07 20:36:37 - [TEST_CASE][PASSED] - Test Cases/13-EL Sign/03-Send Documents (Function buttons): Test Cases/13-EL Sign/03-Send Documents (Function buttons)

2023-08-07 20:36:37 - [TEST_STEP][PASSED] - click(findTestObject("13-EL Sign/mat-icon_refresh")): Object: 'Object Repository/13-EL Sign/mat-icon_refresh' is clicked on

2023-08-07 20:36:37 - [MESSAGE][PASSED] - Object: 'Object Repository/13-EL Sign/mat-icon_refresh' is clicked on

2023-08-07 20:36:37 - [TEST_STEP][PASSED] - delay(delay_3seconds): Delayed 3 second(s)

2023-08-07 20:36:40 - [MESSAGE][PASSED] - Delayed 3 second(s)

2023-08-07 20:36:40 - [TEST_STEP][PASSED] - click(findTestObject("13-EL Sign/mat-icon_configureColumns")): Object: 'Object Repository/13-EL Sign/mat-icon_configureColumns' is clicked on

2023-08-07 20:36:41 - [MESSAGE][PASSED] - Object: 'Object Repository/13-EL Sign/mat-icon_configureColumns' is clicked on

2023-08-07 20:36:41 - [TEST_STEP][PASSED] - verifyElementVisible(findTestObject("13-EL Sign/mat-dialog-container_configureColumnModal")): Object 'Object Repository/13-EL Sign/mat-dialog-container_configureColumnModal' is visible

2023-08-07 20:36:41 - [MESSAGE][PASSED] - Object 'Object Repository/13-EL Sign/mat-dialog-container_configureColumnModal' is visible

2023-08-07 20:36:41 - [TEST_STEP][PASSED] - delay(delay_3seconds): Delayed 3 second(s)

2023-08-07 20:36:44 - [MESSAGE][PASSED] - Delayed 3 second(s)

2023-08-07 20:36:44 - [TEST_STEP][PASSED] - click(findTestObject("13-EL Sign/span_ELSign Tracking Id")): Object: 'Object Repository/13-EL Sign/span_ELSign Tracking Id' is clicked on

2023-08-07 20:36:45 - [MESSAGE][PASSED] - Object: 'Object Repository/13-EL Sign/span_ELSign Tracking Id' is clicked on

2023-08-07 20:36:45 - [TEST_STEP][PASSED] - click(findTestObject("13-EL Sign/span_Document Name")): Object: 'Object Repository/13-EL Sign/span_Document Name' is clicked on

2023-08-07 20:36:46 - [MESSAGE][PASSED] - Object: 'Object Repository/13-EL Sign/span_Document Name' is clicked on

2023-08-07 20:36:46 - [TEST_STEP][PASSED] - click(findTestObject("13-EL Sign/span_Status")): Object: 'Object Repository/13-EL Sign/span_Status' is clicked on

2023-08-07 20:36:47 - [MESSAGE][PASSED] - Object: 'Object Repository/13-EL Sign/span_Status' is clicked on

2023-08-07 20:36:47 - [TEST_STEP][PASSED] - click(findTestObject("13-EL Sign/span_Signer Status")): Object: 'Object Repository/13-EL Sign/span_Signer Status' is clicked on

2023-08-07 20:36:48 - [MESSAGE][PASSED] - Object: 'Object Repository/13-EL Sign/span_Signer Status' is clicked on

2023-08-07 20:36:48 - [TEST_STEP][PASSED] - click(findTestObject("13-EL Sign/span_View")): Object: 'Object Repository/13-EL Sign/span_View' is clicked on

2023-08-07 20:36:48 - [MESSAGE][PASSED] - Object: 'Object Repository/13-EL Sign/span_View' is clicked on

2023-08-07 20:36:48 - [TEST_STEP][PASSED] - click(findTestObject("13-EL Sign/span_Certificate")): Object: 'Object Repository/13-EL Sign/span_Certificate' is clicked on

2023-08-07 20:36:49 - [MESSAGE][PASSED] - Object: 'Object Repository/13-EL Sign/span_Certificate' is clicked on

2023-08-07 20:36:49 - [TEST_STEP][PASSED] - click(findTestObject("13-EL Sign/span_Delete")): Object: 'Object Repository/13-EL Sign/span_Delete' is clicked on

2023-08-07 20:36:50 - [MESSAGE][PASSED] - Object: 'Object Repository/13-EL Sign/span_Delete' is clicked on

2023-08-07 20:36:50 - [TEST_STEP][PASSED] - click(findTestObject("13-EL Sign/span_History")): Object: 'Object Repository/13-EL Sign/span_History' is clicked on

2023-08-07 20:36:51 - [MESSAGE][PASSED] - Object: 'Object Repository/13-EL Sign/span_History' is clicked on

2023-08-07 20:36:51 - [TEST_STEP][PASSED] - click(findTestObject("13-EL Sign/span_Reminder")): Object: 'Object Repository/13-EL Sign/span_Reminder' is clicked on

2023-08-07 20:36:52 - [MESSAGE][PASSED] - Object: 'Object Repository/13-EL Sign/span_Reminder' is clicked on

2023-08-07 20:36:52 - [TEST_STEP][PASSED] - click(findTestObject("13-EL Sign/span_Last Modified")): Object: 'Object Repository/13-EL Sign/span_Last Modified' is clicked on

2023-08-07 20:36:53 - [MESSAGE][PASSED] - Object: 'Object Repository/13-EL Sign/span_Last Modified' is clicked on

2023-08-07 20:36:53 - [TEST_STEP][PASSED] - delay(delay_3seconds): Delayed 3 second(s)

2023-08-07 20:36:56 - [MESSAGE][PASSED] - Delayed 3 second(s)

2023-08-07 20:36:56 - [TEST_STEP][PASSED] - click(findTestObject("13-EL Sign/span_ELSign Tracking Id")): Object: 'Object Repository/13-EL Sign/span_ELSign Tracking Id' is clicked on

2023-08-07 20:36:56 - [MESSAGE][PASSED] - Object: 'Object Repository/13-EL Sign/span_ELSign Tracking Id' is clicked on

2023-08-07 20:36:56 - [TEST_STEP][PASSED] - click(findTestObject("13-EL Sign/span_Document Name")): Object: 'Object Repository/13-EL Sign/span_Document Name' is clicked on

2023-08-07 20:36:57 - [MESSAGE][PASSED] - Object: 'Object Repository/13-EL Sign/span_Document Name' is clicked on

2023-08-07 20:36:57 - [TEST_STEP][PASSED] - click(findTestObject("13-EL Sign/span_Status")): Object: 'Object Repository/13-EL Sign/span_Status' is clicked on

2023-08-07 20:36:58 - [MESSAGE][PASSED] - Object: 'Object Repository/13-EL Sign/span_Status' is clicked on

2023-08-07 20:36:58 - [TEST_STEP][PASSED] - click(findTestObject("13-EL Sign/span_Signer Status")): Object: 'Object Repository/13-EL Sign/span_Signer Status' is clicked on

2023-08-07 20:36:59 - [MESSAGE][PASSED] - Object: 'Object Repository/13-EL Sign/span_Signer Status' is clicked on

2023-08-07 20:36:59 - [TEST_STEP][PASSED] - click(findTestObject("13-EL Sign/span_View")): Object: 'Object Repository/13-EL Sign/span_View' is clicked on

2023-08-07 20:37:00 - [MESSAGE][PASSED] - Object: 'Object Repository/13-EL Sign/span_View' is clicked on

2023-08-07 20:37:00 - [TEST_STEP][PASSED] - click(findTestObject("13-EL Sign/span_Download")): Object: 'Object Repository/13-EL Sign/span_Download' is clicked on

2023-08-07 20:37:00 - [MESSAGE][PASSED] - Object: 'Object Repository/13-EL Sign/span_Download' is clicked on

2023-08-07 20:37:00 - [TEST_STEP][PASSED] - click(findTestObject("13-EL Sign/span_Certificate")): Object: 'Object Repository/13-EL Sign/span_Certificate' is clicked on

2023-08-07 20:37:01 - [MESSAGE][PASSED] - Object: 'Object Repository/13-EL Sign/span_Certificate' is clicked on

2023-08-07 20:37:01 - [TEST_STEP][PASSED] - click(findTestObject("13-EL Sign/span_Delete")): Object: 'Object Repository/13-EL Sign/span_Delete' is clicked on

2023-08-07 20:37:02 - [MESSAGE][PASSED] - Object: 'Object Repository/13-EL Sign/span_Delete' is clicked on

2023-08-07 20:37:02 - [TEST_STEP][PASSED] - click(findTestObject("13-EL Sign/span_History")): Object: 'Object Repository/13-EL Sign/span_History' is clicked on

2023-08-07 20:37:03 - [MESSAGE][PASSED] - Object: 'Object Repository/13-EL Sign/span_History' is clicked on

2023-08-07 20:37:03 - [TEST_STEP][PASSED] - click(findTestObject("13-EL Sign/span_Reminder")): Object: 'Object Repository/13-EL Sign/span_Reminder' is clicked on

2023-08-07 20:37:04 - [MESSAGE][PASSED] - Object: 'Object Repository/13-EL Sign/span_Reminder' is clicked on

2023-08-07 20:37:04 - [TEST_STEP][PASSED] - click(findTestObject("13-EL Sign/span_Last Modified")): Object: 'Object Repository/13-EL Sign/span_Last Modified' is clicked on

2023-08-07 20:37:05 - [MESSAGE][PASSED] - Object: 'Object Repository/13-EL Sign/span_Last Modified' is clicked on

2023-08-07 20:37:05 - [TEST_STEP][PASSED] - delay(delay_3seconds): Delayed 3 second(s)

2023-08-07 20:37:08 - [MESSAGE][PASSED] - Delayed 3 second(s)

2023-08-07 20:37:08 - [TEST_STEP][PASSED] - click(findTestObject("13-EL Sign/button_CLOSE")): Object: 'Object Repository/13-EL Sign/button_CLOSE' is clicked on

2023-08-07 20:37:08 - [MESSAGE][PASSED] - Object: 'Object Repository/13-EL Sign/button_CLOSE' is clicked on

2023-08-07 20:37:08 - [TEST_STEP][PASSED] - delay(delay_3seconds): Delayed 3 second(s)

2023-08-07 20:37:11 - [MESSAGE][PASSED] - Delayed 3 second(s)

2023-08-07 20:37:11 - [TEST_STEP][PASSED] - click(findTestObject("13-EL Sign/mat-icon_exportCSV")): Object: 'Object Repository/13-EL Sign/mat-icon_exportCSV' is clicked on

2023-08-07 20:37:12 - [MESSAGE][PASSED] - Object: 'Object Repository/13-EL Sign/mat-icon_exportCSV' is clicked on

2023-08-07 20:37:12 - [TEST_STEP][PASSED] - delay(delay_3seconds): Delayed 3 second(s)

2023-08-07 20:37:15 - [MESSAGE][PASSED] - Delayed 3 second(s)

2023-08-07 20:37:15 - [TEST_STEP][PASSED] - click(findTestObject("13-EL Sign/mat-icon_expandAll")): Object: 'Object Repository/13-EL Sign/mat-icon_expandAll' is clicked on

2023-08-07 20:37:15 - [MESSAGE][PASSED] - Object: 'Object Repository/13-EL Sign/mat-icon_expandAll' is clicked on

2023-08-07 20:37:15 - [TEST_STEP][PASSED] - delay(delay_3seconds): Delayed 3 second(s)

2023-08-07 20:37:18 - [MESSAGE][PASSED] - Delayed 3 second(s)

2023-08-07 20:37:18 - [TEST_STEP][PASSED] - click(findTestObject("13-EL Sign/mat-icon_refit")): Object: 'Object Repository/13-EL Sign/mat-icon_refit' is clicked on

2023-08-07 20:37:19 - [MESSAGE][PASSED] - Object: 'Object Repository/13-EL Sign/mat-icon_refit' is clicked on

2023-08-07 20:37:19 - [TEST_STEP][PASSED] - delay(delay_3seconds): Delayed 3 second(s)

2023-08-07 20:37:22 - [MESSAGE][PASSED] - Delayed 3 second(s)]]></system-out>
         <system-err><![CDATA[]]></system-err>
      </testcase>
      <testcase name="Test Cases/13-EL Sign/04-Send Documents (Add Signer and guest- required field is blank)" time="23.221" classname="Test Cases/13-EL Sign/04-Send Documents (Add Signer and guest- required field is blank)" status="PASSED">
         <system-out><![CDATA[2023-08-07 20:37:22 - [TEST_CASE][PASSED] - Test Cases/13-EL Sign/04-Send Documents (Add Signer and guest- required field is blank): Test Cases/13-EL Sign/04-Send Documents (Add Signer and guest- required field is blank)

2023-08-07 20:37:22 - [TEST_STEP][PASSED] - click(findTestObject("13-EL Sign/div_ELSignTrackID")): Object: 'Object Repository/13-EL Sign/div_ELSignTrackID' is clicked on

2023-08-07 20:37:22 - [MESSAGE][PASSED] - Object: 'Object Repository/13-EL Sign/div_ELSignTrackID' is clicked on

2023-08-07 20:37:22 - [TEST_STEP][PASSED] - delay(delay_3seconds): Delayed 3 second(s)

2023-08-07 20:37:25 - [MESSAGE][PASSED] - Delayed 3 second(s)

2023-08-07 20:37:25 - [TEST_STEP][PASSED] - click(findTestObject("13-EL Sign/span_COMPLETE")): Object: 'Object Repository/13-EL Sign/span_COMPLETE' is clicked on

2023-08-07 20:37:26 - [MESSAGE][PASSED] - Object: 'Object Repository/13-EL Sign/span_COMPLETE' is clicked on

2023-08-07 20:37:26 - [TEST_STEP][PASSED] - verifyElementVisible(findTestObject("13-EL Sign/snack-bar-container_Please add signer and field")): Object 'Object Repository/13-EL Sign/snack-bar-container_Please add signer and field' is visible

2023-08-07 20:37:27 - [MESSAGE][PASSED] - Object 'Object Repository/13-EL Sign/snack-bar-container_Please add signer and field' is visible

2023-08-07 20:37:27 - [TEST_STEP][PASSED] - delay(delay_3seconds): Delayed 3 second(s)

2023-08-07 20:37:30 - [MESSAGE][PASSED] - Delayed 3 second(s)

2023-08-07 20:37:30 - [TEST_STEP][PASSED] - click(findTestObject("13-EL Sign/button_personADD SIGNER  FIELD")): Object: 'Object Repository/13-EL Sign/button_personADD SIGNER  FIELD' is clicked on

2023-08-07 20:37:30 - [MESSAGE][PASSED] - Object: 'Object Repository/13-EL Sign/button_personADD SIGNER  FIELD' is clicked on

2023-08-07 20:37:30 - [TEST_STEP][PASSED] - verifyElementVisible(findTestObject("13-EL Sign/mat-dialog-container_AddSignerModal")): Object 'Object Repository/13-EL Sign/mat-dialog-container_AddSignerModal' is visible

2023-08-07 20:37:32 - [MESSAGE][PASSED] - Object 'Object Repository/13-EL Sign/mat-dialog-container_AddSignerModal' is visible

2023-08-07 20:37:32 - [TEST_STEP][PASSED] - click(findTestObject("13-EL Sign/input_Search for a Signer")): Object: 'Object Repository/13-EL Sign/input_Search for a Signer' is clicked on

2023-08-07 20:37:32 - [MESSAGE][PASSED] - Object: 'Object Repository/13-EL Sign/input_Search for a Signer' is clicked on

2023-08-07 20:37:32 - [TEST_STEP][PASSED] - sendKeys(findTestObject("13-EL Sign/input_Search for a Signer"), Keys.chord(ESCAPE)): Keys 'ESCAPE + ' sent to object: 'Object Repository/13-EL Sign/input_Search for a Signer'

2023-08-07 20:37:33 - [MESSAGE][PASSED] - Keys 'ESCAPE + ' sent to object: 'Object Repository/13-EL Sign/input_Search for a Signer'

2023-08-07 20:37:33 - [TEST_STEP][PASSED] - click(findTestObject("13-EL Sign/input_Receiver email address")): Object: 'Object Repository/13-EL Sign/input_Receiver email address' is clicked on

2023-08-07 20:37:33 - [MESSAGE][PASSED] - Object: 'Object Repository/13-EL Sign/input_Receiver email address' is clicked on

2023-08-07 20:37:33 - [TEST_STEP][PASSED] - clickOffset(findTestObject("13-EL Sign/input_Receiver email address"), 100, 100): Object: 'Object Repository/13-EL Sign/input_Receiver email address' is clicked on using offset x=100 and y=100

2023-08-07 20:37:34 - [MESSAGE][PASSED] - Object: 'Object Repository/13-EL Sign/input_Receiver email address' is clicked on using offset x=100 and y=100

2023-08-07 20:37:34 - [TEST_STEP][PASSED] - verifyElementVisible(findTestObject("13-EL Sign/mat-error_Signer name is required")): Object 'Object Repository/13-EL Sign/mat-error_Signer name is required' is visible

2023-08-07 20:37:35 - [MESSAGE][PASSED] - Object 'Object Repository/13-EL Sign/mat-error_Signer name is required' is visible

2023-08-07 20:37:35 - [TEST_STEP][PASSED] - verifyElementVisible(findTestObject("13-EL Sign/mat-error_Email address is required")): Object 'Object Repository/13-EL Sign/mat-error_Email address is required' is visible

2023-08-07 20:37:35 - [MESSAGE][PASSED] - Object 'Object Repository/13-EL Sign/mat-error_Email address is required' is visible

2023-08-07 20:37:35 - [TEST_STEP][PASSED] - scrollToElement(findTestObject("13-EL Sign/button_SAVE"), 0): Scroll to object 'Object Repository/13-EL Sign/button_SAVE' successfully

2023-08-07 20:37:35 - [MESSAGE][WARNING] - Timeout '0' is invalid. Using default page load timeout: '30'

2023-08-07 20:37:35 - [MESSAGE][PASSED] - Scroll to object 'Object Repository/13-EL Sign/button_SAVE' successfully

2023-08-07 20:37:35 - [TEST_STEP][PASSED] - verifyElementNotClickable(findTestObject("13-EL Sign/button_SAVE")): Object 'Object Repository/13-EL Sign/button_SAVE' is NOT clickable

2023-08-07 20:37:35 - [MESSAGE][PASSED] - Object 'Object Repository/13-EL Sign/button_SAVE' is NOT clickable

2023-08-07 20:37:35 - [TEST_STEP][PASSED] - click(findTestObject("13-EL Sign/button_CANCEL")): Object: 'Object Repository/13-EL Sign/button_CANCEL' is clicked on

2023-08-07 20:37:36 - [MESSAGE][PASSED] - Object: 'Object Repository/13-EL Sign/button_CANCEL' is clicked on

2023-08-07 20:37:36 - [TEST_STEP][PASSED] - delay(delay_3seconds): Delayed 3 second(s)

2023-08-07 20:37:39 - [MESSAGE][PASSED] - Delayed 3 second(s)

2023-08-07 20:37:39 - [TEST_STEP][PASSED] - click(findTestObject("13-EL Sign/button_personADD SIGNER  FIELD")): Object: 'Object Repository/13-EL Sign/button_personADD SIGNER  FIELD' is clicked on

2023-08-07 20:37:39 - [MESSAGE][PASSED] - Object: 'Object Repository/13-EL Sign/button_personADD SIGNER  FIELD' is clicked on

2023-08-07 20:37:39 - [TEST_STEP][PASSED] - delay(delay_3seconds): Delayed 3 second(s)

2023-08-07 20:37:42 - [MESSAGE][PASSED] - Delayed 3 second(s)

2023-08-07 20:37:42 - [TEST_STEP][PASSED] - click(findTestObject("13-EL Sign/button_person_outlineADD GUEST")): Object: 'Object Repository/13-EL Sign/button_person_outlineADD GUEST' is clicked on

2023-08-07 20:37:43 - [MESSAGE][PASSED] - Object: 'Object Repository/13-EL Sign/button_person_outlineADD GUEST' is clicked on

2023-08-07 20:37:43 - [TEST_STEP][PASSED] - verifyElementVisible(findTestObject("13-EL Sign/mat-dialog-container_New GuestModal")): Object 'Object Repository/13-EL Sign/mat-dialog-container_New GuestModal' is visible

2023-08-07 20:37:44 - [MESSAGE][PASSED] - Object 'Object Repository/13-EL Sign/mat-dialog-container_New GuestModal' is visible

2023-08-07 20:37:44 - [TEST_STEP][PASSED] - click(findTestObject("13-EL Sign/input_GuestEmailAddress")): Object: 'Object Repository/13-EL Sign/input_GuestEmailAddress' is clicked on

2023-08-07 20:37:44 - [MESSAGE][PASSED] - Object: 'Object Repository/13-EL Sign/input_GuestEmailAddress' is clicked on

2023-08-07 20:37:44 - [TEST_STEP][PASSED] - sendKeys(findTestObject("13-EL Sign/input_GuestEmailAddress"), Keys.chord(ESCAPE)): Keys 'ESCAPE + ' sent to object: 'Object Repository/13-EL Sign/input_GuestEmailAddress'

2023-08-07 20:37:44 - [MESSAGE][PASSED] - Keys 'ESCAPE + ' sent to object: 'Object Repository/13-EL Sign/input_GuestEmailAddress'

2023-08-07 20:37:44 - [TEST_STEP][PASSED] - click(findTestObject("13-EL Sign/mat-icon_clear")): Object: 'Object Repository/13-EL Sign/mat-icon_clear' is clicked on

2023-08-07 20:37:45 - [MESSAGE][PASSED] - Object: 'Object Repository/13-EL Sign/mat-icon_clear' is clicked on]]></system-out>
         <system-err><![CDATA[]]></system-err>
      </testcase>
      <testcase name="Test Cases/13-EL Sign/05-Send Documents(Add Signer and guest-fill out required field)" time="12.873" classname="Test Cases/13-EL Sign/05-Send Documents(Add Signer and guest-fill out required field)" status="PASSED">
         <system-out><![CDATA[2023-08-07 20:37:45 - [TEST_CASE][PASSED] - Test Cases/13-EL Sign/05-Send Documents(Add Signer and guest-fill out required field): Test Cases/13-EL Sign/05-Send Documents(Add Signer and guest-fill out required field)

2023-08-07 20:37:45 - [TEST_STEP][PASSED] - click(findTestObject("13-EL Sign/button_personADD SIGNER  FIELD")): Object: 'Object Repository/13-EL Sign/button_personADD SIGNER  FIELD' is clicked on

2023-08-07 20:37:46 - [MESSAGE][PASSED] - Object: 'Object Repository/13-EL Sign/button_personADD SIGNER  FIELD' is clicked on

2023-08-07 20:37:46 - [TEST_STEP][PASSED] - click(findTestObject("13-EL Sign/input_Search for a Signer")): Object: 'Object Repository/13-EL Sign/input_Search for a Signer' is clicked on

2023-08-07 20:37:47 - [MESSAGE][PASSED] - Object: 'Object Repository/13-EL Sign/input_Search for a Signer' is clicked on

2023-08-07 20:37:47 - [TEST_STEP][PASSED] - click(findTestObject("13-EL Sign/mat-option_addsigner_testuser005mailinator.com"), STOP_ON_FAILURE): Object: 'Object Repository/13-EL Sign/mat-option_addsigner_testuser005mailinator.com' is clicked on

2023-08-07 20:37:47 - [MESSAGE][PASSED] - Object: 'Object Repository/13-EL Sign/mat-option_addsigner_testuser005mailinator.com' is clicked on

2023-08-07 20:37:47 - [TEST_STEP][PASSED] - scrollToElement(findTestObject("13-EL Sign/button_SAVE"), 0): Scroll to object 'Object Repository/13-EL Sign/button_SAVE' successfully

2023-08-07 20:37:47 - [MESSAGE][WARNING] - Timeout '0' is invalid. Using default page load timeout: '30'

2023-08-07 20:37:48 - [MESSAGE][PASSED] - Scroll to object 'Object Repository/13-EL Sign/button_SAVE' successfully

2023-08-07 20:37:48 - [TEST_STEP][PASSED] - click(findTestObject("13-EL Sign/button_SAVE")): Object: 'Object Repository/13-EL Sign/button_SAVE' is clicked on

2023-08-07 20:37:48 - [MESSAGE][PASSED] - Object: 'Object Repository/13-EL Sign/button_SAVE' is clicked on

2023-08-07 20:37:48 - [TEST_STEP][PASSED] - delay(delay_3seconds): Delayed 3 second(s)

2023-08-07 20:37:51 - [MESSAGE][PASSED] - Delayed 3 second(s)

2023-08-07 20:37:51 - [TEST_STEP][PASSED] - click(findTestObject("13-EL Sign/button_personADD SIGNER  FIELD")): Object: 'Object Repository/13-EL Sign/button_personADD SIGNER  FIELD' is clicked on

2023-08-07 20:37:51 - [MESSAGE][PASSED] - Object: 'Object Repository/13-EL Sign/button_personADD SIGNER  FIELD' is clicked on

2023-08-07 20:37:51 - [TEST_STEP][PASSED] - delay(delay_3seconds): Delayed 3 second(s)

2023-08-07 20:37:54 - [MESSAGE][PASSED] - Delayed 3 second(s)

2023-08-07 20:37:54 - [TEST_STEP][PASSED] - click(findTestObject("13-EL Sign/button_person_outlineADD GUEST")): Object: 'Object Repository/13-EL Sign/button_person_outlineADD GUEST' is clicked on

2023-08-07 20:37:55 - [MESSAGE][PASSED] - Object: 'Object Repository/13-EL Sign/button_person_outlineADD GUEST' is clicked on

2023-08-07 20:37:55 - [TEST_STEP][PASSED] - verifyElementVisible(findTestObject("13-EL Sign/mat-dialog-container_New GuestModal")): Object 'Object Repository/13-EL Sign/mat-dialog-container_New GuestModal' is visible

2023-08-07 20:37:56 - [MESSAGE][PASSED] - Object 'Object Repository/13-EL Sign/mat-dialog-container_New GuestModal' is visible

2023-08-07 20:37:56 - [TEST_STEP][PASSED] - click(findTestObject("13-EL Sign/input_GuestEmailAddress")): Object: 'Object Repository/13-EL Sign/input_GuestEmailAddress' is clicked on

2023-08-07 20:37:56 - [MESSAGE][PASSED] - Object: 'Object Repository/13-EL Sign/input_GuestEmailAddress' is clicked on

2023-08-07 20:37:56 - [TEST_STEP][PASSED] - click(findTestObject("13-EL Sign/mat-option_newguest_autotester03mailinator.com")): Object: 'Object Repository/13-EL Sign/mat-option_newguest_autotester03mailinator.com' is clicked on

2023-08-07 20:37:57 - [MESSAGE][PASSED] - Object: 'Object Repository/13-EL Sign/mat-option_newguest_autotester03mailinator.com' is clicked on

2023-08-07 20:37:57 - [TEST_STEP][PASSED] - scrollToElement(findTestObject("13-EL Sign/button_SAVE2"), 0): Scroll to object 'Object Repository/13-EL Sign/button_SAVE2' successfully

2023-08-07 20:37:57 - [MESSAGE][WARNING] - Timeout '0' is invalid. Using default page load timeout: '30'

2023-08-07 20:37:57 - [MESSAGE][PASSED] - Scroll to object 'Object Repository/13-EL Sign/button_SAVE2' successfully

2023-08-07 20:37:57 - [TEST_STEP][PASSED] - click(findTestObject("13-EL Sign/button_SAVE2")): Object: 'Object Repository/13-EL Sign/button_SAVE2' is clicked on

2023-08-07 20:37:58 - [MESSAGE][PASSED] - Object: 'Object Repository/13-EL Sign/button_SAVE2' is clicked on]]></system-out>
         <system-err><![CDATA[]]></system-err>
      </testcase>
      <testcase name="Test Cases/13-EL Sign/06-Send Documents (Select labels and drag)" time="38.03" classname="Test Cases/13-EL Sign/06-Send Documents (Select labels and drag)" status="PASSED">
         <system-out><![CDATA[2023-08-07 20:37:58 - [TEST_CASE][PASSED] - Test Cases/13-EL Sign/06-Send Documents (Select labels and drag): Test Cases/13-EL Sign/06-Send Documents (Select labels and drag)

2023-08-07 20:37:58 - [TEST_STEP][PASSED] - dragAndDropToObject(findTestObject("13-EL Sign/button_createGG TESTERSign here"), findTestObject("13-EL Sign/documents"), STOP_ON_FAILURE): Dragged object with id 'Object Repository/13-EL Sign/button_createGG TESTERSign here' to object with id 'TestObject - 'Object Repository/13-EL Sign/documents'' successfully

2023-08-07 20:38:00 - [MESSAGE][PASSED] - Dragged object with id 'Object Repository/13-EL Sign/button_createGG TESTERSign here' to object with id 'TestObject - 'Object Repository/13-EL Sign/documents'' successfully

2023-08-07 20:38:00 - [TEST_STEP][PASSED] - click(findTestObject("13-EL Sign/div_create-draggable")): Object: 'Object Repository/13-EL Sign/div_create-draggable' is clicked on

2023-08-07 20:38:01 - [MESSAGE][PASSED] - Object: 'Object Repository/13-EL Sign/div_create-draggable' is clicked on

2023-08-07 20:38:01 - [TEST_STEP][PASSED] - click(findTestObject("13-EL Sign/button_clear")): Object: 'Object Repository/13-EL Sign/button_clear' is clicked on

2023-08-07 20:38:02 - [MESSAGE][PASSED] - Object: 'Object Repository/13-EL Sign/button_clear' is clicked on

2023-08-07 20:38:02 - [TEST_STEP][PASSED] - verifyElementVisible(findTestObject("13-EL Sign/mat-dialog-container_Do you confirm the deletion of this ELSign fieldModal")): Object 'Object Repository/13-EL Sign/mat-dialog-container_Do you confirm the deletion of this ELSign fieldModal' is visible

2023-08-07 20:38:02 - [MESSAGE][PASSED] - Object 'Object Repository/13-EL Sign/mat-dialog-container_Do you confirm the deletion of this ELSign fieldModal' is visible

2023-08-07 20:38:02 - [TEST_STEP][PASSED] - click(findTestObject("13-EL Sign/button_No")): Object: 'Object Repository/13-EL Sign/button_No' is clicked on

2023-08-07 20:38:03 - [MESSAGE][PASSED] - Object: 'Object Repository/13-EL Sign/button_No' is clicked on

2023-08-07 20:38:03 - [TEST_STEP][PASSED] - click(findTestObject("13-EL Sign/button_clear")): Object: 'Object Repository/13-EL Sign/button_clear' is clicked on

2023-08-07 20:38:03 - [MESSAGE][PASSED] - Object: 'Object Repository/13-EL Sign/button_clear' is clicked on

2023-08-07 20:38:03 - [TEST_STEP][PASSED] - delay(delay_3seconds): Delayed 3 second(s)

2023-08-07 20:38:06 - [MESSAGE][PASSED] - Delayed 3 second(s)

2023-08-07 20:38:06 - [TEST_STEP][PASSED] - click(findTestObject("13-EL Sign/button_Yes")): Object: 'Object Repository/13-EL Sign/button_Yes' is clicked on

2023-08-07 20:38:07 - [MESSAGE][PASSED] - Object: 'Object Repository/13-EL Sign/button_Yes' is clicked on

2023-08-07 20:38:07 - [TEST_STEP][PASSED] - delay(delay_3seconds): Delayed 3 second(s)

2023-08-07 20:38:10 - [MESSAGE][PASSED] - Delayed 3 second(s)

2023-08-07 20:38:10 - [TEST_STEP][PASSED] - dragAndDropToObject(findTestObject("13-EL Sign/button_createGG TESTERSign here"), findTestObject("13-EL Sign/documents"), STOP_ON_FAILURE): Dragged object with id 'Object Repository/13-EL Sign/button_createGG TESTERSign here' to object with id 'TestObject - 'Object Repository/13-EL Sign/documents'' successfully

2023-08-07 20:38:12 - [MESSAGE][PASSED] - Dragged object with id 'Object Repository/13-EL Sign/button_createGG TESTERSign here' to object with id 'TestObject - 'Object Repository/13-EL Sign/documents'' successfully

2023-08-07 20:38:12 - [TEST_STEP][PASSED] - delay(delay_3seconds): Delayed 3 second(s)

2023-08-07 20:38:15 - [MESSAGE][PASSED] - Delayed 3 second(s)

2023-08-07 20:38:15 - [TEST_STEP][PASSED] - dragAndDropToObject(findTestObject("13-EL Sign/button_calendarGG TESTERDate signed"), findTestObject("13-EL Sign/document_readytotakedocument"), STOP_ON_FAILURE): Dragged object with id 'Object Repository/13-EL Sign/button_calendarGG TESTERDate signed' to object with id 'TestObject - 'Object Repository/13-EL Sign/document_readytotakedocument'' successfully

2023-08-07 20:38:17 - [MESSAGE][PASSED] - Dragged object with id 'Object Repository/13-EL Sign/button_calendarGG TESTERDate signed' to object with id 'TestObject - 'Object Repository/13-EL Sign/document_readytotakedocument'' successfully

2023-08-07 20:38:17 - [TEST_STEP][PASSED] - delay(delay_3seconds): Delayed 3 second(s)

2023-08-07 20:38:20 - [MESSAGE][PASSED] - Delayed 3 second(s)

2023-08-07 20:38:20 - [TEST_STEP][PASSED] - dragAndDropToObject(findTestObject("13-EL Sign/button_person_pinGG TESTERInitial here"), findTestObject("13-EL Sign/document_digitaldocumentsallinoneplace"), STOP_ON_FAILURE): Dragged object with id 'Object Repository/13-EL Sign/button_person_pinGG TESTERInitial here' to object with id 'TestObject - 'Object Repository/13-EL Sign/document_digitaldocumentsallinoneplace'' successfully

2023-08-07 20:38:22 - [MESSAGE][PASSED] - Dragged object with id 'Object Repository/13-EL Sign/button_person_pinGG TESTERInitial here' to object with id 'TestObject - 'Object Repository/13-EL Sign/document_digitaldocumentsallinoneplace'' successfully

2023-08-07 20:38:22 - [TEST_STEP][PASSED] - delay(delay_3seconds): Delayed 3 second(s)

2023-08-07 20:38:25 - [MESSAGE][PASSED] - Delayed 3 second(s)

2023-08-07 20:38:25 - [TEST_STEP][PASSED] - click(findTestObject("13-EL Sign/span_COMPLETE")): Object: 'Object Repository/13-EL Sign/span_COMPLETE' is clicked on

2023-08-07 20:38:25 - [MESSAGE][PASSED] - Object: 'Object Repository/13-EL Sign/span_COMPLETE' is clicked on

2023-08-07 20:38:25 - [TEST_STEP][PASSED] - delay(delay_3seconds): Delayed 3 second(s)

2023-08-07 20:38:28 - [MESSAGE][PASSED] - Delayed 3 second(s)

2023-08-07 20:38:28 - [TEST_STEP][PASSED] - verifyElementVisible(findTestObject("13-EL Sign/th_Send ELSign Invite")): Object 'Object Repository/13-EL Sign/th_Send ELSign Invite' is visible

2023-08-07 20:38:29 - [MESSAGE][PASSED] - Object 'Object Repository/13-EL Sign/th_Send ELSign Invite' is visible

2023-08-07 20:38:29 - [TEST_STEP][PASSED] - scrollToElement(findTestObject("13-EL Sign/div_Dear ReceiverName"), 0): Scroll to object 'Object Repository/13-EL Sign/div_Dear ReceiverName' successfully

2023-08-07 20:38:29 - [MESSAGE][WARNING] - Timeout '0' is invalid. Using default page load timeout: '30'

2023-08-07 20:38:29 - [MESSAGE][PASSED] - Scroll to object 'Object Repository/13-EL Sign/div_Dear ReceiverName' successfully

2023-08-07 20:38:29 - [TEST_STEP][PASSED] - scrollToElement(findTestObject("13-EL Sign/th_Send ELSign Invite"), 0): Scroll to object 'Object Repository/13-EL Sign/th_Send ELSign Invite' successfully

2023-08-07 20:38:29 - [MESSAGE][WARNING] - Timeout '0' is invalid. Using default page load timeout: '30'

2023-08-07 20:38:29 - [MESSAGE][PASSED] - Scroll to object 'Object Repository/13-EL Sign/th_Send ELSign Invite' successfully

2023-08-07 20:38:29 - [TEST_STEP][PASSED] - delay(delay_3seconds): Delayed 3 second(s)

2023-08-07 20:38:32 - [MESSAGE][PASSED] - Delayed 3 second(s)

2023-08-07 20:38:32 - [TEST_STEP][PASSED] - click(findTestObject("13-EL Sign/button_sendSend Invite")): Object: 'Object Repository/13-EL Sign/button_sendSend Invite' is clicked on

2023-08-07 20:38:33 - [MESSAGE][PASSED] - Object: 'Object Repository/13-EL Sign/button_sendSend Invite' is clicked on

2023-08-07 20:38:33 - [TEST_STEP][PASSED] - delay(delay_3seconds): Delayed 3 second(s)

2023-08-07 20:38:36 - [MESSAGE][PASSED] - Delayed 3 second(s)]]></system-out>
         <system-err><![CDATA[]]></system-err>
      </testcase>
      <testcase name="Test Cases/13-EL Sign/07-Send Documents (Signer Status)" time="5.091" classname="Test Cases/13-EL Sign/07-Send Documents (Signer Status)" status="PASSED">
         <system-out><![CDATA[2023-08-07 20:38:36 - [TEST_CASE][PASSED] - Test Cases/13-EL Sign/07-Send Documents (Signer Status): Test Cases/13-EL Sign/07-Send Documents (Signer Status)

2023-08-07 20:38:36 - [TEST_STEP][PASSED] - click(findTestObject("13-EL Sign/button_person_add-SignerStatus")): Object: 'Object Repository/13-EL Sign/button_person_add-SignerStatus' is clicked on

2023-08-07 20:38:36 - [MESSAGE][PASSED] - Object: 'Object Repository/13-EL Sign/button_person_add-SignerStatus' is clicked on

2023-08-07 20:38:36 - [TEST_STEP][PASSED] - verifyElementVisible(findTestObject("13-EL Sign/mat-toolbar_Signers ELSign Status")): Object 'Object Repository/13-EL Sign/mat-toolbar_Signers ELSign Status' is visible

2023-08-07 20:38:37 - [MESSAGE][PASSED] - Object 'Object Repository/13-EL Sign/mat-toolbar_Signers ELSign Status' is visible

2023-08-07 20:38:37 - [TEST_STEP][PASSED] - click(findTestObject("13-EL Sign/button_OK")): Object: 'Object Repository/13-EL Sign/button_OK' is clicked on

2023-08-07 20:38:38 - [MESSAGE][PASSED] - Object: 'Object Repository/13-EL Sign/button_OK' is clicked on

2023-08-07 20:38:38 - [TEST_STEP][PASSED] - delay(delay_3seconds): Delayed 3 second(s)

2023-08-07 20:38:41 - [MESSAGE][PASSED] - Delayed 3 second(s)]]></system-out>
         <system-err><![CDATA[]]></system-err>
      </testcase>
      <testcase name="Test Cases/13-EL Sign/08-Send Documents (View Document and History)" time="9.181" classname="Test Cases/13-EL Sign/08-Send Documents (View Document and History)" status="PASSED">
         <system-out><![CDATA[2023-08-07 20:38:41 - [TEST_CASE][PASSED] - Test Cases/13-EL Sign/08-Send Documents (View Document and History): Test Cases/13-EL Sign/08-Send Documents (View Document and History)

2023-08-07 20:38:41 - [TEST_STEP][PASSED] - click(findTestObject("13-EL Sign/button_visibility")): Object: 'Object Repository/13-EL Sign/button_visibility' is clicked on

2023-08-07 20:38:41 - [MESSAGE][PASSED] - Object: 'Object Repository/13-EL Sign/button_visibility' is clicked on

2023-08-07 20:38:41 - [TEST_STEP][PASSED] - switchToWindowIndex(1): Switched to window with index: '1'

2023-08-07 20:38:42 - [MESSAGE][PASSED] - Switched to window with index: '1'

2023-08-07 20:38:42 - [TEST_STEP][PASSED] - closeWindowIndex(1): Window with index 1 is closed

2023-08-07 20:38:42 - [MESSAGE][PASSED] - Window with index 1 is closed

2023-08-07 20:38:42 - [TEST_STEP][PASSED] - switchToWindowIndex(0): Switched to window with index: '0'

2023-08-07 20:38:42 - [MESSAGE][PASSED] - Switched to window with index: '0'

2023-08-07 20:38:42 - [TEST_STEP][PASSED] - delay(delay_3seconds): Delayed 3 second(s)

2023-08-07 20:38:45 - [MESSAGE][PASSED] - Delayed 3 second(s)

2023-08-07 20:38:45 - [TEST_STEP][PASSED] - click(findTestObject("13-EL Sign/button_history")): Object: 'Object Repository/13-EL Sign/button_history' is clicked on

2023-08-07 20:38:45 - [MESSAGE][PASSED] - Object: 'Object Repository/13-EL Sign/button_history' is clicked on

2023-08-07 20:38:45 - [TEST_STEP][PASSED] - verifyElementVisible(findTestObject("13-EL Sign/mat-dialog-container-historyModal")): Object 'Object Repository/13-EL Sign/mat-dialog-container-historyModal' is visible

2023-08-07 20:38:46 - [MESSAGE][PASSED] - Object 'Object Repository/13-EL Sign/mat-dialog-container-historyModal' is visible

2023-08-07 20:38:46 - [TEST_STEP][PASSED] - verifyElementVisible(findTestObject("13-EL Sign/td_historyName")): Object 'Object Repository/13-EL Sign/td_historyName' is visible

2023-08-07 20:38:47 - [MESSAGE][PASSED] - Object 'Object Repository/13-EL Sign/td_historyName' is visible

2023-08-07 20:38:47 - [TEST_STEP][PASSED] - doubleClick(findTestObject("13-EL Sign/button_CANCEL2")): Object: 'Object Repository/13-EL Sign/button_CANCEL2' is double clicked on

2023-08-07 20:38:47 - [MESSAGE][PASSED] - Object: 'Object Repository/13-EL Sign/button_CANCEL2' is double clicked on

2023-08-07 20:38:47 - [TEST_STEP][PASSED] - delay(delay_3seconds): Delayed 3 second(s)

2023-08-07 20:38:50 - [MESSAGE][PASSED] - Delayed 3 second(s)]]></system-out>
         <system-err><![CDATA[]]></system-err>
      </testcase>
      <testcase name="Test Cases/13-EL Sign/09-Send Documents (Reminder)" time="25.364" classname="Test Cases/13-EL Sign/09-Send Documents (Reminder)" status="PASSED">
         <system-out><![CDATA[2023-08-07 20:38:50 - [TEST_CASE][PASSED] - Test Cases/13-EL Sign/09-Send Documents (Reminder): Test Cases/13-EL Sign/09-Send Documents (Reminder)

2023-08-07 20:38:50 - [TEST_STEP][PASSED] - click(findTestObject("13-EL Sign/button_reminder")): Object: 'Object Repository/13-EL Sign/button_reminder' is clicked on

2023-08-07 20:38:51 - [MESSAGE][PASSED] - Object: 'Object Repository/13-EL Sign/button_reminder' is clicked on

2023-08-07 20:38:51 - [TEST_STEP][PASSED] - verifyElementVisible(findTestObject("13-EL Sign/mat-dialog-container-reminderModal")): Object 'Object Repository/13-EL Sign/mat-dialog-container-reminderModal' is visible

2023-08-07 20:38:52 - [MESSAGE][PASSED] - Object 'Object Repository/13-EL Sign/mat-dialog-container-reminderModal' is visible

2023-08-07 20:38:52 - [TEST_STEP][PASSED] - verifyElementVisible(findTestObject("13-EL Sign/h6_Schedule ELSign receiver reminder")): Object 'Object Repository/13-EL Sign/h6_Schedule ELSign receiver reminder' is visible

2023-08-07 20:38:52 - [MESSAGE][PASSED] - Object 'Object Repository/13-EL Sign/h6_Schedule ELSign receiver reminder' is visible

2023-08-07 20:38:52 - [TEST_STEP][PASSED] - doubleClick(findTestObject("13-EL Sign/button_CANCEL3")): Object: 'Object Repository/13-EL Sign/button_CANCEL3' is double clicked on

2023-08-07 20:38:53 - [MESSAGE][PASSED] - Object: 'Object Repository/13-EL Sign/button_CANCEL3' is double clicked on

2023-08-07 20:38:53 - [TEST_STEP][PASSED] - delay(delay_3seconds): Delayed 3 second(s)

2023-08-07 20:38:56 - [MESSAGE][PASSED] - Delayed 3 second(s)

2023-08-07 20:38:56 - [TEST_STEP][PASSED] - click(findTestObject("13-EL Sign/button_reminder")): Object: 'Object Repository/13-EL Sign/button_reminder' is clicked on

2023-08-07 20:38:56 - [MESSAGE][PASSED] - Object: 'Object Repository/13-EL Sign/button_reminder' is clicked on

2023-08-07 20:38:56 - [TEST_STEP][PASSED] - click(findTestObject("13-EL Sign/checkbox_recipients")): Object: 'Object Repository/13-EL Sign/checkbox_recipients' is clicked on

2023-08-07 20:38:57 - [MESSAGE][PASSED] - Object: 'Object Repository/13-EL Sign/checkbox_recipients' is clicked on

2023-08-07 20:38:57 - [TEST_STEP][PASSED] - click(findTestObject("13-EL Sign/checkbox_SendReminderNow")): Object: 'Object Repository/13-EL Sign/checkbox_SendReminderNow' is clicked on

2023-08-07 20:38:58 - [MESSAGE][PASSED] - Object: 'Object Repository/13-EL Sign/checkbox_SendReminderNow' is clicked on

2023-08-07 20:38:58 - [TEST_STEP][PASSED] - click(findTestObject("13-EL Sign/div_daysDropdown")): Object: 'Object Repository/13-EL Sign/div_daysDropdown' is clicked on

2023-08-07 20:38:59 - [MESSAGE][PASSED] - Object: 'Object Repository/13-EL Sign/div_daysDropdown' is clicked on

2023-08-07 20:38:59 - [TEST_STEP][PASSED] - delay(delay_3seconds): Delayed 3 second(s)

2023-08-07 20:39:02 - [MESSAGE][PASSED] - Delayed 3 second(s)

2023-08-07 20:39:02 - [TEST_STEP][PASSED] - click(findTestObject("13-EL Sign/mat-option_2")): Object: 'Object Repository/13-EL Sign/mat-option_2' is clicked on

2023-08-07 20:39:02 - [MESSAGE][PASSED] - Object: 'Object Repository/13-EL Sign/mat-option_2' is clicked on

2023-08-07 20:39:02 - [TEST_STEP][PASSED] - delay(delay_3seconds): Delayed 3 second(s)

2023-08-07 20:39:05 - [MESSAGE][PASSED] - Delayed 3 second(s)

2023-08-07 20:39:05 - [TEST_STEP][PASSED] - click(findTestObject("13-EL Sign/button_Save Schedule")): Object: 'Object Repository/13-EL Sign/button_Save Schedule' is clicked on

2023-08-07 20:39:06 - [MESSAGE][PASSED] - Object: 'Object Repository/13-EL Sign/button_Save Schedule' is clicked on

2023-08-07 20:39:06 - [TEST_STEP][PASSED] - delay(delay_3seconds): Delayed 3 second(s)

2023-08-07 20:39:09 - [MESSAGE][PASSED] - Delayed 3 second(s)

2023-08-07 20:39:09 - [TEST_STEP][PASSED] - click(findTestObject("13-EL Sign/button_reminder")): Object: 'Object Repository/13-EL Sign/button_reminder' is clicked on

2023-08-07 20:39:09 - [MESSAGE][PASSED] - Object: 'Object Repository/13-EL Sign/button_reminder' is clicked on

2023-08-07 20:39:09 - [TEST_STEP][PASSED] - delay(delay_3seconds): Delayed 3 second(s)

2023-08-07 20:39:12 - [MESSAGE][PASSED] - Delayed 3 second(s)

2023-08-07 20:39:12 - [TEST_STEP][PASSED] - click(findTestObject("13-EL Sign/button_Delete Schedule")): Object: 'Object Repository/13-EL Sign/button_Delete Schedule' is clicked on

2023-08-07 20:39:12 - [MESSAGE][PASSED] - Object: 'Object Repository/13-EL Sign/button_Delete Schedule' is clicked on

2023-08-07 20:39:12 - [TEST_STEP][PASSED] - delay(delay_3seconds): Delayed 3 second(s)

2023-08-07 20:39:15 - [MESSAGE][PASSED] - Delayed 3 second(s)]]></system-out>
         <system-err><![CDATA[]]></system-err>
      </testcase>
      <system-out><![CDATA[2023-08-07 20:30:18 - [TEST_SUITE][PASSED] - 13.1-EL Sign (Send Documents): Test Cases/13-EL Sign/09-Send Documents (Reminder)]]></system-out>
      <system-err><![CDATA[]]></system-err>
   </testsuite>
</testsuites>
