<?xml version="1.0" encoding="UTF-8"?>
<testsuites name="12.4-AI Assistant (Information)" time="101.249" tests="2" failures="0" errors="0">
   <testsuite name="12.4-AI Assistant (Information)" tests="2" failures="0" errors="0" time="101.249" skipped="0" timestamp="2023-08-09 19:17:46" hostname="Personal - DESKTOP-TFDFEQ1" id="Test Suites/TS-Organization/12.4-AI Assistant (Information)">
      <properties>
         <property name="deviceName" value=""/>
         <property name="devicePlatform" value=""/>
         <property name="logFolder" value="C:\\Users\\Personal\\Documents\\GitHub\\Everleagues\\Reports\\20230809_191744\\TS-Organization\\12.4-AI Assistant (Information)\\20230809_191744"/>
         <property name="logFiles" value="C:\\Users\\Personal\\Documents\\GitHub\\Everleagues\\Reports\\20230809_191744\\TS-Organization\\12.4-AI Assistant (Information)\\20230809_191744\\execution0.log"/>
         <property name="attachments" value=""/>
         <property name="hostName" value="Personal - DESKTOP-TFDFEQ1"/>
         <property name="os" value="Windows 11 64bit"/>
         <property name="katalonVersion" value="8.6.5.208"/>
         <property name="browser" value="Chrome 115.0.0.0"/>
         <property name="hostAddress" value="10.100.1.38"/>
         <property name="sessionId" value="5b2da5d99488fd52cd56b1a3f412c2ba"/>
         <property name="seleniumVersion" value="3.141.59"/>
         <property name="proxyInformation" value="ProxyInformation { proxyOption=NO_PROXY, proxyServerType=HTTP, username=, password=********, proxyServerAddress=, proxyServerPort=0, executionList=&quot;&quot;, isApplyToDesiredCapabilities=true }"/>
         <property name="platform" value="Windows 11"/>
      </properties>
      <testcase name="Test Cases/12- AI assistant (beta)/12.4-Information/01-Verify content of information page" time="100.438" classname="Test Cases/12- AI assistant (beta)/12.4-Information/01-Verify content of information page" status="PASSED">
         <system-out><![CDATA[2023-08-09 19:17:46 - [TEST_CASE][PASSED] - Test Cases/12- AI assistant (beta)/12.4-Information/01-Verify content of information page: Test Cases/12- AI assistant (beta)/12.4-Information/01-Verify content of information page

2023-08-09 19:17:46 - [TEST_STEP][PASSED] - openBrowser(""): Browser is opened with url: ''

2023-08-09 19:17:46 - [MESSAGE][INFO] - Starting 'Chrome' driver

2023-08-09 19:17:46 - [MESSAGE][INFO] - User set preference: ['args', '[--disable-web-security, --ignore-certificate-errors, --no-first-run, --disable-gpu]']

2023-08-09 19:17:46 - [MESSAGE][INFO] - Action delay is set to 0 milliseconds

2023-08-09 19:17:48 - [MESSAGE][PASSED] - Browser is opened with url: ''

2023-08-09 19:17:48 - [TEST_STEP][PASSED] - navigateToUrl(app_url_login): Navigate to 'https://lab.everleagues.com/login' successfully

2023-08-09 19:17:59 - [MESSAGE][PASSED] - Navigate to 'https://lab.everleagues.com/login' successfully

2023-08-09 19:17:59 - [TEST_STEP][PASSED] - maximizeWindow(): Current window maximized

2023-08-09 19:17:59 - [MESSAGE][PASSED] - Current window maximized

2023-08-09 19:17:59 - [TEST_STEP][PASSED] - callTestCase(findTestCase("01-Login and Forgot Password/04-Login(Valid Credentials-With Subscription)"), [:], STOP_ON_FAILURE): Call Test Case 'Test Cases/01-Login and Forgot Password/04-Login(Valid Credentials-With Subscription)' successfully

2023-08-09 19:17:59 - [TEST_CASE][PASSED] - Test Cases/01-Login and Forgot Password/04-Login(Valid Credentials-With Subscription): Test Cases/01-Login and Forgot Password/04-Login(Valid Credentials-With Subscription)

2023-08-09 19:17:59 - [TEST_STEP][PASSED] - setText(findTestObject("01-Login and Forgot Password/input_Email_email"), email_with_subscription): Text 'testuser005@mailinator.com' is set on object 'Object Repository/01-Login and Forgot Password/input_Email_email'

2023-08-09 19:18:00 - [MESSAGE][PASSED] - Text 'testuser005@mailinator.com' is set on object 'Object Repository/01-Login and Forgot Password/input_Email_email'

2023-08-09 19:18:00 - [TEST_STEP][PASSED] - setEncryptedText(findTestObject("01-Login and Forgot Password/input_Email_password"), password): Text ****** has been set on object 'Object Repository/01-Login and Forgot Password/input_Email_password'

2023-08-09 19:18:01 - [MESSAGE][PASSED] - Text ****** has been set on object 'Object Repository/01-Login and Forgot Password/input_Email_password'

2023-08-09 19:18:01 - [TEST_STEP][PASSED] - delay(delay_2seconds): Delayed 2 second(s)

2023-08-09 19:18:03 - [MESSAGE][PASSED] - Delayed 2 second(s)

2023-08-09 19:18:03 - [TEST_STEP][PASSED] - click(findTestObject("01-Login and Forgot Password/show pass button")): Object: 'Object Repository/01-Login and Forgot Password/show pass button' is clicked on

2023-08-09 19:18:03 - [MESSAGE][PASSED] - Object: 'Object Repository/01-Login and Forgot Password/show pass button' is clicked on

2023-08-09 19:18:03 - [TEST_STEP][PASSED] - delay(delay_3seconds): Delayed 3 second(s)

2023-08-09 19:18:06 - [MESSAGE][PASSED] - Delayed 3 second(s)

2023-08-09 19:18:06 - [TEST_STEP][PASSED] - click(findTestObject("01-Login and Forgot Password/button_Sign in")): Object: 'Object Repository/01-Login and Forgot Password/button_Sign in' is clicked on

2023-08-09 19:18:07 - [MESSAGE][PASSED] - Object: 'Object Repository/01-Login and Forgot Password/button_Sign in' is clicked on

2023-08-09 19:18:07 - [TEST_STEP][PASSED] - delay(delay_3seconds): Delayed 3 second(s)

2023-08-09 19:18:10 - [MESSAGE][PASSED] - Delayed 3 second(s)

2023-08-09 19:18:10 - [TEST_STEP][PASSED] - executeJavaScript("window.open();", []): Execute JavaScript 'window.open();' successfully

2023-08-09 19:18:10 - [MESSAGE][PASSED] - Execute JavaScript 'window.open();' successfully

2023-08-09 19:18:10 - [TEST_STEP][PASSED] - currentWindow = getWindowIndex(): Current window's index is: 0

2023-08-09 19:18:10 - [MESSAGE][PASSED] - Current window's index is: 0

2023-08-09 19:18:10 - [TEST_STEP][PASSED] - delay(delay_3seconds): Delayed 3 second(s)

2023-08-09 19:18:13 - [MESSAGE][PASSED] - Delayed 3 second(s)

2023-08-09 19:18:13 - [TEST_STEP][PASSED] - switchToWindowIndex(currentWindow + 1): Switched to window with index: '1'

2023-08-09 19:18:13 - [MESSAGE][PASSED] - Switched to window with index: '1'

2023-08-09 19:18:13 - [TEST_STEP][PASSED] - navigateToUrl(app_mailinator): Navigate to 'https://www.mailinator.com/' successfully

2023-08-09 19:18:25 - [MESSAGE][PASSED] - Navigate to 'https://www.mailinator.com/' successfully

2023-08-09 19:18:25 - [TEST_STEP][PASSED] - delay(delay_3seconds): Delayed 3 second(s)

2023-08-09 19:18:28 - [MESSAGE][PASSED] - Delayed 3 second(s)

2023-08-09 19:18:28 - [TEST_STEP][PASSED] - setText(findTestObject("00-Signup and Activation/zMailinator/input_LOGIN_search"), email_for_searchmailinator_testuser05): Text 'testuser005@mailinator.com' is set on object 'Object Repository/00-Signup and Activation/zMailinator/input_LOGIN_search'

2023-08-09 19:18:29 - [MESSAGE][PASSED] - Text 'testuser005@mailinator.com' is set on object 'Object Repository/00-Signup and Activation/zMailinator/input_LOGIN_search'

2023-08-09 19:18:29 - [TEST_STEP][PASSED] - click(findTestObject("00-Signup and Activation/zMailinator/gobutton"), STOP_ON_FAILURE): Object: 'Object Repository/00-Signup and Activation/zMailinator/gobutton' is clicked on

2023-08-09 19:18:29 - [MESSAGE][PASSED] - Object: 'Object Repository/00-Signup and Activation/zMailinator/gobutton' is clicked on

2023-08-09 19:18:29 - [TEST_STEP][PASSED] - delay(delay_10seconds): Delayed 10 second(s)

2023-08-09 19:18:39 - [MESSAGE][PASSED] - Delayed 10 second(s)

2023-08-09 19:18:39 - [TEST_STEP][PASSED] - click(findTestObject("00-Signup and Activation/zMailinator/Email - everleagues")): Object: 'Object Repository/00-Signup and Activation/zMailinator/Email - everleagues' is clicked on

2023-08-09 19:18:40 - [MESSAGE][PASSED] - Object: 'Object Repository/00-Signup and Activation/zMailinator/Email - everleagues' is clicked on

2023-08-09 19:18:40 - [TEST_STEP][PASSED] - delay(delay_5seconds): Delayed 5 second(s)

2023-08-09 19:18:45 - [MESSAGE][PASSED] - Delayed 5 second(s)

2023-08-09 19:18:45 - [TEST_STEP][PASSED] - code = getText(findTestObject("Object Repository/06-Teams/For 2FA/2FA code")): Text of object 'Object Repository/06-Teams/For 2FA/2FA code' is: '225487'

2023-08-09 19:18:46 - [MESSAGE][PASSED] - Text of object 'Object Repository/06-Teams/For 2FA/2FA code' is: '225487'

2023-08-09 19:18:46 - [TEST_STEP][PASSED] - delay(delay_3seconds): Delayed 3 second(s)

2023-08-09 19:18:49 - [MESSAGE][PASSED] - Delayed 3 second(s)

2023-08-09 19:18:49 - [TEST_STEP][PASSED] - closeWindowTitle("Mailinator"): Window with title: 'Mailinator' is closed

2023-08-09 19:18:49 - [MESSAGE][PASSED] - Window with title: 'Mailinator' is closed

2023-08-09 19:18:49 - [TEST_STEP][PASSED] - delay(delay_5seconds): Delayed 5 second(s)

2023-08-09 19:18:54 - [MESSAGE][PASSED] - Delayed 5 second(s)

2023-08-09 19:18:54 - [TEST_STEP][PASSED] - switchToWindowIndex(0): Switched to window with index: '0'

2023-08-09 19:18:54 - [MESSAGE][PASSED] - Switched to window with index: '0'

2023-08-09 19:18:54 - [TEST_STEP][PASSED] - delay(delay_3seconds): Delayed 3 second(s)

2023-08-09 19:18:57 - [MESSAGE][PASSED] - Delayed 3 second(s)

2023-08-09 19:18:57 - [TEST_STEP][PASSED] - setText(findTestObject("Object Repository/06-Teams/For 2FA/input_Enter verification code_code"), code): Text '225487' is set on object 'Object Repository/06-Teams/For 2FA/input_Enter verification code_code'

2023-08-09 19:18:58 - [MESSAGE][PASSED] - Text '225487' is set on object 'Object Repository/06-Teams/For 2FA/input_Enter verification code_code'

2023-08-09 19:18:58 - [TEST_STEP][PASSED] - delay(delay_3seconds): Delayed 3 second(s)

2023-08-09 19:19:01 - [MESSAGE][PASSED] - Delayed 3 second(s)

2023-08-09 19:19:01 - [TEST_STEP][PASSED] - click(findTestObject("06-Teams/For 2FA/button_Verify_2FA")): Object: 'Object Repository/06-Teams/For 2FA/button_Verify_2FA' is clicked on

2023-08-09 19:19:02 - [MESSAGE][PASSED] - Object: 'Object Repository/06-Teams/For 2FA/button_Verify_2FA' is clicked on

2023-08-09 19:19:02 - [TEST_STEP][PASSED] - delay(delay_3seconds): Delayed 3 second(s)

2023-08-09 19:19:05 - [MESSAGE][PASSED] - Delayed 3 second(s)

2023-08-09 19:19:05 - [MESSAGE][PASSED] - Call Test Case 'Test Cases/01-Login and Forgot Password/04-Login(Valid Credentials-With Subscription)' successfully

2023-08-09 19:19:05 - [TEST_STEP][PASSED] - click(findTestObject("06-Teams/button_doublearrow")): Object: 'Object Repository/06-Teams/button_doublearrow' is clicked on

2023-08-09 19:19:08 - [MESSAGE][PASSED] - Object: 'Object Repository/06-Teams/button_doublearrow' is clicked on

2023-08-09 19:19:08 - [TEST_STEP][PASSED] - click(findTestObject("06-Teams/button_My Organizations")): Object: 'Object Repository/06-Teams/button_My Organizations' is clicked on

2023-08-09 19:19:09 - [MESSAGE][PASSED] - Object: 'Object Repository/06-Teams/button_My Organizations' is clicked on

2023-08-09 19:19:09 - [TEST_STEP][PASSED] - click(findTestObject("02-Side Icons(Organization)/Add Contact/button_Automation Test Org")): Object: 'Object Repository/02-Side Icons(Organization)/Add Contact/button_Automation Test Org' is clicked on

2023-08-09 19:19:10 - [MESSAGE][PASSED] - Object: 'Object Repository/02-Side Icons(Organization)/Add Contact/button_Automation Test Org' is clicked on

2023-08-09 19:19:10 - [TEST_STEP][PASSED] - delay(delay_4seconds): Delayed 4 second(s)

2023-08-09 19:19:14 - [MESSAGE][PASSED] - Delayed 4 second(s)

2023-08-09 19:19:14 - [TEST_STEP][PASSED] - verifyElementVisible(findTestObject("02-Side Icons(Organization)/Add Contact/span_Automation Test Org")): Object 'Object Repository/02-Side Icons(Organization)/Add Contact/span_Automation Test Org' is visible

2023-08-09 19:19:14 - [MESSAGE][PASSED] - Object 'Object Repository/02-Side Icons(Organization)/Add Contact/span_Automation Test Org' is visible

2023-08-09 19:19:14 - [TEST_STEP][PASSED] - delay(delay_5seconds): Delayed 5 second(s)

2023-08-09 19:19:19 - [MESSAGE][PASSED] - Delayed 5 second(s)

2023-08-09 19:19:19 - [TEST_STEP][PASSED] - scrollToElement(findTestObject("12-AI Assistant(beta)/AI asst button-Side panel"), 30): Scroll to object 'Object Repository/12-AI Assistant(beta)/AI asst button-Side panel' successfully

2023-08-09 19:19:20 - [MESSAGE][PASSED] - Scroll to object 'Object Repository/12-AI Assistant(beta)/AI asst button-Side panel' successfully

2023-08-09 19:19:20 - [TEST_STEP][PASSED] - click(findTestObject("12-AI Assistant(beta)/AI asst button-Side panel")): Object: 'Object Repository/12-AI Assistant(beta)/AI asst button-Side panel' is clicked on

2023-08-09 19:19:20 - [MESSAGE][PASSED] - Object: 'Object Repository/12-AI Assistant(beta)/AI asst button-Side panel' is clicked on

2023-08-09 19:19:20 - [TEST_STEP][PASSED] - verifyElementVisible(findTestObject("12-AI Assistant(beta)/AI asst button-Side panel")): Object 'Object Repository/12-AI Assistant(beta)/AI asst button-Side panel' is visible

2023-08-09 19:19:21 - [MESSAGE][PASSED] - Object 'Object Repository/12-AI Assistant(beta)/AI asst button-Side panel' is visible

2023-08-09 19:19:21 - [TEST_STEP][PASSED] - delay(delay_3seconds): Delayed 3 second(s)

2023-08-09 19:19:24 - [MESSAGE][PASSED] - Delayed 3 second(s)

2023-08-09 19:19:24 - [TEST_STEP][PASSED] - click(findTestObject("12-AI Assistant(beta)/12.4-Information/Information")): Object: 'Object Repository/12-AI Assistant(beta)/12.4-Information/Information' is clicked on

2023-08-09 19:19:24 - [MESSAGE][PASSED] - Object: 'Object Repository/12-AI Assistant(beta)/12.4-Information/Information' is clicked on

2023-08-09 19:19:24 - [TEST_STEP][PASSED] - verifyElementText(findTestObject("12-AI Assistant(beta)/12.4-Information/Information heading message assertion"), "Welcome. Click the ChatGPT tab to get started!"): Actual text and expected text of test object 'Object Repository/12-AI Assistant(beta)/12.4-Information/Information heading message assertion' are matched.

2023-08-09 19:19:25 - [MESSAGE][PASSED] - Actual text and expected text of test object 'Object Repository/12-AI Assistant(beta)/12.4-Information/Information heading message assertion' are matched.

2023-08-09 19:19:25 - [TEST_STEP][PASSED] - verifyElementVisible(findTestObject("12-AI Assistant(beta)/12.4-Information/Service terms link")): Object 'Object Repository/12-AI Assistant(beta)/12.4-Information/Service terms link' is visible

2023-08-09 19:19:26 - [MESSAGE][PASSED] - Object 'Object Repository/12-AI Assistant(beta)/12.4-Information/Service terms link' is visible

2023-08-09 19:19:26 - [TEST_STEP][PASSED] - verifyElementVisible(findTestObject("12-AI Assistant(beta)/12.4-Information/Terms of use link")): Object 'Object Repository/12-AI Assistant(beta)/12.4-Information/Terms of use link' is visible

2023-08-09 19:19:26 - [MESSAGE][PASSED] - Object 'Object Repository/12-AI Assistant(beta)/12.4-Information/Terms of use link' is visible

2023-08-09 19:19:26 - [TEST_STEP][PASSED] - verifyElementVisible(findTestObject("12-AI Assistant(beta)/12.4-Information/Usage policies")): Object 'Object Repository/12-AI Assistant(beta)/12.4-Information/Usage policies' is visible

2023-08-09 19:19:26 - [MESSAGE][PASSED] - Object 'Object Repository/12-AI Assistant(beta)/12.4-Information/Usage policies' is visible]]></system-out>
         <system-err><![CDATA[]]></system-err>
      </testcase>
      <testcase name="Test Cases/12- AI assistant (beta)/12.4-Information/02-Access Service terms" time="0.636" classname="Test Cases/12- AI assistant (beta)/12.4-Information/02-Access Service terms" status="PASSED">
         <system-out><![CDATA[2023-08-09 19:19:26 - [TEST_CASE][PASSED] - Test Cases/12- AI assistant (beta)/12.4-Information/02-Access Service terms: Test Cases/12- AI assistant (beta)/12.4-Information/02-Access Service terms

2023-08-09 19:19:26 - [TEST_STEP][PASSED] - click(findTestObject("12-AI Assistant(beta)/12.4-Information/Service terms link")): Object: 'Object Repository/12-AI Assistant(beta)/12.4-Information/Service terms link' is clicked on

2023-08-09 19:19:27 - [MESSAGE][PASSED] - Object: 'Object Repository/12-AI Assistant(beta)/12.4-Information/Service terms link' is clicked on

2023-08-09 19:19:27 - [TEST_STEP][PASSED] - url = getUrl(): Current window's url is: 'https://lab.everleagues.com/main/tools/openai'

2023-08-09 19:19:27 - [MESSAGE][PASSED] - Current window's url is: 'https://lab.everleagues.com/main/tools/openai'

2023-08-09 19:19:27 - [TEST_STEP][PASSED] - url.contains("https://openai.com/policies/service-terms"): null

2023-08-09 19:19:27 - [TEST_STEP][PASSED] - closeWindowIndex(1): Window with index 1 is closed

2023-08-09 19:19:27 - [MESSAGE][PASSED] - Window with index 1 is closed]]></system-out>
         <system-err><![CDATA[]]></system-err>
      </testcase>
      <system-out><![CDATA[2023-08-09 19:17:46 - [TEST_SUITE][PASSED] - 12.4-AI Assistant (Information): Test Cases/12- AI assistant (beta)/12.4-Information/02-Access Service terms]]></system-out>
      <system-err><![CDATA[]]></system-err>
   </testsuite>
</testsuites>
