<?xml version="1.0" encoding="UTF-8"?>
<testsuites name="03-Header Menu" time="240.191" tests="4" failures="0" errors="0">
   <testsuite name="03-Header Menu" tests="4" failures="0" errors="0" time="240.191" skipped="0" timestamp="2023-07-21 13:35:05" hostname="Personal - DESKTOP-TFDFEQ1" id="Test Suites/TS-Organization/03-Header Menu">
      <properties>
         <property name="deviceName" value=""/>
         <property name="devicePlatform" value=""/>
         <property name="logFolder" value="C:\\Users\\Personal\\Documents\\GitHub\\Everleagues\\Reports\\20230721_133504\\TS-Organization\\03-Header Menu\\20230721_133504"/>
         <property name="logFiles" value="C:\\Users\\Personal\\Documents\\GitHub\\Everleagues\\Reports\\20230721_133504\\TS-Organization\\03-Header Menu\\20230721_133504\\execution0.log"/>
         <property name="attachments" value=""/>
         <property name="hostName" value="Personal - DESKTOP-TFDFEQ1"/>
         <property name="os" value="Windows 11 64bit"/>
         <property name="katalonVersion" value="8.6.5.208"/>
         <property name="browser" value="Chrome 114.0.0.0"/>
         <property name="hostAddress" value="10.100.1.25"/>
         <property name="sessionId" value="1b2de79a6b80a671c10d0a38627e5393"/>
         <property name="seleniumVersion" value="3.141.59"/>
         <property name="proxyInformation" value="ProxyInformation { proxyOption=NO_PROXY, proxyServerType=HTTP, username=, password=********, proxyServerAddress=, proxyServerPort=0, executionList=&quot;&quot;, isApplyToDesiredCapabilities=true }"/>
         <property name="platform" value="Windows 11"/>
      </properties>
      <testcase name="Test Cases/03-Header Menu/01- Hamburger Button" time="84.886" classname="Test Cases/03-Header Menu/01- Hamburger Button" status="PASSED">
         <system-out><![CDATA[2023-07-21 13:35:05 - [TEST_CASE][PASSED] - Test Cases/03-Header Menu/01- Hamburger Button: Test Cases/03-Header Menu/01- Hamburger Button

2023-07-21 13:35:06 - [TEST_STEP][PASSED] - openBrowser(""): Browser is opened with url: ''

2023-07-21 13:35:06 - [MESSAGE][INFO] - Starting 'Chrome' driver

2023-07-21 13:35:06 - [MESSAGE][INFO] - User set preference: ['args', '[--disable-web-security, --ignore-certificate-errors, --no-first-run, --disable-gpu]']

2023-07-21 13:35:06 - [MESSAGE][INFO] - Action delay is set to 0 milliseconds

2023-07-21 13:35:08 - [MESSAGE][PASSED] - Browser is opened with url: ''

2023-07-21 13:35:08 - [TEST_STEP][PASSED] - navigateToUrl(app_url_login): Navigate to 'https://lab.everleagues.com/login' successfully

2023-07-21 13:35:18 - [MESSAGE][PASSED] - Navigate to 'https://lab.everleagues.com/login' successfully

2023-07-21 13:35:18 - [TEST_STEP][PASSED] - maximizeWindow(): Current window maximized

2023-07-21 13:35:19 - [MESSAGE][PASSED] - Current window maximized

2023-07-21 13:35:19 - [TEST_STEP][PASSED] - setText(findTestObject("02-Side Icons(Organization)/Add Contact/Email Field"), email_without_subscription): Text 'testuser01@mailinator.com' is set on object 'Object Repository/02-Side Icons(Organization)/Add Contact/Email Field'

2023-07-21 13:35:19 - [MESSAGE][PASSED] - Text 'testuser01@mailinator.com' is set on object 'Object Repository/02-Side Icons(Organization)/Add Contact/Email Field'

2023-07-21 13:35:19 - [TEST_STEP][PASSED] - setEncryptedText(findTestObject("02-Side Icons(Organization)/Add Contact/Password Field"), password): Text ****** has been set on object 'Object Repository/02-Side Icons(Organization)/Add Contact/Password Field'

2023-07-21 13:35:20 - [MESSAGE][PASSED] - Text ****** has been set on object 'Object Repository/02-Side Icons(Organization)/Add Contact/Password Field'

2023-07-21 13:35:20 - [TEST_STEP][PASSED] - click(findTestObject("02-Side Icons(Organization)/Add Contact/button_Sign in")): Object: 'Object Repository/02-Side Icons(Organization)/Add Contact/button_Sign in' is clicked on

2023-07-21 13:35:21 - [MESSAGE][PASSED] - Object: 'Object Repository/02-Side Icons(Organization)/Add Contact/button_Sign in' is clicked on

2023-07-21 13:35:21 - [TEST_STEP][PASSED] - delay(delay_2seconds): Delayed 2 second(s)

2023-07-21 13:35:23 - [MESSAGE][PASSED] - Delayed 2 second(s)

2023-07-21 13:35:23 - [TEST_STEP][PASSED] - executeJavaScript("window.open();", []): Execute JavaScript 'window.open();' successfully

2023-07-21 13:35:23 - [MESSAGE][PASSED] - Execute JavaScript 'window.open();' successfully

2023-07-21 13:35:23 - [TEST_STEP][PASSED] - currentWindow = getWindowIndex(): Current window's index is: 0

2023-07-21 13:35:23 - [MESSAGE][PASSED] - Current window's index is: 0

2023-07-21 13:35:23 - [TEST_STEP][PASSED] - delay(delay_3seconds): Delayed 3 second(s)

2023-07-21 13:35:26 - [MESSAGE][PASSED] - Delayed 3 second(s)

2023-07-21 13:35:26 - [TEST_STEP][PASSED] - switchToWindowIndex(currentWindow + 1): Switched to window with index: '1'

2023-07-21 13:35:26 - [MESSAGE][PASSED] - Switched to window with index: '1'

2023-07-21 13:35:26 - [TEST_STEP][PASSED] - navigateToUrl(app_mailinator): Navigate to 'https://www.mailinator.com/' successfully

2023-07-21 13:35:34 - [MESSAGE][PASSED] - Navigate to 'https://www.mailinator.com/' successfully

2023-07-21 13:35:34 - [TEST_STEP][PASSED] - delay(delay_3seconds): Delayed 3 second(s)

2023-07-21 13:35:37 - [MESSAGE][PASSED] - Delayed 3 second(s)

2023-07-21 13:35:37 - [TEST_STEP][PASSED] - setText(findTestObject("00-Signup and Activation/zMailinator/input_LOGIN_search"), email_for_searchmailinator_testuser01): Text 'testuser01@mailinator.com' is set on object 'Object Repository/00-Signup and Activation/zMailinator/input_LOGIN_search'

2023-07-21 13:35:38 - [MESSAGE][PASSED] - Text 'testuser01@mailinator.com' is set on object 'Object Repository/00-Signup and Activation/zMailinator/input_LOGIN_search'

2023-07-21 13:35:38 - [TEST_STEP][PASSED] - click(findTestObject("00-Signup and Activation/zMailinator/gobutton"), STOP_ON_FAILURE): Object: 'Object Repository/00-Signup and Activation/zMailinator/gobutton' is clicked on

2023-07-21 13:35:41 - [MESSAGE][PASSED] - Object: 'Object Repository/00-Signup and Activation/zMailinator/gobutton' is clicked on

2023-07-21 13:35:41 - [TEST_STEP][PASSED] - delay(delay_3seconds): Delayed 3 second(s)

2023-07-21 13:35:44 - [MESSAGE][PASSED] - Delayed 3 second(s)

2023-07-21 13:35:44 - [TEST_STEP][PASSED] - click(findTestObject("00-Signup and Activation/zMailinator/Email - everleagues")): Object: 'Object Repository/00-Signup and Activation/zMailinator/Email - everleagues' is clicked on

2023-07-21 13:35:44 - [MESSAGE][PASSED] - Object: 'Object Repository/00-Signup and Activation/zMailinator/Email - everleagues' is clicked on

2023-07-21 13:35:44 - [TEST_STEP][PASSED] - delay(delay_3seconds): Delayed 3 second(s)

2023-07-21 13:35:47 - [MESSAGE][PASSED] - Delayed 3 second(s)

2023-07-21 13:35:47 - [TEST_STEP][PASSED] - code = getText(findTestObject("Object Repository/06-Teams/For 2FA/2FA code")): Text of object 'Object Repository/06-Teams/For 2FA/2FA code' is: '960023'

2023-07-21 13:35:47 - [MESSAGE][PASSED] - Text of object 'Object Repository/06-Teams/For 2FA/2FA code' is: '960023'

2023-07-21 13:35:47 - [TEST_STEP][PASSED] - delay(delay_3seconds): Delayed 3 second(s)

2023-07-21 13:35:51 - [MESSAGE][PASSED] - Delayed 3 second(s)

2023-07-21 13:35:51 - [TEST_STEP][PASSED] - closeWindowTitle("Mailinator"): Window with title: 'Mailinator' is closed

2023-07-21 13:35:51 - [MESSAGE][PASSED] - Window with title: 'Mailinator' is closed

2023-07-21 13:35:51 - [TEST_STEP][PASSED] - delay(delay_3seconds): Delayed 3 second(s)

2023-07-21 13:35:54 - [MESSAGE][PASSED] - Delayed 3 second(s)

2023-07-21 13:35:54 - [TEST_STEP][PASSED] - switchToWindowIndex(0): Switched to window with index: '0'

2023-07-21 13:35:54 - [MESSAGE][PASSED] - Switched to window with index: '0'

2023-07-21 13:35:54 - [TEST_STEP][PASSED] - delay(delay_3seconds): Delayed 3 second(s)

2023-07-21 13:35:57 - [MESSAGE][PASSED] - Delayed 3 second(s)

2023-07-21 13:35:57 - [TEST_STEP][PASSED] - setText(findTestObject("Object Repository/06-Teams/For 2FA/input_Enter verification code_code"), code): Text '960023' is set on object 'Object Repository/06-Teams/For 2FA/input_Enter verification code_code'

2023-07-21 13:35:57 - [MESSAGE][PASSED] - Text '960023' is set on object 'Object Repository/06-Teams/For 2FA/input_Enter verification code_code'

2023-07-21 13:35:57 - [TEST_STEP][PASSED] - delay(delay_3seconds): Delayed 3 second(s)

2023-07-21 13:36:00 - [MESSAGE][PASSED] - Delayed 3 second(s)

2023-07-21 13:36:00 - [TEST_STEP][PASSED] - click(findTestObject("06-Teams/For 2FA/button_Verify_2FA")): Object: 'Object Repository/06-Teams/For 2FA/button_Verify_2FA' is clicked on

2023-07-21 13:36:01 - [MESSAGE][PASSED] - Object: 'Object Repository/06-Teams/For 2FA/button_Verify_2FA' is clicked on

2023-07-21 13:36:01 - [TEST_STEP][PASSED] - delay(delay_5seconds): Delayed 5 second(s)

2023-07-21 13:36:06 - [MESSAGE][PASSED] - Delayed 5 second(s)

2023-07-21 13:36:06 - [TEST_STEP][PASSED] - click(findTestObject("03-Header Menu/Hamburger Button/button_menu")): Object: 'Object Repository/03-Header Menu/Hamburger Button/button_menu' is clicked on

2023-07-21 13:36:07 - [MESSAGE][PASSED] - Object: 'Object Repository/03-Header Menu/Hamburger Button/button_menu' is clicked on

2023-07-21 13:36:07 - [TEST_STEP][PASSED] - delay(delay_5seconds): Delayed 5 second(s)

2023-07-21 13:36:12 - [MESSAGE][PASSED] - Delayed 5 second(s)

2023-07-21 13:36:12 - [TEST_STEP][PASSED] - verifyElementNotVisible(findTestObject("03-Header Menu/Hamburger Button/div_Add My Organization"), STOP_ON_FAILURE): Object 'Object Repository/03-Header Menu/Hamburger Button/div_Add My Organization' is NOT visible

2023-07-21 13:36:12 - [MESSAGE][PASSED] - Object 'Object Repository/03-Header Menu/Hamburger Button/div_Add My Organization' is NOT visible

2023-07-21 13:36:12 - [TEST_STEP][PASSED] - verifyElementNotVisible(findTestObject("03-Header Menu/Hamburger Button/div_Dashboard"), STOP_ON_FAILURE): Object 'Object Repository/03-Header Menu/Hamburger Button/div_Dashboard' is NOT visible

2023-07-21 13:36:13 - [MESSAGE][PASSED] - Object 'Object Repository/03-Header Menu/Hamburger Button/div_Dashboard' is NOT visible

2023-07-21 13:36:13 - [TEST_STEP][PASSED] - verifyElementNotVisible(findTestObject("03-Header Menu/Hamburger Button/div_Chat"), STOP_ON_FAILURE): Object 'Object Repository/03-Header Menu/Hamburger Button/div_Chat' is NOT visible

2023-07-21 13:36:13 - [MESSAGE][PASSED] - Object 'Object Repository/03-Header Menu/Hamburger Button/div_Chat' is NOT visible

2023-07-21 13:36:13 - [TEST_STEP][PASSED] - verifyElementNotVisible(findTestObject("03-Header Menu/Hamburger Button/div_Teams"), STOP_ON_FAILURE): Object 'Object Repository/03-Header Menu/Hamburger Button/div_Teams' is NOT visible

2023-07-21 13:36:13 - [MESSAGE][PASSED] - Object 'Object Repository/03-Header Menu/Hamburger Button/div_Teams' is NOT visible

2023-07-21 13:36:13 - [TEST_STEP][PASSED] - verifyElementNotVisible(findTestObject("03-Header Menu/Hamburger Button/div_Directory"), STOP_ON_FAILURE): Object 'Object Repository/03-Header Menu/Hamburger Button/div_Directory' is NOT visible

2023-07-21 13:36:14 - [MESSAGE][PASSED] - Object 'Object Repository/03-Header Menu/Hamburger Button/div_Directory' is NOT visible

2023-07-21 13:36:14 - [TEST_STEP][PASSED] - verifyElementNotVisible(findTestObject("03-Header Menu/Hamburger Button/div_Operation"), STOP_ON_FAILURE): Object 'Object Repository/03-Header Menu/Hamburger Button/div_Operation' is NOT visible

2023-07-21 13:36:14 - [MESSAGE][PASSED] - Object 'Object Repository/03-Header Menu/Hamburger Button/div_Operation' is NOT visible

2023-07-21 13:36:14 - [TEST_STEP][PASSED] - verifyElementNotVisible(findTestObject("03-Header Menu/Hamburger Button/div_Settings"), STOP_ON_FAILURE): Object 'Object Repository/03-Header Menu/Hamburger Button/div_Settings' is NOT visible

2023-07-21 13:36:14 - [MESSAGE][PASSED] - Object 'Object Repository/03-Header Menu/Hamburger Button/div_Settings' is NOT visible

2023-07-21 13:36:14 - [TEST_STEP][PASSED] - verifyElementNotVisible(findTestObject("03-Header Menu/Hamburger Button/div_Open Video Conference"), STOP_ON_FAILURE): Object 'Object Repository/03-Header Menu/Hamburger Button/div_Open Video Conference' is NOT visible

2023-07-21 13:36:15 - [MESSAGE][PASSED] - Object 'Object Repository/03-Header Menu/Hamburger Button/div_Open Video Conference' is NOT visible

2023-07-21 13:36:15 - [TEST_STEP][PASSED] - verifyElementNotVisible(findTestObject("03-Header Menu/Hamburger Button/div_Cloud Files"), STOP_ON_FAILURE): Object 'Object Repository/03-Header Menu/Hamburger Button/div_Cloud Files' is NOT visible

2023-07-21 13:36:15 - [MESSAGE][PASSED] - Object 'Object Repository/03-Header Menu/Hamburger Button/div_Cloud Files' is NOT visible

2023-07-21 13:36:15 - [TEST_STEP][PASSED] - verifyElementNotVisible(findTestObject("03-Header Menu/Hamburger Button/div_ELSign"), STOP_ON_FAILURE): Object 'Object Repository/03-Header Menu/Hamburger Button/div_ELSign' is NOT visible

2023-07-21 13:36:15 - [MESSAGE][PASSED] - Object 'Object Repository/03-Header Menu/Hamburger Button/div_ELSign' is NOT visible

2023-07-21 13:36:15 - [TEST_STEP][PASSED] - verifyElementNotVisible(findTestObject("03-Header Menu/Hamburger Button/div_Income and Expense"), STOP_ON_FAILURE): Object 'Object Repository/03-Header Menu/Hamburger Button/div_Income and Expense' is NOT visible

2023-07-21 13:36:16 - [MESSAGE][PASSED] - Object 'Object Repository/03-Header Menu/Hamburger Button/div_Income and Expense' is NOT visible

2023-07-21 13:36:16 - [TEST_STEP][PASSED] - verifyElementNotVisible(findTestObject("03-Header Menu/Hamburger Button/div_ELNet"), CONTINUE_ON_FAILURE): Object 'Object Repository/03-Header Menu/Hamburger Button/div_ELNet' is NOT visible

2023-07-21 13:36:16 - [MESSAGE][PASSED] - Object 'Object Repository/03-Header Menu/Hamburger Button/div_ELNet' is NOT visible

2023-07-21 13:36:16 - [TEST_STEP][PASSED] - verifyElementNotVisible(findTestObject("03-Header Menu/Hamburger Button/div_Help"), STOP_ON_FAILURE): Object 'Object Repository/03-Header Menu/Hamburger Button/div_Help' is NOT visible

2023-07-21 13:36:16 - [MESSAGE][PASSED] - Object 'Object Repository/03-Header Menu/Hamburger Button/div_Help' is NOT visible

2023-07-21 13:36:16 - [TEST_STEP][PASSED] - delay(delay_5seconds): Delayed 5 second(s)

2023-07-21 13:36:21 - [MESSAGE][PASSED] - Delayed 5 second(s)

2023-07-21 13:36:21 - [TEST_STEP][PASSED] - click(findTestObject("03-Header Menu/Hamburger Button/button_menu")): Object: 'Object Repository/03-Header Menu/Hamburger Button/button_menu' is clicked on

2023-07-21 13:36:22 - [MESSAGE][PASSED] - Object: 'Object Repository/03-Header Menu/Hamburger Button/button_menu' is clicked on

2023-07-21 13:36:22 - [TEST_STEP][PASSED] - verifyElementVisible(findTestObject("03-Header Menu/Hamburger Button/div_Add My Organization"), STOP_ON_FAILURE): Object 'Object Repository/03-Header Menu/Hamburger Button/div_Add My Organization' is visible

2023-07-21 13:36:23 - [MESSAGE][PASSED] - Object 'Object Repository/03-Header Menu/Hamburger Button/div_Add My Organization' is visible

2023-07-21 13:36:23 - [TEST_STEP][PASSED] - verifyElementVisible(findTestObject("03-Header Menu/Hamburger Button/div_Dashboard"), STOP_ON_FAILURE): Object 'Object Repository/03-Header Menu/Hamburger Button/div_Dashboard' is visible

2023-07-21 13:36:23 - [MESSAGE][PASSED] - Object 'Object Repository/03-Header Menu/Hamburger Button/div_Dashboard' is visible

2023-07-21 13:36:23 - [TEST_STEP][PASSED] - verifyElementVisible(findTestObject("03-Header Menu/Hamburger Button/div_Chat"), STOP_ON_FAILURE): Object 'Object Repository/03-Header Menu/Hamburger Button/div_Chat' is visible

2023-07-21 13:36:23 - [MESSAGE][PASSED] - Object 'Object Repository/03-Header Menu/Hamburger Button/div_Chat' is visible

2023-07-21 13:36:23 - [TEST_STEP][PASSED] - verifyElementVisible(findTestObject("03-Header Menu/Hamburger Button/div_Teams"), STOP_ON_FAILURE): Object 'Object Repository/03-Header Menu/Hamburger Button/div_Teams' is visible

2023-07-21 13:36:24 - [MESSAGE][PASSED] - Object 'Object Repository/03-Header Menu/Hamburger Button/div_Teams' is visible

2023-07-21 13:36:24 - [TEST_STEP][PASSED] - verifyElementVisible(findTestObject("03-Header Menu/Hamburger Button/div_Directory"), STOP_ON_FAILURE): Object 'Object Repository/03-Header Menu/Hamburger Button/div_Directory' is visible

2023-07-21 13:36:24 - [MESSAGE][PASSED] - Object 'Object Repository/03-Header Menu/Hamburger Button/div_Directory' is visible

2023-07-21 13:36:24 - [TEST_STEP][PASSED] - verifyElementVisible(findTestObject("03-Header Menu/Hamburger Button/div_Operation"), CONTINUE_ON_FAILURE): Object 'Object Repository/03-Header Menu/Hamburger Button/div_Operation' is visible

2023-07-21 13:36:24 - [MESSAGE][PASSED] - Object 'Object Repository/03-Header Menu/Hamburger Button/div_Operation' is visible

2023-07-21 13:36:24 - [TEST_STEP][PASSED] - verifyElementVisible(findTestObject("03-Header Menu/Hamburger Button/div_Settings"), CONTINUE_ON_FAILURE): Object 'Object Repository/03-Header Menu/Hamburger Button/div_Settings' is visible

2023-07-21 13:36:25 - [MESSAGE][PASSED] - Object 'Object Repository/03-Header Menu/Hamburger Button/div_Settings' is visible

2023-07-21 13:36:25 - [TEST_STEP][PASSED] - verifyElementVisible(findTestObject("03-Header Menu/Hamburger Button/div_Open Video Conference"), STOP_ON_FAILURE): Object 'Object Repository/03-Header Menu/Hamburger Button/div_Open Video Conference' is visible

2023-07-21 13:36:25 - [MESSAGE][PASSED] - Object 'Object Repository/03-Header Menu/Hamburger Button/div_Open Video Conference' is visible

2023-07-21 13:36:25 - [TEST_STEP][PASSED] - verifyElementVisible(findTestObject("03-Header Menu/Hamburger Button/div_Cloud Files"), STOP_ON_FAILURE): Object 'Object Repository/03-Header Menu/Hamburger Button/div_Cloud Files' is visible

2023-07-21 13:36:25 - [MESSAGE][PASSED] - Object 'Object Repository/03-Header Menu/Hamburger Button/div_Cloud Files' is visible

2023-07-21 13:36:25 - [TEST_STEP][PASSED] - scrollToElement(findTestObject("03-Header Menu/Hamburger Button/div_ELSign"), 0): Scroll to object 'Object Repository/03-Header Menu/Hamburger Button/div_ELSign' successfully

2023-07-21 13:36:25 - [MESSAGE][WARNING] - Timeout '0' is invalid. Using default page load timeout: '30'

2023-07-21 13:36:26 - [MESSAGE][PASSED] - Scroll to object 'Object Repository/03-Header Menu/Hamburger Button/div_ELSign' successfully

2023-07-21 13:36:26 - [TEST_STEP][PASSED] - verifyElementVisible(findTestObject("03-Header Menu/Hamburger Button/div_ELSign"), STOP_ON_FAILURE): Object 'Object Repository/03-Header Menu/Hamburger Button/div_ELSign' is visible

2023-07-21 13:36:26 - [MESSAGE][PASSED] - Object 'Object Repository/03-Header Menu/Hamburger Button/div_ELSign' is visible

2023-07-21 13:36:26 - [TEST_STEP][PASSED] - verifyElementVisible(findTestObject("03-Header Menu/Hamburger Button/div_Income and Expense"), STOP_ON_FAILURE): Object 'Object Repository/03-Header Menu/Hamburger Button/div_Income and Expense' is visible

2023-07-21 13:36:26 - [MESSAGE][PASSED] - Object 'Object Repository/03-Header Menu/Hamburger Button/div_Income and Expense' is visible

2023-07-21 13:36:26 - [TEST_STEP][PASSED] - verifyElementVisible(findTestObject("03-Header Menu/Hamburger Button/div_ELNet"), CONTINUE_ON_FAILURE): Object 'Object Repository/03-Header Menu/Hamburger Button/div_ELNet' is visible

2023-07-21 13:36:27 - [MESSAGE][PASSED] - Object 'Object Repository/03-Header Menu/Hamburger Button/div_ELNet' is visible

2023-07-21 13:36:27 - [TEST_STEP][PASSED] - verifyElementVisible(findTestObject("03-Header Menu/Hamburger Button/div_Help"), STOP_ON_FAILURE): Object 'Object Repository/03-Header Menu/Hamburger Button/div_Help' is visible

2023-07-21 13:36:27 - [MESSAGE][PASSED] - Object 'Object Repository/03-Header Menu/Hamburger Button/div_Help' is visible

2023-07-21 13:36:27 - [TEST_STEP][PASSED] - scrollToElement(findTestObject("03-Header Menu/Hamburger Button/div_Dashboard"), 0): Scroll to object 'Object Repository/03-Header Menu/Hamburger Button/div_Dashboard' successfully

2023-07-21 13:36:27 - [MESSAGE][WARNING] - Timeout '0' is invalid. Using default page load timeout: '30'

2023-07-21 13:36:27 - [MESSAGE][PASSED] - Scroll to object 'Object Repository/03-Header Menu/Hamburger Button/div_Dashboard' successfully

2023-07-21 13:36:27 - [TEST_STEP][PASSED] - delay(delay_3seconds): Delayed 3 second(s)

2023-07-21 13:36:30 - [MESSAGE][PASSED] - Delayed 3 second(s)]]></system-out>
         <system-err><![CDATA[]]></system-err>
      </testcase>
      <testcase name="Test Cases/03-Header Menu/02- Language Selector" time="51.808" classname="Test Cases/03-Header Menu/02- Language Selector" status="PASSED">
         <system-out><![CDATA[2023-07-21 13:36:30 - [TEST_CASE][PASSED] - Test Cases/03-Header Menu/02- Language Selector: Test Cases/03-Header Menu/02- Language Selector

2023-07-21 13:36:31 - [TEST_STEP][PASSED] - click(findTestObject("03-Header Menu/Language/button_Language Selector")): Object: 'Object Repository/03-Header Menu/Language/button_Language Selector' is clicked on

2023-07-21 13:36:31 - [MESSAGE][PASSED] - Object: 'Object Repository/03-Header Menu/Language/button_Language Selector' is clicked on

2023-07-21 13:36:31 - [TEST_STEP][PASSED] - delay(delay_2seconds): Delayed 2 second(s)

2023-07-21 13:36:33 - [MESSAGE][PASSED] - Delayed 2 second(s)

2023-07-21 13:36:33 - [TEST_STEP][PASSED] - click(findTestObject("03-Header Menu/Language/button_chinese 1")): Object: 'Object Repository/03-Header Menu/Language/button_chinese 1' is clicked on

2023-07-21 13:36:33 - [MESSAGE][PASSED] - Object: 'Object Repository/03-Header Menu/Language/button_chinese 1' is clicked on

2023-07-21 13:36:33 - [TEST_STEP][PASSED] - delay(delay_2seconds): Delayed 2 second(s)

2023-07-21 13:36:35 - [MESSAGE][PASSED] - Delayed 2 second(s)

2023-07-21 13:36:35 - [TEST_STEP][PASSED] - verifyElementVisible(findTestObject("03-Header Menu/Language/Language Div/div_chinese1 dashboard")): Object 'Object Repository/03-Header Menu/Language/Language Div/div_chinese1 dashboard' is visible

2023-07-21 13:36:36 - [MESSAGE][PASSED] - Object 'Object Repository/03-Header Menu/Language/Language Div/div_chinese1 dashboard' is visible

2023-07-21 13:36:36 - [TEST_STEP][PASSED] - verifyElementVisible(findTestObject("03-Header Menu/Language/Language Div/div_chinese1 chat")): Object 'Object Repository/03-Header Menu/Language/Language Div/div_chinese1 chat' is visible

2023-07-21 13:36:36 - [MESSAGE][PASSED] - Object 'Object Repository/03-Header Menu/Language/Language Div/div_chinese1 chat' is visible

2023-07-21 13:36:36 - [TEST_STEP][PASSED] - verifyElementVisible(findTestObject("03-Header Menu/Language/Language Div/div_chinese1 teams")): Object 'Object Repository/03-Header Menu/Language/Language Div/div_chinese1 teams' is visible

2023-07-21 13:36:36 - [MESSAGE][PASSED] - Object 'Object Repository/03-Header Menu/Language/Language Div/div_chinese1 teams' is visible

2023-07-21 13:36:36 - [TEST_STEP][PASSED] - delay(delay_2seconds): Delayed 2 second(s)

2023-07-21 13:36:38 - [MESSAGE][PASSED] - Delayed 2 second(s)

2023-07-21 13:36:38 - [TEST_STEP][PASSED] - click(findTestObject("03-Header Menu/Language/button_Language Selector")): Object: 'Object Repository/03-Header Menu/Language/button_Language Selector' is clicked on

2023-07-21 13:36:39 - [MESSAGE][PASSED] - Object: 'Object Repository/03-Header Menu/Language/button_Language Selector' is clicked on

2023-07-21 13:36:39 - [TEST_STEP][PASSED] - delay(delay_2seconds): Delayed 2 second(s)

2023-07-21 13:36:41 - [MESSAGE][PASSED] - Delayed 2 second(s)

2023-07-21 13:36:41 - [TEST_STEP][PASSED] - click(findTestObject("03-Header Menu/Language/button_chinese 2")): Object: 'Object Repository/03-Header Menu/Language/button_chinese 2' is clicked on

2023-07-21 13:36:41 - [MESSAGE][PASSED] - Object: 'Object Repository/03-Header Menu/Language/button_chinese 2' is clicked on

2023-07-21 13:36:41 - [TEST_STEP][PASSED] - delay(delay_2seconds): Delayed 2 second(s)

2023-07-21 13:36:43 - [MESSAGE][PASSED] - Delayed 2 second(s)

2023-07-21 13:36:43 - [TEST_STEP][PASSED] - verifyElementVisible(findTestObject("03-Header Menu/Language/Language Div/div_chinese2 dashboard")): Object 'Object Repository/03-Header Menu/Language/Language Div/div_chinese2 dashboard' is visible

2023-07-21 13:36:43 - [MESSAGE][PASSED] - Object 'Object Repository/03-Header Menu/Language/Language Div/div_chinese2 dashboard' is visible

2023-07-21 13:36:43 - [TEST_STEP][PASSED] - verifyElementVisible(findTestObject("03-Header Menu/Language/Language Div/div_chinese2 chat")): Object 'Object Repository/03-Header Menu/Language/Language Div/div_chinese2 chat' is visible

2023-07-21 13:36:44 - [MESSAGE][PASSED] - Object 'Object Repository/03-Header Menu/Language/Language Div/div_chinese2 chat' is visible

2023-07-21 13:36:44 - [TEST_STEP][PASSED] - verifyElementVisible(findTestObject("03-Header Menu/Language/Language Div/div_chinese2 teams")): Object 'Object Repository/03-Header Menu/Language/Language Div/div_chinese2 teams' is visible

2023-07-21 13:36:44 - [MESSAGE][PASSED] - Object 'Object Repository/03-Header Menu/Language/Language Div/div_chinese2 teams' is visible

2023-07-21 13:36:44 - [TEST_STEP][PASSED] - delay(delay_2seconds): Delayed 2 second(s)

2023-07-21 13:36:46 - [MESSAGE][PASSED] - Delayed 2 second(s)

2023-07-21 13:36:46 - [TEST_STEP][PASSED] - click(findTestObject("03-Header Menu/Language/button_Language Selector")): Object: 'Object Repository/03-Header Menu/Language/button_Language Selector' is clicked on

2023-07-21 13:36:46 - [MESSAGE][PASSED] - Object: 'Object Repository/03-Header Menu/Language/button_Language Selector' is clicked on

2023-07-21 13:36:46 - [TEST_STEP][PASSED] - delay(delay_2seconds): Delayed 2 second(s)

2023-07-21 13:36:48 - [MESSAGE][PASSED] - Delayed 2 second(s)

2023-07-21 13:36:48 - [TEST_STEP][PASSED] - click(findTestObject("03-Header Menu/Language/button_chinese 3")): Object: 'Object Repository/03-Header Menu/Language/button_chinese 3' is clicked on

2023-07-21 13:36:49 - [MESSAGE][PASSED] - Object: 'Object Repository/03-Header Menu/Language/button_chinese 3' is clicked on

2023-07-21 13:36:49 - [TEST_STEP][PASSED] - delay(delay_2seconds): Delayed 2 second(s)

2023-07-21 13:36:51 - [MESSAGE][PASSED] - Delayed 2 second(s)

2023-07-21 13:36:51 - [TEST_STEP][PASSED] - verifyElementVisible(findTestObject("03-Header Menu/Language/Language Div/div_chinese3 dashboard")): Object 'Object Repository/03-Header Menu/Language/Language Div/div_chinese3 dashboard' is visible

2023-07-21 13:36:51 - [MESSAGE][PASSED] - Object 'Object Repository/03-Header Menu/Language/Language Div/div_chinese3 dashboard' is visible

2023-07-21 13:36:51 - [TEST_STEP][PASSED] - verifyElementVisible(findTestObject("03-Header Menu/Language/Language Div/div_chinese3 chat")): Object 'Object Repository/03-Header Menu/Language/Language Div/div_chinese3 chat' is visible

2023-07-21 13:36:51 - [MESSAGE][PASSED] - Object 'Object Repository/03-Header Menu/Language/Language Div/div_chinese3 chat' is visible

2023-07-21 13:36:51 - [TEST_STEP][PASSED] - verifyElementVisible(findTestObject("03-Header Menu/Language/Language Div/div_chinese3 teams")): Object 'Object Repository/03-Header Menu/Language/Language Div/div_chinese3 teams' is visible

2023-07-21 13:36:52 - [MESSAGE][PASSED] - Object 'Object Repository/03-Header Menu/Language/Language Div/div_chinese3 teams' is visible

2023-07-21 13:36:52 - [TEST_STEP][PASSED] - delay(delay_2seconds): Delayed 2 second(s)

2023-07-21 13:36:54 - [MESSAGE][PASSED] - Delayed 2 second(s)

2023-07-21 13:36:54 - [TEST_STEP][PASSED] - click(findTestObject("03-Header Menu/Language/button_Language Selector")): Object: 'Object Repository/03-Header Menu/Language/button_Language Selector' is clicked on

2023-07-21 13:36:54 - [MESSAGE][PASSED] - Object: 'Object Repository/03-Header Menu/Language/button_Language Selector' is clicked on

2023-07-21 13:36:54 - [TEST_STEP][PASSED] - delay(delay_2seconds): Delayed 2 second(s)

2023-07-21 13:36:56 - [MESSAGE][PASSED] - Delayed 2 second(s)

2023-07-21 13:36:56 - [TEST_STEP][PASSED] - click(findTestObject("03-Header Menu/Language/button_Espanol")): Object: 'Object Repository/03-Header Menu/Language/button_Espanol' is clicked on

2023-07-21 13:36:57 - [MESSAGE][PASSED] - Object: 'Object Repository/03-Header Menu/Language/button_Espanol' is clicked on

2023-07-21 13:36:57 - [TEST_STEP][PASSED] - delay(delay_2seconds): Delayed 2 second(s)

2023-07-21 13:36:59 - [MESSAGE][PASSED] - Delayed 2 second(s)

2023-07-21 13:36:59 - [TEST_STEP][PASSED] - verifyElementVisible(findTestObject("03-Header Menu/Language/Language Div/div_spanish_Panel")): Object 'Object Repository/03-Header Menu/Language/Language Div/div_spanish_Panel' is visible

2023-07-21 13:36:59 - [MESSAGE][PASSED] - Object 'Object Repository/03-Header Menu/Language/Language Div/div_spanish_Panel' is visible

2023-07-21 13:36:59 - [TEST_STEP][PASSED] - verifyElementVisible(findTestObject("03-Header Menu/Language/Language Div/div_spanish_Equipo")): Object 'Object Repository/03-Header Menu/Language/Language Div/div_spanish_Equipo' is visible

2023-07-21 13:36:59 - [MESSAGE][PASSED] - Object 'Object Repository/03-Header Menu/Language/Language Div/div_spanish_Equipo' is visible

2023-07-21 13:36:59 - [TEST_STEP][PASSED] - delay(delay_2seconds): Delayed 2 second(s)

2023-07-21 13:37:01 - [MESSAGE][PASSED] - Delayed 2 second(s)

2023-07-21 13:37:01 - [TEST_STEP][PASSED] - click(findTestObject("03-Header Menu/Language/button_Language Selector")): Object: 'Object Repository/03-Header Menu/Language/button_Language Selector' is clicked on

2023-07-21 13:37:02 - [MESSAGE][PASSED] - Object: 'Object Repository/03-Header Menu/Language/button_Language Selector' is clicked on

2023-07-21 13:37:02 - [TEST_STEP][PASSED] - delay(delay_2seconds): Delayed 2 second(s)

2023-07-21 13:37:04 - [MESSAGE][PASSED] - Delayed 2 second(s)

2023-07-21 13:37:04 - [TEST_STEP][PASSED] - click(findTestObject("03-Header Menu/Language/button_Italiano")): Object: 'Object Repository/03-Header Menu/Language/button_Italiano' is clicked on

2023-07-21 13:37:04 - [MESSAGE][PASSED] - Object: 'Object Repository/03-Header Menu/Language/button_Italiano' is clicked on

2023-07-21 13:37:04 - [TEST_STEP][PASSED] - delay(delay_10seconds): Delayed 10 second(s)

2023-07-21 13:37:14 - [MESSAGE][PASSED] - Delayed 10 second(s)

2023-07-21 13:37:14 - [TEST_STEP][PASSED] - verifyElementVisible(findTestObject("03-Header Menu/Language/Language Div/div_Pannello di controllo")): Object 'Object Repository/03-Header Menu/Language/Language Div/div_Pannello di controllo' is visible

2023-07-21 13:37:14 - [MESSAGE][PASSED] - Object 'Object Repository/03-Header Menu/Language/Language Div/div_Pannello di controllo' is visible

2023-07-21 13:37:14 - [TEST_STEP][PASSED] - verifyElementVisible(findTestObject("03-Header Menu/Language/Language Div/div_Impostazioni"), CONTINUE_ON_FAILURE): Object 'Object Repository/03-Header Menu/Language/Language Div/div_Impostazioni' is visible

2023-07-21 13:37:15 - [MESSAGE][PASSED] - Object 'Object Repository/03-Header Menu/Language/Language Div/div_Impostazioni' is visible

2023-07-21 13:37:15 - [TEST_STEP][PASSED] - click(findTestObject("03-Header Menu/Language/button_Language Selector")): Object: 'Object Repository/03-Header Menu/Language/button_Language Selector' is clicked on

2023-07-21 13:37:15 - [MESSAGE][PASSED] - Object: 'Object Repository/03-Header Menu/Language/button_Language Selector' is clicked on

2023-07-21 13:37:15 - [TEST_STEP][PASSED] - delay(delay_2seconds): Delayed 2 second(s)

2023-07-21 13:37:17 - [MESSAGE][PASSED] - Delayed 2 second(s)

2023-07-21 13:37:17 - [TEST_STEP][PASSED] - click(findTestObject("03-Header Menu/Language/button_English")): Object: 'Object Repository/03-Header Menu/Language/button_English' is clicked on

2023-07-21 13:37:17 - [MESSAGE][PASSED] - Object: 'Object Repository/03-Header Menu/Language/button_English' is clicked on

2023-07-21 13:37:17 - [TEST_STEP][PASSED] - delay(delay_2seconds): Delayed 2 second(s)

2023-07-21 13:37:19 - [MESSAGE][PASSED] - Delayed 2 second(s)

2023-07-21 13:37:19 - [TEST_STEP][PASSED] - verifyElementVisible(findTestObject("03-Header Menu/Language/Language Div/div_Dashboard")): Object 'Object Repository/03-Header Menu/Language/Language Div/div_Dashboard' is visible

2023-07-21 13:37:20 - [MESSAGE][PASSED] - Object 'Object Repository/03-Header Menu/Language/Language Div/div_Dashboard' is visible

2023-07-21 13:37:20 - [TEST_STEP][PASSED] - verifyElementVisible(findTestObject("03-Header Menu/Language/Language Div/div_Teams")): Object 'Object Repository/03-Header Menu/Language/Language Div/div_Teams' is visible

2023-07-21 13:37:20 - [MESSAGE][PASSED] - Object 'Object Repository/03-Header Menu/Language/Language Div/div_Teams' is visible

2023-07-21 13:37:20 - [TEST_STEP][PASSED] - delay(delay_2seconds): Delayed 2 second(s)

2023-07-21 13:37:22 - [MESSAGE][PASSED] - Delayed 2 second(s)]]></system-out>
         <system-err><![CDATA[]]></system-err>
      </testcase>
      <testcase name="Test Cases/03-Header Menu/03- Users Profile menu and notification button" time="14.618" classname="Test Cases/03-Header Menu/03- Users Profile menu and notification button" status="PASSED">
         <system-out><![CDATA[2023-07-21 13:37:22 - [TEST_CASE][PASSED] - Test Cases/03-Header Menu/03- Users Profile menu and notification button: Test Cases/03-Header Menu/03- Users Profile menu and notification button

2023-07-21 13:37:22 - [TEST_STEP][PASSED] - click(findTestObject("03-Header Menu/User Profile/Users Profile menu and notification button/button_notification bell"), CONTINUE_ON_FAILURE): Object: 'Object Repository/03-Header Menu/User Profile/Users Profile menu and notification button/button_notification bell' is clicked on

2023-07-21 13:37:23 - [MESSAGE][PASSED] - Object: 'Object Repository/03-Header Menu/User Profile/Users Profile menu and notification button/button_notification bell' is clicked on

2023-07-21 13:37:23 - [TEST_STEP][PASSED] - delay(delay_2seconds): Delayed 2 second(s)

2023-07-21 13:37:25 - [MESSAGE][PASSED] - Delayed 2 second(s)

2023-07-21 13:37:25 - [TEST_STEP][PASSED] - verifyElementVisible(findTestObject("03-Header Menu/User Profile/Users Profile menu and notification button/div_notification modal"), CONTINUE_ON_FAILURE): Object 'Object Repository/03-Header Menu/User Profile/Users Profile menu and notification button/div_notification modal' is visible

2023-07-21 13:37:25 - [MESSAGE][PASSED] - Object 'Object Repository/03-Header Menu/User Profile/Users Profile menu and notification button/div_notification modal' is visible

2023-07-21 13:37:25 - [TEST_STEP][PASSED] - delay(delay_2seconds): Delayed 2 second(s)

2023-07-21 13:37:27 - [MESSAGE][PASSED] - Delayed 2 second(s)

2023-07-21 13:37:27 - [TEST_STEP][PASSED] - clickOffset(findTestObject("03-Header Menu/User Profile/Users Profile menu and notification button/div_notification modal"), 100, 100, CONTINUE_ON_FAILURE): Object: 'Object Repository/03-Header Menu/User Profile/Users Profile menu and notification button/div_notification modal' is clicked on using offset x=100 and y=100

2023-07-21 13:37:28 - [MESSAGE][PASSED] - Object: 'Object Repository/03-Header Menu/User Profile/Users Profile menu and notification button/div_notification modal' is clicked on using offset x=100 and y=100

2023-07-21 13:37:28 - [TEST_STEP][PASSED] - click(findTestObject("03-Header Menu/User Profile/Users Profile menu and notification button/div_User drop down menu button")): Object: 'Object Repository/03-Header Menu/User Profile/Users Profile menu and notification button/div_User drop down menu button' is clicked on

2023-07-21 13:37:28 - [MESSAGE][PASSED] - Object: 'Object Repository/03-Header Menu/User Profile/Users Profile menu and notification button/div_User drop down menu button' is clicked on

2023-07-21 13:37:28 - [TEST_STEP][PASSED] - delay(delay_1second): Delayed 1 second(s)

2023-07-21 13:37:29 - [MESSAGE][PASSED] - Delayed 1 second(s)

2023-07-21 13:37:29 - [TEST_STEP][PASSED] - verifyElementVisible(findTestObject("03-Header Menu/User Profile/Users Profile menu and notification button/h4_View Profile")): Object 'Object Repository/03-Header Menu/User Profile/Users Profile menu and notification button/h4_View Profile' is visible

2023-07-21 13:37:30 - [MESSAGE][PASSED] - Object 'Object Repository/03-Header Menu/User Profile/Users Profile menu and notification button/h4_View Profile' is visible

2023-07-21 13:37:30 - [TEST_STEP][PASSED] - verifyElementVisible(findTestObject("03-Header Menu/User Profile/Users Profile menu and notification button/h4_Change Password")): Object 'Object Repository/03-Header Menu/User Profile/Users Profile menu and notification button/h4_Change Password' is visible

2023-07-21 13:37:30 - [MESSAGE][PASSED] - Object 'Object Repository/03-Header Menu/User Profile/Users Profile menu and notification button/h4_Change Password' is visible

2023-07-21 13:37:30 - [TEST_STEP][PASSED] - verifyElementVisible(findTestObject("03-Header Menu/User Profile/Users Profile menu and notification button/h4_Sign Out")): Object 'Object Repository/03-Header Menu/User Profile/Users Profile menu and notification button/h4_Sign Out' is visible

2023-07-21 13:37:30 - [MESSAGE][PASSED] - Object 'Object Repository/03-Header Menu/User Profile/Users Profile menu and notification button/h4_Sign Out' is visible

2023-07-21 13:37:30 - [TEST_STEP][PASSED] - delay(delay_2seconds): Delayed 2 second(s)

2023-07-21 13:37:32 - [MESSAGE][PASSED] - Delayed 2 second(s)

2023-07-21 13:37:32 - [TEST_STEP][PASSED] - click(findTestObject("03-Header Menu/User Profile/Users Profile menu and notification button/h4_Sign Out")): Object: 'Object Repository/03-Header Menu/User Profile/Users Profile menu and notification button/h4_Sign Out' is clicked on

2023-07-21 13:37:33 - [MESSAGE][PASSED] - Object: 'Object Repository/03-Header Menu/User Profile/Users Profile menu and notification button/h4_Sign Out' is clicked on

2023-07-21 13:37:33 - [TEST_STEP][PASSED] - verifyElementVisible(findTestObject("03-Header Menu/User Profile/Users Profile menu and notification button/Login card")): Object 'Object Repository/03-Header Menu/User Profile/Users Profile menu and notification button/Login card' is visible

2023-07-21 13:37:34 - [MESSAGE][PASSED] - Object 'Object Repository/03-Header Menu/User Profile/Users Profile menu and notification button/Login card' is visible

2023-07-21 13:37:34 - [TEST_STEP][PASSED] - delay(delay_2seconds): Delayed 2 second(s)

2023-07-21 13:37:36 - [MESSAGE][PASSED] - Delayed 2 second(s)

2023-07-21 13:37:36 - [TEST_STEP][PASSED] - closeBrowser(): Browser is closed

2023-07-21 13:37:37 - [MESSAGE][PASSED] - Browser is closed]]></system-out>
         <system-err><![CDATA[]]></system-err>
      </testcase>
      <testcase name="Test Cases/03-Header Menu/04- View Profile" time="88.676" classname="Test Cases/03-Header Menu/04- View Profile" status="PASSED">
         <system-out><![CDATA[2023-07-21 13:37:37 - [TEST_CASE][PASSED] - Test Cases/03-Header Menu/04- View Profile: Test Cases/03-Header Menu/04- View Profile

2023-07-21 13:37:37 - [TEST_STEP][PASSED] - openBrowser(""): Browser is opened with url: ''

2023-07-21 13:37:37 - [MESSAGE][INFO] - Starting 'Chrome' driver

2023-07-21 13:37:37 - [MESSAGE][INFO] - User set preference: ['args', '[--disable-web-security, --ignore-certificate-errors, --no-first-run, --disable-gpu]']

2023-07-21 13:37:37 - [MESSAGE][INFO] - Action delay is set to 0 milliseconds

2023-07-21 13:37:38 - [MESSAGE][PASSED] - Browser is opened with url: ''

2023-07-21 13:37:38 - [TEST_STEP][PASSED] - navigateToUrl(appURL): Navigate to 'https://lab.everleagues.com/login' successfully

2023-07-21 13:37:58 - [MESSAGE][PASSED] - Navigate to 'https://lab.everleagues.com/login' successfully

2023-07-21 13:37:58 - [TEST_STEP][PASSED] - maximizeWindow(): Current window maximized

2023-07-21 13:37:58 - [MESSAGE][PASSED] - Current window maximized

2023-07-21 13:37:58 - [TEST_STEP][PASSED] - callTestCase(findTestCase("01-Login and Forgot Password/04-Login(Valid Credentials-With Subscription)"), [:], STOP_ON_FAILURE): Call Test Case 'Test Cases/01-Login and Forgot Password/04-Login(Valid Credentials-With Subscription)' successfully

2023-07-21 13:37:58 - [TEST_CASE][PASSED] - Test Cases/01-Login and Forgot Password/04-Login(Valid Credentials-With Subscription): Test Cases/01-Login and Forgot Password/04-Login(Valid Credentials-With Subscription)

2023-07-21 13:37:58 - [TEST_STEP][PASSED] - setText(findTestObject("01-Login and Forgot Password/input_Email_email"), email_with_subscription): Text 'testuser005@mailinator.com' is set on object 'Object Repository/01-Login and Forgot Password/input_Email_email'

2023-07-21 13:37:59 - [MESSAGE][PASSED] - Text 'testuser005@mailinator.com' is set on object 'Object Repository/01-Login and Forgot Password/input_Email_email'

2023-07-21 13:37:59 - [TEST_STEP][PASSED] - setEncryptedText(findTestObject("01-Login and Forgot Password/input_Email_password"), password): Text ****** has been set on object 'Object Repository/01-Login and Forgot Password/input_Email_password'

2023-07-21 13:38:00 - [MESSAGE][PASSED] - Text ****** has been set on object 'Object Repository/01-Login and Forgot Password/input_Email_password'

2023-07-21 13:38:00 - [TEST_STEP][PASSED] - delay(delay_2seconds): Delayed 2 second(s)

2023-07-21 13:38:02 - [MESSAGE][PASSED] - Delayed 2 second(s)

2023-07-21 13:38:02 - [TEST_STEP][PASSED] - click(findTestObject("01-Login and Forgot Password/show pass button")): Object: 'Object Repository/01-Login and Forgot Password/show pass button' is clicked on

2023-07-21 13:38:02 - [MESSAGE][PASSED] - Object: 'Object Repository/01-Login and Forgot Password/show pass button' is clicked on

2023-07-21 13:38:02 - [TEST_STEP][PASSED] - delay(delay_3seconds): Delayed 3 second(s)

2023-07-21 13:38:05 - [MESSAGE][PASSED] - Delayed 3 second(s)

2023-07-21 13:38:05 - [TEST_STEP][PASSED] - click(findTestObject("01-Login and Forgot Password/button_Sign in")): Object: 'Object Repository/01-Login and Forgot Password/button_Sign in' is clicked on

2023-07-21 13:38:05 - [MESSAGE][PASSED] - Object: 'Object Repository/01-Login and Forgot Password/button_Sign in' is clicked on

2023-07-21 13:38:05 - [TEST_STEP][PASSED] - delay(delay_3seconds): Delayed 3 second(s)

2023-07-21 13:38:08 - [MESSAGE][PASSED] - Delayed 3 second(s)

2023-07-21 13:38:08 - [TEST_STEP][PASSED] - executeJavaScript("window.open();", []): Execute JavaScript 'window.open();' successfully

2023-07-21 13:38:08 - [MESSAGE][PASSED] - Execute JavaScript 'window.open();' successfully

2023-07-21 13:38:08 - [TEST_STEP][PASSED] - currentWindow = getWindowIndex(): Current window's index is: 0

2023-07-21 13:38:09 - [MESSAGE][PASSED] - Current window's index is: 0

2023-07-21 13:38:09 - [TEST_STEP][PASSED] - delay(delay_3seconds): Delayed 3 second(s)

2023-07-21 13:38:12 - [MESSAGE][PASSED] - Delayed 3 second(s)

2023-07-21 13:38:12 - [TEST_STEP][PASSED] - switchToWindowIndex(currentWindow + 1): Switched to window with index: '1'

2023-07-21 13:38:12 - [MESSAGE][PASSED] - Switched to window with index: '1'

2023-07-21 13:38:12 - [TEST_STEP][PASSED] - navigateToUrl(app_mailinator): Navigate to 'https://www.mailinator.com/' successfully

2023-07-21 13:38:18 - [MESSAGE][PASSED] - Navigate to 'https://www.mailinator.com/' successfully

2023-07-21 13:38:18 - [TEST_STEP][PASSED] - delay(delay_3seconds): Delayed 3 second(s)

2023-07-21 13:38:21 - [MESSAGE][PASSED] - Delayed 3 second(s)

2023-07-21 13:38:21 - [TEST_STEP][PASSED] - setText(findTestObject("00-Signup and Activation/zMailinator/input_LOGIN_search"), email_for_searchmailinator_testuser05): Text 'testuser005@mailinator.com' is set on object 'Object Repository/00-Signup and Activation/zMailinator/input_LOGIN_search'

2023-07-21 13:38:22 - [MESSAGE][PASSED] - Text 'testuser005@mailinator.com' is set on object 'Object Repository/00-Signup and Activation/zMailinator/input_LOGIN_search'

2023-07-21 13:38:22 - [TEST_STEP][PASSED] - click(findTestObject("00-Signup and Activation/zMailinator/gobutton"), STOP_ON_FAILURE): Object: 'Object Repository/00-Signup and Activation/zMailinator/gobutton' is clicked on

2023-07-21 13:38:22 - [MESSAGE][PASSED] - Object: 'Object Repository/00-Signup and Activation/zMailinator/gobutton' is clicked on

2023-07-21 13:38:22 - [TEST_STEP][PASSED] - delay(delay_10seconds): Delayed 10 second(s)

2023-07-21 13:38:32 - [MESSAGE][PASSED] - Delayed 10 second(s)

2023-07-21 13:38:32 - [TEST_STEP][PASSED] - click(findTestObject("00-Signup and Activation/zMailinator/Email - everleagues")): Object: 'Object Repository/00-Signup and Activation/zMailinator/Email - everleagues' is clicked on

2023-07-21 13:38:33 - [MESSAGE][PASSED] - Object: 'Object Repository/00-Signup and Activation/zMailinator/Email - everleagues' is clicked on

2023-07-21 13:38:33 - [TEST_STEP][PASSED] - delay(delay_5seconds): Delayed 5 second(s)

2023-07-21 13:38:38 - [MESSAGE][PASSED] - Delayed 5 second(s)

2023-07-21 13:38:38 - [TEST_STEP][PASSED] - code = getText(findTestObject("Object Repository/06-Teams/For 2FA/2FA code")): Text of object 'Object Repository/06-Teams/For 2FA/2FA code' is: '256847'

2023-07-21 13:38:38 - [MESSAGE][PASSED] - Text of object 'Object Repository/06-Teams/For 2FA/2FA code' is: '256847'

2023-07-21 13:38:38 - [TEST_STEP][PASSED] - delay(delay_3seconds): Delayed 3 second(s)

2023-07-21 13:38:41 - [MESSAGE][PASSED] - Delayed 3 second(s)

2023-07-21 13:38:41 - [TEST_STEP][PASSED] - closeWindowTitle("Mailinator"): Window with title: 'Mailinator' is closed

2023-07-21 13:38:41 - [MESSAGE][PASSED] - Window with title: 'Mailinator' is closed

2023-07-21 13:38:41 - [TEST_STEP][PASSED] - delay(delay_5seconds): Delayed 5 second(s)

2023-07-21 13:38:46 - [MESSAGE][PASSED] - Delayed 5 second(s)

2023-07-21 13:38:46 - [TEST_STEP][PASSED] - switchToWindowIndex(0): Switched to window with index: '0'

2023-07-21 13:38:46 - [MESSAGE][PASSED] - Switched to window with index: '0'

2023-07-21 13:38:46 - [TEST_STEP][PASSED] - delay(delay_3seconds): Delayed 3 second(s)

2023-07-21 13:38:49 - [MESSAGE][PASSED] - Delayed 3 second(s)

2023-07-21 13:38:49 - [TEST_STEP][PASSED] - setText(findTestObject("Object Repository/06-Teams/For 2FA/input_Enter verification code_code"), code): Text '256847' is set on object 'Object Repository/06-Teams/For 2FA/input_Enter verification code_code'

2023-07-21 13:38:50 - [MESSAGE][PASSED] - Text '256847' is set on object 'Object Repository/06-Teams/For 2FA/input_Enter verification code_code'

2023-07-21 13:38:50 - [TEST_STEP][PASSED] - delay(delay_3seconds): Delayed 3 second(s)

2023-07-21 13:38:53 - [MESSAGE][PASSED] - Delayed 3 second(s)

2023-07-21 13:38:53 - [TEST_STEP][PASSED] - click(findTestObject("06-Teams/For 2FA/button_Verify_2FA")): Object: 'Object Repository/06-Teams/For 2FA/button_Verify_2FA' is clicked on

2023-07-21 13:38:54 - [MESSAGE][PASSED] - Object: 'Object Repository/06-Teams/For 2FA/button_Verify_2FA' is clicked on

2023-07-21 13:38:54 - [TEST_STEP][PASSED] - delay(delay_3seconds): Delayed 3 second(s)

2023-07-21 13:38:57 - [MESSAGE][PASSED] - Delayed 3 second(s)

2023-07-21 13:38:57 - [MESSAGE][PASSED] - Call Test Case 'Test Cases/01-Login and Forgot Password/04-Login(Valid Credentials-With Subscription)' successfully

2023-07-21 13:38:57 - [TEST_STEP][PASSED] - click(findTestObject("03-Header Menu/User Profile/Users Profile menu and notification button/div_User drop down menu button")): Object: 'Object Repository/03-Header Menu/User Profile/Users Profile menu and notification button/div_User drop down menu button' is clicked on

2023-07-21 13:38:59 - [MESSAGE][PASSED] - Object: 'Object Repository/03-Header Menu/User Profile/Users Profile menu and notification button/div_User drop down menu button' is clicked on

2023-07-21 13:38:59 - [TEST_STEP][PASSED] - delay(delay_1second): Delayed 1 second(s)

2023-07-21 13:39:00 - [MESSAGE][PASSED] - Delayed 1 second(s)

2023-07-21 13:39:00 - [TEST_STEP][PASSED] - click(findTestObject("03-Header Menu/User Profile/Users Profile menu and notification button/h4_View Profile")): Object: 'Object Repository/03-Header Menu/User Profile/Users Profile menu and notification button/h4_View Profile' is clicked on

2023-07-21 13:39:00 - [MESSAGE][PASSED] - Object: 'Object Repository/03-Header Menu/User Profile/Users Profile menu and notification button/h4_View Profile' is clicked on

2023-07-21 13:39:00 - [TEST_STEP][PASSED] - delay(delay_2seconds): Delayed 2 second(s)

2023-07-21 13:39:02 - [MESSAGE][PASSED] - Delayed 2 second(s)

2023-07-21 13:39:02 - [TEST_STEP][PASSED] - verifyElementVisible(findTestObject("03-Header Menu/User Profile/View Profile/div_Contact Info")): Object 'Object Repository/03-Header Menu/User Profile/View Profile/div_Contact Info' is visible

2023-07-21 13:39:02 - [MESSAGE][PASSED] - Object 'Object Repository/03-Header Menu/User Profile/View Profile/div_Contact Info' is visible

2023-07-21 13:39:02 - [TEST_STEP][PASSED] - verifyElementVisible(findTestObject("03-Header Menu/User Profile/View Profile/div_Profile")): Object 'Object Repository/03-Header Menu/User Profile/View Profile/div_Profile' is visible

2023-07-21 13:39:03 - [MESSAGE][PASSED] - Object 'Object Repository/03-Header Menu/User Profile/View Profile/div_Profile' is visible

2023-07-21 13:39:03 - [TEST_STEP][PASSED] - verifyElementVisible(findTestObject("03-Header Menu/User Profile/View Profile/div_Security")): Object 'Object Repository/03-Header Menu/User Profile/View Profile/div_Security' is visible

2023-07-21 13:39:03 - [MESSAGE][PASSED] - Object 'Object Repository/03-Header Menu/User Profile/View Profile/div_Security' is visible

2023-07-21 13:39:03 - [TEST_STEP][PASSED] - verifyElementVisible(findTestObject("03-Header Menu/User Profile/View Profile/div_Settings")): Object 'Object Repository/03-Header Menu/User Profile/View Profile/div_Settings' is visible

2023-07-21 13:39:03 - [MESSAGE][PASSED] - Object 'Object Repository/03-Header Menu/User Profile/View Profile/div_Settings' is visible

2023-07-21 13:39:03 - [TEST_STEP][PASSED] - delay(delay_2seconds): Delayed 2 second(s)

2023-07-21 13:39:05 - [MESSAGE][PASSED] - Delayed 2 second(s)]]></system-out>
         <system-err><![CDATA[]]></system-err>
      </testcase>
      <system-out><![CDATA[2023-07-21 13:35:05 - [TEST_SUITE][PASSED] - 03-Header Menu: Test Cases/03-Header Menu/04- View Profile]]></system-out>
      <system-err><![CDATA[]]></system-err>
   </testsuite>
</testsuites>
