<?xml version="1.0" encoding="UTF-8"?>
<testsuites name="13.1-EL Sign (Send Documents)" time="459.376" tests="9" failures="0" errors="0">
   <testsuite name="13.1-EL Sign (Send Documents)" tests="9" failures="0" errors="0" time="459.376" skipped="0" timestamp="2023-08-01 19:02:39" hostname="Personal - DESKTOP-TFDFEQ1" id="Test Suites/TS-Organization/13.1-EL Sign (Send Documents)">
      <properties>
         <property name="deviceName" value=""/>
         <property name="devicePlatform" value=""/>
         <property name="logFolder" value="C:\\Users\\Personal\\Documents\\GitHub\\Everleagues\\Reports\\20230801_190237\\TS-Organization\\13.1-EL Sign (Send Documents)\\20230801_190237"/>
         <property name="logFiles" value="C:\\Users\\Personal\\Documents\\GitHub\\Everleagues\\Reports\\20230801_190237\\TS-Organization\\13.1-EL Sign (Send Documents)\\20230801_190237\\execution0.log"/>
         <property name="attachments" value=""/>
         <property name="hostName" value="Personal - DESKTOP-TFDFEQ1"/>
         <property name="os" value="Windows 11 64bit"/>
         <property name="katalonVersion" value="8.6.5.208"/>
         <property name="browser" value="Chrome 115.0.0.0"/>
         <property name="hostAddress" value="10.100.1.38"/>
         <property name="sessionId" value="c6a56434f0c002bcc449dd982b9d5e6c"/>
         <property name="seleniumVersion" value="3.141.59"/>
         <property name="proxyInformation" value="ProxyInformation { proxyOption=NO_PROXY, proxyServerType=HTTP, username=, password=********, proxyServerAddress=, proxyServerPort=0, executionList=&quot;&quot;, isApplyToDesiredCapabilities=true }"/>
         <property name="platform" value="Windows 11"/>
      </properties>
      <testcase name="Test Cases/13-EL Sign/01-Send Documents (Upload a file-required field is blank)" time="290.546" classname="Test Cases/13-EL Sign/01-Send Documents (Upload a file-required field is blank)" status="PASSED">
         <system-out><![CDATA[2023-08-01 19:02:39 - [TEST_CASE][PASSED] - Test Cases/13-EL Sign/01-Send Documents (Upload a file-required field is blank): Test Cases/13-EL Sign/01-Send Documents (Upload a file-required field is blank)

2023-08-01 19:02:39 - [TEST_STEP][PASSED] - openBrowser(""): Browser is opened with url: ''

2023-08-01 19:02:39 - [MESSAGE][INFO] - Starting 'Chrome' driver

2023-08-01 19:02:39 - [MESSAGE][INFO] - User set preference: ['args', '[--disable-web-security, --ignore-certificate-errors, --no-first-run, --disable-gpu]']

2023-08-01 19:02:39 - [MESSAGE][INFO] - Action delay is set to 0 milliseconds

2023-08-01 19:02:42 - [MESSAGE][PASSED] - Browser is opened with url: ''

2023-08-01 19:02:42 - [TEST_STEP][PASSED] - navigateToUrl(appURL): Navigate to 'https://lab.everleagues.com/login' successfully

2023-08-01 19:06:01 - [MESSAGE][PASSED] - Navigate to 'https://lab.everleagues.com/login' successfully

2023-08-01 19:06:01 - [TEST_STEP][PASSED] - maximizeWindow(): Current window maximized

2023-08-01 19:06:02 - [MESSAGE][PASSED] - Current window maximized

2023-08-01 19:06:02 - [TEST_STEP][PASSED] - callTestCase(findTestCase("01-Login and Forgot Password/04-Login(Valid Credentials-With Subscription)"), [:], STOP_ON_FAILURE): Call Test Case 'Test Cases/01-Login and Forgot Password/04-Login(Valid Credentials-With Subscription)' successfully

2023-08-01 19:06:02 - [TEST_CASE][PASSED] - Test Cases/01-Login and Forgot Password/04-Login(Valid Credentials-With Subscription): Test Cases/01-Login and Forgot Password/04-Login(Valid Credentials-With Subscription)

2023-08-01 19:06:02 - [TEST_STEP][PASSED] - setText(findTestObject("01-Login and Forgot Password/input_Email_email"), email_with_subscription): Text 'testuser005@mailinator.com' is set on object 'Object Repository/01-Login and Forgot Password/input_Email_email'

2023-08-01 19:06:03 - [MESSAGE][PASSED] - Text 'testuser005@mailinator.com' is set on object 'Object Repository/01-Login and Forgot Password/input_Email_email'

2023-08-01 19:06:03 - [TEST_STEP][PASSED] - setEncryptedText(findTestObject("01-Login and Forgot Password/input_Email_password"), password): Text ****** has been set on object 'Object Repository/01-Login and Forgot Password/input_Email_password'

2023-08-01 19:06:03 - [MESSAGE][PASSED] - Text ****** has been set on object 'Object Repository/01-Login and Forgot Password/input_Email_password'

2023-08-01 19:06:03 - [TEST_STEP][PASSED] - delay(delay_2seconds): Delayed 2 second(s)

2023-08-01 19:06:05 - [MESSAGE][PASSED] - Delayed 2 second(s)

2023-08-01 19:06:05 - [TEST_STEP][PASSED] - click(findTestObject("01-Login and Forgot Password/show pass button")): Object: 'Object Repository/01-Login and Forgot Password/show pass button' is clicked on

2023-08-01 19:06:05 - [MESSAGE][PASSED] - Object: 'Object Repository/01-Login and Forgot Password/show pass button' is clicked on

2023-08-01 19:06:05 - [TEST_STEP][PASSED] - delay(delay_3seconds): Delayed 3 second(s)

2023-08-01 19:06:08 - [MESSAGE][PASSED] - Delayed 3 second(s)

2023-08-01 19:06:08 - [TEST_STEP][PASSED] - click(findTestObject("01-Login and Forgot Password/button_Sign in")): Object: 'Object Repository/01-Login and Forgot Password/button_Sign in' is clicked on

2023-08-01 19:06:09 - [MESSAGE][PASSED] - Object: 'Object Repository/01-Login and Forgot Password/button_Sign in' is clicked on

2023-08-01 19:06:09 - [TEST_STEP][PASSED] - delay(delay_3seconds): Delayed 3 second(s)

2023-08-01 19:06:12 - [MESSAGE][PASSED] - Delayed 3 second(s)

2023-08-01 19:06:12 - [TEST_STEP][PASSED] - executeJavaScript("window.open();", []): Execute JavaScript 'window.open();' successfully

2023-08-01 19:06:12 - [MESSAGE][PASSED] - Execute JavaScript 'window.open();' successfully

2023-08-01 19:06:12 - [TEST_STEP][PASSED] - currentWindow = getWindowIndex(): Current window's index is: 0

2023-08-01 19:06:12 - [MESSAGE][PASSED] - Current window's index is: 0

2023-08-01 19:06:12 - [TEST_STEP][PASSED] - delay(delay_3seconds): Delayed 3 second(s)

2023-08-01 19:06:15 - [MESSAGE][PASSED] - Delayed 3 second(s)

2023-08-01 19:06:15 - [TEST_STEP][PASSED] - switchToWindowIndex(currentWindow + 1): Switched to window with index: '1'

2023-08-01 19:06:15 - [MESSAGE][PASSED] - Switched to window with index: '1'

2023-08-01 19:06:15 - [TEST_STEP][PASSED] - navigateToUrl(app_mailinator): Navigate to 'https://www.mailinator.com/' successfully

2023-08-01 19:06:20 - [MESSAGE][PASSED] - Navigate to 'https://www.mailinator.com/' successfully

2023-08-01 19:06:20 - [TEST_STEP][PASSED] - delay(delay_3seconds): Delayed 3 second(s)

2023-08-01 19:06:23 - [MESSAGE][PASSED] - Delayed 3 second(s)

2023-08-01 19:06:23 - [TEST_STEP][PASSED] - setText(findTestObject("00-Signup and Activation/zMailinator/input_LOGIN_search"), email_for_searchmailinator_testuser05): Text 'testuser005@mailinator.com' is set on object 'Object Repository/00-Signup and Activation/zMailinator/input_LOGIN_search'

2023-08-01 19:06:24 - [MESSAGE][PASSED] - Text 'testuser005@mailinator.com' is set on object 'Object Repository/00-Signup and Activation/zMailinator/input_LOGIN_search'

2023-08-01 19:06:24 - [TEST_STEP][PASSED] - click(findTestObject("00-Signup and Activation/zMailinator/gobutton"), STOP_ON_FAILURE): Object: 'Object Repository/00-Signup and Activation/zMailinator/gobutton' is clicked on

2023-08-01 19:06:25 - [MESSAGE][PASSED] - Object: 'Object Repository/00-Signup and Activation/zMailinator/gobutton' is clicked on

2023-08-01 19:06:25 - [TEST_STEP][PASSED] - delay(delay_10seconds): Delayed 10 second(s)

2023-08-01 19:06:35 - [MESSAGE][PASSED] - Delayed 10 second(s)

2023-08-01 19:06:35 - [TEST_STEP][PASSED] - click(findTestObject("00-Signup and Activation/zMailinator/Email - everleagues")): Object: 'Object Repository/00-Signup and Activation/zMailinator/Email - everleagues' is clicked on

2023-08-01 19:06:35 - [MESSAGE][PASSED] - Object: 'Object Repository/00-Signup and Activation/zMailinator/Email - everleagues' is clicked on

2023-08-01 19:06:35 - [TEST_STEP][PASSED] - delay(delay_5seconds): Delayed 5 second(s)

2023-08-01 19:06:40 - [MESSAGE][PASSED] - Delayed 5 second(s)

2023-08-01 19:06:40 - [TEST_STEP][PASSED] - code = getText(findTestObject("Object Repository/06-Teams/For 2FA/2FA code")): Text of object 'Object Repository/06-Teams/For 2FA/2FA code' is: '909834'

2023-08-01 19:06:41 - [MESSAGE][PASSED] - Text of object 'Object Repository/06-Teams/For 2FA/2FA code' is: '909834'

2023-08-01 19:06:41 - [TEST_STEP][PASSED] - delay(delay_3seconds): Delayed 3 second(s)

2023-08-01 19:06:44 - [MESSAGE][PASSED] - Delayed 3 second(s)

2023-08-01 19:06:44 - [TEST_STEP][PASSED] - closeWindowTitle("Mailinator"): Window with title: 'Mailinator' is closed

2023-08-01 19:06:44 - [MESSAGE][PASSED] - Window with title: 'Mailinator' is closed

2023-08-01 19:06:44 - [TEST_STEP][PASSED] - delay(delay_5seconds): Delayed 5 second(s)

2023-08-01 19:06:49 - [MESSAGE][PASSED] - Delayed 5 second(s)

2023-08-01 19:06:49 - [TEST_STEP][PASSED] - switchToWindowIndex(0): Switched to window with index: '0'

2023-08-01 19:06:49 - [MESSAGE][PASSED] - Switched to window with index: '0'

2023-08-01 19:06:49 - [TEST_STEP][PASSED] - delay(delay_3seconds): Delayed 3 second(s)

2023-08-01 19:06:52 - [MESSAGE][PASSED] - Delayed 3 second(s)

2023-08-01 19:06:52 - [TEST_STEP][PASSED] - setText(findTestObject("Object Repository/06-Teams/For 2FA/input_Enter verification code_code"), code): Text '909834' is set on object 'Object Repository/06-Teams/For 2FA/input_Enter verification code_code'

2023-08-01 19:06:53 - [MESSAGE][PASSED] - Text '909834' is set on object 'Object Repository/06-Teams/For 2FA/input_Enter verification code_code'

2023-08-01 19:06:53 - [TEST_STEP][PASSED] - delay(delay_3seconds): Delayed 3 second(s)

2023-08-01 19:06:56 - [MESSAGE][PASSED] - Delayed 3 second(s)

2023-08-01 19:06:56 - [TEST_STEP][PASSED] - click(findTestObject("06-Teams/For 2FA/button_Verify_2FA")): Object: 'Object Repository/06-Teams/For 2FA/button_Verify_2FA' is clicked on

2023-08-01 19:06:56 - [MESSAGE][PASSED] - Object: 'Object Repository/06-Teams/For 2FA/button_Verify_2FA' is clicked on

2023-08-01 19:06:56 - [TEST_STEP][PASSED] - delay(delay_3seconds): Delayed 3 second(s)

2023-08-01 19:06:59 - [MESSAGE][PASSED] - Delayed 3 second(s)

2023-08-01 19:06:59 - [MESSAGE][PASSED] - Call Test Case 'Test Cases/01-Login and Forgot Password/04-Login(Valid Credentials-With Subscription)' successfully

2023-08-01 19:06:59 - [TEST_STEP][PASSED] - click(findTestObject("06-Teams/button_doublearrow")): Object: 'Object Repository/06-Teams/button_doublearrow' is clicked on

2023-08-01 19:07:03 - [MESSAGE][PASSED] - Object: 'Object Repository/06-Teams/button_doublearrow' is clicked on

2023-08-01 19:07:03 - [TEST_STEP][PASSED] - click(findTestObject("06-Teams/button_My Organizations")): Object: 'Object Repository/06-Teams/button_My Organizations' is clicked on

2023-08-01 19:07:04 - [MESSAGE][PASSED] - Object: 'Object Repository/06-Teams/button_My Organizations' is clicked on

2023-08-01 19:07:04 - [TEST_STEP][PASSED] - click(findTestObject("02-Side Icons(Organization)/Add Contact/button_Automation Test Org")): Object: 'Object Repository/02-Side Icons(Organization)/Add Contact/button_Automation Test Org' is clicked on

2023-08-01 19:07:05 - [MESSAGE][PASSED] - Object: 'Object Repository/02-Side Icons(Organization)/Add Contact/button_Automation Test Org' is clicked on

2023-08-01 19:07:05 - [TEST_STEP][PASSED] - delay(delay_4seconds): Delayed 4 second(s)

2023-08-01 19:07:09 - [MESSAGE][PASSED] - Delayed 4 second(s)

2023-08-01 19:07:09 - [TEST_STEP][PASSED] - verifyElementVisible(findTestObject("02-Side Icons(Organization)/Add Contact/span_Automation Test Org")): Object 'Object Repository/02-Side Icons(Organization)/Add Contact/span_Automation Test Org' is visible

2023-08-01 19:07:09 - [MESSAGE][PASSED] - Object 'Object Repository/02-Side Icons(Organization)/Add Contact/span_Automation Test Org' is visible

2023-08-01 19:07:09 - [TEST_STEP][PASSED] - delay(delay_5seconds): Delayed 5 second(s)

2023-08-01 19:07:14 - [MESSAGE][PASSED] - Delayed 5 second(s)

2023-08-01 19:07:14 - [TEST_STEP][PASSED] - scrollToElement(findTestObject("03-Header Menu/Hamburger Button/div_ELSign"), 0): Scroll to object 'Object Repository/03-Header Menu/Hamburger Button/div_ELSign' successfully

2023-08-01 19:07:14 - [MESSAGE][WARNING] - Timeout '0' is invalid. Using default page load timeout: '30'

2023-08-01 19:07:14 - [MESSAGE][PASSED] - Scroll to object 'Object Repository/03-Header Menu/Hamburger Button/div_ELSign' successfully

2023-08-01 19:07:14 - [TEST_STEP][PASSED] - click(findTestObject("03-Header Menu/Hamburger Button/div_ELSign")): Object: 'Object Repository/03-Header Menu/Hamburger Button/div_ELSign' is clicked on

2023-08-01 19:07:15 - [MESSAGE][PASSED] - Object: 'Object Repository/03-Header Menu/Hamburger Button/div_ELSign' is clicked on

2023-08-01 19:07:15 - [TEST_STEP][PASSED] - verifyElementVisible(findTestObject("03-Header Menu/Hamburger Button/div_ELSign")): Object 'Object Repository/03-Header Menu/Hamburger Button/div_ELSign' is visible

2023-08-01 19:07:16 - [MESSAGE][PASSED] - Object 'Object Repository/03-Header Menu/Hamburger Button/div_ELSign' is visible

2023-08-01 19:07:16 - [TEST_STEP][PASSED] - verifyElementVisible(findTestObject("13-EL Sign/h4_ELSign")): Object 'Object Repository/13-EL Sign/h4_ELSign' is visible

2023-08-01 19:07:17 - [MESSAGE][PASSED] - Object 'Object Repository/13-EL Sign/h4_ELSign' is visible

2023-08-01 19:07:17 - [TEST_STEP][PASSED] - delay(delay_3seconds): Delayed 3 second(s)

2023-08-01 19:07:20 - [MESSAGE][PASSED] - Delayed 3 second(s)

2023-08-01 19:07:20 - [TEST_STEP][PASSED] - click(findTestObject("13-EL Sign/div_Send Documents")): Object: 'Object Repository/13-EL Sign/div_Send Documents' is clicked on

2023-08-01 19:07:20 - [MESSAGE][PASSED] - Object: 'Object Repository/13-EL Sign/div_Send Documents' is clicked on

2023-08-01 19:07:20 - [TEST_STEP][PASSED] - uploadpackage.Upload.uploadFile(findTestObject("Object Repository/13-EL Sign/div_Drag and drop or Upload PDF or Word document here"), upload_pdf_file): uploadpackage.Upload.uploadFile is PASSED

2023-08-01 19:07:21 - [MESSAGE][PASSED] - Object: 'Object Repository/13-EL Sign/div_Drag and drop or Upload PDF or Word document here' is clicked on

2023-08-01 19:07:21 - [MESSAGE][PASSED] - uploadpackage.Upload.uploadFile is PASSED

2023-08-01 19:07:21 - [TEST_STEP][PASSED] - delay(delay_3seconds): Delayed 3 second(s)

2023-08-01 19:07:24 - [MESSAGE][PASSED] - Delayed 3 second(s)

2023-08-01 19:07:24 - [TEST_STEP][PASSED] - click(findTestObject("13-EL Sign/input_documentTitle")): Object: 'Object Repository/13-EL Sign/input_documentTitle' is clicked on

2023-08-01 19:07:25 - [MESSAGE][PASSED] - Object: 'Object Repository/13-EL Sign/input_documentTitle' is clicked on

2023-08-01 19:07:25 - [TEST_STEP][PASSED] - sendKeys(findTestObject("Object Repository/13-EL Sign/input_documentTitle"), Keys.chord(CONTROL, "a")): Keys 'CONTROL + a' sent to object: 'Object Repository/13-EL Sign/input_documentTitle'

2023-08-01 19:07:25 - [MESSAGE][PASSED] - Keys 'CONTROL + a' sent to object: 'Object Repository/13-EL Sign/input_documentTitle'

2023-08-01 19:07:25 - [TEST_STEP][PASSED] - sendKeys(findTestObject("Object Repository/13-EL Sign/input_documentTitle"), Keys.chord(BACK_SPACE)): Keys 'BACK_SPACE + ' sent to object: 'Object Repository/13-EL Sign/input_documentTitle'

2023-08-01 19:07:25 - [MESSAGE][PASSED] - Keys 'BACK_SPACE + ' sent to object: 'Object Repository/13-EL Sign/input_documentTitle'

2023-08-01 19:07:25 - [TEST_STEP][PASSED] - clickOffset(findTestObject("13-EL Sign/h4_ELSign"), 100, 100): Object: 'Object Repository/13-EL Sign/h4_ELSign' is clicked on using offset x=100 and y=100

2023-08-01 19:07:26 - [MESSAGE][PASSED] - Object: 'Object Repository/13-EL Sign/h4_ELSign' is clicked on using offset x=100 and y=100

2023-08-01 19:07:26 - [TEST_STEP][PASSED] - verifyElementVisible(findTestObject("13-EL Sign/mat-error_Title is required")): Object 'Object Repository/13-EL Sign/mat-error_Title is required' is visible

2023-08-01 19:07:26 - [MESSAGE][PASSED] - Object 'Object Repository/13-EL Sign/mat-error_Title is required' is visible

2023-08-01 19:07:26 - [TEST_STEP][PASSED] - delay(delay_3seconds): Delayed 3 second(s)

2023-08-01 19:07:29 - [MESSAGE][PASSED] - Delayed 3 second(s)]]></system-out>
         <system-err><![CDATA[]]></system-err>
      </testcase>
      <testcase name="Test Cases/13-EL Sign/02-Send Documents (Upload a file-fill out required field)" time="8.891" classname="Test Cases/13-EL Sign/02-Send Documents (Upload a file-fill out required field)" status="PASSED">
         <system-out><![CDATA[2023-08-01 19:07:29 - [TEST_CASE][PASSED] - Test Cases/13-EL Sign/02-Send Documents (Upload a file-fill out required field): Test Cases/13-EL Sign/02-Send Documents (Upload a file-fill out required field)

2023-08-01 19:07:30 - [TEST_STEP][PASSED] - setText(findTestObject("13-EL Sign/input_documentTitle"), "sample.pdf"): Text 'sample.pdf' is set on object 'Object Repository/13-EL Sign/input_documentTitle'

2023-08-01 19:07:30 - [MESSAGE][PASSED] - Text 'sample.pdf' is set on object 'Object Repository/13-EL Sign/input_documentTitle'

2023-08-01 19:07:30 - [TEST_STEP][PASSED] - click(findTestObject("13-EL Sign/button_UPLOAD")): Object: 'Object Repository/13-EL Sign/button_UPLOAD' is clicked on

2023-08-01 19:07:31 - [MESSAGE][PASSED] - Object: 'Object Repository/13-EL Sign/button_UPLOAD' is clicked on

2023-08-01 19:07:31 - [TEST_STEP][PASSED] - delay(delay_3seconds): Delayed 3 second(s)

2023-08-01 19:07:34 - [MESSAGE][PASSED] - Delayed 3 second(s)

2023-08-01 19:07:34 - [TEST_STEP][PASSED] - click(findTestObject("13-EL Sign/button_homeELSIGN DOCUMENTS")): Object: 'Object Repository/13-EL Sign/button_homeELSIGN DOCUMENTS' is clicked on

2023-08-01 19:07:35 - [MESSAGE][PASSED] - Object: 'Object Repository/13-EL Sign/button_homeELSIGN DOCUMENTS' is clicked on

2023-08-01 19:07:35 - [TEST_STEP][PASSED] - delay(delay_3seconds): Delayed 3 second(s)

2023-08-01 19:07:38 - [MESSAGE][PASSED] - Delayed 3 second(s)]]></system-out>
         <system-err><![CDATA[]]></system-err>
      </testcase>
      <testcase name="Test Cases/13-EL Sign/03-Send Documents (Function buttons)" time="45.171" classname="Test Cases/13-EL Sign/03-Send Documents (Function buttons)" status="PASSED">
         <system-out><![CDATA[2023-08-01 19:07:38 - [TEST_CASE][PASSED] - Test Cases/13-EL Sign/03-Send Documents (Function buttons): Test Cases/13-EL Sign/03-Send Documents (Function buttons)

2023-08-01 19:07:39 - [TEST_STEP][PASSED] - click(findTestObject("13-EL Sign/mat-icon_refresh")): Object: 'Object Repository/13-EL Sign/mat-icon_refresh' is clicked on

2023-08-01 19:07:39 - [MESSAGE][PASSED] - Object: 'Object Repository/13-EL Sign/mat-icon_refresh' is clicked on

2023-08-01 19:07:39 - [TEST_STEP][PASSED] - delay(delay_3seconds): Delayed 3 second(s)

2023-08-01 19:07:42 - [MESSAGE][PASSED] - Delayed 3 second(s)

2023-08-01 19:07:42 - [TEST_STEP][PASSED] - click(findTestObject("13-EL Sign/mat-icon_configureColumns")): Object: 'Object Repository/13-EL Sign/mat-icon_configureColumns' is clicked on

2023-08-01 19:07:42 - [MESSAGE][PASSED] - Object: 'Object Repository/13-EL Sign/mat-icon_configureColumns' is clicked on

2023-08-01 19:07:42 - [TEST_STEP][PASSED] - verifyElementVisible(findTestObject("13-EL Sign/mat-dialog-container_configureColumnModal")): Object 'Object Repository/13-EL Sign/mat-dialog-container_configureColumnModal' is visible

2023-08-01 19:07:43 - [MESSAGE][PASSED] - Object 'Object Repository/13-EL Sign/mat-dialog-container_configureColumnModal' is visible

2023-08-01 19:07:43 - [TEST_STEP][PASSED] - delay(delay_3seconds): Delayed 3 second(s)

2023-08-01 19:07:46 - [MESSAGE][PASSED] - Delayed 3 second(s)

2023-08-01 19:07:46 - [TEST_STEP][PASSED] - click(findTestObject("13-EL Sign/span_ELSign Tracking Id")): Object: 'Object Repository/13-EL Sign/span_ELSign Tracking Id' is clicked on

2023-08-01 19:07:47 - [MESSAGE][PASSED] - Object: 'Object Repository/13-EL Sign/span_ELSign Tracking Id' is clicked on

2023-08-01 19:07:47 - [TEST_STEP][PASSED] - click(findTestObject("13-EL Sign/span_Document Name")): Object: 'Object Repository/13-EL Sign/span_Document Name' is clicked on

2023-08-01 19:07:48 - [MESSAGE][PASSED] - Object: 'Object Repository/13-EL Sign/span_Document Name' is clicked on

2023-08-01 19:07:48 - [TEST_STEP][PASSED] - click(findTestObject("13-EL Sign/span_Status")): Object: 'Object Repository/13-EL Sign/span_Status' is clicked on

2023-08-01 19:07:48 - [MESSAGE][PASSED] - Object: 'Object Repository/13-EL Sign/span_Status' is clicked on

2023-08-01 19:07:48 - [TEST_STEP][PASSED] - click(findTestObject("13-EL Sign/span_Signer Status")): Object: 'Object Repository/13-EL Sign/span_Signer Status' is clicked on

2023-08-01 19:07:49 - [MESSAGE][PASSED] - Object: 'Object Repository/13-EL Sign/span_Signer Status' is clicked on

2023-08-01 19:07:49 - [TEST_STEP][PASSED] - click(findTestObject("13-EL Sign/span_View")): Object: 'Object Repository/13-EL Sign/span_View' is clicked on

2023-08-01 19:07:50 - [MESSAGE][PASSED] - Object: 'Object Repository/13-EL Sign/span_View' is clicked on

2023-08-01 19:07:50 - [TEST_STEP][PASSED] - click(findTestObject("13-EL Sign/span_Certificate")): Object: 'Object Repository/13-EL Sign/span_Certificate' is clicked on

2023-08-01 19:07:51 - [MESSAGE][PASSED] - Object: 'Object Repository/13-EL Sign/span_Certificate' is clicked on

2023-08-01 19:07:51 - [TEST_STEP][PASSED] - click(findTestObject("13-EL Sign/span_Delete")): Object: 'Object Repository/13-EL Sign/span_Delete' is clicked on

2023-08-01 19:07:52 - [MESSAGE][PASSED] - Object: 'Object Repository/13-EL Sign/span_Delete' is clicked on

2023-08-01 19:07:52 - [TEST_STEP][PASSED] - click(findTestObject("13-EL Sign/span_History")): Object: 'Object Repository/13-EL Sign/span_History' is clicked on

2023-08-01 19:07:53 - [MESSAGE][PASSED] - Object: 'Object Repository/13-EL Sign/span_History' is clicked on

2023-08-01 19:07:53 - [TEST_STEP][PASSED] - click(findTestObject("13-EL Sign/span_Reminder")): Object: 'Object Repository/13-EL Sign/span_Reminder' is clicked on

2023-08-01 19:07:54 - [MESSAGE][PASSED] - Object: 'Object Repository/13-EL Sign/span_Reminder' is clicked on

2023-08-01 19:07:54 - [TEST_STEP][PASSED] - click(findTestObject("13-EL Sign/span_Last Modified")): Object: 'Object Repository/13-EL Sign/span_Last Modified' is clicked on

2023-08-01 19:07:55 - [MESSAGE][PASSED] - Object: 'Object Repository/13-EL Sign/span_Last Modified' is clicked on

2023-08-01 19:07:55 - [TEST_STEP][PASSED] - delay(delay_3seconds): Delayed 3 second(s)

2023-08-01 19:07:58 - [MESSAGE][PASSED] - Delayed 3 second(s)

2023-08-01 19:07:58 - [TEST_STEP][PASSED] - click(findTestObject("13-EL Sign/span_ELSign Tracking Id")): Object: 'Object Repository/13-EL Sign/span_ELSign Tracking Id' is clicked on

2023-08-01 19:07:58 - [MESSAGE][PASSED] - Object: 'Object Repository/13-EL Sign/span_ELSign Tracking Id' is clicked on

2023-08-01 19:07:58 - [TEST_STEP][PASSED] - click(findTestObject("13-EL Sign/span_Document Name")): Object: 'Object Repository/13-EL Sign/span_Document Name' is clicked on

2023-08-01 19:07:59 - [MESSAGE][PASSED] - Object: 'Object Repository/13-EL Sign/span_Document Name' is clicked on

2023-08-01 19:07:59 - [TEST_STEP][PASSED] - click(findTestObject("13-EL Sign/span_Status")): Object: 'Object Repository/13-EL Sign/span_Status' is clicked on

2023-08-01 19:08:00 - [MESSAGE][PASSED] - Object: 'Object Repository/13-EL Sign/span_Status' is clicked on

2023-08-01 19:08:00 - [TEST_STEP][PASSED] - click(findTestObject("13-EL Sign/span_Signer Status")): Object: 'Object Repository/13-EL Sign/span_Signer Status' is clicked on

2023-08-01 19:08:01 - [MESSAGE][PASSED] - Object: 'Object Repository/13-EL Sign/span_Signer Status' is clicked on

2023-08-01 19:08:01 - [TEST_STEP][PASSED] - click(findTestObject("13-EL Sign/span_View")): Object: 'Object Repository/13-EL Sign/span_View' is clicked on

2023-08-01 19:08:01 - [MESSAGE][PASSED] - Object: 'Object Repository/13-EL Sign/span_View' is clicked on

2023-08-01 19:08:02 - [TEST_STEP][PASSED] - click(findTestObject("13-EL Sign/span_Download")): Object: 'Object Repository/13-EL Sign/span_Download' is clicked on

2023-08-01 19:08:02 - [MESSAGE][PASSED] - Object: 'Object Repository/13-EL Sign/span_Download' is clicked on

2023-08-01 19:08:02 - [TEST_STEP][PASSED] - click(findTestObject("13-EL Sign/span_Certificate")): Object: 'Object Repository/13-EL Sign/span_Certificate' is clicked on

2023-08-01 19:08:03 - [MESSAGE][PASSED] - Object: 'Object Repository/13-EL Sign/span_Certificate' is clicked on

2023-08-01 19:08:03 - [TEST_STEP][PASSED] - click(findTestObject("13-EL Sign/span_Delete")): Object: 'Object Repository/13-EL Sign/span_Delete' is clicked on

2023-08-01 19:08:04 - [MESSAGE][PASSED] - Object: 'Object Repository/13-EL Sign/span_Delete' is clicked on

2023-08-01 19:08:04 - [TEST_STEP][PASSED] - click(findTestObject("13-EL Sign/span_History")): Object: 'Object Repository/13-EL Sign/span_History' is clicked on

2023-08-01 19:08:05 - [MESSAGE][PASSED] - Object: 'Object Repository/13-EL Sign/span_History' is clicked on

2023-08-01 19:08:05 - [TEST_STEP][PASSED] - click(findTestObject("13-EL Sign/span_Reminder")): Object: 'Object Repository/13-EL Sign/span_Reminder' is clicked on

2023-08-01 19:08:06 - [MESSAGE][PASSED] - Object: 'Object Repository/13-EL Sign/span_Reminder' is clicked on

2023-08-01 19:08:06 - [TEST_STEP][PASSED] - click(findTestObject("13-EL Sign/span_Last Modified")): Object: 'Object Repository/13-EL Sign/span_Last Modified' is clicked on

2023-08-01 19:08:07 - [MESSAGE][PASSED] - Object: 'Object Repository/13-EL Sign/span_Last Modified' is clicked on

2023-08-01 19:08:07 - [TEST_STEP][PASSED] - delay(delay_3seconds): Delayed 3 second(s)

2023-08-01 19:08:10 - [MESSAGE][PASSED] - Delayed 3 second(s)

2023-08-01 19:08:10 - [TEST_STEP][PASSED] - click(findTestObject("13-EL Sign/button_CLOSE")): Object: 'Object Repository/13-EL Sign/button_CLOSE' is clicked on

2023-08-01 19:08:10 - [MESSAGE][PASSED] - Object: 'Object Repository/13-EL Sign/button_CLOSE' is clicked on

2023-08-01 19:08:10 - [TEST_STEP][PASSED] - delay(delay_3seconds): Delayed 3 second(s)

2023-08-01 19:08:13 - [MESSAGE][PASSED] - Delayed 3 second(s)

2023-08-01 19:08:13 - [TEST_STEP][PASSED] - click(findTestObject("13-EL Sign/mat-icon_exportCSV")): Object: 'Object Repository/13-EL Sign/mat-icon_exportCSV' is clicked on

2023-08-01 19:08:14 - [MESSAGE][PASSED] - Object: 'Object Repository/13-EL Sign/mat-icon_exportCSV' is clicked on

2023-08-01 19:08:14 - [TEST_STEP][PASSED] - delay(delay_3seconds): Delayed 3 second(s)

2023-08-01 19:08:17 - [MESSAGE][PASSED] - Delayed 3 second(s)

2023-08-01 19:08:17 - [TEST_STEP][PASSED] - click(findTestObject("13-EL Sign/mat-icon_expandAll")): Object: 'Object Repository/13-EL Sign/mat-icon_expandAll' is clicked on

2023-08-01 19:08:17 - [MESSAGE][PASSED] - Object: 'Object Repository/13-EL Sign/mat-icon_expandAll' is clicked on

2023-08-01 19:08:17 - [TEST_STEP][PASSED] - delay(delay_3seconds): Delayed 3 second(s)

2023-08-01 19:08:20 - [MESSAGE][PASSED] - Delayed 3 second(s)

2023-08-01 19:08:20 - [TEST_STEP][PASSED] - click(findTestObject("13-EL Sign/mat-icon_refit")): Object: 'Object Repository/13-EL Sign/mat-icon_refit' is clicked on

2023-08-01 19:08:21 - [MESSAGE][PASSED] - Object: 'Object Repository/13-EL Sign/mat-icon_refit' is clicked on

2023-08-01 19:08:21 - [TEST_STEP][PASSED] - delay(delay_3seconds): Delayed 3 second(s)

2023-08-01 19:08:24 - [MESSAGE][PASSED] - Delayed 3 second(s)]]></system-out>
         <system-err><![CDATA[]]></system-err>
      </testcase>
      <testcase name="Test Cases/13-EL Sign/04-Send Documents (Add Signer and guest- required field is blank)" time="22.437" classname="Test Cases/13-EL Sign/04-Send Documents (Add Signer and guest- required field is blank)" status="PASSED">
         <system-out><![CDATA[2023-08-01 19:08:24 - [TEST_CASE][PASSED] - Test Cases/13-EL Sign/04-Send Documents (Add Signer and guest- required field is blank): Test Cases/13-EL Sign/04-Send Documents (Add Signer and guest- required field is blank)

2023-08-01 19:08:24 - [TEST_STEP][PASSED] - click(findTestObject("13-EL Sign/div_ELSignTrackID")): Object: 'Object Repository/13-EL Sign/div_ELSignTrackID' is clicked on

2023-08-01 19:08:24 - [MESSAGE][PASSED] - Object: 'Object Repository/13-EL Sign/div_ELSignTrackID' is clicked on

2023-08-01 19:08:24 - [TEST_STEP][PASSED] - delay(delay_3seconds): Delayed 3 second(s)

2023-08-01 19:08:27 - [MESSAGE][PASSED] - Delayed 3 second(s)

2023-08-01 19:08:27 - [TEST_STEP][PASSED] - click(findTestObject("13-EL Sign/span_COMPLETE")): Object: 'Object Repository/13-EL Sign/span_COMPLETE' is clicked on

2023-08-01 19:08:28 - [MESSAGE][PASSED] - Object: 'Object Repository/13-EL Sign/span_COMPLETE' is clicked on

2023-08-01 19:08:28 - [TEST_STEP][PASSED] - verifyElementVisible(findTestObject("13-EL Sign/snack-bar-container_Please add signer and field")): Object 'Object Repository/13-EL Sign/snack-bar-container_Please add signer and field' is visible

2023-08-01 19:08:28 - [MESSAGE][PASSED] - Object 'Object Repository/13-EL Sign/snack-bar-container_Please add signer and field' is visible

2023-08-01 19:08:28 - [TEST_STEP][PASSED] - delay(delay_3seconds): Delayed 3 second(s)

2023-08-01 19:08:31 - [MESSAGE][PASSED] - Delayed 3 second(s)

2023-08-01 19:08:31 - [TEST_STEP][PASSED] - click(findTestObject("13-EL Sign/button_personADD SIGNER  FIELD")): Object: 'Object Repository/13-EL Sign/button_personADD SIGNER  FIELD' is clicked on

2023-08-01 19:08:32 - [MESSAGE][PASSED] - Object: 'Object Repository/13-EL Sign/button_personADD SIGNER  FIELD' is clicked on

2023-08-01 19:08:32 - [TEST_STEP][PASSED] - verifyElementVisible(findTestObject("13-EL Sign/mat-dialog-container_AddSignerModal")): Object 'Object Repository/13-EL Sign/mat-dialog-container_AddSignerModal' is visible

2023-08-01 19:08:33 - [MESSAGE][PASSED] - Object 'Object Repository/13-EL Sign/mat-dialog-container_AddSignerModal' is visible

2023-08-01 19:08:33 - [TEST_STEP][PASSED] - click(findTestObject("13-EL Sign/input_Search for a Signer")): Object: 'Object Repository/13-EL Sign/input_Search for a Signer' is clicked on

2023-08-01 19:08:33 - [MESSAGE][PASSED] - Object: 'Object Repository/13-EL Sign/input_Search for a Signer' is clicked on

2023-08-01 19:08:33 - [TEST_STEP][PASSED] - sendKeys(findTestObject("13-EL Sign/input_Search for a Signer"), Keys.chord(ESCAPE)): Keys 'ESCAPE + ' sent to object: 'Object Repository/13-EL Sign/input_Search for a Signer'

2023-08-01 19:08:34 - [MESSAGE][PASSED] - Keys 'ESCAPE + ' sent to object: 'Object Repository/13-EL Sign/input_Search for a Signer'

2023-08-01 19:08:34 - [TEST_STEP][PASSED] - click(findTestObject("13-EL Sign/input_Receiver email address")): Object: 'Object Repository/13-EL Sign/input_Receiver email address' is clicked on

2023-08-01 19:08:34 - [MESSAGE][PASSED] - Object: 'Object Repository/13-EL Sign/input_Receiver email address' is clicked on

2023-08-01 19:08:34 - [TEST_STEP][PASSED] - clickOffset(findTestObject("13-EL Sign/input_Receiver email address"), 100, 100): Object: 'Object Repository/13-EL Sign/input_Receiver email address' is clicked on using offset x=100 and y=100

2023-08-01 19:08:35 - [MESSAGE][PASSED] - Object: 'Object Repository/13-EL Sign/input_Receiver email address' is clicked on using offset x=100 and y=100

2023-08-01 19:08:35 - [TEST_STEP][PASSED] - verifyElementVisible(findTestObject("13-EL Sign/mat-error_Signer name is required")): Object 'Object Repository/13-EL Sign/mat-error_Signer name is required' is visible

2023-08-01 19:08:35 - [MESSAGE][PASSED] - Object 'Object Repository/13-EL Sign/mat-error_Signer name is required' is visible

2023-08-01 19:08:35 - [TEST_STEP][PASSED] - verifyElementVisible(findTestObject("13-EL Sign/mat-error_Email address is required")): Object 'Object Repository/13-EL Sign/mat-error_Email address is required' is visible

2023-08-01 19:08:36 - [MESSAGE][PASSED] - Object 'Object Repository/13-EL Sign/mat-error_Email address is required' is visible

2023-08-01 19:08:36 - [TEST_STEP][PASSED] - scrollToElement(findTestObject("13-EL Sign/button_SAVE"), 0): Scroll to object 'Object Repository/13-EL Sign/button_SAVE' successfully

2023-08-01 19:08:36 - [MESSAGE][WARNING] - Timeout '0' is invalid. Using default page load timeout: '30'

2023-08-01 19:08:36 - [MESSAGE][PASSED] - Scroll to object 'Object Repository/13-EL Sign/button_SAVE' successfully

2023-08-01 19:08:36 - [TEST_STEP][PASSED] - verifyElementNotClickable(findTestObject("13-EL Sign/button_SAVE")): Object 'Object Repository/13-EL Sign/button_SAVE' is NOT clickable

2023-08-01 19:08:36 - [MESSAGE][PASSED] - Object 'Object Repository/13-EL Sign/button_SAVE' is NOT clickable

2023-08-01 19:08:36 - [TEST_STEP][PASSED] - click(findTestObject("13-EL Sign/button_CANCEL")): Object: 'Object Repository/13-EL Sign/button_CANCEL' is clicked on

2023-08-01 19:08:37 - [MESSAGE][PASSED] - Object: 'Object Repository/13-EL Sign/button_CANCEL' is clicked on

2023-08-01 19:08:37 - [TEST_STEP][PASSED] - delay(delay_3seconds): Delayed 3 second(s)

2023-08-01 19:08:40 - [MESSAGE][PASSED] - Delayed 3 second(s)

2023-08-01 19:08:40 - [TEST_STEP][PASSED] - click(findTestObject("13-EL Sign/button_personADD SIGNER  FIELD")): Object: 'Object Repository/13-EL Sign/button_personADD SIGNER  FIELD' is clicked on

2023-08-01 19:08:40 - [MESSAGE][PASSED] - Object: 'Object Repository/13-EL Sign/button_personADD SIGNER  FIELD' is clicked on

2023-08-01 19:08:40 - [TEST_STEP][PASSED] - delay(delay_3seconds): Delayed 3 second(s)

2023-08-01 19:08:43 - [MESSAGE][PASSED] - Delayed 3 second(s)

2023-08-01 19:08:43 - [TEST_STEP][PASSED] - click(findTestObject("13-EL Sign/button_person_outlineADD GUEST")): Object: 'Object Repository/13-EL Sign/button_person_outlineADD GUEST' is clicked on

2023-08-01 19:08:44 - [MESSAGE][PASSED] - Object: 'Object Repository/13-EL Sign/button_person_outlineADD GUEST' is clicked on

2023-08-01 19:08:44 - [TEST_STEP][PASSED] - verifyElementVisible(findTestObject("13-EL Sign/mat-dialog-container_New GuestModal")): Object 'Object Repository/13-EL Sign/mat-dialog-container_New GuestModal' is visible

2023-08-01 19:08:45 - [MESSAGE][PASSED] - Object 'Object Repository/13-EL Sign/mat-dialog-container_New GuestModal' is visible

2023-08-01 19:08:45 - [TEST_STEP][PASSED] - click(findTestObject("13-EL Sign/input_GuestEmailAddress")): Object: 'Object Repository/13-EL Sign/input_GuestEmailAddress' is clicked on

2023-08-01 19:08:45 - [MESSAGE][PASSED] - Object: 'Object Repository/13-EL Sign/input_GuestEmailAddress' is clicked on

2023-08-01 19:08:45 - [TEST_STEP][PASSED] - sendKeys(findTestObject("13-EL Sign/input_GuestEmailAddress"), Keys.chord(ESCAPE)): Keys 'ESCAPE + ' sent to object: 'Object Repository/13-EL Sign/input_GuestEmailAddress'

2023-08-01 19:08:45 - [MESSAGE][PASSED] - Keys 'ESCAPE + ' sent to object: 'Object Repository/13-EL Sign/input_GuestEmailAddress'

2023-08-01 19:08:45 - [TEST_STEP][PASSED] - click(findTestObject("13-EL Sign/mat-icon_clear")): Object: 'Object Repository/13-EL Sign/mat-icon_clear' is clicked on

2023-08-01 19:08:46 - [MESSAGE][PASSED] - Object: 'Object Repository/13-EL Sign/mat-icon_clear' is clicked on]]></system-out>
         <system-err><![CDATA[]]></system-err>
      </testcase>
      <testcase name="Test Cases/13-EL Sign/05-Send Documents(Add Signer and guest-fill out required field)" time="12.417" classname="Test Cases/13-EL Sign/05-Send Documents(Add Signer and guest-fill out required field)" status="PASSED">
         <system-out><![CDATA[2023-08-01 19:08:46 - [TEST_CASE][PASSED] - Test Cases/13-EL Sign/05-Send Documents(Add Signer and guest-fill out required field): Test Cases/13-EL Sign/05-Send Documents(Add Signer and guest-fill out required field)

2023-08-01 19:08:46 - [TEST_STEP][PASSED] - click(findTestObject("13-EL Sign/button_personADD SIGNER  FIELD")): Object: 'Object Repository/13-EL Sign/button_personADD SIGNER  FIELD' is clicked on

2023-08-01 19:08:47 - [MESSAGE][PASSED] - Object: 'Object Repository/13-EL Sign/button_personADD SIGNER  FIELD' is clicked on

2023-08-01 19:08:47 - [TEST_STEP][PASSED] - click(findTestObject("13-EL Sign/input_Search for a Signer")): Object: 'Object Repository/13-EL Sign/input_Search for a Signer' is clicked on

2023-08-01 19:08:48 - [MESSAGE][PASSED] - Object: 'Object Repository/13-EL Sign/input_Search for a Signer' is clicked on

2023-08-01 19:08:48 - [TEST_STEP][PASSED] - click(findTestObject("13-EL Sign/mat-option_addsigner_testuser005mailinator.com"), STOP_ON_FAILURE): Object: 'Object Repository/13-EL Sign/mat-option_addsigner_testuser005mailinator.com' is clicked on

2023-08-01 19:08:48 - [MESSAGE][PASSED] - Object: 'Object Repository/13-EL Sign/mat-option_addsigner_testuser005mailinator.com' is clicked on

2023-08-01 19:08:48 - [TEST_STEP][PASSED] - scrollToElement(findTestObject("13-EL Sign/button_SAVE"), 0): Scroll to object 'Object Repository/13-EL Sign/button_SAVE' successfully

2023-08-01 19:08:48 - [MESSAGE][WARNING] - Timeout '0' is invalid. Using default page load timeout: '30'

2023-08-01 19:08:49 - [MESSAGE][PASSED] - Scroll to object 'Object Repository/13-EL Sign/button_SAVE' successfully

2023-08-01 19:08:49 - [TEST_STEP][PASSED] - click(findTestObject("13-EL Sign/button_SAVE")): Object: 'Object Repository/13-EL Sign/button_SAVE' is clicked on

2023-08-01 19:08:49 - [MESSAGE][PASSED] - Object: 'Object Repository/13-EL Sign/button_SAVE' is clicked on

2023-08-01 19:08:49 - [TEST_STEP][PASSED] - delay(delay_3seconds): Delayed 3 second(s)

2023-08-01 19:08:52 - [MESSAGE][PASSED] - Delayed 3 second(s)

2023-08-01 19:08:52 - [TEST_STEP][PASSED] - click(findTestObject("13-EL Sign/button_personADD SIGNER  FIELD")): Object: 'Object Repository/13-EL Sign/button_personADD SIGNER  FIELD' is clicked on

2023-08-01 19:08:52 - [MESSAGE][PASSED] - Object: 'Object Repository/13-EL Sign/button_personADD SIGNER  FIELD' is clicked on

2023-08-01 19:08:52 - [TEST_STEP][PASSED] - delay(delay_3seconds): Delayed 3 second(s)

2023-08-01 19:08:55 - [MESSAGE][PASSED] - Delayed 3 second(s)

2023-08-01 19:08:55 - [TEST_STEP][PASSED] - click(findTestObject("13-EL Sign/button_person_outlineADD GUEST")): Object: 'Object Repository/13-EL Sign/button_person_outlineADD GUEST' is clicked on

2023-08-01 19:08:56 - [MESSAGE][PASSED] - Object: 'Object Repository/13-EL Sign/button_person_outlineADD GUEST' is clicked on

2023-08-01 19:08:56 - [TEST_STEP][PASSED] - verifyElementVisible(findTestObject("13-EL Sign/mat-dialog-container_New GuestModal")): Object 'Object Repository/13-EL Sign/mat-dialog-container_New GuestModal' is visible

2023-08-01 19:08:57 - [MESSAGE][PASSED] - Object 'Object Repository/13-EL Sign/mat-dialog-container_New GuestModal' is visible

2023-08-01 19:08:57 - [TEST_STEP][PASSED] - click(findTestObject("13-EL Sign/input_GuestEmailAddress")): Object: 'Object Repository/13-EL Sign/input_GuestEmailAddress' is clicked on

2023-08-01 19:08:57 - [MESSAGE][PASSED] - Object: 'Object Repository/13-EL Sign/input_GuestEmailAddress' is clicked on

2023-08-01 19:08:57 - [TEST_STEP][PASSED] - click(findTestObject("13-EL Sign/mat-option_newguest_autotester03mailinator.com")): Object: 'Object Repository/13-EL Sign/mat-option_newguest_autotester03mailinator.com' is clicked on

2023-08-01 19:08:57 - [MESSAGE][PASSED] - Object: 'Object Repository/13-EL Sign/mat-option_newguest_autotester03mailinator.com' is clicked on

2023-08-01 19:08:57 - [TEST_STEP][PASSED] - scrollToElement(findTestObject("13-EL Sign/button_SAVE2"), 0): Scroll to object 'Object Repository/13-EL Sign/button_SAVE2' successfully

2023-08-01 19:08:58 - [MESSAGE][WARNING] - Timeout '0' is invalid. Using default page load timeout: '30'

2023-08-01 19:08:58 - [MESSAGE][PASSED] - Scroll to object 'Object Repository/13-EL Sign/button_SAVE2' successfully

2023-08-01 19:08:58 - [TEST_STEP][PASSED] - click(findTestObject("13-EL Sign/button_SAVE2")): Object: 'Object Repository/13-EL Sign/button_SAVE2' is clicked on

2023-08-01 19:08:58 - [MESSAGE][PASSED] - Object: 'Object Repository/13-EL Sign/button_SAVE2' is clicked on]]></system-out>
         <system-err><![CDATA[]]></system-err>
      </testcase>
      <testcase name="Test Cases/13-EL Sign/06-Send Documents (Select labels and drag)" time="39.306" classname="Test Cases/13-EL Sign/06-Send Documents (Select labels and drag)" status="PASSED">
         <system-out><![CDATA[2023-08-01 19:08:58 - [TEST_CASE][PASSED] - Test Cases/13-EL Sign/06-Send Documents (Select labels and drag): Test Cases/13-EL Sign/06-Send Documents (Select labels and drag)

2023-08-01 19:08:59 - [TEST_STEP][PASSED] - dragAndDropToObject(findTestObject("13-EL Sign/button_createGG TESTERSign here"), findTestObject("13-EL Sign/documents"), STOP_ON_FAILURE): Dragged object with id 'Object Repository/13-EL Sign/button_createGG TESTERSign here' to object with id 'TestObject - 'Object Repository/13-EL Sign/documents'' successfully

2023-08-01 19:09:01 - [MESSAGE][PASSED] - Dragged object with id 'Object Repository/13-EL Sign/button_createGG TESTERSign here' to object with id 'TestObject - 'Object Repository/13-EL Sign/documents'' successfully

2023-08-01 19:09:01 - [TEST_STEP][PASSED] - click(findTestObject("13-EL Sign/div_create-draggable")): Object: 'Object Repository/13-EL Sign/div_create-draggable' is clicked on

2023-08-01 19:09:01 - [MESSAGE][PASSED] - Object: 'Object Repository/13-EL Sign/div_create-draggable' is clicked on

2023-08-01 19:09:01 - [TEST_STEP][PASSED] - click(findTestObject("13-EL Sign/button_clear")): Object: 'Object Repository/13-EL Sign/button_clear' is clicked on

2023-08-01 19:09:02 - [MESSAGE][PASSED] - Object: 'Object Repository/13-EL Sign/button_clear' is clicked on

2023-08-01 19:09:02 - [TEST_STEP][PASSED] - verifyElementVisible(findTestObject("13-EL Sign/mat-dialog-container_Do you confirm the deletion of this ELSign fieldModal")): Object 'Object Repository/13-EL Sign/mat-dialog-container_Do you confirm the deletion of this ELSign fieldModal' is visible

2023-08-01 19:09:03 - [MESSAGE][PASSED] - Object 'Object Repository/13-EL Sign/mat-dialog-container_Do you confirm the deletion of this ELSign fieldModal' is visible

2023-08-01 19:09:03 - [TEST_STEP][PASSED] - click(findTestObject("13-EL Sign/button_No")): Object: 'Object Repository/13-EL Sign/button_No' is clicked on

2023-08-01 19:09:04 - [MESSAGE][PASSED] - Object: 'Object Repository/13-EL Sign/button_No' is clicked on

2023-08-01 19:09:04 - [TEST_STEP][PASSED] - click(findTestObject("13-EL Sign/button_clear")): Object: 'Object Repository/13-EL Sign/button_clear' is clicked on

2023-08-01 19:09:04 - [MESSAGE][PASSED] - Object: 'Object Repository/13-EL Sign/button_clear' is clicked on

2023-08-01 19:09:04 - [TEST_STEP][PASSED] - delay(delay_3seconds): Delayed 3 second(s)

2023-08-01 19:09:07 - [MESSAGE][PASSED] - Delayed 3 second(s)

2023-08-01 19:09:07 - [TEST_STEP][PASSED] - click(findTestObject("13-EL Sign/button_Yes")): Object: 'Object Repository/13-EL Sign/button_Yes' is clicked on

2023-08-01 19:09:08 - [MESSAGE][PASSED] - Object: 'Object Repository/13-EL Sign/button_Yes' is clicked on

2023-08-01 19:09:08 - [TEST_STEP][PASSED] - delay(delay_3seconds): Delayed 3 second(s)

2023-08-01 19:09:11 - [MESSAGE][PASSED] - Delayed 3 second(s)

2023-08-01 19:09:11 - [TEST_STEP][PASSED] - dragAndDropToObject(findTestObject("13-EL Sign/button_createGG TESTERSign here"), findTestObject("13-EL Sign/documents"), STOP_ON_FAILURE): Dragged object with id 'Object Repository/13-EL Sign/button_createGG TESTERSign here' to object with id 'TestObject - 'Object Repository/13-EL Sign/documents'' successfully

2023-08-01 19:09:12 - [MESSAGE][PASSED] - Dragged object with id 'Object Repository/13-EL Sign/button_createGG TESTERSign here' to object with id 'TestObject - 'Object Repository/13-EL Sign/documents'' successfully

2023-08-01 19:09:12 - [TEST_STEP][PASSED] - delay(delay_3seconds): Delayed 3 second(s)

2023-08-01 19:09:15 - [MESSAGE][PASSED] - Delayed 3 second(s)

2023-08-01 19:09:15 - [TEST_STEP][PASSED] - dragAndDropByOffset(findTestObject("13-EL Sign/button_createGG TESTERSign here"), -500, 10): Dragged object with id 'Object Repository/13-EL Sign/button_createGG TESTERSign here' by offset distance x = -500 and y = 10 successfully

2023-08-01 19:09:16 - [MESSAGE][PASSED] - Dragged object with id 'Object Repository/13-EL Sign/button_createGG TESTERSign here' by offset distance x = -500 and y = 10 successfully

2023-08-01 19:09:16 - [TEST_STEP][PASSED] - delay(delay_3seconds): Delayed 3 second(s)

2023-08-01 19:09:19 - [MESSAGE][PASSED] - Delayed 3 second(s)

2023-08-01 19:09:19 - [TEST_STEP][PASSED] - dragAndDropByOffset(findTestObject("13-EL Sign/button_calendarGG TESTERDate signed"), -300, 30): Dragged object with id 'Object Repository/13-EL Sign/button_calendarGG TESTERDate signed' by offset distance x = -300 and y = 30 successfully

2023-08-01 19:09:20 - [MESSAGE][PASSED] - Dragged object with id 'Object Repository/13-EL Sign/button_calendarGG TESTERDate signed' by offset distance x = -300 and y = 30 successfully

2023-08-01 19:09:20 - [TEST_STEP][PASSED] - delay(delay_3seconds): Delayed 3 second(s)

2023-08-01 19:09:23 - [MESSAGE][PASSED] - Delayed 3 second(s)

2023-08-01 19:09:23 - [TEST_STEP][PASSED] - dragAndDropByOffset(findTestObject("13-EL Sign/button_person_pinGG TESTERInitial here"), -200, 60): Dragged object with id 'Object Repository/13-EL Sign/button_person_pinGG TESTERInitial here' by offset distance x = -200 and y = 60 successfully

2023-08-01 19:09:24 - [MESSAGE][PASSED] - Dragged object with id 'Object Repository/13-EL Sign/button_person_pinGG TESTERInitial here' by offset distance x = -200 and y = 60 successfully

2023-08-01 19:09:24 - [TEST_STEP][PASSED] - delay(delay_3seconds): Delayed 3 second(s)

2023-08-01 19:09:27 - [MESSAGE][PASSED] - Delayed 3 second(s)

2023-08-01 19:09:27 - [TEST_STEP][PASSED] - click(findTestObject("13-EL Sign/span_COMPLETE")): Object: 'Object Repository/13-EL Sign/span_COMPLETE' is clicked on

2023-08-01 19:09:27 - [MESSAGE][PASSED] - Object: 'Object Repository/13-EL Sign/span_COMPLETE' is clicked on

2023-08-01 19:09:27 - [TEST_STEP][PASSED] - delay(delay_3seconds): Delayed 3 second(s)

2023-08-01 19:09:30 - [MESSAGE][PASSED] - Delayed 3 second(s)

2023-08-01 19:09:30 - [TEST_STEP][PASSED] - verifyElementVisible(findTestObject("13-EL Sign/th_Send ELSign Invite")): Object 'Object Repository/13-EL Sign/th_Send ELSign Invite' is visible

2023-08-01 19:09:31 - [MESSAGE][PASSED] - Object 'Object Repository/13-EL Sign/th_Send ELSign Invite' is visible

2023-08-01 19:09:31 - [TEST_STEP][PASSED] - scrollToElement(findTestObject("13-EL Sign/div_Dear ReceiverName"), 0): Scroll to object 'Object Repository/13-EL Sign/div_Dear ReceiverName' successfully

2023-08-01 19:09:31 - [MESSAGE][WARNING] - Timeout '0' is invalid. Using default page load timeout: '30'

2023-08-01 19:09:31 - [MESSAGE][PASSED] - Scroll to object 'Object Repository/13-EL Sign/div_Dear ReceiverName' successfully

2023-08-01 19:09:31 - [TEST_STEP][PASSED] - scrollToElement(findTestObject("13-EL Sign/th_Send ELSign Invite"), 0): Scroll to object 'Object Repository/13-EL Sign/th_Send ELSign Invite' successfully

2023-08-01 19:09:31 - [MESSAGE][WARNING] - Timeout '0' is invalid. Using default page load timeout: '30'

2023-08-01 19:09:31 - [MESSAGE][PASSED] - Scroll to object 'Object Repository/13-EL Sign/th_Send ELSign Invite' successfully

2023-08-01 19:09:31 - [TEST_STEP][PASSED] - delay(delay_3seconds): Delayed 3 second(s)

2023-08-01 19:09:34 - [MESSAGE][PASSED] - Delayed 3 second(s)

2023-08-01 19:09:34 - [TEST_STEP][PASSED] - click(findTestObject("13-EL Sign/button_sendSend Invite")): Object: 'Object Repository/13-EL Sign/button_sendSend Invite' is clicked on

2023-08-01 19:09:35 - [MESSAGE][PASSED] - Object: 'Object Repository/13-EL Sign/button_sendSend Invite' is clicked on

2023-08-01 19:09:35 - [TEST_STEP][PASSED] - delay(delay_3seconds): Delayed 3 second(s)

2023-08-01 19:09:38 - [MESSAGE][PASSED] - Delayed 3 second(s)]]></system-out>
         <system-err><![CDATA[]]></system-err>
      </testcase>
      <testcase name="Test Cases/13-EL Sign/07-Send Documents (Signer Status)" time="5.032" classname="Test Cases/13-EL Sign/07-Send Documents (Signer Status)" status="PASSED">
         <system-out><![CDATA[2023-08-01 19:09:38 - [TEST_CASE][PASSED] - Test Cases/13-EL Sign/07-Send Documents (Signer Status): Test Cases/13-EL Sign/07-Send Documents (Signer Status)

2023-08-01 19:09:38 - [TEST_STEP][PASSED] - click(findTestObject("13-EL Sign/button_person_add-SignerStatus")): Object: 'Object Repository/13-EL Sign/button_person_add-SignerStatus' is clicked on

2023-08-01 19:09:38 - [MESSAGE][PASSED] - Object: 'Object Repository/13-EL Sign/button_person_add-SignerStatus' is clicked on

2023-08-01 19:09:38 - [TEST_STEP][PASSED] - verifyElementVisible(findTestObject("13-EL Sign/mat-toolbar_Signers ELSign Status")): Object 'Object Repository/13-EL Sign/mat-toolbar_Signers ELSign Status' is visible

2023-08-01 19:09:39 - [MESSAGE][PASSED] - Object 'Object Repository/13-EL Sign/mat-toolbar_Signers ELSign Status' is visible

2023-08-01 19:09:39 - [TEST_STEP][PASSED] - click(findTestObject("13-EL Sign/button_OK")): Object: 'Object Repository/13-EL Sign/button_OK' is clicked on

2023-08-01 19:09:40 - [MESSAGE][PASSED] - Object: 'Object Repository/13-EL Sign/button_OK' is clicked on

2023-08-01 19:09:40 - [TEST_STEP][PASSED] - delay(delay_3seconds): Delayed 3 second(s)

2023-08-01 19:09:43 - [MESSAGE][PASSED] - Delayed 3 second(s)]]></system-out>
         <system-err><![CDATA[]]></system-err>
      </testcase>
      <testcase name="Test Cases/13-EL Sign/08-Send Documents (View Document and History)" time="10.381" classname="Test Cases/13-EL Sign/08-Send Documents (View Document and History)" status="PASSED">
         <system-out><![CDATA[2023-08-01 19:09:43 - [TEST_CASE][PASSED] - Test Cases/13-EL Sign/08-Send Documents (View Document and History): Test Cases/13-EL Sign/08-Send Documents (View Document and History)

2023-08-01 19:09:43 - [TEST_STEP][PASSED] - click(findTestObject("13-EL Sign/button_visibility")): Object: 'Object Repository/13-EL Sign/button_visibility' is clicked on

2023-08-01 19:09:43 - [MESSAGE][PASSED] - Object: 'Object Repository/13-EL Sign/button_visibility' is clicked on

2023-08-01 19:09:43 - [TEST_STEP][PASSED] - switchToWindowIndex(1): Switched to window with index: '1'

2023-08-01 19:09:45 - [MESSAGE][PASSED] - Switched to window with index: '1'

2023-08-01 19:09:45 - [TEST_STEP][PASSED] - closeWindowIndex(1): Window with index 1 is closed

2023-08-01 19:09:45 - [MESSAGE][PASSED] - Window with index 1 is closed

2023-08-01 19:09:45 - [TEST_STEP][PASSED] - switchToWindowIndex(0): Switched to window with index: '0'

2023-08-01 19:09:45 - [MESSAGE][PASSED] - Switched to window with index: '0'

2023-08-01 19:09:45 - [TEST_STEP][PASSED] - delay(delay_3seconds): Delayed 3 second(s)

2023-08-01 19:09:48 - [MESSAGE][PASSED] - Delayed 3 second(s)

2023-08-01 19:09:48 - [TEST_STEP][PASSED] - click(findTestObject("13-EL Sign/button_history")): Object: 'Object Repository/13-EL Sign/button_history' is clicked on

2023-08-01 19:09:48 - [MESSAGE][PASSED] - Object: 'Object Repository/13-EL Sign/button_history' is clicked on

2023-08-01 19:09:48 - [TEST_STEP][PASSED] - verifyElementVisible(findTestObject("13-EL Sign/mat-dialog-container-historyModal")): Object 'Object Repository/13-EL Sign/mat-dialog-container-historyModal' is visible

2023-08-01 19:09:49 - [MESSAGE][PASSED] - Object 'Object Repository/13-EL Sign/mat-dialog-container-historyModal' is visible

2023-08-01 19:09:49 - [TEST_STEP][PASSED] - verifyElementVisible(findTestObject("13-EL Sign/td_historyName")): Object 'Object Repository/13-EL Sign/td_historyName' is visible

2023-08-01 19:09:50 - [MESSAGE][PASSED] - Object 'Object Repository/13-EL Sign/td_historyName' is visible

2023-08-01 19:09:50 - [TEST_STEP][PASSED] - doubleClick(findTestObject("13-EL Sign/button_CANCEL2")): Object: 'Object Repository/13-EL Sign/button_CANCEL2' is double clicked on

2023-08-01 19:09:50 - [MESSAGE][PASSED] - Object: 'Object Repository/13-EL Sign/button_CANCEL2' is double clicked on

2023-08-01 19:09:50 - [TEST_STEP][PASSED] - delay(delay_3seconds): Delayed 3 second(s)

2023-08-01 19:09:53 - [MESSAGE][PASSED] - Delayed 3 second(s)]]></system-out>
         <system-err><![CDATA[]]></system-err>
      </testcase>
      <testcase name="Test Cases/13-EL Sign/09-Send Documents (Reminder)" time="24.978" classname="Test Cases/13-EL Sign/09-Send Documents (Reminder)" status="PASSED">
         <system-out><![CDATA[2023-08-01 19:09:53 - [TEST_CASE][PASSED] - Test Cases/13-EL Sign/09-Send Documents (Reminder): Test Cases/13-EL Sign/09-Send Documents (Reminder)

2023-08-01 19:09:53 - [TEST_STEP][PASSED] - click(findTestObject("13-EL Sign/button_reminder")): Object: 'Object Repository/13-EL Sign/button_reminder' is clicked on

2023-08-01 19:09:54 - [MESSAGE][PASSED] - Object: 'Object Repository/13-EL Sign/button_reminder' is clicked on

2023-08-01 19:09:54 - [TEST_STEP][PASSED] - verifyElementVisible(findTestObject("13-EL Sign/mat-dialog-container-reminderModal")): Object 'Object Repository/13-EL Sign/mat-dialog-container-reminderModal' is visible

2023-08-01 19:09:55 - [MESSAGE][PASSED] - Object 'Object Repository/13-EL Sign/mat-dialog-container-reminderModal' is visible

2023-08-01 19:09:55 - [TEST_STEP][PASSED] - verifyElementVisible(findTestObject("13-EL Sign/h6_Schedule ELSign receiver reminder")): Object 'Object Repository/13-EL Sign/h6_Schedule ELSign receiver reminder' is visible

2023-08-01 19:09:55 - [MESSAGE][PASSED] - Object 'Object Repository/13-EL Sign/h6_Schedule ELSign receiver reminder' is visible

2023-08-01 19:09:55 - [TEST_STEP][PASSED] - doubleClick(findTestObject("13-EL Sign/button_CANCEL3")): Object: 'Object Repository/13-EL Sign/button_CANCEL3' is double clicked on

2023-08-01 19:09:55 - [MESSAGE][PASSED] - Object: 'Object Repository/13-EL Sign/button_CANCEL3' is double clicked on

2023-08-01 19:09:55 - [TEST_STEP][PASSED] - delay(delay_3seconds): Delayed 3 second(s)

2023-08-01 19:09:58 - [MESSAGE][PASSED] - Delayed 3 second(s)

2023-08-01 19:09:58 - [TEST_STEP][PASSED] - click(findTestObject("13-EL Sign/button_reminder")): Object: 'Object Repository/13-EL Sign/button_reminder' is clicked on

2023-08-01 19:09:59 - [MESSAGE][PASSED] - Object: 'Object Repository/13-EL Sign/button_reminder' is clicked on

2023-08-01 19:09:59 - [TEST_STEP][PASSED] - click(findTestObject("13-EL Sign/checkbox_recipients")): Object: 'Object Repository/13-EL Sign/checkbox_recipients' is clicked on

2023-08-01 19:10:00 - [MESSAGE][PASSED] - Object: 'Object Repository/13-EL Sign/checkbox_recipients' is clicked on

2023-08-01 19:10:00 - [TEST_STEP][PASSED] - click(findTestObject("13-EL Sign/checkbox_SendReminderNow")): Object: 'Object Repository/13-EL Sign/checkbox_SendReminderNow' is clicked on

2023-08-01 19:10:01 - [MESSAGE][PASSED] - Object: 'Object Repository/13-EL Sign/checkbox_SendReminderNow' is clicked on

2023-08-01 19:10:01 - [TEST_STEP][PASSED] - click(findTestObject("13-EL Sign/div_daysDropdown")): Object: 'Object Repository/13-EL Sign/div_daysDropdown' is clicked on

2023-08-01 19:10:02 - [MESSAGE][PASSED] - Object: 'Object Repository/13-EL Sign/div_daysDropdown' is clicked on

2023-08-01 19:10:02 - [TEST_STEP][PASSED] - delay(delay_3seconds): Delayed 3 second(s)

2023-08-01 19:10:05 - [MESSAGE][PASSED] - Delayed 3 second(s)

2023-08-01 19:10:05 - [TEST_STEP][PASSED] - click(findTestObject("13-EL Sign/mat-option_2")): Object: 'Object Repository/13-EL Sign/mat-option_2' is clicked on

2023-08-01 19:10:05 - [MESSAGE][PASSED] - Object: 'Object Repository/13-EL Sign/mat-option_2' is clicked on

2023-08-01 19:10:05 - [TEST_STEP][PASSED] - delay(delay_3seconds): Delayed 3 second(s)

2023-08-01 19:10:08 - [MESSAGE][PASSED] - Delayed 3 second(s)

2023-08-01 19:10:08 - [TEST_STEP][PASSED] - click(findTestObject("13-EL Sign/button_Save Schedule")): Object: 'Object Repository/13-EL Sign/button_Save Schedule' is clicked on

2023-08-01 19:10:08 - [MESSAGE][PASSED] - Object: 'Object Repository/13-EL Sign/button_Save Schedule' is clicked on

2023-08-01 19:10:08 - [TEST_STEP][PASSED] - delay(delay_3seconds): Delayed 3 second(s)

2023-08-01 19:10:11 - [MESSAGE][PASSED] - Delayed 3 second(s)

2023-08-01 19:10:11 - [TEST_STEP][PASSED] - click(findTestObject("13-EL Sign/button_reminder")): Object: 'Object Repository/13-EL Sign/button_reminder' is clicked on

2023-08-01 19:10:12 - [MESSAGE][PASSED] - Object: 'Object Repository/13-EL Sign/button_reminder' is clicked on

2023-08-01 19:10:12 - [TEST_STEP][PASSED] - delay(delay_3seconds): Delayed 3 second(s)

2023-08-01 19:10:15 - [MESSAGE][PASSED] - Delayed 3 second(s)

2023-08-01 19:10:15 - [TEST_STEP][PASSED] - click(findTestObject("13-EL Sign/button_Delete Schedule")): Object: 'Object Repository/13-EL Sign/button_Delete Schedule' is clicked on

2023-08-01 19:10:15 - [MESSAGE][PASSED] - Object: 'Object Repository/13-EL Sign/button_Delete Schedule' is clicked on

2023-08-01 19:10:15 - [TEST_STEP][PASSED] - delay(delay_3seconds): Delayed 3 second(s)

2023-08-01 19:10:18 - [MESSAGE][PASSED] - Delayed 3 second(s)]]></system-out>
         <system-err><![CDATA[]]></system-err>
      </testcase>
      <system-out><![CDATA[2023-08-01 19:02:39 - [TEST_SUITE][PASSED] - 13.1-EL Sign (Send Documents): Test Cases/13-EL Sign/09-Send Documents (Reminder)]]></system-out>
      <system-err><![CDATA[]]></system-err>
   </testsuite>
</testsuites>
