<?xml version="1.0" encoding="UTF-8"?>
<testsuites name="00-Signup and Account Activation" time="290.422" tests="4" failures="0" errors="0">
   <testsuite name="00-Signup and Account Activation" tests="4" failures="0" errors="0" time="290.422" skipped="0" timestamp="2023-08-07 12:35:33" hostname="Personal - DESKTOP-TFDFEQ1" id="Test Suites/TS-Organization/00-Signup and Account Activation">
      <properties>
         <property name="deviceName" value=""/>
         <property name="devicePlatform" value=""/>
         <property name="logFolder" value="C:\\Users\\Personal\\Documents\\GitHub\\Everleagues\\Reports\\20230807_123530\\TS-Organization\\00-Signup and Account Activation\\20230807_123530"/>
         <property name="logFiles" value="C:\\Users\\Personal\\Documents\\GitHub\\Everleagues\\Reports\\20230807_123530\\TS-Organization\\00-Signup and Account Activation\\20230807_123530\\execution0.log"/>
         <property name="attachments" value=""/>
         <property name="hostName" value="Personal - DESKTOP-TFDFEQ1"/>
         <property name="os" value="Windows 11 64bit"/>
         <property name="katalonVersion" value="8.6.5.208"/>
         <property name="browser" value="Chrome 115.0.0.0"/>
         <property name="hostAddress" value="10.100.1.38"/>
         <property name="sessionId" value="0b381cd1d271dd3ae1bc1d727275c17b"/>
         <property name="seleniumVersion" value="3.141.59"/>
         <property name="proxyInformation" value="ProxyInformation { proxyOption=NO_PROXY, proxyServerType=HTTP, username=, password=********, proxyServerAddress=, proxyServerPort=0, executionList=&quot;&quot;, isApplyToDesiredCapabilities=true }"/>
         <property name="platform" value="Windows 11"/>
      </properties>
      <testcase name="Test Cases/00-SignUp and Account Activation/01-Signup(Credentials Blank)" time="197.846" classname="Test Cases/00-SignUp and Account Activation/01-Signup(Credentials Blank)" status="PASSED">
         <system-out><![CDATA[2023-08-07 12:35:33 - [TEST_CASE][PASSED] - Test Cases/00-SignUp and Account Activation/01-Signup(Credentials Blank): Test Cases/00-SignUp and Account Activation/01-Signup(Credentials Blank)

2023-08-07 12:35:33 - [TEST_STEP][PASSED] - openBrowser(""): Browser is opened with url: ''

2023-08-07 12:35:33 - [MESSAGE][INFO] - Starting 'Chrome' driver

2023-08-07 12:35:33 - [MESSAGE][INFO] - User set preference: ['args', '[--disable-web-security, --ignore-certificate-errors, --no-first-run, --disable-gpu]']

2023-08-07 12:35:33 - [MESSAGE][INFO] - Action delay is set to 0 milliseconds

2023-08-07 12:35:36 - [MESSAGE][PASSED] - Browser is opened with url: ''

2023-08-07 12:35:36 - [TEST_STEP][PASSED] - navigateToUrl(appURL): Navigate to 'https://lab.everleagues.com/login' successfully

2023-08-07 12:38:40 - [MESSAGE][PASSED] - Navigate to 'https://lab.everleagues.com/login' successfully

2023-08-07 12:38:40 - [TEST_STEP][PASSED] - maximizeWindow(): Current window maximized

2023-08-07 12:38:41 - [MESSAGE][PASSED] - Current window maximized

2023-08-07 12:38:41 - [TEST_STEP][PASSED] - click(findTestObject("00-Signup and Activation/span_Sign up")): Object: 'Object Repository/00-Signup and Activation/span_Sign up' is clicked on

2023-08-07 12:38:41 - [MESSAGE][PASSED] - Object: 'Object Repository/00-Signup and Activation/span_Sign up' is clicked on

2023-08-07 12:38:41 - [TEST_STEP][PASSED] - delay(delay_3seconds): Delayed 3 second(s)

2023-08-07 12:38:44 - [MESSAGE][PASSED] - Delayed 3 second(s)

2023-08-07 12:38:44 - [TEST_STEP][PASSED] - verifyElementVisible(findTestObject("00-Signup and Activation/div_Already have an account Log In")): Object 'Object Repository/00-Signup and Activation/div_Already have an account Log In' is visible

2023-08-07 12:38:44 - [MESSAGE][PASSED] - Object 'Object Repository/00-Signup and Activation/div_Already have an account Log In' is visible

2023-08-07 12:38:44 - [TEST_STEP][PASSED] - delay(delay_3seconds): Delayed 3 second(s)

2023-08-07 12:38:47 - [MESSAGE][PASSED] - Delayed 3 second(s)

2023-08-07 12:38:47 - [TEST_STEP][PASSED] - verifyElementNotClickable(findTestObject("00-Signup and Activation/button_Sign up")): Object 'Object Repository/00-Signup and Activation/button_Sign up' is NOT clickable

2023-08-07 12:38:48 - [MESSAGE][PASSED] - Object 'Object Repository/00-Signup and Activation/button_Sign up' is NOT clickable

2023-08-07 12:38:48 - [TEST_STEP][PASSED] - delay(delay_3seconds): Delayed 3 second(s)

2023-08-07 12:38:51 - [MESSAGE][PASSED] - Delayed 3 second(s)]]></system-out>
         <system-err><![CDATA[]]></system-err>
      </testcase>
      <testcase name="Test Cases/00-SignUp and Account Activation/02-Signup(Wrong email)" time="14.625" classname="Test Cases/00-SignUp and Account Activation/02-Signup(Wrong email)" status="PASSED">
         <system-out><![CDATA[2023-08-07 12:38:51 - [TEST_CASE][PASSED] - Test Cases/00-SignUp and Account Activation/02-Signup(Wrong email): Test Cases/00-SignUp and Account Activation/02-Signup(Wrong email)

2023-08-07 12:38:51 - [TEST_STEP][PASSED] - delay(delay_3seconds): Delayed 3 second(s)

2023-08-07 12:38:54 - [MESSAGE][PASSED] - Delayed 3 second(s)

2023-08-07 12:38:54 - [TEST_STEP][PASSED] - setText(findTestObject("00-Signup and Activation/input_Email"), invalid_email): Text 'QATESTinvalidemailformat' is set on object 'Object Repository/00-Signup and Activation/input_Email'

2023-08-07 12:38:55 - [MESSAGE][PASSED] - Text 'QATESTinvalidemailformat' is set on object 'Object Repository/00-Signup and Activation/input_Email'

2023-08-07 12:38:55 - [TEST_STEP][PASSED] - delay(delay_2seconds): Delayed 2 second(s)

2023-08-07 12:38:57 - [MESSAGE][PASSED] - Delayed 2 second(s)

2023-08-07 12:38:57 - [TEST_STEP][PASSED] - click(findTestObject("00-Signup and Activation/input_firstName")): Object: 'Object Repository/00-Signup and Activation/input_firstName' is clicked on

2023-08-07 12:38:57 - [MESSAGE][PASSED] - Object: 'Object Repository/00-Signup and Activation/input_firstName' is clicked on

2023-08-07 12:38:57 - [TEST_STEP][PASSED] - verifyElementPresent(findTestObject("00-Signup and Activation/error_valid email is required"), 0): Object 'Object Repository/00-Signup and Activation/error_valid email is required' is present

2023-08-07 12:38:57 - [MESSAGE][WARNING] - Timeout '0' is invalid. Using default page load timeout: '30'

2023-08-07 12:38:58 - [MESSAGE][PASSED] - Object 'Object Repository/00-Signup and Activation/error_valid email is required' is present

2023-08-07 12:38:58 - [TEST_STEP][PASSED] - delay(delay_2seconds): Delayed 2 second(s)

2023-08-07 12:39:00 - [MESSAGE][PASSED] - Delayed 2 second(s)

2023-08-07 12:39:00 - [TEST_STEP][PASSED] - setText(findTestObject("00-Signup and Activation/input_Email"), email_without_subscription): Text 'testuser01@mailinator.com' is set on object 'Object Repository/00-Signup and Activation/input_Email'

2023-08-07 12:39:01 - [MESSAGE][PASSED] - Text 'testuser01@mailinator.com' is set on object 'Object Repository/00-Signup and Activation/input_Email'

2023-08-07 12:39:01 - [TEST_STEP][PASSED] - delay(delay_2seconds): Delayed 2 second(s)

2023-08-07 12:39:03 - [MESSAGE][PASSED] - Delayed 2 second(s)

2023-08-07 12:39:03 - [TEST_STEP][PASSED] - click(findTestObject("00-Signup and Activation/input_firstName")): Object: 'Object Repository/00-Signup and Activation/input_firstName' is clicked on

2023-08-07 12:39:03 - [MESSAGE][PASSED] - Object: 'Object Repository/00-Signup and Activation/input_firstName' is clicked on

2023-08-07 12:39:03 - [TEST_STEP][PASSED] - verifyElementVisible(findTestObject("00-Signup and Activation/error_email already exists")): Object 'Object Repository/00-Signup and Activation/error_email already exists' is visible

2023-08-07 12:39:03 - [MESSAGE][PASSED] - Object 'Object Repository/00-Signup and Activation/error_email already exists' is visible

2023-08-07 12:39:03 - [TEST_STEP][PASSED] - delay(delay_2seconds): Delayed 2 second(s)

2023-08-07 12:39:05 - [MESSAGE][PASSED] - Delayed 2 second(s)]]></system-out>
         <system-err><![CDATA[]]></system-err>
      </testcase>
      <testcase name="Test Cases/00-SignUp and Account Activation/03-Signup(Correct Details)" time="46.921" classname="Test Cases/00-SignUp and Account Activation/03-Signup(Correct Details)" status="PASSED">
         <system-out><![CDATA[2023-08-07 12:39:05 - [TEST_CASE][PASSED] - Test Cases/00-SignUp and Account Activation/03-Signup(Correct Details): Test Cases/00-SignUp and Account Activation/03-Signup(Correct Details)

2023-08-07 12:39:06 - [TEST_STEP][PASSED] - delay(delay_2seconds): Delayed 2 second(s)

2023-08-07 12:39:08 - [MESSAGE][PASSED] - Delayed 2 second(s)

2023-08-07 12:39:08 - [TEST_STEP][PASSED] - domainName = "@mailinator.com": null

2023-08-07 12:39:08 - [TEST_STEP][PASSED] - random = new java.util.Random(): null

2023-08-07 12:39:08 - [TEST_STEP][PASSED] - randomString = Long.toHexString(random.nextLong()): null

2023-08-07 12:39:08 - [TEST_STEP][PASSED] - emailAddress = "autotestuser" + randomString + domainName: null

2023-08-07 12:39:08 - [TEST_STEP][PASSED] - logInfo("Generated email address: " + emailAddress): Generated email address: autotestuser5c084482f936caca@mailinator.com

2023-08-07 12:39:08 - [MESSAGE][INFO] - Generated email address: autotestuser5c084482f936caca@mailinator.com

2023-08-07 12:39:08 - [TEST_STEP][PASSED] - setText(findTestObject("00-Signup and Activation/input_Email"), emailAddress): Text 'autotestuser5c084482f936caca@mailinator.com' is set on object 'Object Repository/00-Signup and Activation/input_Email'

2023-08-07 12:39:09 - [MESSAGE][PASSED] - Text 'autotestuser5c084482f936caca@mailinator.com' is set on object 'Object Repository/00-Signup and Activation/input_Email'

2023-08-07 12:39:09 - [TEST_STEP][PASSED] - setText(findTestObject("00-Signup and Activation/input_firstName"), first_name1): Text 'GG' is set on object 'Object Repository/00-Signup and Activation/input_firstName'

2023-08-07 12:39:10 - [MESSAGE][PASSED] - Text 'GG' is set on object 'Object Repository/00-Signup and Activation/input_firstName'

2023-08-07 12:39:10 - [TEST_STEP][PASSED] - setText(findTestObject("00-Signup and Activation/input_lastName"), last_name1): Text 'TESTER' is set on object 'Object Repository/00-Signup and Activation/input_lastName'

2023-08-07 12:39:11 - [MESSAGE][PASSED] - Text 'TESTER' is set on object 'Object Repository/00-Signup and Activation/input_lastName'

2023-08-07 12:39:11 - [TEST_STEP][PASSED] - delay(delay_2seconds): Delayed 2 second(s)

2023-08-07 12:39:13 - [MESSAGE][PASSED] - Delayed 2 second(s)

2023-08-07 12:39:13 - [TEST_STEP][PASSED] - click(findTestObject("Object Repository/00-Signup and Activation/button_Sign up")): Object: 'Object Repository/00-Signup and Activation/button_Sign up' is clicked on

2023-08-07 12:39:14 - [MESSAGE][PASSED] - Object: 'Object Repository/00-Signup and Activation/button_Sign up' is clicked on

2023-08-07 12:39:14 - [TEST_STEP][PASSED] - delay(delay_2seconds): Delayed 2 second(s)

2023-08-07 12:39:16 - [MESSAGE][PASSED] - Delayed 2 second(s)

2023-08-07 12:39:16 - [TEST_STEP][PASSED] - executeJavaScript("window.open();", []): Execute JavaScript 'window.open();' successfully

2023-08-07 12:39:16 - [MESSAGE][PASSED] - Execute JavaScript 'window.open();' successfully

2023-08-07 12:39:16 - [TEST_STEP][PASSED] - currentWindow = getWindowIndex(): Current window's index is: 0

2023-08-07 12:39:16 - [MESSAGE][PASSED] - Current window's index is: 0

2023-08-07 12:39:16 - [TEST_STEP][PASSED] - delay(delay_3seconds): Delayed 3 second(s)

2023-08-07 12:39:19 - [MESSAGE][PASSED] - Delayed 3 second(s)

2023-08-07 12:39:19 - [TEST_STEP][PASSED] - switchToWindowIndex(currentWindow + 1): Switched to window with index: '1'

2023-08-07 12:39:19 - [MESSAGE][PASSED] - Switched to window with index: '1'

2023-08-07 12:39:19 - [TEST_STEP][PASSED] - navigateToUrl(app_mailinator): Navigate to 'https://www.mailinator.com/' successfully

2023-08-07 12:39:25 - [MESSAGE][PASSED] - Navigate to 'https://www.mailinator.com/' successfully

2023-08-07 12:39:25 - [TEST_STEP][PASSED] - delay(delay_3seconds): Delayed 3 second(s)

2023-08-07 12:39:28 - [MESSAGE][PASSED] - Delayed 3 second(s)

2023-08-07 12:39:28 - [TEST_STEP][PASSED] - setText(findTestObject("00-Signup and Activation/zMailinator/input_LOGIN_search"), emailAddress): Text 'autotestuser5c084482f936caca@mailinator.com' is set on object 'Object Repository/00-Signup and Activation/zMailinator/input_LOGIN_search'

2023-08-07 12:39:28 - [MESSAGE][PASSED] - Text 'autotestuser5c084482f936caca@mailinator.com' is set on object 'Object Repository/00-Signup and Activation/zMailinator/input_LOGIN_search'

2023-08-07 12:39:28 - [TEST_STEP][PASSED] - click(findTestObject("00-Signup and Activation/zMailinator/gobutton"), STOP_ON_FAILURE): Object: 'Object Repository/00-Signup and Activation/zMailinator/gobutton' is clicked on

2023-08-07 12:39:29 - [MESSAGE][PASSED] - Object: 'Object Repository/00-Signup and Activation/zMailinator/gobutton' is clicked on

2023-08-07 12:39:29 - [TEST_STEP][PASSED] - delay(delay_3seconds): Delayed 3 second(s)

2023-08-07 12:39:32 - [MESSAGE][PASSED] - Delayed 3 second(s)

2023-08-07 12:39:32 - [TEST_STEP][PASSED] - click(findTestObject("00-Signup and Activation/zMailinator/Email - everleagues")): Object: 'Object Repository/00-Signup and Activation/zMailinator/Email - everleagues' is clicked on

2023-08-07 12:39:32 - [MESSAGE][PASSED] - Object: 'Object Repository/00-Signup and Activation/zMailinator/Email - everleagues' is clicked on

2023-08-07 12:39:32 - [TEST_STEP][PASSED] - delay(delay_3seconds): Delayed 3 second(s)

2023-08-07 12:39:35 - [MESSAGE][PASSED] - Delayed 3 second(s)

2023-08-07 12:39:35 - [TEST_STEP][PASSED] - code = getText(findTestObject("Object Repository/06-Teams/For 2FA/2FA code")): Text of object 'Object Repository/06-Teams/For 2FA/2FA code' is: '093816'

2023-08-07 12:39:36 - [MESSAGE][PASSED] - Text of object 'Object Repository/06-Teams/For 2FA/2FA code' is: '093816'

2023-08-07 12:39:36 - [TEST_STEP][PASSED] - delay(delay_3seconds): Delayed 3 second(s)

2023-08-07 12:39:39 - [MESSAGE][PASSED] - Delayed 3 second(s)

2023-08-07 12:39:39 - [TEST_STEP][PASSED] - closeWindowTitle("Mailinator"): Window with title: 'Mailinator' is closed

2023-08-07 12:39:39 - [MESSAGE][PASSED] - Window with title: 'Mailinator' is closed

2023-08-07 12:39:39 - [TEST_STEP][PASSED] - delay(delay_3seconds): Delayed 3 second(s)

2023-08-07 12:39:42 - [MESSAGE][PASSED] - Delayed 3 second(s)

2023-08-07 12:39:42 - [TEST_STEP][PASSED] - switchToWindowIndex(0): Switched to window with index: '0'

2023-08-07 12:39:42 - [MESSAGE][PASSED] - Switched to window with index: '0'

2023-08-07 12:39:42 - [TEST_STEP][PASSED] - delay(delay_3seconds): Delayed 3 second(s)

2023-08-07 12:39:45 - [MESSAGE][PASSED] - Delayed 3 second(s)

2023-08-07 12:39:45 - [TEST_STEP][PASSED] - setText(findTestObject("Object Repository/06-Teams/For 2FA/input_Enter verification code_code"), code): Text '093816' is set on object 'Object Repository/06-Teams/For 2FA/input_Enter verification code_code'

2023-08-07 12:39:46 - [MESSAGE][PASSED] - Text '093816' is set on object 'Object Repository/06-Teams/For 2FA/input_Enter verification code_code'

2023-08-07 12:39:46 - [TEST_STEP][PASSED] - delay(delay_3seconds): Delayed 3 second(s)

2023-08-07 12:39:49 - [MESSAGE][PASSED] - Delayed 3 second(s)

2023-08-07 12:39:49 - [TEST_STEP][PASSED] - click(findTestObject("06-Teams/For 2FA/button_Verify_2FA")): Object: 'Object Repository/06-Teams/For 2FA/button_Verify_2FA' is clicked on

2023-08-07 12:39:49 - [MESSAGE][PASSED] - Object: 'Object Repository/06-Teams/For 2FA/button_Verify_2FA' is clicked on

2023-08-07 12:39:49 - [TEST_STEP][PASSED] - delay(delay_3seconds): Delayed 3 second(s)

2023-08-07 12:39:52 - [MESSAGE][PASSED] - Delayed 3 second(s)]]></system-out>
         <system-err><![CDATA[]]></system-err>
      </testcase>
      <testcase name="Test Cases/00-SignUp and Account Activation/04-Set password" time="30.831" classname="Test Cases/00-SignUp and Account Activation/04-Set password" status="PASSED">
         <system-out><![CDATA[2023-08-07 12:39:52 - [TEST_CASE][PASSED] - Test Cases/00-SignUp and Account Activation/04-Set password: Test Cases/00-SignUp and Account Activation/04-Set password

2023-08-07 12:39:52 - [TEST_STEP][PASSED] - delay(delay_2seconds): Delayed 2 second(s)

2023-08-07 12:39:54 - [MESSAGE][PASSED] - Delayed 2 second(s)

2023-08-07 12:39:54 - [TEST_STEP][PASSED] - setEncryptedText(findTestObject("00-Signup and Activation/input_password"), password, STOP_ON_FAILURE): Text ****** has been set on object 'Object Repository/00-Signup and Activation/input_password'

2023-08-07 12:39:55 - [MESSAGE][PASSED] - Text ****** has been set on object 'Object Repository/00-Signup and Activation/input_password'

2023-08-07 12:39:55 - [TEST_STEP][PASSED] - setEncryptedText(findTestObject("00-Signup and Activation/input_ConfirmPassword"), password, STOP_ON_FAILURE): Text ****** has been set on object 'Object Repository/00-Signup and Activation/input_ConfirmPassword'

2023-08-07 12:39:56 - [MESSAGE][PASSED] - Text ****** has been set on object 'Object Repository/00-Signup and Activation/input_ConfirmPassword'

2023-08-07 12:39:56 - [TEST_STEP][PASSED] - delay(delay_2seconds): Delayed 2 second(s)

2023-08-07 12:39:58 - [MESSAGE][PASSED] - Delayed 2 second(s)

2023-08-07 12:39:58 - [TEST_STEP][PASSED] - click(findTestObject("00-Signup and Activation/show pass")): Object: 'Object Repository/00-Signup and Activation/show pass' is clicked on

2023-08-07 12:39:58 - [MESSAGE][PASSED] - Object: 'Object Repository/00-Signup and Activation/show pass' is clicked on

2023-08-07 12:39:58 - [TEST_STEP][PASSED] - click(findTestObject("00-Signup and Activation/show confirm pass")): Object: 'Object Repository/00-Signup and Activation/show confirm pass' is clicked on

2023-08-07 12:39:59 - [MESSAGE][PASSED] - Object: 'Object Repository/00-Signup and Activation/show confirm pass' is clicked on

2023-08-07 12:39:59 - [TEST_STEP][PASSED] - delay(delay_2seconds): Delayed 2 second(s)

2023-08-07 12:40:01 - [MESSAGE][PASSED] - Delayed 2 second(s)

2023-08-07 12:40:01 - [TEST_STEP][PASSED] - check(findTestObject("00-Signup and Activation/div_checkbox")): Object 'Object Repository/00-Signup and Activation/div_checkbox' is checked

2023-08-07 12:40:02 - [MESSAGE][PASSED] - Object 'Object Repository/00-Signup and Activation/div_checkbox' is checked

2023-08-07 12:40:02 - [TEST_STEP][PASSED] - delay(delay_2seconds): Delayed 2 second(s)

2023-08-07 12:40:04 - [MESSAGE][PASSED] - Delayed 2 second(s)

2023-08-07 12:40:04 - [TEST_STEP][PASSED] - click(findTestObject("00-Signup and Activation/button_Confirm")): Object: 'Object Repository/00-Signup and Activation/button_Confirm' is clicked on

2023-08-07 12:40:04 - [MESSAGE][PASSED] - Object: 'Object Repository/00-Signup and Activation/button_Confirm' is clicked on

2023-08-07 12:40:04 - [TEST_STEP][PASSED] - delay(delay_5seconds): Delayed 5 second(s)

2023-08-07 12:40:09 - [MESSAGE][PASSED] - Delayed 5 second(s)

2023-08-07 12:40:09 - [TEST_STEP][PASSED] - verifyElementVisible(findTestObject("00-Signup and Activation/h4_Welcome to Everleagues")): Object 'Object Repository/00-Signup and Activation/h4_Welcome to Everleagues' is visible

2023-08-07 12:40:16 - [MESSAGE][PASSED] - Object 'Object Repository/00-Signup and Activation/h4_Welcome to Everleagues' is visible

2023-08-07 12:40:16 - [TEST_STEP][PASSED] - verifyElementVisible(findTestObject("00-Signup and Activation/span_CREATE A BUSINESS ORGANIZATION")): Object 'Object Repository/00-Signup and Activation/span_CREATE A BUSINESS ORGANIZATION' is visible

2023-08-07 12:40:17 - [MESSAGE][PASSED] - Object 'Object Repository/00-Signup and Activation/span_CREATE A BUSINESS ORGANIZATION' is visible

2023-08-07 12:40:17 - [TEST_STEP][PASSED] - verifyElementVisible(findTestObject("00-Signup and Activation/span_INVITE YOUR FRIENDS  FAMILY")): Object 'Object Repository/00-Signup and Activation/span_INVITE YOUR FRIENDS  FAMILY' is visible

2023-08-07 12:40:17 - [MESSAGE][PASSED] - Object 'Object Repository/00-Signup and Activation/span_INVITE YOUR FRIENDS  FAMILY' is visible

2023-08-07 12:40:17 - [TEST_STEP][PASSED] - delay(delay_3seconds): Delayed 3 second(s)

2023-08-07 12:40:20 - [MESSAGE][PASSED] - Delayed 3 second(s)

2023-08-07 12:40:20 - [TEST_STEP][PASSED] - click(findTestObject("00-Signup and Activation/button_DO THIS LATER")): Object: 'Object Repository/00-Signup and Activation/button_DO THIS LATER' is clicked on

2023-08-07 12:40:20 - [MESSAGE][PASSED] - Object: 'Object Repository/00-Signup and Activation/button_DO THIS LATER' is clicked on

2023-08-07 12:40:20 - [TEST_STEP][PASSED] - delay(delay_2seconds): Delayed 2 second(s)

2023-08-07 12:40:22 - [MESSAGE][PASSED] - Delayed 2 second(s)

2023-08-07 12:40:22 - [TEST_STEP][PASSED] - closeBrowser(): Browser is closed

2023-08-07 12:40:23 - [MESSAGE][PASSED] - Browser is closed]]></system-out>
         <system-err><![CDATA[]]></system-err>
      </testcase>
      <system-out><![CDATA[2023-08-07 12:35:33 - [TEST_SUITE][PASSED] - 00-Signup and Account Activation: Test Cases/00-SignUp and Account Activation/04-Set password]]></system-out>
      <system-err><![CDATA[]]></system-err>
   </testsuite>
</testsuites>
