<?xml version="1.0" encoding="UTF-8"?>
<testsuites name="00-Signup and Account Activation" time="281.903" tests="4" failures="0" errors="0">
   <testsuite name="00-Signup and Account Activation" tests="4" failures="0" errors="0" time="281.903" skipped="0" timestamp="2023-08-14 18:28:48" hostname="Personal - DESKTOP-TFDFEQ1" id="Test Suites/TS-Organization/00-Signup and Account Activation">
      <properties>
         <property name="deviceName" value=""/>
         <property name="devicePlatform" value=""/>
         <property name="logFolder" value="C:\\Users\\Personal\\Documents\\GitHub\\Everleagues\\Reports\\20230814_182844\\TS-Organization\\00-Signup and Account Activation\\20230814_182845"/>
         <property name="logFiles" value="C:\\Users\\Personal\\Documents\\GitHub\\Everleagues\\Reports\\20230814_182844\\TS-Organization\\00-Signup and Account Activation\\20230814_182845\\execution0.log"/>
         <property name="attachments" value=""/>
         <property name="hostName" value="Personal - DESKTOP-TFDFEQ1"/>
         <property name="os" value="Windows 11 64bit"/>
         <property name="katalonVersion" value="8.6.5.208"/>
         <property name="browser" value="Chrome 115.0.0.0"/>
         <property name="hostAddress" value="10.100.1.38"/>
         <property name="sessionId" value="457d9cefd4f9a6bac80833cbca0bc5ee"/>
         <property name="seleniumVersion" value="3.141.59"/>
         <property name="proxyInformation" value="ProxyInformation { proxyOption=NO_PROXY, proxyServerType=HTTP, username=, password=********, proxyServerAddress=, proxyServerPort=0, executionList=&quot;&quot;, isApplyToDesiredCapabilities=true }"/>
         <property name="platform" value="Windows 11"/>
      </properties>
      <testcase name="Test Cases/00-SignUp and Account Activation/01-Signup(Credentials Blank)" time="186.452" classname="Test Cases/00-SignUp and Account Activation/01-Signup(Credentials Blank)" status="PASSED">
         <system-out><![CDATA[2023-08-14 18:28:48 - [TEST_CASE][PASSED] - Test Cases/00-SignUp and Account Activation/01-Signup(Credentials Blank): Test Cases/00-SignUp and Account Activation/01-Signup(Credentials Blank)

2023-08-14 18:28:48 - [TEST_STEP][PASSED] - openBrowser(""): Browser is opened with url: ''

2023-08-14 18:28:48 - [MESSAGE][INFO] - Starting 'Chrome' driver

2023-08-14 18:28:48 - [MESSAGE][INFO] - User set preference: ['args', '[--disable-web-security, --ignore-certificate-errors, --no-first-run, --disable-gpu]']

2023-08-14 18:28:48 - [MESSAGE][INFO] - Action delay is set to 0 milliseconds

2023-08-14 18:28:52 - [MESSAGE][PASSED] - Browser is opened with url: ''

2023-08-14 18:28:52 - [TEST_STEP][PASSED] - navigateToUrl(appURL): Navigate to 'https://lab.everleagues.com/login' successfully

2023-08-14 18:31:44 - [MESSAGE][PASSED] - Navigate to 'https://lab.everleagues.com/login' successfully

2023-08-14 18:31:44 - [TEST_STEP][PASSED] - maximizeWindow(): Current window maximized

2023-08-14 18:31:44 - [MESSAGE][PASSED] - Current window maximized

2023-08-14 18:31:44 - [TEST_STEP][PASSED] - click(findTestObject("00-Signup and Activation/span_Sign up")): Object: 'Object Repository/00-Signup and Activation/span_Sign up' is clicked on

2023-08-14 18:31:45 - [MESSAGE][PASSED] - Object: 'Object Repository/00-Signup and Activation/span_Sign up' is clicked on

2023-08-14 18:31:45 - [TEST_STEP][PASSED] - delay(delay_3seconds): Delayed 3 second(s)

2023-08-14 18:31:48 - [MESSAGE][PASSED] - Delayed 3 second(s)

2023-08-14 18:31:48 - [TEST_STEP][PASSED] - verifyElementVisible(findTestObject("00-Signup and Activation/div_Already have an account Log In")): Object 'Object Repository/00-Signup and Activation/div_Already have an account Log In' is visible

2023-08-14 18:31:48 - [MESSAGE][PASSED] - Object 'Object Repository/00-Signup and Activation/div_Already have an account Log In' is visible

2023-08-14 18:31:48 - [TEST_STEP][PASSED] - delay(delay_3seconds): Delayed 3 second(s)

2023-08-14 18:31:51 - [MESSAGE][PASSED] - Delayed 3 second(s)

2023-08-14 18:31:51 - [TEST_STEP][PASSED] - verifyElementNotClickable(findTestObject("00-Signup and Activation/button_Sign up")): Object 'Object Repository/00-Signup and Activation/button_Sign up' is NOT clickable

2023-08-14 18:31:51 - [MESSAGE][PASSED] - Object 'Object Repository/00-Signup and Activation/button_Sign up' is NOT clickable

2023-08-14 18:31:51 - [TEST_STEP][PASSED] - delay(delay_3seconds): Delayed 3 second(s)

2023-08-14 18:31:54 - [MESSAGE][PASSED] - Delayed 3 second(s)]]></system-out>
         <system-err><![CDATA[]]></system-err>
      </testcase>
      <testcase name="Test Cases/00-SignUp and Account Activation/02-Signup(Wrong email)" time="14.591" classname="Test Cases/00-SignUp and Account Activation/02-Signup(Wrong email)" status="PASSED">
         <system-out><![CDATA[2023-08-14 18:31:54 - [TEST_CASE][PASSED] - Test Cases/00-SignUp and Account Activation/02-Signup(Wrong email): Test Cases/00-SignUp and Account Activation/02-Signup(Wrong email)

2023-08-14 18:31:54 - [TEST_STEP][PASSED] - delay(delay_3seconds): Delayed 3 second(s)

2023-08-14 18:31:57 - [MESSAGE][PASSED] - Delayed 3 second(s)

2023-08-14 18:31:57 - [TEST_STEP][PASSED] - setText(findTestObject("00-Signup and Activation/input_Email"), invalid_email): Text 'QATESTinvalidemailformat' is set on object 'Object Repository/00-Signup and Activation/input_Email'

2023-08-14 18:31:58 - [MESSAGE][PASSED] - Text 'QATESTinvalidemailformat' is set on object 'Object Repository/00-Signup and Activation/input_Email'

2023-08-14 18:31:58 - [TEST_STEP][PASSED] - delay(delay_2seconds): Delayed 2 second(s)

2023-08-14 18:32:00 - [MESSAGE][PASSED] - Delayed 2 second(s)

2023-08-14 18:32:00 - [TEST_STEP][PASSED] - click(findTestObject("00-Signup and Activation/input_firstName")): Object: 'Object Repository/00-Signup and Activation/input_firstName' is clicked on

2023-08-14 18:32:01 - [MESSAGE][PASSED] - Object: 'Object Repository/00-Signup and Activation/input_firstName' is clicked on

2023-08-14 18:32:01 - [TEST_STEP][PASSED] - verifyElementPresent(findTestObject("00-Signup and Activation/error_valid email is required"), 0): Object 'Object Repository/00-Signup and Activation/error_valid email is required' is present

2023-08-14 18:32:01 - [MESSAGE][WARNING] - Timeout '0' is invalid. Using default page load timeout: '30'

2023-08-14 18:32:01 - [MESSAGE][PASSED] - Object 'Object Repository/00-Signup and Activation/error_valid email is required' is present

2023-08-14 18:32:01 - [TEST_STEP][PASSED] - delay(delay_2seconds): Delayed 2 second(s)

2023-08-14 18:32:03 - [MESSAGE][PASSED] - Delayed 2 second(s)

2023-08-14 18:32:03 - [TEST_STEP][PASSED] - setText(findTestObject("00-Signup and Activation/input_Email"), email_without_subscription): Text 'testuser01@mailinator.com' is set on object 'Object Repository/00-Signup and Activation/input_Email'

2023-08-14 18:32:04 - [MESSAGE][PASSED] - Text 'testuser01@mailinator.com' is set on object 'Object Repository/00-Signup and Activation/input_Email'

2023-08-14 18:32:04 - [TEST_STEP][PASSED] - delay(delay_2seconds): Delayed 2 second(s)

2023-08-14 18:32:06 - [MESSAGE][PASSED] - Delayed 2 second(s)

2023-08-14 18:32:06 - [TEST_STEP][PASSED] - click(findTestObject("00-Signup and Activation/input_firstName")): Object: 'Object Repository/00-Signup and Activation/input_firstName' is clicked on

2023-08-14 18:32:07 - [MESSAGE][PASSED] - Object: 'Object Repository/00-Signup and Activation/input_firstName' is clicked on

2023-08-14 18:32:07 - [TEST_STEP][PASSED] - verifyElementVisible(findTestObject("00-Signup and Activation/error_email already exists")): Object 'Object Repository/00-Signup and Activation/error_email already exists' is visible

2023-08-14 18:32:07 - [MESSAGE][PASSED] - Object 'Object Repository/00-Signup and Activation/error_email already exists' is visible

2023-08-14 18:32:07 - [TEST_STEP][PASSED] - delay(delay_2seconds): Delayed 2 second(s)

2023-08-14 18:32:09 - [MESSAGE][PASSED] - Delayed 2 second(s)]]></system-out>
         <system-err><![CDATA[]]></system-err>
      </testcase>
      <testcase name="Test Cases/00-SignUp and Account Activation/03-Signup(Correct Details)" time="51.636" classname="Test Cases/00-SignUp and Account Activation/03-Signup(Correct Details)" status="PASSED">
         <system-out><![CDATA[2023-08-14 18:32:09 - [TEST_CASE][PASSED] - Test Cases/00-SignUp and Account Activation/03-Signup(Correct Details): Test Cases/00-SignUp and Account Activation/03-Signup(Correct Details)

2023-08-14 18:32:09 - [TEST_STEP][PASSED] - delay(delay_2seconds): Delayed 2 second(s)

2023-08-14 18:32:11 - [MESSAGE][PASSED] - Delayed 2 second(s)

2023-08-14 18:32:11 - [TEST_STEP][PASSED] - domainName = "@mailinator.com": null

2023-08-14 18:32:11 - [TEST_STEP][PASSED] - random = new java.util.Random(): null

2023-08-14 18:32:11 - [TEST_STEP][PASSED] - randomString = Long.toHexString(random.nextLong()): null

2023-08-14 18:32:11 - [TEST_STEP][PASSED] - emailAddress = "autotestuser" + randomString + domainName: null

2023-08-14 18:32:11 - [TEST_STEP][PASSED] - logInfo("Generated email address: " + emailAddress): Generated email address: autotestuser5d06a3f84cbe04fe@mailinator.com

2023-08-14 18:32:11 - [MESSAGE][INFO] - Generated email address: autotestuser5d06a3f84cbe04fe@mailinator.com

2023-08-14 18:32:11 - [TEST_STEP][PASSED] - setText(findTestObject("00-Signup and Activation/input_Email"), emailAddress): Text 'autotestuser5d06a3f84cbe04fe@mailinator.com' is set on object 'Object Repository/00-Signup and Activation/input_Email'

2023-08-14 18:32:12 - [MESSAGE][PASSED] - Text 'autotestuser5d06a3f84cbe04fe@mailinator.com' is set on object 'Object Repository/00-Signup and Activation/input_Email'

2023-08-14 18:32:12 - [TEST_STEP][PASSED] - setText(findTestObject("00-Signup and Activation/input_firstName"), first_name1): Text 'GG' is set on object 'Object Repository/00-Signup and Activation/input_firstName'

2023-08-14 18:32:13 - [MESSAGE][PASSED] - Text 'GG' is set on object 'Object Repository/00-Signup and Activation/input_firstName'

2023-08-14 18:32:13 - [TEST_STEP][PASSED] - setText(findTestObject("00-Signup and Activation/input_lastName"), last_name1): Text 'TESTER' is set on object 'Object Repository/00-Signup and Activation/input_lastName'

2023-08-14 18:32:14 - [MESSAGE][PASSED] - Text 'TESTER' is set on object 'Object Repository/00-Signup and Activation/input_lastName'

2023-08-14 18:32:14 - [TEST_STEP][PASSED] - delay(delay_2seconds): Delayed 2 second(s)

2023-08-14 18:32:16 - [MESSAGE][PASSED] - Delayed 2 second(s)

2023-08-14 18:32:16 - [TEST_STEP][PASSED] - click(findTestObject("Object Repository/00-Signup and Activation/button_Sign up")): Object: 'Object Repository/00-Signup and Activation/button_Sign up' is clicked on

2023-08-14 18:32:17 - [MESSAGE][PASSED] - Object: 'Object Repository/00-Signup and Activation/button_Sign up' is clicked on

2023-08-14 18:32:17 - [TEST_STEP][PASSED] - delay(delay_2seconds): Delayed 2 second(s)

2023-08-14 18:32:19 - [MESSAGE][PASSED] - Delayed 2 second(s)

2023-08-14 18:32:19 - [TEST_STEP][PASSED] - executeJavaScript("window.open();", []): Execute JavaScript 'window.open();' successfully

2023-08-14 18:32:19 - [MESSAGE][PASSED] - Execute JavaScript 'window.open();' successfully

2023-08-14 18:32:19 - [TEST_STEP][PASSED] - currentWindow = getWindowIndex(): Current window's index is: 0

2023-08-14 18:32:19 - [MESSAGE][PASSED] - Current window's index is: 0

2023-08-14 18:32:19 - [TEST_STEP][PASSED] - delay(delay_3seconds): Delayed 3 second(s)

2023-08-14 18:32:22 - [MESSAGE][PASSED] - Delayed 3 second(s)

2023-08-14 18:32:22 - [TEST_STEP][PASSED] - switchToWindowIndex(currentWindow + 1): Switched to window with index: '1'

2023-08-14 18:32:22 - [MESSAGE][PASSED] - Switched to window with index: '1'

2023-08-14 18:32:22 - [TEST_STEP][PASSED] - navigateToUrl(app_mailinator): Navigate to 'https://www.mailinator.com/' successfully

2023-08-14 18:32:33 - [MESSAGE][PASSED] - Navigate to 'https://www.mailinator.com/' successfully

2023-08-14 18:32:33 - [TEST_STEP][PASSED] - delay(delay_3seconds): Delayed 3 second(s)

2023-08-14 18:32:36 - [MESSAGE][PASSED] - Delayed 3 second(s)

2023-08-14 18:32:36 - [TEST_STEP][PASSED] - setText(findTestObject("00-Signup and Activation/zMailinator/input_LOGIN_search"), emailAddress): Text 'autotestuser5d06a3f84cbe04fe@mailinator.com' is set on object 'Object Repository/00-Signup and Activation/zMailinator/input_LOGIN_search'

2023-08-14 18:32:36 - [MESSAGE][PASSED] - Text 'autotestuser5d06a3f84cbe04fe@mailinator.com' is set on object 'Object Repository/00-Signup and Activation/zMailinator/input_LOGIN_search'

2023-08-14 18:32:36 - [TEST_STEP][PASSED] - click(findTestObject("00-Signup and Activation/zMailinator/gobutton"), STOP_ON_FAILURE): Object: 'Object Repository/00-Signup and Activation/zMailinator/gobutton' is clicked on

2023-08-14 18:32:37 - [MESSAGE][PASSED] - Object: 'Object Repository/00-Signup and Activation/zMailinator/gobutton' is clicked on

2023-08-14 18:32:37 - [TEST_STEP][PASSED] - delay(delay_3seconds): Delayed 3 second(s)

2023-08-14 18:32:40 - [MESSAGE][PASSED] - Delayed 3 second(s)

2023-08-14 18:32:40 - [TEST_STEP][PASSED] - click(findTestObject("00-Signup and Activation/zMailinator/Email - everleagues")): Object: 'Object Repository/00-Signup and Activation/zMailinator/Email - everleagues' is clicked on

2023-08-14 18:32:40 - [MESSAGE][PASSED] - Object: 'Object Repository/00-Signup and Activation/zMailinator/Email - everleagues' is clicked on

2023-08-14 18:32:40 - [TEST_STEP][PASSED] - delay(delay_3seconds): Delayed 3 second(s)

2023-08-14 18:32:43 - [MESSAGE][PASSED] - Delayed 3 second(s)

2023-08-14 18:32:43 - [TEST_STEP][PASSED] - code = getText(findTestObject("Object Repository/06-Teams/For 2FA/2FA code")): Text of object 'Object Repository/06-Teams/For 2FA/2FA code' is: '448140'

2023-08-14 18:32:44 - [MESSAGE][PASSED] - Text of object 'Object Repository/06-Teams/For 2FA/2FA code' is: '448140'

2023-08-14 18:32:44 - [TEST_STEP][PASSED] - delay(delay_3seconds): Delayed 3 second(s)

2023-08-14 18:32:47 - [MESSAGE][PASSED] - Delayed 3 second(s)

2023-08-14 18:32:47 - [TEST_STEP][PASSED] - closeWindowTitle("Mailinator"): Window with title: 'Mailinator' is closed

2023-08-14 18:32:47 - [MESSAGE][PASSED] - Window with title: 'Mailinator' is closed

2023-08-14 18:32:47 - [TEST_STEP][PASSED] - delay(delay_3seconds): Delayed 3 second(s)

2023-08-14 18:32:50 - [MESSAGE][PASSED] - Delayed 3 second(s)

2023-08-14 18:32:50 - [TEST_STEP][PASSED] - switchToWindowIndex(0): Switched to window with index: '0'

2023-08-14 18:32:50 - [MESSAGE][PASSED] - Switched to window with index: '0'

2023-08-14 18:32:50 - [TEST_STEP][PASSED] - delay(delay_3seconds): Delayed 3 second(s)

2023-08-14 18:32:53 - [MESSAGE][PASSED] - Delayed 3 second(s)

2023-08-14 18:32:53 - [TEST_STEP][PASSED] - setText(findTestObject("Object Repository/06-Teams/For 2FA/input_Enter verification code_code"), code): Text '448140' is set on object 'Object Repository/06-Teams/For 2FA/input_Enter verification code_code'

2023-08-14 18:32:54 - [MESSAGE][PASSED] - Text '448140' is set on object 'Object Repository/06-Teams/For 2FA/input_Enter verification code_code'

2023-08-14 18:32:54 - [TEST_STEP][PASSED] - delay(delay_3seconds): Delayed 3 second(s)

2023-08-14 18:32:57 - [MESSAGE][PASSED] - Delayed 3 second(s)

2023-08-14 18:32:57 - [TEST_STEP][PASSED] - click(findTestObject("06-Teams/For 2FA/button_Verify_2FA")): Object: 'Object Repository/06-Teams/For 2FA/button_Verify_2FA' is clicked on

2023-08-14 18:32:58 - [MESSAGE][PASSED] - Object: 'Object Repository/06-Teams/For 2FA/button_Verify_2FA' is clicked on

2023-08-14 18:32:58 - [TEST_STEP][PASSED] - delay(delay_3seconds): Delayed 3 second(s)

2023-08-14 18:33:01 - [MESSAGE][PASSED] - Delayed 3 second(s)]]></system-out>
         <system-err><![CDATA[]]></system-err>
      </testcase>
      <testcase name="Test Cases/00-SignUp and Account Activation/04-Set password" time="29.039" classname="Test Cases/00-SignUp and Account Activation/04-Set password" status="PASSED">
         <system-out><![CDATA[2023-08-14 18:33:01 - [TEST_CASE][PASSED] - Test Cases/00-SignUp and Account Activation/04-Set password: Test Cases/00-SignUp and Account Activation/04-Set password

2023-08-14 18:33:01 - [TEST_STEP][PASSED] - delay(delay_2seconds): Delayed 2 second(s)

2023-08-14 18:33:03 - [MESSAGE][PASSED] - Delayed 2 second(s)

2023-08-14 18:33:03 - [TEST_STEP][PASSED] - setEncryptedText(findTestObject("00-Signup and Activation/input_password"), password, STOP_ON_FAILURE): Text ****** has been set on object 'Object Repository/00-Signup and Activation/input_password'

2023-08-14 18:33:03 - [MESSAGE][PASSED] - Text ****** has been set on object 'Object Repository/00-Signup and Activation/input_password'

2023-08-14 18:33:03 - [TEST_STEP][PASSED] - setEncryptedText(findTestObject("00-Signup and Activation/input_ConfirmPassword"), password, STOP_ON_FAILURE): Text ****** has been set on object 'Object Repository/00-Signup and Activation/input_ConfirmPassword'

2023-08-14 18:33:04 - [MESSAGE][PASSED] - Text ****** has been set on object 'Object Repository/00-Signup and Activation/input_ConfirmPassword'

2023-08-14 18:33:04 - [TEST_STEP][PASSED] - delay(delay_2seconds): Delayed 2 second(s)

2023-08-14 18:33:06 - [MESSAGE][PASSED] - Delayed 2 second(s)

2023-08-14 18:33:06 - [TEST_STEP][PASSED] - click(findTestObject("00-Signup and Activation/show pass")): Object: 'Object Repository/00-Signup and Activation/show pass' is clicked on

2023-08-14 18:33:07 - [MESSAGE][PASSED] - Object: 'Object Repository/00-Signup and Activation/show pass' is clicked on

2023-08-14 18:33:07 - [TEST_STEP][PASSED] - click(findTestObject("00-Signup and Activation/show confirm pass")): Object: 'Object Repository/00-Signup and Activation/show confirm pass' is clicked on

2023-08-14 18:33:07 - [MESSAGE][PASSED] - Object: 'Object Repository/00-Signup and Activation/show confirm pass' is clicked on

2023-08-14 18:33:07 - [TEST_STEP][PASSED] - delay(delay_2seconds): Delayed 2 second(s)

2023-08-14 18:33:09 - [MESSAGE][PASSED] - Delayed 2 second(s)

2023-08-14 18:33:09 - [TEST_STEP][PASSED] - check(findTestObject("00-Signup and Activation/div_checkbox")): Object 'Object Repository/00-Signup and Activation/div_checkbox' is checked

2023-08-14 18:33:10 - [MESSAGE][PASSED] - Object 'Object Repository/00-Signup and Activation/div_checkbox' is checked

2023-08-14 18:33:10 - [TEST_STEP][PASSED] - delay(delay_2seconds): Delayed 2 second(s)

2023-08-14 18:33:12 - [MESSAGE][PASSED] - Delayed 2 second(s)

2023-08-14 18:33:12 - [TEST_STEP][PASSED] - click(findTestObject("00-Signup and Activation/button_Confirm")): Object: 'Object Repository/00-Signup and Activation/button_Confirm' is clicked on

2023-08-14 18:33:12 - [MESSAGE][PASSED] - Object: 'Object Repository/00-Signup and Activation/button_Confirm' is clicked on

2023-08-14 18:33:12 - [TEST_STEP][PASSED] - delay(delay_5seconds): Delayed 5 second(s)

2023-08-14 18:33:17 - [MESSAGE][PASSED] - Delayed 5 second(s)

2023-08-14 18:33:17 - [TEST_STEP][PASSED] - verifyElementVisible(findTestObject("00-Signup and Activation/h4_Welcome to Everleagues")): Object 'Object Repository/00-Signup and Activation/h4_Welcome to Everleagues' is visible

2023-08-14 18:33:22 - [MESSAGE][PASSED] - Object 'Object Repository/00-Signup and Activation/h4_Welcome to Everleagues' is visible

2023-08-14 18:33:22 - [TEST_STEP][PASSED] - verifyElementVisible(findTestObject("00-Signup and Activation/span_CREATE A BUSINESS ORGANIZATION")): Object 'Object Repository/00-Signup and Activation/span_CREATE A BUSINESS ORGANIZATION' is visible

2023-08-14 18:33:23 - [MESSAGE][PASSED] - Object 'Object Repository/00-Signup and Activation/span_CREATE A BUSINESS ORGANIZATION' is visible

2023-08-14 18:33:23 - [TEST_STEP][PASSED] - verifyElementVisible(findTestObject("00-Signup and Activation/span_INVITE YOUR FRIENDS  FAMILY")): Object 'Object Repository/00-Signup and Activation/span_INVITE YOUR FRIENDS  FAMILY' is visible

2023-08-14 18:33:23 - [MESSAGE][PASSED] - Object 'Object Repository/00-Signup and Activation/span_INVITE YOUR FRIENDS  FAMILY' is visible

2023-08-14 18:33:23 - [TEST_STEP][PASSED] - delay(delay_3seconds): Delayed 3 second(s)

2023-08-14 18:33:26 - [MESSAGE][PASSED] - Delayed 3 second(s)

2023-08-14 18:33:26 - [TEST_STEP][PASSED] - click(findTestObject("00-Signup and Activation/button_DO THIS LATER")): Object: 'Object Repository/00-Signup and Activation/button_DO THIS LATER' is clicked on

2023-08-14 18:33:27 - [MESSAGE][PASSED] - Object: 'Object Repository/00-Signup and Activation/button_DO THIS LATER' is clicked on

2023-08-14 18:33:27 - [TEST_STEP][PASSED] - delay(delay_2seconds): Delayed 2 second(s)

2023-08-14 18:33:29 - [MESSAGE][PASSED] - Delayed 2 second(s)

2023-08-14 18:33:29 - [TEST_STEP][PASSED] - closeBrowser(): Browser is closed

2023-08-14 18:33:30 - [MESSAGE][PASSED] - Browser is closed]]></system-out>
         <system-err><![CDATA[]]></system-err>
      </testcase>
      <system-out><![CDATA[2023-08-14 18:28:48 - [TEST_SUITE][PASSED] - 00-Signup and Account Activation: Test Cases/00-SignUp and Account Activation/04-Set password]]></system-out>
      <system-err><![CDATA[]]></system-err>
   </testsuite>
</testsuites>
