<?xml version="1.0" encoding="UTF-8"?>
<testsuites name="12.1- AI Assistant (ChatGPTbeta)" time="127.031" tests="5" failures="0" errors="0">
   <testsuite name="12.1- AI Assistant (ChatGPTbeta)" tests="5" failures="0" errors="0" time="127.031" skipped="0" timestamp="2023-08-08 14:06:29" hostname="Personal - DESKTOP-TFDFEQ1" id="Test Suites/TS-Organization/12.1- AI Assistant (ChatGPTbeta)">
      <properties>
         <property name="deviceName" value=""/>
         <property name="devicePlatform" value=""/>
         <property name="logFolder" value="C:\\Users\\Personal\\Documents\\GitHub\\Everleagues\\Reports\\20230808_140627\\TS-Organization\\12.1- AI Assistant (ChatGPTbeta)\\20230808_140627"/>
         <property name="logFiles" value="C:\\Users\\Personal\\Documents\\GitHub\\Everleagues\\Reports\\20230808_140627\\TS-Organization\\12.1- AI Assistant (ChatGPTbeta)\\20230808_140627\\execution0.log"/>
         <property name="attachments" value=""/>
         <property name="hostName" value="Personal - DESKTOP-TFDFEQ1"/>
         <property name="os" value="Windows 11 64bit"/>
         <property name="katalonVersion" value="8.6.5.208"/>
         <property name="browser" value="Chrome 115.0.0.0"/>
         <property name="hostAddress" value="10.100.1.38"/>
         <property name="sessionId" value="1aa1b557b3e6e29ab251cd5524d3891b"/>
         <property name="seleniumVersion" value="3.141.59"/>
         <property name="proxyInformation" value="ProxyInformation { proxyOption=NO_PROXY, proxyServerType=HTTP, username=, password=********, proxyServerAddress=, proxyServerPort=0, executionList=&quot;&quot;, isApplyToDesiredCapabilities=true }"/>
         <property name="platform" value="Windows 11"/>
      </properties>
      <testcase name="Test Cases/12- AI assistant (beta)/12.1-ChatGPT (beta)/01-Empty inquiry content and proceed asking" time="107.68" classname="Test Cases/12- AI assistant (beta)/12.1-ChatGPT (beta)/01-Empty inquiry content and proceed asking" status="PASSED">
         <system-out><![CDATA[2023-08-08 14:06:29 - [TEST_CASE][PASSED] - Test Cases/12- AI assistant (beta)/12.1-ChatGPT (beta)/01-Empty inquiry content and proceed asking: Test Cases/12- AI assistant (beta)/12.1-ChatGPT (beta)/01-Empty inquiry content and proceed asking

2023-08-08 14:06:29 - [TEST_STEP][PASSED] - openBrowser(""): Browser is opened with url: ''

2023-08-08 14:06:30 - [MESSAGE][INFO] - Starting 'Chrome' driver

2023-08-08 14:06:30 - [MESSAGE][INFO] - User set preference: ['args', '[--disable-web-security, --ignore-certificate-errors, --no-first-run, --disable-gpu]']

2023-08-08 14:06:30 - [MESSAGE][INFO] - Action delay is set to 0 milliseconds

2023-08-08 14:06:32 - [MESSAGE][PASSED] - Browser is opened with url: ''

2023-08-08 14:06:32 - [TEST_STEP][PASSED] - navigateToUrl(app_url_login): Navigate to 'https://lab.everleagues.com/login' successfully

2023-08-08 14:06:45 - [MESSAGE][PASSED] - Navigate to 'https://lab.everleagues.com/login' successfully

2023-08-08 14:06:45 - [TEST_STEP][PASSED] - maximizeWindow(): Current window maximized

2023-08-08 14:06:45 - [MESSAGE][PASSED] - Current window maximized

2023-08-08 14:06:45 - [TEST_STEP][PASSED] - callTestCase(findTestCase("01-Login and Forgot Password/04-Login(Valid Credentials-With Subscription)"), [:], STOP_ON_FAILURE): Call Test Case 'Test Cases/01-Login and Forgot Password/04-Login(Valid Credentials-With Subscription)' successfully

2023-08-08 14:06:45 - [TEST_CASE][PASSED] - Test Cases/01-Login and Forgot Password/04-Login(Valid Credentials-With Subscription): Test Cases/01-Login and Forgot Password/04-Login(Valid Credentials-With Subscription)

2023-08-08 14:06:45 - [TEST_STEP][PASSED] - setText(findTestObject("01-Login and Forgot Password/input_Email_email"), email_with_subscription): Text 'testuser005@mailinator.com' is set on object 'Object Repository/01-Login and Forgot Password/input_Email_email'

2023-08-08 14:06:46 - [MESSAGE][PASSED] - Text 'testuser005@mailinator.com' is set on object 'Object Repository/01-Login and Forgot Password/input_Email_email'

2023-08-08 14:06:46 - [TEST_STEP][PASSED] - setEncryptedText(findTestObject("01-Login and Forgot Password/input_Email_password"), password): Text ****** has been set on object 'Object Repository/01-Login and Forgot Password/input_Email_password'

2023-08-08 14:06:46 - [MESSAGE][PASSED] - Text ****** has been set on object 'Object Repository/01-Login and Forgot Password/input_Email_password'

2023-08-08 14:06:46 - [TEST_STEP][PASSED] - delay(delay_2seconds): Delayed 2 second(s)

2023-08-08 14:06:48 - [MESSAGE][PASSED] - Delayed 2 second(s)

2023-08-08 14:06:48 - [TEST_STEP][PASSED] - click(findTestObject("01-Login and Forgot Password/show pass button")): Object: 'Object Repository/01-Login and Forgot Password/show pass button' is clicked on

2023-08-08 14:06:49 - [MESSAGE][PASSED] - Object: 'Object Repository/01-Login and Forgot Password/show pass button' is clicked on

2023-08-08 14:06:49 - [TEST_STEP][PASSED] - delay(delay_3seconds): Delayed 3 second(s)

2023-08-08 14:06:52 - [MESSAGE][PASSED] - Delayed 3 second(s)

2023-08-08 14:06:52 - [TEST_STEP][PASSED] - click(findTestObject("01-Login and Forgot Password/button_Sign in")): Object: 'Object Repository/01-Login and Forgot Password/button_Sign in' is clicked on

2023-08-08 14:06:52 - [MESSAGE][PASSED] - Object: 'Object Repository/01-Login and Forgot Password/button_Sign in' is clicked on

2023-08-08 14:06:52 - [TEST_STEP][PASSED] - delay(delay_3seconds): Delayed 3 second(s)

2023-08-08 14:06:55 - [MESSAGE][PASSED] - Delayed 3 second(s)

2023-08-08 14:06:55 - [TEST_STEP][PASSED] - executeJavaScript("window.open();", []): Execute JavaScript 'window.open();' successfully

2023-08-08 14:06:55 - [MESSAGE][PASSED] - Execute JavaScript 'window.open();' successfully

2023-08-08 14:06:55 - [TEST_STEP][PASSED] - currentWindow = getWindowIndex(): Current window's index is: 0

2023-08-08 14:06:55 - [MESSAGE][PASSED] - Current window's index is: 0

2023-08-08 14:06:55 - [TEST_STEP][PASSED] - delay(delay_3seconds): Delayed 3 second(s)

2023-08-08 14:06:58 - [MESSAGE][PASSED] - Delayed 3 second(s)

2023-08-08 14:06:58 - [TEST_STEP][PASSED] - switchToWindowIndex(currentWindow + 1): Switched to window with index: '1'

2023-08-08 14:06:58 - [MESSAGE][PASSED] - Switched to window with index: '1'

2023-08-08 14:06:58 - [TEST_STEP][PASSED] - navigateToUrl(app_mailinator): Navigate to 'https://www.mailinator.com/' successfully

2023-08-08 14:07:11 - [MESSAGE][PASSED] - Navigate to 'https://www.mailinator.com/' successfully

2023-08-08 14:07:11 - [TEST_STEP][PASSED] - delay(delay_3seconds): Delayed 3 second(s)

2023-08-08 14:07:14 - [MESSAGE][PASSED] - Delayed 3 second(s)

2023-08-08 14:07:14 - [TEST_STEP][PASSED] - setText(findTestObject("00-Signup and Activation/zMailinator/input_LOGIN_search"), email_for_searchmailinator_testuser05): Text 'testuser005@mailinator.com' is set on object 'Object Repository/00-Signup and Activation/zMailinator/input_LOGIN_search'

2023-08-08 14:07:14 - [MESSAGE][PASSED] - Text 'testuser005@mailinator.com' is set on object 'Object Repository/00-Signup and Activation/zMailinator/input_LOGIN_search'

2023-08-08 14:07:14 - [TEST_STEP][PASSED] - click(findTestObject("00-Signup and Activation/zMailinator/gobutton"), STOP_ON_FAILURE): Object: 'Object Repository/00-Signup and Activation/zMailinator/gobutton' is clicked on

2023-08-08 14:07:15 - [MESSAGE][PASSED] - Object: 'Object Repository/00-Signup and Activation/zMailinator/gobutton' is clicked on

2023-08-08 14:07:15 - [TEST_STEP][PASSED] - delay(delay_10seconds): Delayed 10 second(s)

2023-08-08 14:07:25 - [MESSAGE][PASSED] - Delayed 10 second(s)

2023-08-08 14:07:25 - [TEST_STEP][PASSED] - click(findTestObject("00-Signup and Activation/zMailinator/Email - everleagues")): Object: 'Object Repository/00-Signup and Activation/zMailinator/Email - everleagues' is clicked on

2023-08-08 14:07:26 - [MESSAGE][PASSED] - Object: 'Object Repository/00-Signup and Activation/zMailinator/Email - everleagues' is clicked on

2023-08-08 14:07:26 - [TEST_STEP][PASSED] - delay(delay_5seconds): Delayed 5 second(s)

2023-08-08 14:07:31 - [MESSAGE][PASSED] - Delayed 5 second(s)

2023-08-08 14:07:31 - [TEST_STEP][PASSED] - code = getText(findTestObject("Object Repository/06-Teams/For 2FA/2FA code")): Text of object 'Object Repository/06-Teams/For 2FA/2FA code' is: '684081'

2023-08-08 14:07:31 - [MESSAGE][PASSED] - Text of object 'Object Repository/06-Teams/For 2FA/2FA code' is: '684081'

2023-08-08 14:07:31 - [TEST_STEP][PASSED] - delay(delay_3seconds): Delayed 3 second(s)

2023-08-08 14:07:34 - [MESSAGE][PASSED] - Delayed 3 second(s)

2023-08-08 14:07:34 - [TEST_STEP][PASSED] - closeWindowTitle("Mailinator"): Window with title: 'Mailinator' is closed

2023-08-08 14:07:34 - [MESSAGE][PASSED] - Window with title: 'Mailinator' is closed

2023-08-08 14:07:34 - [TEST_STEP][PASSED] - delay(delay_5seconds): Delayed 5 second(s)

2023-08-08 14:07:39 - [MESSAGE][PASSED] - Delayed 5 second(s)

2023-08-08 14:07:39 - [TEST_STEP][PASSED] - switchToWindowIndex(0): Switched to window with index: '0'

2023-08-08 14:07:39 - [MESSAGE][PASSED] - Switched to window with index: '0'

2023-08-08 14:07:39 - [TEST_STEP][PASSED] - delay(delay_3seconds): Delayed 3 second(s)

2023-08-08 14:07:42 - [MESSAGE][PASSED] - Delayed 3 second(s)

2023-08-08 14:07:42 - [TEST_STEP][PASSED] - setText(findTestObject("Object Repository/06-Teams/For 2FA/input_Enter verification code_code"), code): Text '684081' is set on object 'Object Repository/06-Teams/For 2FA/input_Enter verification code_code'

2023-08-08 14:07:43 - [MESSAGE][PASSED] - Text '684081' is set on object 'Object Repository/06-Teams/For 2FA/input_Enter verification code_code'

2023-08-08 14:07:43 - [TEST_STEP][PASSED] - delay(delay_3seconds): Delayed 3 second(s)

2023-08-08 14:07:46 - [MESSAGE][PASSED] - Delayed 3 second(s)

2023-08-08 14:07:46 - [TEST_STEP][PASSED] - click(findTestObject("06-Teams/For 2FA/button_Verify_2FA")): Object: 'Object Repository/06-Teams/For 2FA/button_Verify_2FA' is clicked on

2023-08-08 14:07:47 - [MESSAGE][PASSED] - Object: 'Object Repository/06-Teams/For 2FA/button_Verify_2FA' is clicked on

2023-08-08 14:07:47 - [TEST_STEP][PASSED] - delay(delay_3seconds): Delayed 3 second(s)

2023-08-08 14:07:50 - [MESSAGE][PASSED] - Delayed 3 second(s)

2023-08-08 14:07:50 - [MESSAGE][PASSED] - Call Test Case 'Test Cases/01-Login and Forgot Password/04-Login(Valid Credentials-With Subscription)' successfully

2023-08-08 14:07:50 - [TEST_STEP][PASSED] - click(findTestObject("06-Teams/button_doublearrow")): Object: 'Object Repository/06-Teams/button_doublearrow' is clicked on

2023-08-08 14:07:54 - [MESSAGE][PASSED] - Object: 'Object Repository/06-Teams/button_doublearrow' is clicked on

2023-08-08 14:07:54 - [TEST_STEP][PASSED] - click(findTestObject("06-Teams/button_My Organizations")): Object: 'Object Repository/06-Teams/button_My Organizations' is clicked on

2023-08-08 14:07:59 - [MESSAGE][PASSED] - Object: 'Object Repository/06-Teams/button_My Organizations' is clicked on

2023-08-08 14:07:59 - [TEST_STEP][PASSED] - click(findTestObject("02-Side Icons(Organization)/Add Contact/button_Automation Test Org")): Object: 'Object Repository/02-Side Icons(Organization)/Add Contact/button_Automation Test Org' is clicked on

2023-08-08 14:08:01 - [MESSAGE][PASSED] - Object: 'Object Repository/02-Side Icons(Organization)/Add Contact/button_Automation Test Org' is clicked on

2023-08-08 14:08:01 - [TEST_STEP][PASSED] - delay(delay_4seconds): Delayed 4 second(s)

2023-08-08 14:08:05 - [MESSAGE][PASSED] - Delayed 4 second(s)

2023-08-08 14:08:05 - [TEST_STEP][PASSED] - verifyElementVisible(findTestObject("02-Side Icons(Organization)/Add Contact/span_Automation Test Org")): Object 'Object Repository/02-Side Icons(Organization)/Add Contact/span_Automation Test Org' is visible

2023-08-08 14:08:05 - [MESSAGE][PASSED] - Object 'Object Repository/02-Side Icons(Organization)/Add Contact/span_Automation Test Org' is visible

2023-08-08 14:08:05 - [TEST_STEP][PASSED] - delay(delay_5seconds): Delayed 5 second(s)

2023-08-08 14:08:10 - [MESSAGE][PASSED] - Delayed 5 second(s)

2023-08-08 14:08:10 - [TEST_STEP][PASSED] - scrollToElement(findTestObject("12-AI Assistant(beta)/AI asst button-Side panel"), 30): Scroll to object 'Object Repository/12-AI Assistant(beta)/AI asst button-Side panel' successfully

2023-08-08 14:08:10 - [MESSAGE][PASSED] - Scroll to object 'Object Repository/12-AI Assistant(beta)/AI asst button-Side panel' successfully

2023-08-08 14:08:10 - [TEST_STEP][PASSED] - click(findTestObject("12-AI Assistant(beta)/AI asst button-Side panel")): Object: 'Object Repository/12-AI Assistant(beta)/AI asst button-Side panel' is clicked on

2023-08-08 14:08:11 - [MESSAGE][PASSED] - Object: 'Object Repository/12-AI Assistant(beta)/AI asst button-Side panel' is clicked on

2023-08-08 14:08:11 - [TEST_STEP][PASSED] - verifyElementVisible(findTestObject("12-AI Assistant(beta)/AI asst button-Side panel")): Object 'Object Repository/12-AI Assistant(beta)/AI asst button-Side panel' is visible

2023-08-08 14:08:11 - [MESSAGE][PASSED] - Object 'Object Repository/12-AI Assistant(beta)/AI asst button-Side panel' is visible

2023-08-08 14:08:11 - [TEST_STEP][PASSED] - delay(delay_3seconds): Delayed 3 second(s)

2023-08-08 14:08:14 - [MESSAGE][PASSED] - Delayed 3 second(s)

2023-08-08 14:08:14 - [TEST_STEP][PASSED] - click(findTestObject("12-AI Assistant(beta)/12.1-Chat GPT(beta)/Chat GPT (beta)")): Object: 'Object Repository/12-AI Assistant(beta)/12.1-Chat GPT(beta)/Chat GPT (beta)' is clicked on

2023-08-08 14:08:15 - [MESSAGE][PASSED] - Object: 'Object Repository/12-AI Assistant(beta)/12.1-Chat GPT(beta)/Chat GPT (beta)' is clicked on

2023-08-08 14:08:15 - [TEST_STEP][PASSED] - verifyElementText(findTestObject("12-AI Assistant(beta)/h4_AI ASSISTANT (BETA)"), "AI ASSISTANT (BETA)"): Actual text and expected text of test object 'Object Repository/12-AI Assistant(beta)/h4_AI ASSISTANT (BETA)' are matched.

2023-08-08 14:08:16 - [MESSAGE][PASSED] - Actual text and expected text of test object 'Object Repository/12-AI Assistant(beta)/h4_AI ASSISTANT (BETA)' are matched.

2023-08-08 14:08:16 - [TEST_STEP][PASSED] - setText(findTestObject("12-AI Assistant(beta)/12.1-Chat GPT(beta)/Ask me anything input field"), ""): Text '' is set on object 'Object Repository/12-AI Assistant(beta)/12.1-Chat GPT(beta)/Ask me anything input field'

2023-08-08 14:08:16 - [MESSAGE][PASSED] - Text '' is set on object 'Object Repository/12-AI Assistant(beta)/12.1-Chat GPT(beta)/Ask me anything input field'

2023-08-08 14:08:16 - [TEST_STEP][PASSED] - click(findTestObject("12-AI Assistant(beta)/12.1-Chat GPT(beta)/Ask ChatGPT button")): Object: 'Object Repository/12-AI Assistant(beta)/12.1-Chat GPT(beta)/Ask ChatGPT button' is clicked on

2023-08-08 14:08:17 - [MESSAGE][PASSED] - Object: 'Object Repository/12-AI Assistant(beta)/12.1-Chat GPT(beta)/Ask ChatGPT button' is clicked on

2023-08-08 14:08:17 - [TEST_STEP][PASSED] - verifyElementVisible(findTestObject("12-AI Assistant(beta)/12.1-Chat GPT(beta)/askmeanything_Emptyfield")): Object 'Object Repository/12-AI Assistant(beta)/12.1-Chat GPT(beta)/askmeanything_Emptyfield' is visible

2023-08-08 14:08:17 - [MESSAGE][PASSED] - Object 'Object Repository/12-AI Assistant(beta)/12.1-Chat GPT(beta)/askmeanything_Emptyfield' is visible]]></system-out>
         <system-err><![CDATA[]]></system-err>
      </testcase>
      <testcase name="Test Cases/12- AI assistant (beta)/12.1-ChatGPT (beta)/02-Ask EL Chat GPT" time="3.415" classname="Test Cases/12- AI assistant (beta)/12.1-ChatGPT (beta)/02-Ask EL Chat GPT" status="PASSED">
         <system-out><![CDATA[2023-08-08 14:08:17 - [TEST_CASE][PASSED] - Test Cases/12- AI assistant (beta)/12.1-ChatGPT (beta)/02-Ask EL Chat GPT: Test Cases/12- AI assistant (beta)/12.1-ChatGPT (beta)/02-Ask EL Chat GPT

2023-08-08 14:08:17 - [TEST_STEP][PASSED] - setText(findTestObject("12-AI Assistant(beta)/12.1-Chat GPT(beta)/Ask me anything input field"), "1+1"): Text '1+1' is set on object 'Object Repository/12-AI Assistant(beta)/12.1-Chat GPT(beta)/Ask me anything input field'

2023-08-08 14:08:18 - [MESSAGE][PASSED] - Text '1+1' is set on object 'Object Repository/12-AI Assistant(beta)/12.1-Chat GPT(beta)/Ask me anything input field'

2023-08-08 14:08:18 - [TEST_STEP][PASSED] - click(findTestObject("12-AI Assistant(beta)/12.1-Chat GPT(beta)/Ask ChatGPT button")): Object: 'Object Repository/12-AI Assistant(beta)/12.1-Chat GPT(beta)/Ask ChatGPT button' is clicked on

2023-08-08 14:08:18 - [MESSAGE][PASSED] - Object: 'Object Repository/12-AI Assistant(beta)/12.1-Chat GPT(beta)/Ask ChatGPT button' is clicked on

2023-08-08 14:08:18 - [TEST_STEP][PASSED] - verifyElementVisible(findTestObject("12-AI Assistant(beta)/12.1-Chat GPT(beta)/Generated answer assertion"), STOP_ON_FAILURE): Object 'Object Repository/12-AI Assistant(beta)/12.1-Chat GPT(beta)/Generated answer assertion' is visible

2023-08-08 14:08:20 - [MESSAGE][PASSED] - Object 'Object Repository/12-AI Assistant(beta)/12.1-Chat GPT(beta)/Generated answer assertion' is visible]]></system-out>
         <system-err><![CDATA[]]></system-err>
      </testcase>
      <testcase name="Test Cases/12- AI assistant (beta)/12.1-ChatGPT (beta)/04-Clear previous searches" time="1.837" classname="Test Cases/12- AI assistant (beta)/12.1-ChatGPT (beta)/04-Clear previous searches" status="PASSED">
         <system-out><![CDATA[2023-08-08 14:08:20 - [TEST_CASE][PASSED] - Test Cases/12- AI assistant (beta)/12.1-ChatGPT (beta)/04-Clear previous searches: Test Cases/12- AI assistant (beta)/12.1-ChatGPT (beta)/04-Clear previous searches

2023-08-08 14:08:20 - [TEST_STEP][PASSED] - click(findTestObject("12-AI Assistant(beta)/12.1-Chat GPT(beta)/Clear button")): Object: 'Object Repository/12-AI Assistant(beta)/12.1-Chat GPT(beta)/Clear button' is clicked on

2023-08-08 14:08:21 - [MESSAGE][PASSED] - Object: 'Object Repository/12-AI Assistant(beta)/12.1-Chat GPT(beta)/Clear button' is clicked on

2023-08-08 14:08:21 - [TEST_STEP][PASSED] - verifyElementNotPresent(findTestObject("12-AI Assistant(beta)/12.1-Chat GPT(beta)/Generated answer assertion"), 30): Web element with id: 'Object Repository/12-AI Assistant(beta)/12.1-Chat GPT(beta)/Generated answer assertion' located by 'By.xpath: //div[@class='ng-star-inserted']//pre[1]' is not present after '30' second(s)

2023-08-08 14:08:22 - [MESSAGE][PASSED] - Web element with id: 'Object Repository/12-AI Assistant(beta)/12.1-Chat GPT(beta)/Generated answer assertion' located by 'By.xpath: //div[@class='ng-star-inserted']//pre[1]' is not present after '30' second(s)

2023-08-08 14:08:22 - [TEST_STEP][PASSED] - verifyTextNotPresent("1+1 equals 2.", false): Text '1+1 equals 2.' is not present on page

2023-08-08 14:08:22 - [MESSAGE][PASSED] - Text '1+1 equals 2.' is not present on page]]></system-out>
         <system-err><![CDATA[]]></system-err>
      </testcase>
      <testcase name="Test Cases/12- AI assistant (beta)/12.1-ChatGPT (beta)/03-Check history" time="2.712" classname="Test Cases/12- AI assistant (beta)/12.1-ChatGPT (beta)/03-Check history" status="PASSED">
         <system-out><![CDATA[2023-08-08 14:08:22 - [TEST_CASE][PASSED] - Test Cases/12- AI assistant (beta)/12.1-ChatGPT (beta)/03-Check history: Test Cases/12- AI assistant (beta)/12.1-ChatGPT (beta)/03-Check history

2023-08-08 14:08:22 - [TEST_STEP][PASSED] - now = LocalDateTime.now(): null

2023-08-08 14:08:22 - [TEST_STEP][PASSED] - minus12Hours = now.minusHours(12): null

2023-08-08 14:08:22 - [TEST_STEP][PASSED] - formatter = DateTimeFormatter.ofPattern("MM/dd/yyyy h:mm a"): null

2023-08-08 14:08:22 - [TEST_STEP][PASSED] - formattedTime = minus12Hours.format(formatter): null

2023-08-08 14:08:22 - [TEST_STEP][PASSED] - comment(formattedTime): 08/08/2023 2:08 AM

2023-08-08 14:08:22 - [MESSAGE][INFO] - 08/08/2023 2:08 AM

2023-08-08 14:08:22 - [TEST_STEP][PASSED] - click(findTestObject("12-AI Assistant(beta)/12.1-Chat GPT(beta)/History button")): Object: 'Object Repository/12-AI Assistant(beta)/12.1-Chat GPT(beta)/History button' is clicked on

2023-08-08 14:08:23 - [MESSAGE][PASSED] - Object: 'Object Repository/12-AI Assistant(beta)/12.1-Chat GPT(beta)/History button' is clicked on

2023-08-08 14:08:23 - [TEST_STEP][PASSED] - verifyElementText(findTestObject("12-AI Assistant(beta)/12.1-Chat GPT(beta)/div_Chat History heading"), "Chat History"): Actual text and expected text of test object 'Object Repository/12-AI Assistant(beta)/12.1-Chat GPT(beta)/div_Chat History heading' are matched.

2023-08-08 14:08:24 - [MESSAGE][PASSED] - Actual text and expected text of test object 'Object Repository/12-AI Assistant(beta)/12.1-Chat GPT(beta)/div_Chat History heading' are matched.

2023-08-08 14:08:24 - [TEST_STEP][PASSED] - historytime = "": null

2023-08-08 14:08:24 - [TEST_STEP][PASSED] - historytime = getText(findTestObject("12-AI Assistant(beta)/12.1-Chat GPT(beta)/Chat history-Latest line with date")): Text of object 'Object Repository/12-AI Assistant(beta)/12.1-Chat GPT(beta)/Chat history-Latest line with date' is: '1+1 (08/08/2023 2:08 AM)'

2023-08-08 14:08:24 - [MESSAGE][PASSED] - Text of object 'Object Repository/12-AI Assistant(beta)/12.1-Chat GPT(beta)/Chat history-Latest line with date' is: '1+1 (08/08/2023 2:08 AM)'

2023-08-08 14:08:24 - [TEST_STEP][PASSED] - historytime.contains(formattedTime): null

2023-08-08 14:08:24 - [TEST_STEP][PASSED] - click(findTestObject("12-AI Assistant(beta)/12.1-Chat GPT(beta)/Chat history-Latest line with date")): Object: 'Object Repository/12-AI Assistant(beta)/12.1-Chat GPT(beta)/Chat history-Latest line with date' is clicked on

2023-08-08 14:08:24 - [MESSAGE][PASSED] - Object: 'Object Repository/12-AI Assistant(beta)/12.1-Chat GPT(beta)/Chat history-Latest line with date' is clicked on

2023-08-08 14:08:24 - [TEST_STEP][PASSED] - verifyElementVisible(findTestObject("12-AI Assistant(beta)/12.1-Chat GPT(beta)/History-Generated answer assertion")): Object 'Object Repository/12-AI Assistant(beta)/12.1-Chat GPT(beta)/History-Generated answer assertion' is visible

2023-08-08 14:08:25 - [MESSAGE][PASSED] - Object 'Object Repository/12-AI Assistant(beta)/12.1-Chat GPT(beta)/History-Generated answer assertion' is visible]]></system-out>
         <system-err><![CDATA[]]></system-err>
      </testcase>
      <testcase name="Test Cases/12- AI assistant (beta)/12.1-ChatGPT (beta)/05-Use my own ChatGPT account" time="11.182" classname="Test Cases/12- AI assistant (beta)/12.1-ChatGPT (beta)/05-Use my own ChatGPT account" status="PASSED">
         <system-out><![CDATA[2023-08-08 14:08:25 - [TEST_CASE][PASSED] - Test Cases/12- AI assistant (beta)/12.1-ChatGPT (beta)/05-Use my own ChatGPT account: Test Cases/12- AI assistant (beta)/12.1-ChatGPT (beta)/05-Use my own ChatGPT account

2023-08-08 14:08:25 - [TEST_STEP][PASSED] - click(findTestObject("12-AI Assistant(beta)/12.1-Chat GPT(beta)/Use my ownChatGPT account")): Object: 'Object Repository/12-AI Assistant(beta)/12.1-Chat GPT(beta)/Use my ownChatGPT account' is clicked on

2023-08-08 14:08:32 - [MESSAGE][PASSED] - Object: 'Object Repository/12-AI Assistant(beta)/12.1-Chat GPT(beta)/Use my ownChatGPT account' is clicked on

2023-08-08 14:08:32 - [TEST_STEP][PASSED] - executeJavaScript("window.open();", []): Execute JavaScript 'window.open();' successfully

2023-08-08 14:08:32 - [MESSAGE][PASSED] - Execute JavaScript 'window.open();' successfully

2023-08-08 14:08:32 - [TEST_STEP][PASSED] - currentWindow = getWindowIndex(): Current window's index is: 0

2023-08-08 14:08:32 - [MESSAGE][PASSED] - Current window's index is: 0

2023-08-08 14:08:32 - [TEST_STEP][PASSED] - delay(delay_3seconds): Delayed 3 second(s)

2023-08-08 14:08:35 - [MESSAGE][PASSED] - Delayed 3 second(s)

2023-08-08 14:08:35 - [TEST_STEP][PASSED] - switchToWindowIndex(currentWindow + 1): Switched to window with index: '1'

2023-08-08 14:08:35 - [MESSAGE][PASSED] - Switched to window with index: '1'

2023-08-08 14:08:35 - [TEST_STEP][PASSED] - navigateToUrl(url_CHATGPT): Navigate to 'https://chat.openai.com/' successfully

2023-08-08 14:08:36 - [MESSAGE][PASSED] - Navigate to 'https://chat.openai.com/' successfully

2023-08-08 14:08:36 - [TEST_STEP][PASSED] - url = getUrl(): Current window's url is: 'https://chat.openai.com/auth/login'

2023-08-08 14:08:36 - [MESSAGE][PASSED] - Current window's url is: 'https://chat.openai.com/auth/login'

2023-08-08 14:08:36 - [TEST_STEP][PASSED] - url.contains("https://chat.openai.com/"): null]]></system-out>
         <system-err><![CDATA[]]></system-err>
      </testcase>
      <system-out><![CDATA[2023-08-08 14:06:29 - [TEST_SUITE][PASSED] - 12.1- AI Assistant (ChatGPTbeta): Test Cases/12- AI assistant (beta)/12.1-ChatGPT (beta)/05-Use my own ChatGPT account]]></system-out>
      <system-err><![CDATA[]]></system-err>
   </testsuite>
</testsuites>
