<?xml version="1.0" encoding="UTF-8"?>
<testsuites name="04-Add my Organizations" time="300.66" tests="3" failures="0" errors="0">
   <testsuite name="04-Add my Organizations" tests="3" failures="0" errors="0" time="300.66" skipped="0" timestamp="2023-08-04 15:45:17" hostname="Personal - DESKTOP-TFDFEQ1" id="Test Suites/TS-Organization/04-Add my Organizations">
      <properties>
         <property name="deviceName" value=""/>
         <property name="devicePlatform" value=""/>
         <property name="logFolder" value="C:\\Users\\Personal\\Documents\\GitHub\\Everleagues\\Reports\\20230804_154513\\TS-Organization\\04-Add my Organizations\\20230804_154514"/>
         <property name="logFiles" value="C:\\Users\\Personal\\Documents\\GitHub\\Everleagues\\Reports\\20230804_154513\\TS-Organization\\04-Add my Organizations\\20230804_154514\\execution0.log"/>
         <property name="attachments" value=""/>
         <property name="hostName" value="Personal - DESKTOP-TFDFEQ1"/>
         <property name="os" value="Windows 11 64bit"/>
         <property name="katalonVersion" value="8.6.5.208"/>
         <property name="browser" value="Chrome 115.0.0.0"/>
         <property name="hostAddress" value="10.100.1.38"/>
         <property name="sessionId" value="dad35bbe062668126c4f8e93328125f1"/>
         <property name="seleniumVersion" value="3.141.59"/>
         <property name="proxyInformation" value="ProxyInformation { proxyOption=NO_PROXY, proxyServerType=HTTP, username=, password=********, proxyServerAddress=, proxyServerPort=0, executionList=&quot;&quot;, isApplyToDesiredCapabilities=true }"/>
         <property name="platform" value="Windows 11"/>
      </properties>
      <testcase name="Test Cases/04-Add my Organizations/01- Free limited Plan (Blank fields)" time="233.44" classname="Test Cases/04-Add my Organizations/01- Free limited Plan (Blank fields)" status="PASSED">
         <system-out><![CDATA[2023-08-04 15:45:17 - [TEST_CASE][PASSED] - Test Cases/04-Add my Organizations/01- Free limited Plan (Blank fields): Test Cases/04-Add my Organizations/01- Free limited Plan (Blank fields)

2023-08-04 15:45:17 - [TEST_STEP][PASSED] - openBrowser(""): Browser is opened with url: ''

2023-08-04 15:45:17 - [MESSAGE][INFO] - Starting 'Chrome' driver

2023-08-04 15:45:17 - [MESSAGE][INFO] - User set preference: ['args', '[--disable-web-security, --ignore-certificate-errors, --no-first-run, --disable-gpu]']

2023-08-04 15:45:17 - [MESSAGE][INFO] - Action delay is set to 0 milliseconds

2023-08-04 15:45:19 - [MESSAGE][PASSED] - Browser is opened with url: ''

2023-08-04 15:45:19 - [TEST_STEP][PASSED] - navigateToUrl(appURL): Navigate to 'https://lab.everleagues.com/login' successfully

2023-08-04 15:47:53 - [MESSAGE][PASSED] - Navigate to 'https://lab.everleagues.com/login' successfully

2023-08-04 15:47:53 - [TEST_STEP][PASSED] - maximizeWindow(): Current window maximized

2023-08-04 15:47:54 - [MESSAGE][PASSED] - Current window maximized

2023-08-04 15:47:54 - [TEST_STEP][PASSED] - callTestCase(findTestCase("01-Login and Forgot Password/04-Login(Valid Credentials-With Subscription)"), [:], STOP_ON_FAILURE): Call Test Case 'Test Cases/01-Login and Forgot Password/04-Login(Valid Credentials-With Subscription)' successfully

2023-08-04 15:47:54 - [TEST_CASE][PASSED] - Test Cases/01-Login and Forgot Password/04-Login(Valid Credentials-With Subscription): Test Cases/01-Login and Forgot Password/04-Login(Valid Credentials-With Subscription)

2023-08-04 15:47:54 - [TEST_STEP][PASSED] - setText(findTestObject("01-Login and Forgot Password/input_Email_email"), email_with_subscription): Text 'testuser005@mailinator.com' is set on object 'Object Repository/01-Login and Forgot Password/input_Email_email'

2023-08-04 15:47:55 - [MESSAGE][PASSED] - Text 'testuser005@mailinator.com' is set on object 'Object Repository/01-Login and Forgot Password/input_Email_email'

2023-08-04 15:47:55 - [TEST_STEP][PASSED] - setEncryptedText(findTestObject("01-Login and Forgot Password/input_Email_password"), password): Text ****** has been set on object 'Object Repository/01-Login and Forgot Password/input_Email_password'

2023-08-04 15:47:55 - [MESSAGE][PASSED] - Text ****** has been set on object 'Object Repository/01-Login and Forgot Password/input_Email_password'

2023-08-04 15:47:55 - [TEST_STEP][PASSED] - delay(delay_2seconds): Delayed 2 second(s)

2023-08-04 15:47:57 - [MESSAGE][PASSED] - Delayed 2 second(s)

2023-08-04 15:47:57 - [TEST_STEP][PASSED] - click(findTestObject("01-Login and Forgot Password/show pass button")): Object: 'Object Repository/01-Login and Forgot Password/show pass button' is clicked on

2023-08-04 15:47:57 - [MESSAGE][PASSED] - Object: 'Object Repository/01-Login and Forgot Password/show pass button' is clicked on

2023-08-04 15:47:57 - [TEST_STEP][PASSED] - delay(delay_3seconds): Delayed 3 second(s)

2023-08-04 15:48:01 - [MESSAGE][PASSED] - Delayed 3 second(s)

2023-08-04 15:48:01 - [TEST_STEP][PASSED] - click(findTestObject("01-Login and Forgot Password/button_Sign in")): Object: 'Object Repository/01-Login and Forgot Password/button_Sign in' is clicked on

2023-08-04 15:48:01 - [MESSAGE][PASSED] - Object: 'Object Repository/01-Login and Forgot Password/button_Sign in' is clicked on

2023-08-04 15:48:01 - [TEST_STEP][PASSED] - delay(delay_3seconds): Delayed 3 second(s)

2023-08-04 15:48:04 - [MESSAGE][PASSED] - Delayed 3 second(s)

2023-08-04 15:48:04 - [TEST_STEP][PASSED] - executeJavaScript("window.open();", []): Execute JavaScript 'window.open();' successfully

2023-08-04 15:48:04 - [MESSAGE][PASSED] - Execute JavaScript 'window.open();' successfully

2023-08-04 15:48:04 - [TEST_STEP][PASSED] - currentWindow = getWindowIndex(): Current window's index is: 0

2023-08-04 15:48:04 - [MESSAGE][PASSED] - Current window's index is: 0

2023-08-04 15:48:04 - [TEST_STEP][PASSED] - delay(delay_3seconds): Delayed 3 second(s)

2023-08-04 15:48:07 - [MESSAGE][PASSED] - Delayed 3 second(s)

2023-08-04 15:48:07 - [TEST_STEP][PASSED] - switchToWindowIndex(currentWindow + 1): Switched to window with index: '1'

2023-08-04 15:48:07 - [MESSAGE][PASSED] - Switched to window with index: '1'

2023-08-04 15:48:07 - [TEST_STEP][PASSED] - navigateToUrl(app_mailinator): Navigate to 'https://www.mailinator.com/' successfully

2023-08-04 15:48:16 - [MESSAGE][PASSED] - Navigate to 'https://www.mailinator.com/' successfully

2023-08-04 15:48:16 - [TEST_STEP][PASSED] - delay(delay_3seconds): Delayed 3 second(s)

2023-08-04 15:48:19 - [MESSAGE][PASSED] - Delayed 3 second(s)

2023-08-04 15:48:19 - [TEST_STEP][PASSED] - setText(findTestObject("00-Signup and Activation/zMailinator/input_LOGIN_search"), email_for_searchmailinator_testuser05): Text 'testuser005@mailinator.com' is set on object 'Object Repository/00-Signup and Activation/zMailinator/input_LOGIN_search'

2023-08-04 15:48:20 - [MESSAGE][PASSED] - Text 'testuser005@mailinator.com' is set on object 'Object Repository/00-Signup and Activation/zMailinator/input_LOGIN_search'

2023-08-04 15:48:20 - [TEST_STEP][PASSED] - click(findTestObject("00-Signup and Activation/zMailinator/gobutton"), STOP_ON_FAILURE): Object: 'Object Repository/00-Signup and Activation/zMailinator/gobutton' is clicked on

2023-08-04 15:48:20 - [MESSAGE][PASSED] - Object: 'Object Repository/00-Signup and Activation/zMailinator/gobutton' is clicked on

2023-08-04 15:48:20 - [TEST_STEP][PASSED] - delay(delay_10seconds): Delayed 10 second(s)

2023-08-04 15:48:30 - [MESSAGE][PASSED] - Delayed 10 second(s)

2023-08-04 15:48:30 - [TEST_STEP][PASSED] - click(findTestObject("00-Signup and Activation/zMailinator/Email - everleagues")): Object: 'Object Repository/00-Signup and Activation/zMailinator/Email - everleagues' is clicked on

2023-08-04 15:48:31 - [MESSAGE][PASSED] - Object: 'Object Repository/00-Signup and Activation/zMailinator/Email - everleagues' is clicked on

2023-08-04 15:48:31 - [TEST_STEP][PASSED] - delay(delay_5seconds): Delayed 5 second(s)

2023-08-04 15:48:36 - [MESSAGE][PASSED] - Delayed 5 second(s)

2023-08-04 15:48:36 - [TEST_STEP][PASSED] - code = getText(findTestObject("Object Repository/06-Teams/For 2FA/2FA code")): Text of object 'Object Repository/06-Teams/For 2FA/2FA code' is: '118492'

2023-08-04 15:48:36 - [MESSAGE][PASSED] - Text of object 'Object Repository/06-Teams/For 2FA/2FA code' is: '118492'

2023-08-04 15:48:36 - [TEST_STEP][PASSED] - delay(delay_3seconds): Delayed 3 second(s)

2023-08-04 15:48:39 - [MESSAGE][PASSED] - Delayed 3 second(s)

2023-08-04 15:48:39 - [TEST_STEP][PASSED] - closeWindowTitle("Mailinator"): Window with title: 'Mailinator' is closed

2023-08-04 15:48:39 - [MESSAGE][PASSED] - Window with title: 'Mailinator' is closed

2023-08-04 15:48:39 - [TEST_STEP][PASSED] - delay(delay_5seconds): Delayed 5 second(s)

2023-08-04 15:48:44 - [MESSAGE][PASSED] - Delayed 5 second(s)

2023-08-04 15:48:44 - [TEST_STEP][PASSED] - switchToWindowIndex(0): Switched to window with index: '0'

2023-08-04 15:48:45 - [MESSAGE][PASSED] - Switched to window with index: '0'

2023-08-04 15:48:45 - [TEST_STEP][PASSED] - delay(delay_3seconds): Delayed 3 second(s)

2023-08-04 15:48:48 - [MESSAGE][PASSED] - Delayed 3 second(s)

2023-08-04 15:48:48 - [TEST_STEP][PASSED] - setText(findTestObject("Object Repository/06-Teams/For 2FA/input_Enter verification code_code"), code): Text '118492' is set on object 'Object Repository/06-Teams/For 2FA/input_Enter verification code_code'

2023-08-04 15:48:49 - [MESSAGE][PASSED] - Text '118492' is set on object 'Object Repository/06-Teams/For 2FA/input_Enter verification code_code'

2023-08-04 15:48:49 - [TEST_STEP][PASSED] - delay(delay_3seconds): Delayed 3 second(s)

2023-08-04 15:48:52 - [MESSAGE][PASSED] - Delayed 3 second(s)

2023-08-04 15:48:52 - [TEST_STEP][PASSED] - click(findTestObject("06-Teams/For 2FA/button_Verify_2FA")): Object: 'Object Repository/06-Teams/For 2FA/button_Verify_2FA' is clicked on

2023-08-04 15:48:53 - [MESSAGE][PASSED] - Object: 'Object Repository/06-Teams/For 2FA/button_Verify_2FA' is clicked on

2023-08-04 15:48:53 - [TEST_STEP][PASSED] - delay(delay_3seconds): Delayed 3 second(s)

2023-08-04 15:48:56 - [MESSAGE][PASSED] - Delayed 3 second(s)

2023-08-04 15:48:56 - [MESSAGE][PASSED] - Call Test Case 'Test Cases/01-Login and Forgot Password/04-Login(Valid Credentials-With Subscription)' successfully

2023-08-04 15:48:56 - [TEST_STEP][PASSED] - click(findTestObject("04-Add my Organizations/Free limited Plan/span_Add My Organization")): Object: 'Object Repository/04-Add my Organizations/Free limited Plan/span_Add My Organization' is clicked on

2023-08-04 15:48:59 - [MESSAGE][PASSED] - Object: 'Object Repository/04-Add my Organizations/Free limited Plan/span_Add My Organization' is clicked on

2023-08-04 15:48:59 - [TEST_STEP][PASSED] - verifyElementVisible(findTestObject("04-Add my Organizations/Free limited Plan/Add my org modal")): Object 'Object Repository/04-Add my Organizations/Free limited Plan/Add my org modal' is visible

2023-08-04 15:48:59 - [MESSAGE][PASSED] - Object 'Object Repository/04-Add my Organizations/Free limited Plan/Add my org modal' is visible

2023-08-04 15:48:59 - [TEST_STEP][PASSED] - delay(delay_2seconds): Delayed 2 second(s)

2023-08-04 15:49:01 - [MESSAGE][PASSED] - Delayed 2 second(s)

2023-08-04 15:49:01 - [TEST_STEP][PASSED] - click(findTestObject("04-Add my Organizations/Free limited Plan/input_orgName")): Object: 'Object Repository/04-Add my Organizations/Free limited Plan/input_orgName' is clicked on

2023-08-04 15:49:02 - [MESSAGE][PASSED] - Object: 'Object Repository/04-Add my Organizations/Free limited Plan/input_orgName' is clicked on

2023-08-04 15:49:02 - [TEST_STEP][PASSED] - click(findTestObject("04-Add my Organizations/Free limited Plan/input_org alias")): Object: 'Object Repository/04-Add my Organizations/Free limited Plan/input_org alias' is clicked on

2023-08-04 15:49:02 - [MESSAGE][PASSED] - Object: 'Object Repository/04-Add my Organizations/Free limited Plan/input_org alias' is clicked on

2023-08-04 15:49:02 - [TEST_STEP][PASSED] - click(findTestObject("04-Add my Organizations/Free limited Plan/div_Service Industry_select-arrow")): Object: 'Object Repository/04-Add my Organizations/Free limited Plan/div_Service Industry_select-arrow' is clicked on

2023-08-04 15:49:03 - [MESSAGE][PASSED] - Object: 'Object Repository/04-Add my Organizations/Free limited Plan/div_Service Industry_select-arrow' is clicked on

2023-08-04 15:49:03 - [TEST_STEP][PASSED] - sendKeys(findTestObject(null), Keys.chord(ESCAPE)): Keys 'ESCAPE + ' sent to object: 'tempBody'

2023-08-04 15:49:03 - [MESSAGE][WARNING] - Test object id is null

2023-08-04 15:49:03 - [MESSAGE][WARNING] - Test object with id 'Object Repository/' does not exist

2023-08-04 15:49:03 - [MESSAGE][PASSED] - Keys 'ESCAPE + ' sent to object: 'tempBody'

2023-08-04 15:49:03 - [TEST_STEP][PASSED] - delay(delay_3seconds): Delayed 3 second(s)

2023-08-04 15:49:06 - [MESSAGE][PASSED] - Delayed 3 second(s)

2023-08-04 15:49:06 - [TEST_STEP][PASSED] - verifyElementVisible(findTestObject("04-Add my Organizations/Free limited Plan/div_OrganizationName_error")): Object 'Object Repository/04-Add my Organizations/Free limited Plan/div_OrganizationName_error' is visible

2023-08-04 15:49:07 - [MESSAGE][PASSED] - Object 'Object Repository/04-Add my Organizations/Free limited Plan/div_OrganizationName_error' is visible

2023-08-04 15:49:07 - [TEST_STEP][PASSED] - verifyElementVisible(findTestObject("04-Add my Organizations/Free limited Plan/div_Organization Alias_error")): Object 'Object Repository/04-Add my Organizations/Free limited Plan/div_Organization Alias_error' is visible

2023-08-04 15:49:07 - [MESSAGE][PASSED] - Object 'Object Repository/04-Add my Organizations/Free limited Plan/div_Organization Alias_error' is visible

2023-08-04 15:49:07 - [TEST_STEP][PASSED] - verifyElementVisible(findTestObject("04-Add my Organizations/Free limited Plan/div_Service Industry_error")): Object 'Object Repository/04-Add my Organizations/Free limited Plan/div_Service Industry_error' is visible

2023-08-04 15:49:07 - [MESSAGE][PASSED] - Object 'Object Repository/04-Add my Organizations/Free limited Plan/div_Service Industry_error' is visible

2023-08-04 15:49:07 - [TEST_STEP][PASSED] - delay(delay_3seconds): Delayed 3 second(s)

2023-08-04 15:49:10 - [MESSAGE][PASSED] - Delayed 3 second(s)]]></system-out>
         <system-err><![CDATA[]]></system-err>
      </testcase>
      <testcase name="Test Cases/04-Add my Organizations/02- Free limited Plan (Used Org Alias)" time="5.859" classname="Test Cases/04-Add my Organizations/02- Free limited Plan (Used Org Alias)" status="PASSED">
         <system-out><![CDATA[2023-08-04 15:49:10 - [TEST_CASE][PASSED] - Test Cases/04-Add my Organizations/02- Free limited Plan (Used Org Alias): Test Cases/04-Add my Organizations/02- Free limited Plan (Used Org Alias)

2023-08-04 15:49:11 - [TEST_STEP][PASSED] - setText(findTestObject("04-Add my Organizations/Free limited Plan/input_org alias"), "1234"): Text '1234' is set on object 'Object Repository/04-Add my Organizations/Free limited Plan/input_org alias'

2023-08-04 15:49:11 - [MESSAGE][PASSED] - Text '1234' is set on object 'Object Repository/04-Add my Organizations/Free limited Plan/input_org alias'

2023-08-04 15:49:11 - [TEST_STEP][PASSED] - click(findTestObject("04-Add my Organizations/Free limited Plan/input_orgName")): Object: 'Object Repository/04-Add my Organizations/Free limited Plan/input_orgName' is clicked on

2023-08-04 15:49:12 - [MESSAGE][PASSED] - Object: 'Object Repository/04-Add my Organizations/Free limited Plan/input_orgName' is clicked on

2023-08-04 15:49:12 - [TEST_STEP][PASSED] - verifyElementVisible(findTestObject("04-Add my Organizations/Free limited Plan/mat-error_1234 already exists. Please enter another ID")): Object 'Object Repository/04-Add my Organizations/Free limited Plan/mat-error_1234 already exists. Please enter another ID' is visible

2023-08-04 15:49:13 - [MESSAGE][PASSED] - Object 'Object Repository/04-Add my Organizations/Free limited Plan/mat-error_1234 already exists. Please enter another ID' is visible

2023-08-04 15:49:13 - [TEST_STEP][PASSED] - delay(delay_3seconds): Delayed 3 second(s)

2023-08-04 15:49:16 - [MESSAGE][PASSED] - Delayed 3 second(s)]]></system-out>
         <system-err><![CDATA[]]></system-err>
      </testcase>
      <testcase name="Test Cases/04-Add my Organizations/03- Free limited Plan (Positive Scenarios)" time="61.131" classname="Test Cases/04-Add my Organizations/03- Free limited Plan (Positive Scenarios)" status="PASSED">
         <system-out><![CDATA[2023-08-04 15:49:16 - [TEST_CASE][PASSED] - Test Cases/04-Add my Organizations/03- Free limited Plan (Positive Scenarios): Test Cases/04-Add my Organizations/03- Free limited Plan (Positive Scenarios)

2023-08-04 15:49:16 - [TEST_STEP][PASSED] - delay(delay_2seconds): Delayed 2 second(s)

2023-08-04 15:49:18 - [MESSAGE][PASSED] - Delayed 2 second(s)

2023-08-04 15:49:18 - [TEST_STEP][PASSED] - setText(findTestObject("04-Add my Organizations/Free limited Plan/input_orgName"), org_name): Text 'GG Automation' is set on object 'Object Repository/04-Add my Organizations/Free limited Plan/input_orgName'

2023-08-04 15:49:19 - [MESSAGE][PASSED] - Text 'GG Automation' is set on object 'Object Repository/04-Add my Organizations/Free limited Plan/input_orgName'

2023-08-04 15:49:19 - [TEST_STEP][PASSED] - setText(findTestObject("04-Add my Organizations/Free limited Plan/input_org alias"), org_alias): Text 'GGAutoAlias' is set on object 'Object Repository/04-Add my Organizations/Free limited Plan/input_org alias'

2023-08-04 15:49:20 - [MESSAGE][PASSED] - Text 'GGAutoAlias' is set on object 'Object Repository/04-Add my Organizations/Free limited Plan/input_org alias'

2023-08-04 15:49:20 - [TEST_STEP][PASSED] - click(findTestObject("04-Add my Organizations/Free limited Plan/div_Service Industry_select-arrow"), STOP_ON_FAILURE): Object: 'Object Repository/04-Add my Organizations/Free limited Plan/div_Service Industry_select-arrow' is clicked on

2023-08-04 15:49:21 - [MESSAGE][PASSED] - Object: 'Object Repository/04-Add my Organizations/Free limited Plan/div_Service Industry_select-arrow' is clicked on

2023-08-04 15:49:21 - [TEST_STEP][PASSED] - delay(delay_1second): Delayed 1 second(s)

2023-08-04 15:49:22 - [MESSAGE][PASSED] - Delayed 1 second(s)

2023-08-04 15:49:22 - [TEST_STEP][PASSED] - verifyElementVisible(findTestObject("04-Add my Organizations/Free limited Plan/span_CPA_EA_Accounting Firms")): Object 'Object Repository/04-Add my Organizations/Free limited Plan/span_CPA_EA_Accounting Firms' is visible

2023-08-04 15:49:22 - [MESSAGE][PASSED] - Object 'Object Repository/04-Add my Organizations/Free limited Plan/span_CPA_EA_Accounting Firms' is visible

2023-08-04 15:49:22 - [TEST_STEP][PASSED] - verifyElementVisible(findTestObject("04-Add my Organizations/Free limited Plan/span_Law Firms")): Object 'Object Repository/04-Add my Organizations/Free limited Plan/span_Law Firms' is visible

2023-08-04 15:49:22 - [MESSAGE][PASSED] - Object 'Object Repository/04-Add my Organizations/Free limited Plan/span_Law Firms' is visible

2023-08-04 15:49:22 - [TEST_STEP][PASSED] - verifyElementVisible(findTestObject("04-Add my Organizations/Free limited Plan/span_Medical Service_Physian_Dentist Office")): Object 'Object Repository/04-Add my Organizations/Free limited Plan/span_Medical Service_Physian_Dentist Office' is visible

2023-08-04 15:49:23 - [MESSAGE][PASSED] - Object 'Object Repository/04-Add my Organizations/Free limited Plan/span_Medical Service_Physian_Dentist Office' is visible

2023-08-04 15:49:23 - [TEST_STEP][PASSED] - verifyElementVisible(findTestObject("04-Add my Organizations/Free limited Plan/span_Education")): Object 'Object Repository/04-Add my Organizations/Free limited Plan/span_Education' is visible

2023-08-04 15:49:23 - [MESSAGE][PASSED] - Object 'Object Repository/04-Add my Organizations/Free limited Plan/span_Education' is visible

2023-08-04 15:49:23 - [TEST_STEP][PASSED] - verifyElementVisible(findTestObject("04-Add my Organizations/Free limited Plan/span_Real Estate")): Object 'Object Repository/04-Add my Organizations/Free limited Plan/span_Real Estate' is visible

2023-08-04 15:49:23 - [MESSAGE][PASSED] - Object 'Object Repository/04-Add my Organizations/Free limited Plan/span_Real Estate' is visible

2023-08-04 15:49:23 - [TEST_STEP][PASSED] - verifyElementVisible(findTestObject("04-Add my Organizations/Free limited Plan/span_Other Service Business")): Object 'Object Repository/04-Add my Organizations/Free limited Plan/span_Other Service Business' is visible

2023-08-04 15:49:24 - [MESSAGE][PASSED] - Object 'Object Repository/04-Add my Organizations/Free limited Plan/span_Other Service Business' is visible

2023-08-04 15:49:24 - [TEST_STEP][PASSED] - verifyElementVisible(findTestObject("04-Add my Organizations/Free limited Plan/span_Product Business")): Object 'Object Repository/04-Add my Organizations/Free limited Plan/span_Product Business' is visible

2023-08-04 15:49:24 - [MESSAGE][PASSED] - Object 'Object Repository/04-Add my Organizations/Free limited Plan/span_Product Business' is visible

2023-08-04 15:49:24 - [TEST_STEP][PASSED] - verifyElementVisible(findTestObject("04-Add my Organizations/Free limited Plan/span_Community")): Object 'Object Repository/04-Add my Organizations/Free limited Plan/span_Community' is visible

2023-08-04 15:49:24 - [MESSAGE][PASSED] - Object 'Object Repository/04-Add my Organizations/Free limited Plan/span_Community' is visible

2023-08-04 15:49:24 - [TEST_STEP][PASSED] - verifyElementVisible(findTestObject("04-Add my Organizations/Free limited Plan/span_Non Profit Organizations")): Object 'Object Repository/04-Add my Organizations/Free limited Plan/span_Non Profit Organizations' is visible

2023-08-04 15:49:25 - [MESSAGE][PASSED] - Object 'Object Repository/04-Add my Organizations/Free limited Plan/span_Non Profit Organizations' is visible

2023-08-04 15:49:25 - [TEST_STEP][PASSED] - delay(delay_1second): Delayed 1 second(s)

2023-08-04 15:49:26 - [MESSAGE][PASSED] - Delayed 1 second(s)

2023-08-04 15:49:26 - [TEST_STEP][PASSED] - click(findTestObject("04-Add my Organizations/Free limited Plan/span_Other Service Business")): Object: 'Object Repository/04-Add my Organizations/Free limited Plan/span_Other Service Business' is clicked on

2023-08-04 15:49:26 - [MESSAGE][PASSED] - Object: 'Object Repository/04-Add my Organizations/Free limited Plan/span_Other Service Business' is clicked on

2023-08-04 15:49:26 - [TEST_STEP][PASSED] - click(findTestObject("04-Add my Organizations/Free limited Plan/button_Next")): Object: 'Object Repository/04-Add my Organizations/Free limited Plan/button_Next' is clicked on

2023-08-04 15:49:27 - [MESSAGE][PASSED] - Object: 'Object Repository/04-Add my Organizations/Free limited Plan/button_Next' is clicked on

2023-08-04 15:49:27 - [TEST_STEP][PASSED] - delay(delay_1second): Delayed 1 second(s)

2023-08-04 15:49:28 - [MESSAGE][PASSED] - Delayed 1 second(s)

2023-08-04 15:49:28 - [TEST_STEP][PASSED] - verifyElementVisible(findTestObject("04-Add my Organizations/Free limited Plan/add my org modal 2")): Object 'Object Repository/04-Add my Organizations/Free limited Plan/add my org modal 2' is visible

2023-08-04 15:49:28 - [MESSAGE][PASSED] - Object 'Object Repository/04-Add my Organizations/Free limited Plan/add my org modal 2' is visible

2023-08-04 15:49:28 - [TEST_STEP][PASSED] - click(findTestObject("04-Add my Organizations/Free limited Plan/Free limited plan radio button")): Object: 'Object Repository/04-Add my Organizations/Free limited Plan/Free limited plan radio button' is clicked on

2023-08-04 15:49:29 - [MESSAGE][PASSED] - Object: 'Object Repository/04-Add my Organizations/Free limited Plan/Free limited plan radio button' is clicked on

2023-08-04 15:49:29 - [TEST_STEP][PASSED] - delay(delay_1second): Delayed 1 second(s)

2023-08-04 15:49:30 - [MESSAGE][PASSED] - Delayed 1 second(s)

2023-08-04 15:49:30 - [TEST_STEP][PASSED] - click(findTestObject("04-Add my Organizations/Free limited Plan/span_Usage limit")): Object: 'Object Repository/04-Add my Organizations/Free limited Plan/span_Usage limit' is clicked on

2023-08-04 15:49:30 - [MESSAGE][PASSED] - Object: 'Object Repository/04-Add my Organizations/Free limited Plan/span_Usage limit' is clicked on

2023-08-04 15:49:30 - [TEST_STEP][PASSED] - switchToWindowIndex(1): Switched to window with index: '1'

2023-08-04 15:49:30 - [MESSAGE][PASSED] - Switched to window with index: '1'

2023-08-04 15:49:30 - [TEST_STEP][PASSED] - delay(delay_5seconds): Delayed 5 second(s)

2023-08-04 15:49:35 - [MESSAGE][PASSED] - Delayed 5 second(s)

2023-08-04 15:49:35 - [TEST_STEP][PASSED] - assert getUrl() == "https://www.everleagues.com/pricing": Current window's url is: 'https://www.everleagues.com/pricing'

2023-08-04 15:49:38 - [MESSAGE][PASSED] - Current window's url is: 'https://www.everleagues.com/pricing'

2023-08-04 15:49:38 - [TEST_STEP][PASSED] - closeWindowUrl("https://www.everleagues.com/pricing"): Window with url: 'https://www.everleagues.com/pricing' is closed

2023-08-04 15:49:38 - [MESSAGE][PASSED] - Window with url: 'https://www.everleagues.com/pricing' is closed

2023-08-04 15:49:38 - [TEST_STEP][PASSED] - switchToWindowIndex(0): Switched to window with index: '0'

2023-08-04 15:49:38 - [MESSAGE][PASSED] - Switched to window with index: '0'

2023-08-04 15:49:38 - [TEST_STEP][PASSED] - delay(delay_1second): Delayed 1 second(s)

2023-08-04 15:49:39 - [MESSAGE][PASSED] - Delayed 1 second(s)

2023-08-04 15:49:39 - [TEST_STEP][PASSED] - click(findTestObject("04-Add my Organizations/Free limited Plan/a_open_in_newPricing detail")): Object: 'Object Repository/04-Add my Organizations/Free limited Plan/a_open_in_newPricing detail' is clicked on

2023-08-04 15:49:39 - [MESSAGE][PASSED] - Object: 'Object Repository/04-Add my Organizations/Free limited Plan/a_open_in_newPricing detail' is clicked on

2023-08-04 15:49:39 - [TEST_STEP][PASSED] - switchToWindowIndex(1): Switched to window with index: '1'

2023-08-04 15:49:39 - [MESSAGE][PASSED] - Switched to window with index: '1'

2023-08-04 15:49:39 - [TEST_STEP][PASSED] - delay(delay_5seconds): Delayed 5 second(s)

2023-08-04 15:49:44 - [MESSAGE][PASSED] - Delayed 5 second(s)

2023-08-04 15:49:44 - [TEST_STEP][PASSED] - assert getUrl() == "https://www.everleagues.com/pricing": Current window's url is: 'https://www.everleagues.com/pricing'

2023-08-04 15:49:44 - [MESSAGE][PASSED] - Current window's url is: 'https://www.everleagues.com/pricing'

2023-08-04 15:49:44 - [TEST_STEP][PASSED] - closeWindowUrl("https://www.everleagues.com/pricing"): Window with url: 'https://www.everleagues.com/pricing' is closed

2023-08-04 15:49:45 - [MESSAGE][PASSED] - Window with url: 'https://www.everleagues.com/pricing' is closed

2023-08-04 15:49:45 - [TEST_STEP][PASSED] - switchToWindowIndex(0): Switched to window with index: '0'

2023-08-04 15:49:45 - [MESSAGE][PASSED] - Switched to window with index: '0'

2023-08-04 15:49:45 - [TEST_STEP][PASSED] - delay(delay_1second): Delayed 1 second(s)

2023-08-04 15:49:46 - [MESSAGE][PASSED] - Delayed 1 second(s)

2023-08-04 15:49:46 - [TEST_STEP][PASSED] - click(findTestObject("04-Add my Organizations/Free limited Plan/button_Next2")): Object: 'Object Repository/04-Add my Organizations/Free limited Plan/button_Next2' is clicked on

2023-08-04 15:49:46 - [MESSAGE][PASSED] - Object: 'Object Repository/04-Add my Organizations/Free limited Plan/button_Next2' is clicked on

2023-08-04 15:49:46 - [TEST_STEP][PASSED] - delay(delay_1second): Delayed 1 second(s)

2023-08-04 15:49:47 - [MESSAGE][PASSED] - Delayed 1 second(s)

2023-08-04 15:49:47 - [TEST_STEP][PASSED] - verifyElementVisible(findTestObject("04-Add my Organizations/Free limited Plan/add my org modal 3")): Object 'Object Repository/04-Add my Organizations/Free limited Plan/add my org modal 3' is visible

2023-08-04 15:49:47 - [MESSAGE][PASSED] - Object 'Object Repository/04-Add my Organizations/Free limited Plan/add my org modal 3' is visible

2023-08-04 15:49:47 - [TEST_STEP][PASSED] - delay(delay_1second): Delayed 1 second(s)

2023-08-04 15:49:48 - [MESSAGE][PASSED] - Delayed 1 second(s)

2023-08-04 15:49:48 - [TEST_STEP][PASSED] - click(findTestObject("04-Add my Organizations/Free limited Plan/SaaS checkbox")): Object: 'Object Repository/04-Add my Organizations/Free limited Plan/SaaS checkbox' is clicked on

2023-08-04 15:49:49 - [MESSAGE][PASSED] - Object: 'Object Repository/04-Add my Organizations/Free limited Plan/SaaS checkbox' is clicked on

2023-08-04 15:49:49 - [TEST_STEP][PASSED] - click(findTestObject("04-Add my Organizations/Free limited Plan/a_Software as a service (SaaS) subscription agreement")): Object: 'Object Repository/04-Add my Organizations/Free limited Plan/a_Software as a service (SaaS) subscription agreement' is clicked on

2023-08-04 15:49:50 - [MESSAGE][PASSED] - Object: 'Object Repository/04-Add my Organizations/Free limited Plan/a_Software as a service (SaaS) subscription agreement' is clicked on

2023-08-04 15:49:50 - [TEST_STEP][PASSED] - switchToWindowIndex(1): Switched to window with index: '1'

2023-08-04 15:49:50 - [MESSAGE][PASSED] - Switched to window with index: '1'

2023-08-04 15:49:50 - [TEST_STEP][PASSED] - delay(delay_5seconds): Delayed 5 second(s)

2023-08-04 15:49:55 - [MESSAGE][PASSED] - Delayed 5 second(s)

2023-08-04 15:49:55 - [TEST_STEP][PASSED] - assert getUrl() == "https://www.everleagues.com/saas-agreement/": Current window's url is: 'https://www.everleagues.com/saas-agreement/'

2023-08-04 15:49:57 - [MESSAGE][PASSED] - Current window's url is: 'https://www.everleagues.com/saas-agreement/'

2023-08-04 15:49:57 - [TEST_STEP][PASSED] - closeWindowUrl("https://www.everleagues.com/saas-agreement/"): Window with url: 'https://www.everleagues.com/saas-agreement/' is closed

2023-08-04 15:49:57 - [MESSAGE][PASSED] - Window with url: 'https://www.everleagues.com/saas-agreement/' is closed

2023-08-04 15:49:57 - [TEST_STEP][PASSED] - switchToWindowIndex(0): Switched to window with index: '0'

2023-08-04 15:49:57 - [MESSAGE][PASSED] - Switched to window with index: '0'

2023-08-04 15:49:57 - [TEST_STEP][PASSED] - delay(delay_1second): Delayed 1 second(s)

2023-08-04 15:49:58 - [MESSAGE][PASSED] - Delayed 1 second(s)

2023-08-04 15:49:58 - [TEST_STEP][PASSED] - click(findTestObject("04-Add my Organizations/Free limited Plan/button_Create")): Object: 'Object Repository/04-Add my Organizations/Free limited Plan/button_Create' is clicked on

2023-08-04 15:49:59 - [MESSAGE][PASSED] - Object: 'Object Repository/04-Add my Organizations/Free limited Plan/button_Create' is clicked on

2023-08-04 15:49:59 - [TEST_STEP][PASSED] - delay(delay_1second): Delayed 1 second(s)

2023-08-04 15:50:00 - [MESSAGE][PASSED] - Delayed 1 second(s)

2023-08-04 15:50:00 - [TEST_STEP][PASSED] - verifyElementVisible(findTestObject("04-Add my Organizations/Free limited Plan/button_SET UP")): Object 'Object Repository/04-Add my Organizations/Free limited Plan/button_SET UP' is visible

2023-08-04 15:50:05 - [MESSAGE][PASSED] - Object 'Object Repository/04-Add my Organizations/Free limited Plan/button_SET UP' is visible

2023-08-04 15:50:05 - [TEST_STEP][PASSED] - verifyElementVisible(findTestObject("04-Add my Organizations/Free limited Plan/button_INVITE EMPLOYEES etc")): Object 'Object Repository/04-Add my Organizations/Free limited Plan/button_INVITE EMPLOYEES etc' is visible

2023-08-04 15:50:07 - [MESSAGE][PASSED] - Object 'Object Repository/04-Add my Organizations/Free limited Plan/button_INVITE EMPLOYEES etc' is visible

2023-08-04 15:50:07 - [TEST_STEP][PASSED] - verifyElementVisible(findTestObject("04-Add my Organizations/Free limited Plan/button_SET UP TEAM")): Object 'Object Repository/04-Add my Organizations/Free limited Plan/button_SET UP TEAM' is visible

2023-08-04 15:50:08 - [MESSAGE][PASSED] - Object 'Object Repository/04-Add my Organizations/Free limited Plan/button_SET UP TEAM' is visible

2023-08-04 15:50:08 - [TEST_STEP][PASSED] - verifyElementVisible(findTestObject("04-Add my Organizations/Free limited Plan/button_LEARN MORE")): Object 'Object Repository/04-Add my Organizations/Free limited Plan/button_LEARN MORE' is visible

2023-08-04 15:50:08 - [MESSAGE][PASSED] - Object 'Object Repository/04-Add my Organizations/Free limited Plan/button_LEARN MORE' is visible

2023-08-04 15:50:08 - [TEST_STEP][PASSED] - delay(delay_5seconds): Delayed 5 second(s)

2023-08-04 15:50:13 - [MESSAGE][PASSED] - Delayed 5 second(s)

2023-08-04 15:50:13 - [TEST_STEP][PASSED] - click(findTestObject("04-Add my Organizations/Free limited Plan/button_DO THIS LATER_NEW")): Object: 'Object Repository/04-Add my Organizations/Free limited Plan/button_DO THIS LATER_NEW' is clicked on

2023-08-04 15:50:14 - [MESSAGE][PASSED] - Object: 'Object Repository/04-Add my Organizations/Free limited Plan/button_DO THIS LATER_NEW' is clicked on

2023-08-04 15:50:14 - [TEST_STEP][PASSED] - delay(delay_1second): Delayed 1 second(s)

2023-08-04 15:50:15 - [MESSAGE][PASSED] - Delayed 1 second(s)

2023-08-04 15:50:15 - [TEST_STEP][PASSED] - verifyElementVisible(findTestObject("04-Add my Organizations/Free limited Plan/span_GG Automation")): Object 'Object Repository/04-Add my Organizations/Free limited Plan/span_GG Automation' is visible

2023-08-04 15:50:15 - [MESSAGE][PASSED] - Object 'Object Repository/04-Add my Organizations/Free limited Plan/span_GG Automation' is visible

2023-08-04 15:50:15 - [TEST_STEP][PASSED] - delay(delay_1second): Delayed 1 second(s)

2023-08-04 15:50:16 - [MESSAGE][PASSED] - Delayed 1 second(s)

2023-08-04 15:50:16 - [TEST_STEP][PASSED] - closeBrowser(): Browser is closed

2023-08-04 15:50:17 - [MESSAGE][PASSED] - Browser is closed]]></system-out>
         <system-err><![CDATA[]]></system-err>
      </testcase>
      <system-out><![CDATA[2023-08-04 15:45:17 - [TEST_SUITE][PASSED] - 04-Add my Organizations: Test Cases/04-Add my Organizations/03- Free limited Plan (Positive Scenarios)]]></system-out>
      <system-err><![CDATA[]]></system-err>
   </testsuite>
</testsuites>
