<?xml version="1.0" encoding="UTF-8"?>
<testsuites name="12.1- AI Assistant (ChatGPTbeta)" time="100.294" tests="1" failures="0" errors="0">
   <testsuite name="12.1- AI Assistant (ChatGPTbeta)" tests="1" failures="0" errors="0" time="100.294" skipped="0" timestamp="2023-08-04 01:32:10" hostname="Personal - DESKTOP-TFDFEQ1" id="Test Suites/TS-Organization/12.1- AI Assistant (ChatGPTbeta)">
      <properties>
         <property name="deviceName" value=""/>
         <property name="devicePlatform" value=""/>
         <property name="logFolder" value="C:\\Users\\Personal\\Documents\\GitHub\\Everleagues\\Reports\\20230804_013208\\TS-Organization\\12.1- AI Assistant (ChatGPTbeta)\\20230804_013208"/>
         <property name="logFiles" value="C:\\Users\\Personal\\Documents\\GitHub\\Everleagues\\Reports\\20230804_013208\\TS-Organization\\12.1- AI Assistant (ChatGPTbeta)\\20230804_013208\\execution0.log"/>
         <property name="attachments" value=""/>
         <property name="hostName" value="Personal - DESKTOP-TFDFEQ1"/>
         <property name="os" value="Windows 11 64bit"/>
         <property name="katalonVersion" value="8.6.5.208"/>
         <property name="browser" value="Chrome 115.0.0.0"/>
         <property name="hostAddress" value="10.100.1.38"/>
         <property name="sessionId" value="03093c692af6768a29d8ec8a72797db7"/>
         <property name="seleniumVersion" value="3.141.59"/>
         <property name="proxyInformation" value="ProxyInformation { proxyOption=NO_PROXY, proxyServerType=HTTP, username=, password=********, proxyServerAddress=, proxyServerPort=0, executionList=&quot;&quot;, isApplyToDesiredCapabilities=true }"/>
         <property name="platform" value="Windows 11"/>
      </properties>
      <testcase name="Test Cases/12- AI assistant (beta)/12.1-ChatGPT (beta)/01-Empty inquiry content and proceed asking" time="100.122" classname="Test Cases/12- AI assistant (beta)/12.1-ChatGPT (beta)/01-Empty inquiry content and proceed asking" status="PASSED">
         <system-out><![CDATA[2023-08-04 01:32:10 - [TEST_CASE][PASSED] - Test Cases/12- AI assistant (beta)/12.1-ChatGPT (beta)/01-Empty inquiry content and proceed asking: Test Cases/12- AI assistant (beta)/12.1-ChatGPT (beta)/01-Empty inquiry content and proceed asking

2023-08-04 01:32:10 - [TEST_STEP][PASSED] - openBrowser(""): Browser is opened with url: ''

2023-08-04 01:32:11 - [MESSAGE][INFO] - Starting 'Chrome' driver

2023-08-04 01:32:11 - [MESSAGE][INFO] - User set preference: ['args', '[--disable-web-security, --ignore-certificate-errors, --no-first-run, --disable-gpu]']

2023-08-04 01:32:11 - [MESSAGE][INFO] - Action delay is set to 0 milliseconds

2023-08-04 01:32:12 - [MESSAGE][PASSED] - Browser is opened with url: ''

2023-08-04 01:32:12 - [TEST_STEP][PASSED] - navigateToUrl(app_url_login): Navigate to 'https://lab.everleagues.com/login' successfully

2023-08-04 01:32:22 - [MESSAGE][PASSED] - Navigate to 'https://lab.everleagues.com/login' successfully

2023-08-04 01:32:22 - [TEST_STEP][PASSED] - maximizeWindow(): Current window maximized

2023-08-04 01:32:22 - [MESSAGE][PASSED] - Current window maximized

2023-08-04 01:32:22 - [TEST_STEP][PASSED] - callTestCase(findTestCase("01-Login and Forgot Password/04-Login(Valid Credentials-With Subscription)"), [:], STOP_ON_FAILURE): Call Test Case 'Test Cases/01-Login and Forgot Password/04-Login(Valid Credentials-With Subscription)' successfully

2023-08-04 01:32:22 - [TEST_CASE][PASSED] - Test Cases/01-Login and Forgot Password/04-Login(Valid Credentials-With Subscription): Test Cases/01-Login and Forgot Password/04-Login(Valid Credentials-With Subscription)

2023-08-04 01:32:22 - [TEST_STEP][PASSED] - setText(findTestObject("01-Login and Forgot Password/input_Email_email"), email_with_subscription): Text 'testuser005@mailinator.com' is set on object 'Object Repository/01-Login and Forgot Password/input_Email_email'

2023-08-04 01:32:23 - [MESSAGE][PASSED] - Text 'testuser005@mailinator.com' is set on object 'Object Repository/01-Login and Forgot Password/input_Email_email'

2023-08-04 01:32:23 - [TEST_STEP][PASSED] - setEncryptedText(findTestObject("01-Login and Forgot Password/input_Email_password"), password): Text ****** has been set on object 'Object Repository/01-Login and Forgot Password/input_Email_password'

2023-08-04 01:32:23 - [MESSAGE][PASSED] - Text ****** has been set on object 'Object Repository/01-Login and Forgot Password/input_Email_password'

2023-08-04 01:32:23 - [TEST_STEP][PASSED] - delay(delay_2seconds): Delayed 2 second(s)

2023-08-04 01:32:25 - [MESSAGE][PASSED] - Delayed 2 second(s)

2023-08-04 01:32:25 - [TEST_STEP][PASSED] - click(findTestObject("01-Login and Forgot Password/show pass button")): Object: 'Object Repository/01-Login and Forgot Password/show pass button' is clicked on

2023-08-04 01:32:26 - [MESSAGE][PASSED] - Object: 'Object Repository/01-Login and Forgot Password/show pass button' is clicked on

2023-08-04 01:32:26 - [TEST_STEP][PASSED] - delay(delay_3seconds): Delayed 3 second(s)

2023-08-04 01:32:29 - [MESSAGE][PASSED] - Delayed 3 second(s)

2023-08-04 01:32:29 - [TEST_STEP][PASSED] - click(findTestObject("01-Login and Forgot Password/button_Sign in")): Object: 'Object Repository/01-Login and Forgot Password/button_Sign in' is clicked on

2023-08-04 01:32:29 - [MESSAGE][PASSED] - Object: 'Object Repository/01-Login and Forgot Password/button_Sign in' is clicked on

2023-08-04 01:32:29 - [TEST_STEP][PASSED] - delay(delay_3seconds): Delayed 3 second(s)

2023-08-04 01:32:32 - [MESSAGE][PASSED] - Delayed 3 second(s)

2023-08-04 01:32:32 - [TEST_STEP][PASSED] - executeJavaScript("window.open();", []): Execute JavaScript 'window.open();' successfully

2023-08-04 01:32:32 - [MESSAGE][PASSED] - Execute JavaScript 'window.open();' successfully

2023-08-04 01:32:32 - [TEST_STEP][PASSED] - currentWindow = getWindowIndex(): Current window's index is: 0

2023-08-04 01:32:32 - [MESSAGE][PASSED] - Current window's index is: 0

2023-08-04 01:32:32 - [TEST_STEP][PASSED] - delay(delay_3seconds): Delayed 3 second(s)

2023-08-04 01:32:35 - [MESSAGE][PASSED] - Delayed 3 second(s)

2023-08-04 01:32:35 - [TEST_STEP][PASSED] - switchToWindowIndex(currentWindow + 1): Switched to window with index: '1'

2023-08-04 01:32:35 - [MESSAGE][PASSED] - Switched to window with index: '1'

2023-08-04 01:32:35 - [TEST_STEP][PASSED] - navigateToUrl(app_mailinator): Navigate to 'https://www.mailinator.com/' successfully

2023-08-04 01:32:49 - [MESSAGE][PASSED] - Navigate to 'https://www.mailinator.com/' successfully

2023-08-04 01:32:49 - [TEST_STEP][PASSED] - delay(delay_3seconds): Delayed 3 second(s)

2023-08-04 01:32:52 - [MESSAGE][PASSED] - Delayed 3 second(s)

2023-08-04 01:32:52 - [TEST_STEP][PASSED] - setText(findTestObject("00-Signup and Activation/zMailinator/input_LOGIN_search"), email_for_searchmailinator_testuser05): Text 'testuser005@mailinator.com' is set on object 'Object Repository/00-Signup and Activation/zMailinator/input_LOGIN_search'

2023-08-04 01:32:53 - [MESSAGE][PASSED] - Text 'testuser005@mailinator.com' is set on object 'Object Repository/00-Signup and Activation/zMailinator/input_LOGIN_search'

2023-08-04 01:32:53 - [TEST_STEP][PASSED] - click(findTestObject("00-Signup and Activation/zMailinator/gobutton"), STOP_ON_FAILURE): Object: 'Object Repository/00-Signup and Activation/zMailinator/gobutton' is clicked on

2023-08-04 01:32:54 - [MESSAGE][PASSED] - Object: 'Object Repository/00-Signup and Activation/zMailinator/gobutton' is clicked on

2023-08-04 01:32:54 - [TEST_STEP][PASSED] - delay(delay_10seconds): Delayed 10 second(s)

2023-08-04 01:33:04 - [MESSAGE][PASSED] - Delayed 10 second(s)

2023-08-04 01:33:04 - [TEST_STEP][PASSED] - click(findTestObject("00-Signup and Activation/zMailinator/Email - everleagues")): Object: 'Object Repository/00-Signup and Activation/zMailinator/Email - everleagues' is clicked on

2023-08-04 01:33:04 - [MESSAGE][PASSED] - Object: 'Object Repository/00-Signup and Activation/zMailinator/Email - everleagues' is clicked on

2023-08-04 01:33:04 - [TEST_STEP][PASSED] - delay(delay_5seconds): Delayed 5 second(s)

2023-08-04 01:33:09 - [MESSAGE][PASSED] - Delayed 5 second(s)

2023-08-04 01:33:09 - [TEST_STEP][PASSED] - code = getText(findTestObject("Object Repository/06-Teams/For 2FA/2FA code")): Text of object 'Object Repository/06-Teams/For 2FA/2FA code' is: '926579'

2023-08-04 01:33:10 - [MESSAGE][PASSED] - Text of object 'Object Repository/06-Teams/For 2FA/2FA code' is: '926579'

2023-08-04 01:33:10 - [TEST_STEP][PASSED] - delay(delay_3seconds): Delayed 3 second(s)

2023-08-04 01:33:13 - [MESSAGE][PASSED] - Delayed 3 second(s)

2023-08-04 01:33:13 - [TEST_STEP][PASSED] - closeWindowTitle("Mailinator"): Window with title: 'Mailinator' is closed

2023-08-04 01:33:13 - [MESSAGE][PASSED] - Window with title: 'Mailinator' is closed

2023-08-04 01:33:13 - [TEST_STEP][PASSED] - delay(delay_5seconds): Delayed 5 second(s)

2023-08-04 01:33:18 - [MESSAGE][PASSED] - Delayed 5 second(s)

2023-08-04 01:33:18 - [TEST_STEP][PASSED] - switchToWindowIndex(0): Switched to window with index: '0'

2023-08-04 01:33:18 - [MESSAGE][PASSED] - Switched to window with index: '0'

2023-08-04 01:33:18 - [TEST_STEP][PASSED] - delay(delay_3seconds): Delayed 3 second(s)

2023-08-04 01:33:21 - [MESSAGE][PASSED] - Delayed 3 second(s)

2023-08-04 01:33:21 - [TEST_STEP][PASSED] - setText(findTestObject("Object Repository/06-Teams/For 2FA/input_Enter verification code_code"), code): Text '926579' is set on object 'Object Repository/06-Teams/For 2FA/input_Enter verification code_code'

2023-08-04 01:33:22 - [MESSAGE][PASSED] - Text '926579' is set on object 'Object Repository/06-Teams/For 2FA/input_Enter verification code_code'

2023-08-04 01:33:22 - [TEST_STEP][PASSED] - delay(delay_3seconds): Delayed 3 second(s)

2023-08-04 01:33:25 - [MESSAGE][PASSED] - Delayed 3 second(s)

2023-08-04 01:33:25 - [TEST_STEP][PASSED] - click(findTestObject("06-Teams/For 2FA/button_Verify_2FA")): Object: 'Object Repository/06-Teams/For 2FA/button_Verify_2FA' is clicked on

2023-08-04 01:33:26 - [MESSAGE][PASSED] - Object: 'Object Repository/06-Teams/For 2FA/button_Verify_2FA' is clicked on

2023-08-04 01:33:26 - [TEST_STEP][PASSED] - delay(delay_3seconds): Delayed 3 second(s)

2023-08-04 01:33:29 - [MESSAGE][PASSED] - Delayed 3 second(s)

2023-08-04 01:33:29 - [MESSAGE][PASSED] - Call Test Case 'Test Cases/01-Login and Forgot Password/04-Login(Valid Credentials-With Subscription)' successfully

2023-08-04 01:33:29 - [TEST_STEP][PASSED] - click(findTestObject("06-Teams/button_doublearrow")): Object: 'Object Repository/06-Teams/button_doublearrow' is clicked on

2023-08-04 01:33:31 - [MESSAGE][PASSED] - Object: 'Object Repository/06-Teams/button_doublearrow' is clicked on

2023-08-04 01:33:31 - [TEST_STEP][PASSED] - click(findTestObject("06-Teams/button_My Organizations")): Object: 'Object Repository/06-Teams/button_My Organizations' is clicked on

2023-08-04 01:33:32 - [MESSAGE][PASSED] - Object: 'Object Repository/06-Teams/button_My Organizations' is clicked on

2023-08-04 01:33:32 - [TEST_STEP][PASSED] - click(findTestObject("02-Side Icons(Organization)/Add Contact/button_Automation Test Org")): Object: 'Object Repository/02-Side Icons(Organization)/Add Contact/button_Automation Test Org' is clicked on

2023-08-04 01:33:33 - [MESSAGE][PASSED] - Object: 'Object Repository/02-Side Icons(Organization)/Add Contact/button_Automation Test Org' is clicked on

2023-08-04 01:33:33 - [TEST_STEP][PASSED] - delay(delay_4seconds): Delayed 4 second(s)

2023-08-04 01:33:37 - [MESSAGE][PASSED] - Delayed 4 second(s)

2023-08-04 01:33:37 - [TEST_STEP][PASSED] - verifyElementVisible(findTestObject("02-Side Icons(Organization)/Add Contact/span_Automation Test Org")): Object 'Object Repository/02-Side Icons(Organization)/Add Contact/span_Automation Test Org' is visible

2023-08-04 01:33:38 - [MESSAGE][PASSED] - Object 'Object Repository/02-Side Icons(Organization)/Add Contact/span_Automation Test Org' is visible

2023-08-04 01:33:38 - [TEST_STEP][PASSED] - delay(delay_5seconds): Delayed 5 second(s)

2023-08-04 01:33:43 - [MESSAGE][PASSED] - Delayed 5 second(s)

2023-08-04 01:33:43 - [TEST_STEP][PASSED] - scrollToElement(findTestObject("12-AI Assistant(beta)/AI asst button-Side panel"), 30): Scroll to object 'Object Repository/12-AI Assistant(beta)/AI asst button-Side panel' successfully

2023-08-04 01:33:43 - [MESSAGE][PASSED] - Scroll to object 'Object Repository/12-AI Assistant(beta)/AI asst button-Side panel' successfully

2023-08-04 01:33:43 - [TEST_STEP][PASSED] - click(findTestObject("12-AI Assistant(beta)/AI asst button-Side panel")): Object: 'Object Repository/12-AI Assistant(beta)/AI asst button-Side panel' is clicked on

2023-08-04 01:33:44 - [MESSAGE][PASSED] - Object: 'Object Repository/12-AI Assistant(beta)/AI asst button-Side panel' is clicked on

2023-08-04 01:33:44 - [TEST_STEP][PASSED] - verifyElementVisible(findTestObject("12-AI Assistant(beta)/AI asst button-Side panel")): Object 'Object Repository/12-AI Assistant(beta)/AI asst button-Side panel' is visible

2023-08-04 01:33:44 - [MESSAGE][PASSED] - Object 'Object Repository/12-AI Assistant(beta)/AI asst button-Side panel' is visible

2023-08-04 01:33:44 - [TEST_STEP][PASSED] - delay(delay_3seconds): Delayed 3 second(s)

2023-08-04 01:33:47 - [MESSAGE][PASSED] - Delayed 3 second(s)

2023-08-04 01:33:48 - [TEST_STEP][PASSED] - click(findTestObject("12-AI Assistant(beta)/12.1-Chat GPT(beta)/Chat GPT (beta)")): Object: 'Object Repository/12-AI Assistant(beta)/12.1-Chat GPT(beta)/Chat GPT (beta)' is clicked on

2023-08-04 01:33:48 - [MESSAGE][PASSED] - Object: 'Object Repository/12-AI Assistant(beta)/12.1-Chat GPT(beta)/Chat GPT (beta)' is clicked on

2023-08-04 01:33:48 - [TEST_STEP][PASSED] - verifyElementText(findTestObject("12-AI Assistant(beta)/h4_AI ASSISTANT (BETA)"), "AI ASSISTANT (BETA)"): Actual text and expected text of test object 'Object Repository/12-AI Assistant(beta)/h4_AI ASSISTANT (BETA)' are matched.

2023-08-04 01:33:49 - [MESSAGE][PASSED] - Actual text and expected text of test object 'Object Repository/12-AI Assistant(beta)/h4_AI ASSISTANT (BETA)' are matched.

2023-08-04 01:33:49 - [TEST_STEP][PASSED] - setText(findTestObject("12-AI Assistant(beta)/12.1-Chat GPT(beta)/Ask me anything input field"), ""): Text '' is set on object 'Object Repository/12-AI Assistant(beta)/12.1-Chat GPT(beta)/Ask me anything input field'

2023-08-04 01:33:50 - [MESSAGE][PASSED] - Text '' is set on object 'Object Repository/12-AI Assistant(beta)/12.1-Chat GPT(beta)/Ask me anything input field'

2023-08-04 01:33:50 - [TEST_STEP][PASSED] - click(findTestObject("12-AI Assistant(beta)/12.1-Chat GPT(beta)/Ask ChatGPT button")): Object: 'Object Repository/12-AI Assistant(beta)/12.1-Chat GPT(beta)/Ask ChatGPT button' is clicked on

2023-08-04 01:33:50 - [MESSAGE][PASSED] - Object: 'Object Repository/12-AI Assistant(beta)/12.1-Chat GPT(beta)/Ask ChatGPT button' is clicked on

2023-08-04 01:33:50 - [TEST_STEP][PASSED] - verifyElementVisible(findTestObject("12-AI Assistant(beta)/12.1-Chat GPT(beta)/askmeanything_Emptyfield")): Object 'Object Repository/12-AI Assistant(beta)/12.1-Chat GPT(beta)/askmeanything_Emptyfield' is visible

2023-08-04 01:33:50 - [MESSAGE][PASSED] - Object 'Object Repository/12-AI Assistant(beta)/12.1-Chat GPT(beta)/askmeanything_Emptyfield' is visible]]></system-out>
         <system-err><![CDATA[]]></system-err>
      </testcase>
      <system-out><![CDATA[2023-08-04 01:32:10 - [TEST_SUITE][PASSED] - 12.1- AI Assistant (ChatGPTbeta): Test Cases/12- AI assistant (beta)/12.1-ChatGPT (beta)/01-Empty inquiry content and proceed asking]]></system-out>
      <system-err><![CDATA[]]></system-err>
   </testsuite>
</testsuites>
