<?xml version="1.0" encoding="UTF-8"?>
<testsuites name="11.2 - Cloud Files(Shared Drive)" time="234.485" tests="9" failures="0" errors="0">
   <testsuite name="11.2 - Cloud Files(Shared Drive)" tests="9" failures="0" errors="0" time="234.485" skipped="0" timestamp="2023-08-07 19:15:10" hostname="Personal - DESKTOP-TFDFEQ1" id="Test Suites/TS-Organization/11.2 - Cloud Files(Shared Drive)">
      <properties>
         <property name="deviceName" value=""/>
         <property name="devicePlatform" value=""/>
         <property name="logFolder" value="C:\\Users\\Personal\\Documents\\GitHub\\Everleagues\\Reports\\20230807_191507\\TS-Organization\\11.2 - Cloud Files(Shared Drive)\\20230807_191508"/>
         <property name="logFiles" value="C:\\Users\\Personal\\Documents\\GitHub\\Everleagues\\Reports\\20230807_191507\\TS-Organization\\11.2 - Cloud Files(Shared Drive)\\20230807_191508\\execution0.log"/>
         <property name="attachments" value=""/>
         <property name="hostName" value="Personal - DESKTOP-TFDFEQ1"/>
         <property name="os" value="Windows 11 64bit"/>
         <property name="katalonVersion" value="8.6.5.208"/>
         <property name="browser" value="Chrome 115.0.0.0"/>
         <property name="hostAddress" value="10.100.1.38"/>
         <property name="sessionId" value="aa232e678d3578993d192a9d32c496ac"/>
         <property name="seleniumVersion" value="3.141.59"/>
         <property name="proxyInformation" value="ProxyInformation { proxyOption=NO_PROXY, proxyServerType=HTTP, username=, password=********, proxyServerAddress=, proxyServerPort=0, executionList=&quot;&quot;, isApplyToDesiredCapabilities=true }"/>
         <property name="platform" value="Windows 11"/>
      </properties>
      <testcase name="Test Cases/11.2 - Cloud Files (Shared Drive)/01-Create new driver(required field is blank)" time="125.006" classname="Test Cases/11.2 - Cloud Files (Shared Drive)/01-Create new driver(required field is blank)" status="PASSED">
         <system-out><![CDATA[2023-08-07 19:15:10 - [TEST_CASE][PASSED] - Test Cases/11.2 - Cloud Files (Shared Drive)/01-Create new driver(required field is blank): Test Cases/11.2 - Cloud Files (Shared Drive)/01-Create new driver(required field is blank)

2023-08-07 19:15:10 - [TEST_STEP][PASSED] - openBrowser(""): Browser is opened with url: ''

2023-08-07 19:15:11 - [MESSAGE][INFO] - Starting 'Chrome' driver

2023-08-07 19:15:11 - [MESSAGE][INFO] - User set preference: ['args', '[--disable-web-security, --ignore-certificate-errors, --no-first-run, --disable-gpu]']

2023-08-07 19:15:11 - [MESSAGE][INFO] - Action delay is set to 0 milliseconds

2023-08-07 19:15:13 - [MESSAGE][PASSED] - Browser is opened with url: ''

2023-08-07 19:15:13 - [TEST_STEP][PASSED] - navigateToUrl(appURL): Navigate to 'https://lab.everleagues.com/login' successfully

2023-08-07 19:15:46 - [MESSAGE][PASSED] - Navigate to 'https://lab.everleagues.com/login' successfully

2023-08-07 19:15:46 - [TEST_STEP][PASSED] - maximizeWindow(): Current window maximized

2023-08-07 19:15:46 - [MESSAGE][PASSED] - Current window maximized

2023-08-07 19:15:46 - [TEST_STEP][PASSED] - callTestCase(findTestCase("01-Login and Forgot Password/04-Login(Valid Credentials-With Subscription)"), [:], STOP_ON_FAILURE): Call Test Case 'Test Cases/01-Login and Forgot Password/04-Login(Valid Credentials-With Subscription)' successfully

2023-08-07 19:15:46 - [TEST_CASE][PASSED] - Test Cases/01-Login and Forgot Password/04-Login(Valid Credentials-With Subscription): Test Cases/01-Login and Forgot Password/04-Login(Valid Credentials-With Subscription)

2023-08-07 19:15:47 - [TEST_STEP][PASSED] - setText(findTestObject("01-Login and Forgot Password/input_Email_email"), email_with_subscription): Text 'testuser005@mailinator.com' is set on object 'Object Repository/01-Login and Forgot Password/input_Email_email'

2023-08-07 19:15:47 - [MESSAGE][PASSED] - Text 'testuser005@mailinator.com' is set on object 'Object Repository/01-Login and Forgot Password/input_Email_email'

2023-08-07 19:15:47 - [TEST_STEP][PASSED] - setEncryptedText(findTestObject("01-Login and Forgot Password/input_Email_password"), password): Text ****** has been set on object 'Object Repository/01-Login and Forgot Password/input_Email_password'

2023-08-07 19:15:48 - [MESSAGE][PASSED] - Text ****** has been set on object 'Object Repository/01-Login and Forgot Password/input_Email_password'

2023-08-07 19:15:48 - [TEST_STEP][PASSED] - delay(delay_2seconds): Delayed 2 second(s)

2023-08-07 19:15:50 - [MESSAGE][PASSED] - Delayed 2 second(s)

2023-08-07 19:15:50 - [TEST_STEP][PASSED] - click(findTestObject("01-Login and Forgot Password/show pass button")): Object: 'Object Repository/01-Login and Forgot Password/show pass button' is clicked on

2023-08-07 19:15:50 - [MESSAGE][PASSED] - Object: 'Object Repository/01-Login and Forgot Password/show pass button' is clicked on

2023-08-07 19:15:50 - [TEST_STEP][PASSED] - delay(delay_3seconds): Delayed 3 second(s)

2023-08-07 19:15:53 - [MESSAGE][PASSED] - Delayed 3 second(s)

2023-08-07 19:15:53 - [TEST_STEP][PASSED] - click(findTestObject("01-Login and Forgot Password/button_Sign in")): Object: 'Object Repository/01-Login and Forgot Password/button_Sign in' is clicked on

2023-08-07 19:15:54 - [MESSAGE][PASSED] - Object: 'Object Repository/01-Login and Forgot Password/button_Sign in' is clicked on

2023-08-07 19:15:54 - [TEST_STEP][PASSED] - delay(delay_3seconds): Delayed 3 second(s)

2023-08-07 19:15:57 - [MESSAGE][PASSED] - Delayed 3 second(s)

2023-08-07 19:15:57 - [TEST_STEP][PASSED] - executeJavaScript("window.open();", []): Execute JavaScript 'window.open();' successfully

2023-08-07 19:15:57 - [MESSAGE][PASSED] - Execute JavaScript 'window.open();' successfully

2023-08-07 19:15:57 - [TEST_STEP][PASSED] - currentWindow = getWindowIndex(): Current window's index is: 0

2023-08-07 19:15:57 - [MESSAGE][PASSED] - Current window's index is: 0

2023-08-07 19:15:57 - [TEST_STEP][PASSED] - delay(delay_3seconds): Delayed 3 second(s)

2023-08-07 19:16:00 - [MESSAGE][PASSED] - Delayed 3 second(s)

2023-08-07 19:16:00 - [TEST_STEP][PASSED] - switchToWindowIndex(currentWindow + 1): Switched to window with index: '1'

2023-08-07 19:16:00 - [MESSAGE][PASSED] - Switched to window with index: '1'

2023-08-07 19:16:00 - [TEST_STEP][PASSED] - navigateToUrl(app_mailinator): Navigate to 'https://www.mailinator.com/' successfully

2023-08-07 19:16:10 - [MESSAGE][PASSED] - Navigate to 'https://www.mailinator.com/' successfully

2023-08-07 19:16:10 - [TEST_STEP][PASSED] - delay(delay_3seconds): Delayed 3 second(s)

2023-08-07 19:16:13 - [MESSAGE][PASSED] - Delayed 3 second(s)

2023-08-07 19:16:13 - [TEST_STEP][PASSED] - setText(findTestObject("00-Signup and Activation/zMailinator/input_LOGIN_search"), email_for_searchmailinator_testuser05): Text 'testuser005@mailinator.com' is set on object 'Object Repository/00-Signup and Activation/zMailinator/input_LOGIN_search'

2023-08-07 19:16:14 - [MESSAGE][PASSED] - Text 'testuser005@mailinator.com' is set on object 'Object Repository/00-Signup and Activation/zMailinator/input_LOGIN_search'

2023-08-07 19:16:14 - [TEST_STEP][PASSED] - click(findTestObject("00-Signup and Activation/zMailinator/gobutton"), STOP_ON_FAILURE): Object: 'Object Repository/00-Signup and Activation/zMailinator/gobutton' is clicked on

2023-08-07 19:16:14 - [MESSAGE][PASSED] - Object: 'Object Repository/00-Signup and Activation/zMailinator/gobutton' is clicked on

2023-08-07 19:16:14 - [TEST_STEP][PASSED] - delay(delay_10seconds): Delayed 10 second(s)

2023-08-07 19:16:24 - [MESSAGE][PASSED] - Delayed 10 second(s)

2023-08-07 19:16:24 - [TEST_STEP][PASSED] - click(findTestObject("00-Signup and Activation/zMailinator/Email - everleagues")): Object: 'Object Repository/00-Signup and Activation/zMailinator/Email - everleagues' is clicked on

2023-08-07 19:16:25 - [MESSAGE][PASSED] - Object: 'Object Repository/00-Signup and Activation/zMailinator/Email - everleagues' is clicked on

2023-08-07 19:16:25 - [TEST_STEP][PASSED] - delay(delay_5seconds): Delayed 5 second(s)

2023-08-07 19:16:30 - [MESSAGE][PASSED] - Delayed 5 second(s)

2023-08-07 19:16:30 - [TEST_STEP][PASSED] - code = getText(findTestObject("Object Repository/06-Teams/For 2FA/2FA code")): Text of object 'Object Repository/06-Teams/For 2FA/2FA code' is: '839956'

2023-08-07 19:16:31 - [MESSAGE][PASSED] - Text of object 'Object Repository/06-Teams/For 2FA/2FA code' is: '839956'

2023-08-07 19:16:31 - [TEST_STEP][PASSED] - delay(delay_3seconds): Delayed 3 second(s)

2023-08-07 19:16:34 - [MESSAGE][PASSED] - Delayed 3 second(s)

2023-08-07 19:16:34 - [TEST_STEP][PASSED] - closeWindowTitle("Mailinator"): Window with title: 'Mailinator' is closed

2023-08-07 19:16:34 - [MESSAGE][PASSED] - Window with title: 'Mailinator' is closed

2023-08-07 19:16:34 - [TEST_STEP][PASSED] - delay(delay_5seconds): Delayed 5 second(s)

2023-08-07 19:16:39 - [MESSAGE][PASSED] - Delayed 5 second(s)

2023-08-07 19:16:39 - [TEST_STEP][PASSED] - switchToWindowIndex(0): Switched to window with index: '0'

2023-08-07 19:16:39 - [MESSAGE][PASSED] - Switched to window with index: '0'

2023-08-07 19:16:39 - [TEST_STEP][PASSED] - delay(delay_3seconds): Delayed 3 second(s)

2023-08-07 19:16:42 - [MESSAGE][PASSED] - Delayed 3 second(s)

2023-08-07 19:16:42 - [TEST_STEP][PASSED] - setText(findTestObject("Object Repository/06-Teams/For 2FA/input_Enter verification code_code"), code): Text '839956' is set on object 'Object Repository/06-Teams/For 2FA/input_Enter verification code_code'

2023-08-07 19:16:43 - [MESSAGE][PASSED] - Text '839956' is set on object 'Object Repository/06-Teams/For 2FA/input_Enter verification code_code'

2023-08-07 19:16:43 - [TEST_STEP][PASSED] - delay(delay_3seconds): Delayed 3 second(s)

2023-08-07 19:16:46 - [MESSAGE][PASSED] - Delayed 3 second(s)

2023-08-07 19:16:46 - [TEST_STEP][PASSED] - click(findTestObject("06-Teams/For 2FA/button_Verify_2FA")): Object: 'Object Repository/06-Teams/For 2FA/button_Verify_2FA' is clicked on

2023-08-07 19:16:46 - [MESSAGE][PASSED] - Object: 'Object Repository/06-Teams/For 2FA/button_Verify_2FA' is clicked on

2023-08-07 19:16:46 - [TEST_STEP][PASSED] - delay(delay_3seconds): Delayed 3 second(s)

2023-08-07 19:16:49 - [MESSAGE][PASSED] - Delayed 3 second(s)

2023-08-07 19:16:49 - [MESSAGE][PASSED] - Call Test Case 'Test Cases/01-Login and Forgot Password/04-Login(Valid Credentials-With Subscription)' successfully

2023-08-07 19:16:49 - [TEST_STEP][PASSED] - click(findTestObject("06-Teams/button_doublearrow")): Object: 'Object Repository/06-Teams/button_doublearrow' is clicked on

2023-08-07 19:16:51 - [MESSAGE][PASSED] - Object: 'Object Repository/06-Teams/button_doublearrow' is clicked on

2023-08-07 19:16:51 - [TEST_STEP][PASSED] - click(findTestObject("06-Teams/button_My Organizations")): Object: 'Object Repository/06-Teams/button_My Organizations' is clicked on

2023-08-07 19:16:52 - [MESSAGE][PASSED] - Object: 'Object Repository/06-Teams/button_My Organizations' is clicked on

2023-08-07 19:16:52 - [TEST_STEP][PASSED] - click(findTestObject("02-Side Icons(Organization)/Add Contact/button_Automation Test Org")): Object: 'Object Repository/02-Side Icons(Organization)/Add Contact/button_Automation Test Org' is clicked on

2023-08-07 19:16:53 - [MESSAGE][PASSED] - Object: 'Object Repository/02-Side Icons(Organization)/Add Contact/button_Automation Test Org' is clicked on

2023-08-07 19:16:53 - [TEST_STEP][PASSED] - delay(delay_4seconds): Delayed 4 second(s)

2023-08-07 19:16:57 - [MESSAGE][PASSED] - Delayed 4 second(s)

2023-08-07 19:16:57 - [TEST_STEP][PASSED] - verifyElementVisible(findTestObject("02-Side Icons(Organization)/Add Contact/span_Automation Test Org")): Object 'Object Repository/02-Side Icons(Organization)/Add Contact/span_Automation Test Org' is visible

2023-08-07 19:16:57 - [MESSAGE][PASSED] - Object 'Object Repository/02-Side Icons(Organization)/Add Contact/span_Automation Test Org' is visible

2023-08-07 19:16:57 - [TEST_STEP][PASSED] - delay(delay_5seconds): Delayed 5 second(s)

2023-08-07 19:17:02 - [MESSAGE][PASSED] - Delayed 5 second(s)

2023-08-07 19:17:02 - [TEST_STEP][PASSED] - click(findTestObject("03-Header Menu/Hamburger Button/div_Cloud Files")): Object: 'Object Repository/03-Header Menu/Hamburger Button/div_Cloud Files' is clicked on

2023-08-07 19:17:03 - [MESSAGE][PASSED] - Object: 'Object Repository/03-Header Menu/Hamburger Button/div_Cloud Files' is clicked on

2023-08-07 19:17:03 - [TEST_STEP][PASSED] - scrollToElement(findTestObject("11-Cloud Files/a_Shared Drive"), 0): Scroll to object 'Object Repository/11-Cloud Files/a_Shared Drive' successfully

2023-08-07 19:17:03 - [MESSAGE][WARNING] - Timeout '0' is invalid. Using default page load timeout: '30'

2023-08-07 19:17:04 - [MESSAGE][PASSED] - Scroll to object 'Object Repository/11-Cloud Files/a_Shared Drive' successfully

2023-08-07 19:17:04 - [TEST_STEP][PASSED] - verifyElementVisible(findTestObject("11-Cloud Files/a_My Drive")): Object 'Object Repository/11-Cloud Files/a_My Drive' is visible

2023-08-07 19:17:04 - [MESSAGE][PASSED] - Object 'Object Repository/11-Cloud Files/a_My Drive' is visible

2023-08-07 19:17:04 - [TEST_STEP][PASSED] - verifyElementVisible(findTestObject("11-Cloud Files/a_Shared Drive")): Object 'Object Repository/11-Cloud Files/a_Shared Drive' is visible

2023-08-07 19:17:04 - [MESSAGE][PASSED] - Object 'Object Repository/11-Cloud Files/a_Shared Drive' is visible

2023-08-07 19:17:04 - [TEST_STEP][PASSED] - verifyElementVisible(findTestObject("11-Cloud Files/a_Shared With Me")): Object 'Object Repository/11-Cloud Files/a_Shared With Me' is visible

2023-08-07 19:17:04 - [MESSAGE][PASSED] - Object 'Object Repository/11-Cloud Files/a_Shared With Me' is visible

2023-08-07 19:17:04 - [TEST_STEP][PASSED] - click(findTestObject("11-Cloud Files/a_Shared Drive")): Object: 'Object Repository/11-Cloud Files/a_Shared Drive' is clicked on

2023-08-07 19:17:05 - [MESSAGE][PASSED] - Object: 'Object Repository/11-Cloud Files/a_Shared Drive' is clicked on

2023-08-07 19:17:05 - [TEST_STEP][PASSED] - verifyElementVisible(findTestObject("11-Cloud Files/h4_CLOUD STORAGE")): Object 'Object Repository/11-Cloud Files/h4_CLOUD STORAGE' is visible

2023-08-07 19:17:06 - [MESSAGE][PASSED] - Object 'Object Repository/11-Cloud Files/h4_CLOUD STORAGE' is visible

2023-08-07 19:17:06 - [TEST_STEP][PASSED] - verifyElementVisible(findTestObject("11-Cloud Files/h4_Shared_Drive")): Object 'Object Repository/11-Cloud Files/h4_Shared_Drive' is visible

2023-08-07 19:17:06 - [MESSAGE][PASSED] - Object 'Object Repository/11-Cloud Files/h4_Shared_Drive' is visible

2023-08-07 19:17:06 - [TEST_STEP][PASSED] - delay(delay_3seconds): Delayed 3 second(s)

2023-08-07 19:17:09 - [MESSAGE][PASSED] - Delayed 3 second(s)

2023-08-07 19:17:09 - [TEST_STEP][PASSED] - click(findTestObject("11-Cloud Files/button_new_drive")): Object: 'Object Repository/11-Cloud Files/button_new_drive' is clicked on

2023-08-07 19:17:10 - [MESSAGE][PASSED] - Object: 'Object Repository/11-Cloud Files/button_new_drive' is clicked on

2023-08-07 19:17:10 - [TEST_STEP][PASSED] - verifyElementVisible(findTestObject("11-Cloud Files/h4_new_shared_drive")): Object 'Object Repository/11-Cloud Files/h4_new_shared_drive' is visible

2023-08-07 19:17:10 - [MESSAGE][PASSED] - Object 'Object Repository/11-Cloud Files/h4_new_shared_drive' is visible

2023-08-07 19:17:10 - [TEST_STEP][PASSED] - click(findTestObject("11-Cloud Files/input_driver_name")): Object: 'Object Repository/11-Cloud Files/input_driver_name' is clicked on

2023-08-07 19:17:11 - [MESSAGE][PASSED] - Object: 'Object Repository/11-Cloud Files/input_driver_name' is clicked on

2023-08-07 19:17:11 - [TEST_STEP][PASSED] - clickOffset(findTestObject("11-Cloud Files/input_driver_name"), 50, 50): Object: 'Object Repository/11-Cloud Files/input_driver_name' is clicked on using offset x=50 and y=50

2023-08-07 19:17:11 - [MESSAGE][PASSED] - Object: 'Object Repository/11-Cloud Files/input_driver_name' is clicked on using offset x=50 and y=50

2023-08-07 19:17:11 - [TEST_STEP][PASSED] - verifyElementVisible(findTestObject("11-Cloud Files/error_driver_name")): Object 'Object Repository/11-Cloud Files/error_driver_name' is visible

2023-08-07 19:17:12 - [MESSAGE][PASSED] - Object 'Object Repository/11-Cloud Files/error_driver_name' is visible

2023-08-07 19:17:12 - [TEST_STEP][PASSED] - verifyElementVisible(findTestObject("11-Cloud Files/button_create_driver_name")): Object 'Object Repository/11-Cloud Files/button_create_driver_name' is visible

2023-08-07 19:17:12 - [MESSAGE][PASSED] - Object 'Object Repository/11-Cloud Files/button_create_driver_name' is visible

2023-08-07 19:17:12 - [TEST_STEP][PASSED] - delay(delay_3seconds): Delayed 3 second(s)

2023-08-07 19:17:15 - [MESSAGE][PASSED] - Delayed 3 second(s)]]></system-out>
         <system-err><![CDATA[]]></system-err>
      </testcase>
      <testcase name="Test Cases/11.2 - Cloud Files (Shared Drive)/02-Create new driver" time="8.388" classname="Test Cases/11.2 - Cloud Files (Shared Drive)/02-Create new driver" status="PASSED">
         <system-out><![CDATA[2023-08-07 19:17:15 - [TEST_CASE][PASSED] - Test Cases/11.2 - Cloud Files (Shared Drive)/02-Create new driver: Test Cases/11.2 - Cloud Files (Shared Drive)/02-Create new driver

2023-08-07 19:17:15 - [TEST_STEP][PASSED] - setText(findTestObject("11-Cloud Files/input_driver_name"), input_driver_name): Text 'Automation Driver' is set on object 'Object Repository/11-Cloud Files/input_driver_name'

2023-08-07 19:17:16 - [MESSAGE][PASSED] - Text 'Automation Driver' is set on object 'Object Repository/11-Cloud Files/input_driver_name'

2023-08-07 19:17:16 - [TEST_STEP][PASSED] - click(findTestObject("11-Cloud Files/button_create_driver_name")): Object: 'Object Repository/11-Cloud Files/button_create_driver_name' is clicked on

2023-08-07 19:17:17 - [MESSAGE][PASSED] - Object: 'Object Repository/11-Cloud Files/button_create_driver_name' is clicked on

2023-08-07 19:17:17 - [TEST_STEP][PASSED] - delay(delay_3seconds): Delayed 3 second(s)

2023-08-07 19:17:20 - [MESSAGE][PASSED] - Delayed 3 second(s)

2023-08-07 19:17:20 - [TEST_STEP][PASSED] - click(findTestObject("11-Cloud Files/button_driver_created")): Object: 'Object Repository/11-Cloud Files/button_driver_created' is clicked on

2023-08-07 19:17:20 - [MESSAGE][PASSED] - Object: 'Object Repository/11-Cloud Files/button_driver_created' is clicked on

2023-08-07 19:17:20 - [TEST_STEP][PASSED] - delay(delay_3seconds): Delayed 3 second(s)

2023-08-07 19:17:23 - [MESSAGE][PASSED] - Delayed 3 second(s)]]></system-out>
         <system-err><![CDATA[]]></system-err>
      </testcase>
      <testcase name="Test Cases/11.2 - Cloud Files (Shared Drive)/03-Upload Local File" time="17.968" classname="Test Cases/11.2 - Cloud Files (Shared Drive)/03-Upload Local File" status="PASSED">
         <system-out><![CDATA[2023-08-07 19:17:24 - [TEST_CASE][PASSED] - Test Cases/11.2 - Cloud Files (Shared Drive)/03-Upload Local File: Test Cases/11.2 - Cloud Files (Shared Drive)/03-Upload Local File

2023-08-07 19:17:24 - [TEST_STEP][PASSED] - delay(delay_3seconds): Delayed 3 second(s)

2023-08-07 19:17:27 - [MESSAGE][PASSED] - Delayed 3 second(s)

2023-08-07 19:17:27 - [TEST_STEP][PASSED] - click(findTestObject("11-Cloud Files/button_cloud_upload Upload Files  Create Folders")): Object: 'Object Repository/11-Cloud Files/button_cloud_upload Upload Files  Create Folders' is clicked on

2023-08-07 19:17:27 - [MESSAGE][PASSED] - Object: 'Object Repository/11-Cloud Files/button_cloud_upload Upload Files  Create Folders' is clicked on

2023-08-07 19:17:27 - [TEST_STEP][PASSED] - uploadpackage.Upload.uploadFile(findTestObject("Object Repository/11-Cloud Files/button_cloud_uploadUpload Local File"), upload_file): uploadpackage.Upload.uploadFile is PASSED

2023-08-07 19:17:28 - [MESSAGE][PASSED] - Object: 'Object Repository/11-Cloud Files/button_cloud_uploadUpload Local File' is clicked on

2023-08-07 19:17:28 - [MESSAGE][PASSED] - uploadpackage.Upload.uploadFile is PASSED

2023-08-07 19:17:28 - [TEST_STEP][PASSED] - delay(delay_2seconds): Delayed 2 second(s)

2023-08-07 19:17:30 - [MESSAGE][PASSED] - Delayed 2 second(s)

2023-08-07 19:17:30 - [TEST_STEP][PASSED] - verifyElementVisible(findTestObject("11-Cloud Files/mat-dialog-container_Upload local file modal")): Object 'Object Repository/11-Cloud Files/mat-dialog-container_Upload local file modal' is visible

2023-08-07 19:17:31 - [MESSAGE][PASSED] - Object 'Object Repository/11-Cloud Files/mat-dialog-container_Upload local file modal' is visible

2023-08-07 19:17:31 - [TEST_STEP][PASSED] - click(findTestObject("11-Cloud Files/button_Confirm")): Object: 'Object Repository/11-Cloud Files/button_Confirm' is clicked on

2023-08-07 19:17:31 - [MESSAGE][PASSED] - Object: 'Object Repository/11-Cloud Files/button_Confirm' is clicked on

2023-08-07 19:17:31 - [TEST_STEP][PASSED] - delay(delay_3seconds): Delayed 3 second(s)

2023-08-07 19:17:34 - [MESSAGE][PASSED] - Delayed 3 second(s)

2023-08-07 19:17:34 - [TEST_STEP][PASSED] - verifyElementVisible(findTestObject("11-Cloud Files/div_Upload completed clear")): Object 'Object Repository/11-Cloud Files/div_Upload completed clear' is visible

2023-08-07 19:17:35 - [MESSAGE][PASSED] - Object 'Object Repository/11-Cloud Files/div_Upload completed clear' is visible

2023-08-07 19:17:35 - [TEST_STEP][PASSED] - delay(delay_3seconds): Delayed 3 second(s)

2023-08-07 19:17:38 - [MESSAGE][PASSED] - Delayed 3 second(s)

2023-08-07 19:17:38 - [TEST_STEP][PASSED] - click(findTestObject("11-Cloud Files/button_shared_drive")): Object: 'Object Repository/11-Cloud Files/button_shared_drive' is clicked on

2023-08-07 19:17:38 - [MESSAGE][PASSED] - Object: 'Object Repository/11-Cloud Files/button_shared_drive' is clicked on

2023-08-07 19:17:38 - [TEST_STEP][PASSED] - delay(delay_3seconds): Delayed 3 second(s)

2023-08-07 19:17:41 - [MESSAGE][PASSED] - Delayed 3 second(s)]]></system-out>
         <system-err><![CDATA[]]></system-err>
      </testcase>
      <testcase name="Test Cases/11.2 - Cloud Files (Shared Drive)/04-Rename a file" time="17.469" classname="Test Cases/11.2 - Cloud Files (Shared Drive)/04-Rename a file" status="PASSED">
         <system-out><![CDATA[2023-08-07 19:17:41 - [TEST_CASE][PASSED] - Test Cases/11.2 - Cloud Files (Shared Drive)/04-Rename a file: Test Cases/11.2 - Cloud Files (Shared Drive)/04-Rename a file

2023-08-07 19:17:42 - [TEST_STEP][PASSED] - delay(delay_3seconds): Delayed 3 second(s)

2023-08-07 19:17:45 - [MESSAGE][PASSED] - Delayed 3 second(s)

2023-08-07 19:17:45 - [TEST_STEP][PASSED] - rightClick(findTestObject("11-Cloud Files/td_Automation_Driver")): Object: 'Object Repository/11-Cloud Files/td_Automation_Driver' is right clicked on

2023-08-07 19:17:45 - [MESSAGE][PASSED] - Object: 'Object Repository/11-Cloud Files/td_Automation_Driver' is right clicked on

2023-08-07 19:17:45 - [TEST_STEP][PASSED] - click(findTestObject("11-Cloud Files/button_rename_driver")): Object: 'Object Repository/11-Cloud Files/button_rename_driver' is clicked on

2023-08-07 19:17:46 - [MESSAGE][PASSED] - Object: 'Object Repository/11-Cloud Files/button_rename_driver' is clicked on

2023-08-07 19:17:46 - [TEST_STEP][PASSED] - verifyElementVisible(findTestObject("11-Cloud Files/modal_rename-edit")): Object 'Object Repository/11-Cloud Files/modal_rename-edit' is visible

2023-08-07 19:17:47 - [MESSAGE][PASSED] - Object 'Object Repository/11-Cloud Files/modal_rename-edit' is visible

2023-08-07 19:17:47 - [TEST_STEP][PASSED] - setText(findTestObject("11-Cloud Files/input_rename_driver_new"), edit_driver_name): Text 'Automation Driver EDIT' is set on object 'Object Repository/11-Cloud Files/input_rename_driver_new'

2023-08-07 19:17:48 - [MESSAGE][PASSED] - Text 'Automation Driver EDIT' is set on object 'Object Repository/11-Cloud Files/input_rename_driver_new'

2023-08-07 19:17:48 - [TEST_STEP][PASSED] - click(findTestObject("09-Settings/Users/Active User/button_Save")): Object: 'Object Repository/09-Settings/Users/Active User/button_Save' is clicked on

2023-08-07 19:17:48 - [MESSAGE][PASSED] - Object: 'Object Repository/09-Settings/Users/Active User/button_Save' is clicked on

2023-08-07 19:17:48 - [TEST_STEP][PASSED] - verifyElementVisible(findTestObject("11-Cloud Files/snack-bar-container_Successfully changed nameOK_New")): Object 'Object Repository/11-Cloud Files/snack-bar-container_Successfully changed nameOK_New' is visible

2023-08-07 19:17:50 - [MESSAGE][PASSED] - Object 'Object Repository/11-Cloud Files/snack-bar-container_Successfully changed nameOK_New' is visible

2023-08-07 19:17:50 - [TEST_STEP][PASSED] - delay(delay_3seconds): Delayed 3 second(s)

2023-08-07 19:17:53 - [MESSAGE][PASSED] - Delayed 3 second(s)

2023-08-07 19:17:53 - [TEST_STEP][PASSED] - doubleClick(findTestObject("11-Cloud Files/button_driver_create_edited")): Object: 'Object Repository/11-Cloud Files/button_driver_create_edited' is double clicked on

2023-08-07 19:17:53 - [MESSAGE][PASSED] - Object: 'Object Repository/11-Cloud Files/button_driver_create_edited' is double clicked on

2023-08-07 19:17:53 - [TEST_STEP][PASSED] - rightClick(findTestObject("11-Cloud Files/td_qa")): Object: 'Object Repository/11-Cloud Files/td_qa' is right clicked on

2023-08-07 19:17:54 - [MESSAGE][PASSED] - Object: 'Object Repository/11-Cloud Files/td_qa' is right clicked on

2023-08-07 19:17:54 - [TEST_STEP][PASSED] - click(findTestObject("11-Cloud Files/button_Rename")): Object: 'Object Repository/11-Cloud Files/button_Rename' is clicked on

2023-08-07 19:17:55 - [MESSAGE][PASSED] - Object: 'Object Repository/11-Cloud Files/button_Rename' is clicked on

2023-08-07 19:17:55 - [TEST_STEP][PASSED] - verifyElementVisible(findTestObject("11-Cloud Files/mat-dialog-container_RenameName nodal")): Object 'Object Repository/11-Cloud Files/mat-dialog-container_RenameName nodal' is visible

2023-08-07 19:17:56 - [MESSAGE][PASSED] - Object 'Object Repository/11-Cloud Files/mat-dialog-container_RenameName nodal' is visible

2023-08-07 19:17:56 - [TEST_STEP][PASSED] - setText(findTestObject("11-Cloud Files/input_Rename"), edit_file): Text 'qa EDIT' is set on object 'Object Repository/11-Cloud Files/input_Rename'

2023-08-07 19:17:57 - [MESSAGE][PASSED] - Text 'qa EDIT' is set on object 'Object Repository/11-Cloud Files/input_Rename'

2023-08-07 19:17:57 - [TEST_STEP][PASSED] - click(findTestObject("09-Settings/Users/Active User/button_Save")): Object: 'Object Repository/09-Settings/Users/Active User/button_Save' is clicked on

2023-08-07 19:17:58 - [MESSAGE][PASSED] - Object: 'Object Repository/09-Settings/Users/Active User/button_Save' is clicked on

2023-08-07 19:17:58 - [TEST_STEP][PASSED] - verifyElementVisible(findTestObject("11-Cloud Files/snack-bar-container_Successfully changed nameOK_New")): Object 'Object Repository/11-Cloud Files/snack-bar-container_Successfully changed nameOK_New' is visible

2023-08-07 19:17:59 - [MESSAGE][PASSED] - Object 'Object Repository/11-Cloud Files/snack-bar-container_Successfully changed nameOK_New' is visible]]></system-out>
         <system-err><![CDATA[]]></system-err>
      </testcase>
      <testcase name="Test Cases/11.2 - Cloud Files (Shared Drive)/05-Download a file" time="9.688" classname="Test Cases/11.2 - Cloud Files (Shared Drive)/05-Download a file" status="PASSED">
         <system-out><![CDATA[2023-08-07 19:17:59 - [TEST_CASE][PASSED] - Test Cases/11.2 - Cloud Files (Shared Drive)/05-Download a file: Test Cases/11.2 - Cloud Files (Shared Drive)/05-Download a file

2023-08-07 19:17:59 - [TEST_STEP][PASSED] - delay(delay_3seconds): Delayed 3 second(s)

2023-08-07 19:18:02 - [MESSAGE][PASSED] - Delayed 3 second(s)

2023-08-07 19:18:02 - [TEST_STEP][PASSED] - rightClick(findTestObject("11-Cloud Files/td_qa EDIT")): Object: 'Object Repository/11-Cloud Files/td_qa EDIT' is right clicked on

2023-08-07 19:18:03 - [MESSAGE][PASSED] - Object: 'Object Repository/11-Cloud Files/td_qa EDIT' is right clicked on

2023-08-07 19:18:03 - [TEST_STEP][PASSED] - click(findTestObject("11-Cloud Files/button_download")): Object: 'Object Repository/11-Cloud Files/button_download' is clicked on

2023-08-07 19:18:03 - [MESSAGE][PASSED] - Object: 'Object Repository/11-Cloud Files/button_download' is clicked on

2023-08-07 19:18:03 - [TEST_STEP][PASSED] - verifyElementVisible(findTestObject("11-Cloud Files/div_Done downloading qaclear")): Object 'Object Repository/11-Cloud Files/div_Done downloading qaclear' is visible

2023-08-07 19:18:06 - [MESSAGE][PASSED] - Object 'Object Repository/11-Cloud Files/div_Done downloading qaclear' is visible

2023-08-07 19:18:06 - [TEST_STEP][PASSED] - delay(delay_3seconds): Delayed 3 second(s)

2023-08-07 19:18:09 - [MESSAGE][PASSED] - Delayed 3 second(s)]]></system-out>
         <system-err><![CDATA[]]></system-err>
      </testcase>
      <testcase name="Test Cases/11.2 - Cloud Files (Shared Drive)/09-Open a file" time="9.956" classname="Test Cases/11.2 - Cloud Files (Shared Drive)/09-Open a file" status="PASSED">
         <system-out><![CDATA[2023-08-07 19:18:09 - [TEST_CASE][PASSED] - Test Cases/11.2 - Cloud Files (Shared Drive)/09-Open a file: Test Cases/11.2 - Cloud Files (Shared Drive)/09-Open a file

2023-08-07 19:18:09 - [TEST_STEP][PASSED] - delay(delay_3seconds): Delayed 3 second(s)

2023-08-07 19:18:12 - [MESSAGE][PASSED] - Delayed 3 second(s)

2023-08-07 19:18:12 - [TEST_STEP][PASSED] - rightClick(findTestObject("11-Cloud Files/td_qa EDIT")): Object: 'Object Repository/11-Cloud Files/td_qa EDIT' is right clicked on

2023-08-07 19:18:12 - [MESSAGE][PASSED] - Object: 'Object Repository/11-Cloud Files/td_qa EDIT' is right clicked on

2023-08-07 19:18:12 - [TEST_STEP][PASSED] - click(findTestObject("11-Cloud Files/button_Open")): Object: 'Object Repository/11-Cloud Files/button_Open' is clicked on

2023-08-07 19:18:13 - [MESSAGE][PASSED] - Object: 'Object Repository/11-Cloud Files/button_Open' is clicked on

2023-08-07 19:18:13 - [TEST_STEP][PASSED] - switchToWindowIndex(1): Switched to window with index: '1'

2023-08-07 19:18:15 - [MESSAGE][PASSED] - Switched to window with index: '1'

2023-08-07 19:18:15 - [TEST_STEP][PASSED] - closeWindowIndex(1): Window with index 1 is closed

2023-08-07 19:18:16 - [MESSAGE][PASSED] - Window with index 1 is closed

2023-08-07 19:18:16 - [TEST_STEP][PASSED] - switchToWindowIndex(0): Switched to window with index: '0'

2023-08-07 19:18:16 - [MESSAGE][PASSED] - Switched to window with index: '0'

2023-08-07 19:18:16 - [TEST_STEP][PASSED] - delay(delay_3seconds): Delayed 3 second(s)

2023-08-07 19:18:19 - [MESSAGE][PASSED] - Delayed 3 second(s)]]></system-out>
         <system-err><![CDATA[]]></system-err>
      </testcase>
      <testcase name="Test Cases/11.2 - Cloud Files (Shared Drive)/10-Share a file" time="7.824" classname="Test Cases/11.2 - Cloud Files (Shared Drive)/10-Share a file" status="PASSED">
         <system-out><![CDATA[2023-08-07 19:18:19 - [TEST_CASE][PASSED] - Test Cases/11.2 - Cloud Files (Shared Drive)/10-Share a file: Test Cases/11.2 - Cloud Files (Shared Drive)/10-Share a file

2023-08-07 19:18:19 - [TEST_STEP][PASSED] - click(findTestObject("11-Cloud Files/button_clearNotif")): Object: 'Object Repository/11-Cloud Files/button_clearNotif' is clicked on

2023-08-07 19:18:19 - [MESSAGE][PASSED] - Object: 'Object Repository/11-Cloud Files/button_clearNotif' is clicked on

2023-08-07 19:18:19 - [TEST_STEP][PASSED] - rightClick(findTestObject("11-Cloud Files/td_qa EDIT")): Object: 'Object Repository/11-Cloud Files/td_qa EDIT' is right clicked on

2023-08-07 19:18:20 - [MESSAGE][PASSED] - Object: 'Object Repository/11-Cloud Files/td_qa EDIT' is right clicked on

2023-08-07 19:18:20 - [TEST_STEP][PASSED] - click(findTestObject("11-Cloud Files/button_Share")): Object: 'Object Repository/11-Cloud Files/button_Share' is clicked on

2023-08-07 19:18:21 - [MESSAGE][PASSED] - Object: 'Object Repository/11-Cloud Files/button_Share' is clicked on

2023-08-07 19:18:21 - [TEST_STEP][PASSED] - verifyElementVisible(findTestObject("11-Cloud Files/mat-dialog-container_ShareFiles Modal")): Object 'Object Repository/11-Cloud Files/mat-dialog-container_ShareFiles Modal' is visible

2023-08-07 19:18:21 - [MESSAGE][PASSED] - Object 'Object Repository/11-Cloud Files/mat-dialog-container_ShareFiles Modal' is visible

2023-08-07 19:18:21 - [TEST_STEP][PASSED] - click(findTestObject("11-Cloud Files/input_Add Users")): Object: 'Object Repository/11-Cloud Files/input_Add Users' is clicked on

2023-08-07 19:18:22 - [MESSAGE][PASSED] - Object: 'Object Repository/11-Cloud Files/input_Add Users' is clicked on

2023-08-07 19:18:22 - [TEST_STEP][PASSED] - click(findTestObject("11-Cloud Files/mat-option_GTGG tester 2")): Object: 'Object Repository/11-Cloud Files/mat-option_GTGG tester 2' is clicked on

2023-08-07 19:18:22 - [MESSAGE][PASSED] - Object: 'Object Repository/11-Cloud Files/mat-option_GTGG tester 2' is clicked on

2023-08-07 19:18:22 - [TEST_STEP][PASSED] - click(findTestObject("11-Cloud Files/mat-option_GTGG tester")): Object: 'Object Repository/11-Cloud Files/mat-option_GTGG tester' is clicked on

2023-08-07 19:18:23 - [MESSAGE][PASSED] - Object: 'Object Repository/11-Cloud Files/mat-option_GTGG tester' is clicked on

2023-08-07 19:18:23 - [TEST_STEP][PASSED] - click(findTestObject("11-Cloud Files/button_sharefiles_SHARE")): Object: 'Object Repository/11-Cloud Files/button_sharefiles_SHARE' is clicked on

2023-08-07 19:18:23 - [MESSAGE][PASSED] - Object: 'Object Repository/11-Cloud Files/button_sharefiles_SHARE' is clicked on

2023-08-07 19:18:23 - [TEST_STEP][PASSED] - delay(delay_3seconds): Delayed 3 second(s)

2023-08-07 19:18:26 - [MESSAGE][PASSED] - Delayed 3 second(s)]]></system-out>
         <system-err><![CDATA[]]></system-err>
      </testcase>
      <testcase name="Test Cases/11.2 - Cloud Files (Shared Drive)/11-Share a file - Edit" time="32.059" classname="Test Cases/11.2 - Cloud Files (Shared Drive)/11-Share a file - Edit" status="PASSED">
         <system-out><![CDATA[2023-08-07 19:18:26 - [TEST_CASE][PASSED] - Test Cases/11.2 - Cloud Files (Shared Drive)/11-Share a file - Edit: Test Cases/11.2 - Cloud Files (Shared Drive)/11-Share a file - Edit

2023-08-07 19:18:27 - [TEST_STEP][PASSED] - delay(delay_3seconds): Delayed 3 second(s)

2023-08-07 19:18:30 - [MESSAGE][PASSED] - Delayed 3 second(s)

2023-08-07 19:18:30 - [TEST_STEP][PASSED] - rightClick(findTestObject("11-Cloud Files/td_qa EDIT")): Object: 'Object Repository/11-Cloud Files/td_qa EDIT' is right clicked on

2023-08-07 19:18:30 - [MESSAGE][PASSED] - Object: 'Object Repository/11-Cloud Files/td_qa EDIT' is right clicked on

2023-08-07 19:18:30 - [TEST_STEP][PASSED] - click(findTestObject("11-Cloud Files/button_Share")): Object: 'Object Repository/11-Cloud Files/button_Share' is clicked on

2023-08-07 19:18:31 - [MESSAGE][PASSED] - Object: 'Object Repository/11-Cloud Files/button_Share' is clicked on

2023-08-07 19:18:31 - [TEST_STEP][PASSED] - verifyElementVisible(findTestObject("11-Cloud Files/mat-dialog-container_View Share Files Modal")): Object 'Object Repository/11-Cloud Files/mat-dialog-container_View Share Files Modal' is visible

2023-08-07 19:18:32 - [MESSAGE][PASSED] - Object 'Object Repository/11-Cloud Files/mat-dialog-container_View Share Files Modal' is visible

2023-08-07 19:18:32 - [TEST_STEP][PASSED] - click(findTestObject("11-Cloud Files/div_dropdown")): Object: 'Object Repository/11-Cloud Files/div_dropdown' is clicked on

2023-08-07 19:18:32 - [MESSAGE][PASSED] - Object: 'Object Repository/11-Cloud Files/div_dropdown' is clicked on

2023-08-07 19:18:32 - [TEST_STEP][PASSED] - click(findTestObject("11-Cloud Files/mat-option_manager")): Object: 'Object Repository/11-Cloud Files/mat-option_manager' is clicked on

2023-08-07 19:18:33 - [MESSAGE][PASSED] - Object: 'Object Repository/11-Cloud Files/mat-option_manager' is clicked on

2023-08-07 19:18:33 - [TEST_STEP][PASSED] - delay(delay_3seconds): Delayed 3 second(s)

2023-08-07 19:18:36 - [MESSAGE][PASSED] - Delayed 3 second(s)

2023-08-07 19:18:36 - [TEST_STEP][PASSED] - verifyElementVisible(findTestObject("11-Cloud Files/div_GTGG tester2")): Object 'Object Repository/11-Cloud Files/div_GTGG tester2' is visible

2023-08-07 19:18:36 - [MESSAGE][PASSED] - Object 'Object Repository/11-Cloud Files/div_GTGG tester2' is visible

2023-08-07 19:18:36 - [TEST_STEP][PASSED] - click(findTestObject("11-Cloud Files/div_dropdown2")): Object: 'Object Repository/11-Cloud Files/div_dropdown2' is clicked on

2023-08-07 19:18:37 - [MESSAGE][PASSED] - Object: 'Object Repository/11-Cloud Files/div_dropdown2' is clicked on

2023-08-07 19:18:37 - [TEST_STEP][PASSED] - click(findTestObject("11-Cloud Files/mat-option-checkmark_contributor")): Object: 'Object Repository/11-Cloud Files/mat-option-checkmark_contributor' is clicked on

2023-08-07 19:18:37 - [MESSAGE][PASSED] - Object: 'Object Repository/11-Cloud Files/mat-option-checkmark_contributor' is clicked on

2023-08-07 19:18:37 - [TEST_STEP][PASSED] - delay(delay_3seconds): Delayed 3 second(s)

2023-08-07 19:18:40 - [MESSAGE][PASSED] - Delayed 3 second(s)

2023-08-07 19:18:40 - [TEST_STEP][PASSED] - verifyElementVisible(findTestObject("11-Cloud Files/div_GTGG tester")): Object 'Object Repository/11-Cloud Files/div_GTGG tester' is visible

2023-08-07 19:18:41 - [MESSAGE][PASSED] - Object 'Object Repository/11-Cloud Files/div_GTGG tester' is visible

2023-08-07 19:18:41 - [TEST_STEP][PASSED] - click(findTestObject("11-Cloud Files/div_dropdown3")): Object: 'Object Repository/11-Cloud Files/div_dropdown3' is clicked on

2023-08-07 19:18:41 - [MESSAGE][PASSED] - Object: 'Object Repository/11-Cloud Files/div_dropdown3' is clicked on

2023-08-07 19:18:41 - [TEST_STEP][PASSED] - click(findTestObject("11-Cloud Files/span_delete Remove Access")): Object: 'Object Repository/11-Cloud Files/span_delete Remove Access' is clicked on

2023-08-07 19:18:42 - [MESSAGE][PASSED] - Object: 'Object Repository/11-Cloud Files/span_delete Remove Access' is clicked on

2023-08-07 19:18:42 - [TEST_STEP][PASSED] - click(findTestObject("11-Cloud Files/button_sharefiles_SHARE")): Object: 'Object Repository/11-Cloud Files/button_sharefiles_SHARE' is clicked on

2023-08-07 19:18:42 - [MESSAGE][PASSED] - Object: 'Object Repository/11-Cloud Files/button_sharefiles_SHARE' is clicked on

2023-08-07 19:18:42 - [TEST_STEP][PASSED] - delay(delay_3seconds): Delayed 3 second(s)

2023-08-07 19:18:45 - [MESSAGE][PASSED] - Delayed 3 second(s)

2023-08-07 19:18:45 - [TEST_STEP][PASSED] - rightClick(findTestObject("11-Cloud Files/td_qa EditPeople")): Object: 'Object Repository/11-Cloud Files/td_qa EditPeople' is right clicked on

2023-08-07 19:18:46 - [MESSAGE][PASSED] - Object: 'Object Repository/11-Cloud Files/td_qa EditPeople' is right clicked on

2023-08-07 19:18:46 - [TEST_STEP][PASSED] - click(findTestObject("11-Cloud Files/button_Share")): Object: 'Object Repository/11-Cloud Files/button_Share' is clicked on

2023-08-07 19:18:47 - [MESSAGE][PASSED] - Object: 'Object Repository/11-Cloud Files/button_Share' is clicked on

2023-08-07 19:18:47 - [TEST_STEP][PASSED] - click(findTestObject("11-Cloud Files/button_Copy Share Link")): Object: 'Object Repository/11-Cloud Files/button_Copy Share Link' is clicked on

2023-08-07 19:18:48 - [MESSAGE][PASSED] - Object: 'Object Repository/11-Cloud Files/button_Copy Share Link' is clicked on

2023-08-07 19:18:48 - [TEST_STEP][PASSED] - delay(delay_3seconds): Delayed 3 second(s)

2023-08-07 19:18:51 - [MESSAGE][PASSED] - Delayed 3 second(s)

2023-08-07 19:18:51 - [TEST_STEP][PASSED] - my_clipboard = getContents(null).getTransferData(stringFlavor): null

2023-08-07 19:18:51 - [TEST_STEP][PASSED] - executeJavaScript("window.open();", []): Execute JavaScript 'window.open();' successfully

2023-08-07 19:18:51 - [MESSAGE][PASSED] - Execute JavaScript 'window.open();' successfully

2023-08-07 19:18:51 - [TEST_STEP][PASSED] - currentWindow = getWindowIndex(): Current window's index is: 0

2023-08-07 19:18:51 - [MESSAGE][PASSED] - Current window's index is: 0

2023-08-07 19:18:51 - [TEST_STEP][PASSED] - delay(delay_3seconds): Delayed 3 second(s)

2023-08-07 19:18:54 - [MESSAGE][PASSED] - Delayed 3 second(s)

2023-08-07 19:18:54 - [TEST_STEP][PASSED] - switchToWindowIndex(currentWindow + 1): Switched to window with index: '1'

2023-08-07 19:18:54 - [MESSAGE][PASSED] - Switched to window with index: '1'

2023-08-07 19:18:54 - [TEST_STEP][PASSED] - navigateToUrl(my_clipboard): Navigate to 'https://xukp7.app.goo.gl/u9W9' successfully

2023-08-07 19:18:58 - [MESSAGE][PASSED] - Navigate to 'https://xukp7.app.goo.gl/u9W9' successfully

2023-08-07 19:18:58 - [TEST_STEP][PASSED] - switchToWindowIndex(1): Switched to window with index: '1'

2023-08-07 19:18:58 - [MESSAGE][PASSED] - Switched to window with index: '1'

2023-08-07 19:18:58 - [TEST_STEP][PASSED] - closeWindowIndex(1): Window with index 1 is closed

2023-08-07 19:18:58 - [MESSAGE][PASSED] - Window with index 1 is closed

2023-08-07 19:18:58 - [TEST_STEP][PASSED] - switchToWindowIndex(0): Switched to window with index: '0'

2023-08-07 19:18:58 - [MESSAGE][PASSED] - Switched to window with index: '0'

2023-08-07 19:18:58 - [TEST_STEP][PASSED] - click(findTestObject("11-Cloud Files/sharefiles_X_button")): Object: 'Object Repository/11-Cloud Files/sharefiles_X_button' is clicked on

2023-08-07 19:18:58 - [MESSAGE][PASSED] - Object: 'Object Repository/11-Cloud Files/sharefiles_X_button' is clicked on]]></system-out>
         <system-err><![CDATA[]]></system-err>
      </testcase>
      <testcase name="Test Cases/11.2 - Cloud Files (Shared Drive)/07-Duplicate a file" time="5.917" classname="Test Cases/11.2 - Cloud Files (Shared Drive)/07-Duplicate a file" status="PASSED">
         <system-out><![CDATA[2023-08-07 19:18:58 - [TEST_CASE][PASSED] - Test Cases/11.2 - Cloud Files (Shared Drive)/07-Duplicate a file: Test Cases/11.2 - Cloud Files (Shared Drive)/07-Duplicate a file

2023-08-07 19:18:59 - [TEST_STEP][PASSED] - delay(delay_3seconds): Delayed 3 second(s)

2023-08-07 19:19:02 - [MESSAGE][PASSED] - Delayed 3 second(s)

2023-08-07 19:19:02 - [TEST_STEP][PASSED] - click(findTestObject("11-Cloud Files/td_qa EDIT")): Object: 'Object Repository/11-Cloud Files/td_qa EDIT' is clicked on

2023-08-07 19:19:02 - [MESSAGE][PASSED] - Object: 'Object Repository/11-Cloud Files/td_qa EDIT' is clicked on

2023-08-07 19:19:02 - [TEST_STEP][PASSED] - click(findTestObject("11-Cloud Files/button_Duplicate")): Object: 'Object Repository/11-Cloud Files/button_Duplicate' is clicked on

2023-08-07 19:19:03 - [MESSAGE][PASSED] - Object: 'Object Repository/11-Cloud Files/button_Duplicate' is clicked on

2023-08-07 19:19:03 - [TEST_STEP][PASSED] - verifyElementVisible(findTestObject("11-Cloud Files/div_ItemsDuplicatedSuccessfully")): Object 'Object Repository/11-Cloud Files/div_ItemsDuplicatedSuccessfully' is visible

2023-08-07 19:19:04 - [MESSAGE][PASSED] - Object 'Object Repository/11-Cloud Files/div_ItemsDuplicatedSuccessfully' is visible

2023-08-07 19:19:04 - [TEST_STEP][PASSED] - verifyElementVisible(findTestObject("11-Cloud Files/td_Copy of qa EDIT")): Object 'Object Repository/11-Cloud Files/td_Copy of qa EDIT' is visible

2023-08-07 19:19:04 - [MESSAGE][PASSED] - Object 'Object Repository/11-Cloud Files/td_Copy of qa EDIT' is visible]]></system-out>
         <system-err><![CDATA[]]></system-err>
      </testcase>
      <system-out><![CDATA[2023-08-07 19:15:10 - [TEST_SUITE][PASSED] - 11.2 - Cloud Files(Shared Drive): Test Cases/11.2 - Cloud Files (Shared Drive)/07-Duplicate a file]]></system-out>
      <system-err><![CDATA[]]></system-err>
   </testsuite>
</testsuites>
