<?xml version="1.0" encoding="UTF-8"?>
<testsuites name="12.4-AI Assistant (Information)" time="102.554" tests="4" failures="0" errors="0">
   <testsuite name="12.4-AI Assistant (Information)" tests="4" failures="0" errors="0" time="102.554" skipped="0" timestamp="2023-08-09 19:47:11" hostname="Personal - DESKTOP-TFDFEQ1" id="Test Suites/TS-Organization/12.4-AI Assistant (Information)">
      <properties>
         <property name="deviceName" value=""/>
         <property name="devicePlatform" value=""/>
         <property name="logFolder" value="C:\\Users\\Personal\\Documents\\GitHub\\Everleagues\\Reports\\20230809_194708\\TS-Organization\\12.4-AI Assistant (Information)\\20230809_194709"/>
         <property name="logFiles" value="C:\\Users\\Personal\\Documents\\GitHub\\Everleagues\\Reports\\20230809_194708\\TS-Organization\\12.4-AI Assistant (Information)\\20230809_194709\\execution0.log"/>
         <property name="attachments" value=""/>
         <property name="hostName" value="Personal - DESKTOP-TFDFEQ1"/>
         <property name="os" value="Windows 11 64bit"/>
         <property name="katalonVersion" value="8.6.5.208"/>
         <property name="browser" value="Chrome 115.0.0.0"/>
         <property name="hostAddress" value="10.100.1.38"/>
         <property name="sessionId" value="437f3f43f9ec9722a411ff3205ac72e1"/>
         <property name="seleniumVersion" value="3.141.59"/>
         <property name="proxyInformation" value="ProxyInformation { proxyOption=NO_PROXY, proxyServerType=HTTP, username=, password=********, proxyServerAddress=, proxyServerPort=0, executionList=&quot;&quot;, isApplyToDesiredCapabilities=true }"/>
         <property name="platform" value="Windows 11"/>
      </properties>
      <testcase name="Test Cases/12- AI assistant (beta)/12.4-Information/01-Verify content of information page" time="96.28" classname="Test Cases/12- AI assistant (beta)/12.4-Information/01-Verify content of information page" status="PASSED">
         <system-out><![CDATA[2023-08-09 19:47:11 - [TEST_CASE][PASSED] - Test Cases/12- AI assistant (beta)/12.4-Information/01-Verify content of information page: Test Cases/12- AI assistant (beta)/12.4-Information/01-Verify content of information page

2023-08-09 19:47:11 - [TEST_STEP][PASSED] - openBrowser(""): Browser is opened with url: ''

2023-08-09 19:47:12 - [MESSAGE][INFO] - Starting 'Chrome' driver

2023-08-09 19:47:12 - [MESSAGE][INFO] - User set preference: ['args', '[--disable-web-security, --ignore-certificate-errors, --no-first-run, --disable-gpu]']

2023-08-09 19:47:12 - [MESSAGE][INFO] - Action delay is set to 0 milliseconds

2023-08-09 19:47:13 - [MESSAGE][PASSED] - Browser is opened with url: ''

2023-08-09 19:47:13 - [TEST_STEP][PASSED] - navigateToUrl(app_url_login): Navigate to 'https://lab.everleagues.com/login' successfully

2023-08-09 19:47:25 - [MESSAGE][PASSED] - Navigate to 'https://lab.everleagues.com/login' successfully

2023-08-09 19:47:25 - [TEST_STEP][PASSED] - maximizeWindow(): Current window maximized

2023-08-09 19:47:25 - [MESSAGE][PASSED] - Current window maximized

2023-08-09 19:47:25 - [TEST_STEP][PASSED] - callTestCase(findTestCase("01-Login and Forgot Password/04-Login(Valid Credentials-With Subscription)"), [:], STOP_ON_FAILURE): Call Test Case 'Test Cases/01-Login and Forgot Password/04-Login(Valid Credentials-With Subscription)' successfully

2023-08-09 19:47:25 - [TEST_CASE][PASSED] - Test Cases/01-Login and Forgot Password/04-Login(Valid Credentials-With Subscription): Test Cases/01-Login and Forgot Password/04-Login(Valid Credentials-With Subscription)

2023-08-09 19:47:25 - [TEST_STEP][PASSED] - setText(findTestObject("01-Login and Forgot Password/input_Email_email"), email_with_subscription): Text 'testuser005@mailinator.com' is set on object 'Object Repository/01-Login and Forgot Password/input_Email_email'

2023-08-09 19:47:26 - [MESSAGE][PASSED] - Text 'testuser005@mailinator.com' is set on object 'Object Repository/01-Login and Forgot Password/input_Email_email'

2023-08-09 19:47:26 - [TEST_STEP][PASSED] - setEncryptedText(findTestObject("01-Login and Forgot Password/input_Email_password"), password): Text ****** has been set on object 'Object Repository/01-Login and Forgot Password/input_Email_password'

2023-08-09 19:47:27 - [MESSAGE][PASSED] - Text ****** has been set on object 'Object Repository/01-Login and Forgot Password/input_Email_password'

2023-08-09 19:47:27 - [TEST_STEP][PASSED] - delay(delay_2seconds): Delayed 2 second(s)

2023-08-09 19:47:29 - [MESSAGE][PASSED] - Delayed 2 second(s)

2023-08-09 19:47:29 - [TEST_STEP][PASSED] - click(findTestObject("01-Login and Forgot Password/show pass button")): Object: 'Object Repository/01-Login and Forgot Password/show pass button' is clicked on

2023-08-09 19:47:29 - [MESSAGE][PASSED] - Object: 'Object Repository/01-Login and Forgot Password/show pass button' is clicked on

2023-08-09 19:47:29 - [TEST_STEP][PASSED] - delay(delay_3seconds): Delayed 3 second(s)

2023-08-09 19:47:32 - [MESSAGE][PASSED] - Delayed 3 second(s)

2023-08-09 19:47:32 - [TEST_STEP][PASSED] - click(findTestObject("01-Login and Forgot Password/button_Sign in")): Object: 'Object Repository/01-Login and Forgot Password/button_Sign in' is clicked on

2023-08-09 19:47:33 - [MESSAGE][PASSED] - Object: 'Object Repository/01-Login and Forgot Password/button_Sign in' is clicked on

2023-08-09 19:47:33 - [TEST_STEP][PASSED] - delay(delay_3seconds): Delayed 3 second(s)

2023-08-09 19:47:36 - [MESSAGE][PASSED] - Delayed 3 second(s)

2023-08-09 19:47:36 - [TEST_STEP][PASSED] - executeJavaScript("window.open();", []): Execute JavaScript 'window.open();' successfully

2023-08-09 19:47:36 - [MESSAGE][PASSED] - Execute JavaScript 'window.open();' successfully

2023-08-09 19:47:36 - [TEST_STEP][PASSED] - currentWindow = getWindowIndex(): Current window's index is: 0

2023-08-09 19:47:36 - [MESSAGE][PASSED] - Current window's index is: 0

2023-08-09 19:47:36 - [TEST_STEP][PASSED] - delay(delay_3seconds): Delayed 3 second(s)

2023-08-09 19:47:39 - [MESSAGE][PASSED] - Delayed 3 second(s)

2023-08-09 19:47:39 - [TEST_STEP][PASSED] - switchToWindowIndex(currentWindow + 1): Switched to window with index: '1'

2023-08-09 19:47:39 - [MESSAGE][PASSED] - Switched to window with index: '1'

2023-08-09 19:47:39 - [TEST_STEP][PASSED] - navigateToUrl(app_mailinator): Navigate to 'https://www.mailinator.com/' successfully

2023-08-09 19:47:47 - [MESSAGE][PASSED] - Navigate to 'https://www.mailinator.com/' successfully

2023-08-09 19:47:47 - [TEST_STEP][PASSED] - delay(delay_3seconds): Delayed 3 second(s)

2023-08-09 19:47:50 - [MESSAGE][PASSED] - Delayed 3 second(s)

2023-08-09 19:47:50 - [TEST_STEP][PASSED] - setText(findTestObject("00-Signup and Activation/zMailinator/input_LOGIN_search"), email_for_searchmailinator_testuser05): Text 'testuser005@mailinator.com' is set on object 'Object Repository/00-Signup and Activation/zMailinator/input_LOGIN_search'

2023-08-09 19:47:51 - [MESSAGE][PASSED] - Text 'testuser005@mailinator.com' is set on object 'Object Repository/00-Signup and Activation/zMailinator/input_LOGIN_search'

2023-08-09 19:47:51 - [TEST_STEP][PASSED] - click(findTestObject("00-Signup and Activation/zMailinator/gobutton"), STOP_ON_FAILURE): Object: 'Object Repository/00-Signup and Activation/zMailinator/gobutton' is clicked on

2023-08-09 19:47:52 - [MESSAGE][PASSED] - Object: 'Object Repository/00-Signup and Activation/zMailinator/gobutton' is clicked on

2023-08-09 19:47:52 - [TEST_STEP][PASSED] - delay(delay_10seconds): Delayed 10 second(s)

2023-08-09 19:48:02 - [MESSAGE][PASSED] - Delayed 10 second(s)

2023-08-09 19:48:02 - [TEST_STEP][PASSED] - click(findTestObject("00-Signup and Activation/zMailinator/Email - everleagues")): Object: 'Object Repository/00-Signup and Activation/zMailinator/Email - everleagues' is clicked on

2023-08-09 19:48:02 - [MESSAGE][PASSED] - Object: 'Object Repository/00-Signup and Activation/zMailinator/Email - everleagues' is clicked on

2023-08-09 19:48:02 - [TEST_STEP][PASSED] - delay(delay_5seconds): Delayed 5 second(s)

2023-08-09 19:48:07 - [MESSAGE][PASSED] - Delayed 5 second(s)

2023-08-09 19:48:07 - [TEST_STEP][PASSED] - code = getText(findTestObject("Object Repository/06-Teams/For 2FA/2FA code")): Text of object 'Object Repository/06-Teams/For 2FA/2FA code' is: '407038'

2023-08-09 19:48:08 - [MESSAGE][PASSED] - Text of object 'Object Repository/06-Teams/For 2FA/2FA code' is: '407038'

2023-08-09 19:48:08 - [TEST_STEP][PASSED] - delay(delay_3seconds): Delayed 3 second(s)

2023-08-09 19:48:11 - [MESSAGE][PASSED] - Delayed 3 second(s)

2023-08-09 19:48:11 - [TEST_STEP][PASSED] - closeWindowTitle("Mailinator"): Window with title: 'Mailinator' is closed

2023-08-09 19:48:11 - [MESSAGE][PASSED] - Window with title: 'Mailinator' is closed

2023-08-09 19:48:11 - [TEST_STEP][PASSED] - delay(delay_5seconds): Delayed 5 second(s)

2023-08-09 19:48:16 - [MESSAGE][PASSED] - Delayed 5 second(s)

2023-08-09 19:48:16 - [TEST_STEP][PASSED] - switchToWindowIndex(0): Switched to window with index: '0'

2023-08-09 19:48:16 - [MESSAGE][PASSED] - Switched to window with index: '0'

2023-08-09 19:48:16 - [TEST_STEP][PASSED] - delay(delay_3seconds): Delayed 3 second(s)

2023-08-09 19:48:19 - [MESSAGE][PASSED] - Delayed 3 second(s)

2023-08-09 19:48:19 - [TEST_STEP][PASSED] - setText(findTestObject("Object Repository/06-Teams/For 2FA/input_Enter verification code_code"), code): Text '407038' is set on object 'Object Repository/06-Teams/For 2FA/input_Enter verification code_code'

2023-08-09 19:48:20 - [MESSAGE][PASSED] - Text '407038' is set on object 'Object Repository/06-Teams/For 2FA/input_Enter verification code_code'

2023-08-09 19:48:20 - [TEST_STEP][PASSED] - delay(delay_3seconds): Delayed 3 second(s)

2023-08-09 19:48:23 - [MESSAGE][PASSED] - Delayed 3 second(s)

2023-08-09 19:48:23 - [TEST_STEP][PASSED] - click(findTestObject("06-Teams/For 2FA/button_Verify_2FA")): Object: 'Object Repository/06-Teams/For 2FA/button_Verify_2FA' is clicked on

2023-08-09 19:48:23 - [MESSAGE][PASSED] - Object: 'Object Repository/06-Teams/For 2FA/button_Verify_2FA' is clicked on

2023-08-09 19:48:23 - [TEST_STEP][PASSED] - delay(delay_3seconds): Delayed 3 second(s)

2023-08-09 19:48:26 - [MESSAGE][PASSED] - Delayed 3 second(s)

2023-08-09 19:48:26 - [MESSAGE][PASSED] - Call Test Case 'Test Cases/01-Login and Forgot Password/04-Login(Valid Credentials-With Subscription)' successfully

2023-08-09 19:48:26 - [TEST_STEP][PASSED] - click(findTestObject("06-Teams/button_doublearrow")): Object: 'Object Repository/06-Teams/button_doublearrow' is clicked on

2023-08-09 19:48:30 - [MESSAGE][PASSED] - Object: 'Object Repository/06-Teams/button_doublearrow' is clicked on

2023-08-09 19:48:30 - [TEST_STEP][PASSED] - click(findTestObject("06-Teams/button_My Organizations")): Object: 'Object Repository/06-Teams/button_My Organizations' is clicked on

2023-08-09 19:48:30 - [MESSAGE][PASSED] - Object: 'Object Repository/06-Teams/button_My Organizations' is clicked on

2023-08-09 19:48:30 - [TEST_STEP][PASSED] - click(findTestObject("02-Side Icons(Organization)/Add Contact/button_Automation Test Org")): Object: 'Object Repository/02-Side Icons(Organization)/Add Contact/button_Automation Test Org' is clicked on

2023-08-09 19:48:31 - [MESSAGE][PASSED] - Object: 'Object Repository/02-Side Icons(Organization)/Add Contact/button_Automation Test Org' is clicked on

2023-08-09 19:48:31 - [TEST_STEP][PASSED] - delay(delay_4seconds): Delayed 4 second(s)

2023-08-09 19:48:35 - [MESSAGE][PASSED] - Delayed 4 second(s)

2023-08-09 19:48:35 - [TEST_STEP][PASSED] - verifyElementVisible(findTestObject("02-Side Icons(Organization)/Add Contact/span_Automation Test Org")): Object 'Object Repository/02-Side Icons(Organization)/Add Contact/span_Automation Test Org' is visible

2023-08-09 19:48:36 - [MESSAGE][PASSED] - Object 'Object Repository/02-Side Icons(Organization)/Add Contact/span_Automation Test Org' is visible

2023-08-09 19:48:36 - [TEST_STEP][PASSED] - delay(delay_5seconds): Delayed 5 second(s)

2023-08-09 19:48:41 - [MESSAGE][PASSED] - Delayed 5 second(s)

2023-08-09 19:48:41 - [TEST_STEP][PASSED] - scrollToElement(findTestObject("12-AI Assistant(beta)/AI asst button-Side panel"), 30): Scroll to object 'Object Repository/12-AI Assistant(beta)/AI asst button-Side panel' successfully

2023-08-09 19:48:41 - [MESSAGE][PASSED] - Scroll to object 'Object Repository/12-AI Assistant(beta)/AI asst button-Side panel' successfully

2023-08-09 19:48:41 - [TEST_STEP][PASSED] - click(findTestObject("12-AI Assistant(beta)/AI asst button-Side panel")): Object: 'Object Repository/12-AI Assistant(beta)/AI asst button-Side panel' is clicked on

2023-08-09 19:48:42 - [MESSAGE][PASSED] - Object: 'Object Repository/12-AI Assistant(beta)/AI asst button-Side panel' is clicked on

2023-08-09 19:48:42 - [TEST_STEP][PASSED] - verifyElementVisible(findTestObject("12-AI Assistant(beta)/AI asst button-Side panel")): Object 'Object Repository/12-AI Assistant(beta)/AI asst button-Side panel' is visible

2023-08-09 19:48:42 - [MESSAGE][PASSED] - Object 'Object Repository/12-AI Assistant(beta)/AI asst button-Side panel' is visible

2023-08-09 19:48:42 - [TEST_STEP][PASSED] - delay(delay_3seconds): Delayed 3 second(s)

2023-08-09 19:48:45 - [MESSAGE][PASSED] - Delayed 3 second(s)

2023-08-09 19:48:45 - [TEST_STEP][PASSED] - click(findTestObject("12-AI Assistant(beta)/12.4-Information/Information")): Object: 'Object Repository/12-AI Assistant(beta)/12.4-Information/Information' is clicked on

2023-08-09 19:48:46 - [MESSAGE][PASSED] - Object: 'Object Repository/12-AI Assistant(beta)/12.4-Information/Information' is clicked on

2023-08-09 19:48:46 - [TEST_STEP][PASSED] - verifyElementText(findTestObject("12-AI Assistant(beta)/12.4-Information/Information heading message assertion"), "Welcome. Click the ChatGPT tab to get started!"): Actual text and expected text of test object 'Object Repository/12-AI Assistant(beta)/12.4-Information/Information heading message assertion' are matched.

2023-08-09 19:48:46 - [MESSAGE][PASSED] - Actual text and expected text of test object 'Object Repository/12-AI Assistant(beta)/12.4-Information/Information heading message assertion' are matched.

2023-08-09 19:48:46 - [TEST_STEP][PASSED] - verifyElementVisible(findTestObject("12-AI Assistant(beta)/12.4-Information/Service terms link")): Object 'Object Repository/12-AI Assistant(beta)/12.4-Information/Service terms link' is visible

2023-08-09 19:48:47 - [MESSAGE][PASSED] - Object 'Object Repository/12-AI Assistant(beta)/12.4-Information/Service terms link' is visible

2023-08-09 19:48:47 - [TEST_STEP][PASSED] - verifyElementVisible(findTestObject("12-AI Assistant(beta)/12.4-Information/Terms of use link")): Object 'Object Repository/12-AI Assistant(beta)/12.4-Information/Terms of use link' is visible

2023-08-09 19:48:47 - [MESSAGE][PASSED] - Object 'Object Repository/12-AI Assistant(beta)/12.4-Information/Terms of use link' is visible

2023-08-09 19:48:47 - [TEST_STEP][PASSED] - verifyElementVisible(findTestObject("12-AI Assistant(beta)/12.4-Information/Usage policies")): Object 'Object Repository/12-AI Assistant(beta)/12.4-Information/Usage policies' is visible

2023-08-09 19:48:47 - [MESSAGE][PASSED] - Object 'Object Repository/12-AI Assistant(beta)/12.4-Information/Usage policies' is visible]]></system-out>
         <system-err><![CDATA[]]></system-err>
      </testcase>
      <testcase name="Test Cases/12- AI assistant (beta)/12.4-Information/02-Access Service terms" time="4.728" classname="Test Cases/12- AI assistant (beta)/12.4-Information/02-Access Service terms" status="PASSED">
         <system-out><![CDATA[2023-08-09 19:48:47 - [TEST_CASE][PASSED] - Test Cases/12- AI assistant (beta)/12.4-Information/02-Access Service terms: Test Cases/12- AI assistant (beta)/12.4-Information/02-Access Service terms

2023-08-09 19:48:48 - [TEST_STEP][PASSED] - click(findTestObject("12-AI Assistant(beta)/12.4-Information/Service terms link")): Object: 'Object Repository/12-AI Assistant(beta)/12.4-Information/Service terms link' is clicked on

2023-08-09 19:48:48 - [MESSAGE][PASSED] - Object: 'Object Repository/12-AI Assistant(beta)/12.4-Information/Service terms link' is clicked on

2023-08-09 19:48:48 - [TEST_STEP][PASSED] - url = getUrl(): Current window's url is: 'https://lab.everleagues.com/main/tools/openai'

2023-08-09 19:48:48 - [MESSAGE][PASSED] - Current window's url is: 'https://lab.everleagues.com/main/tools/openai'

2023-08-09 19:48:48 - [TEST_STEP][PASSED] - url.contains("https://openai.com/policies/service-terms"): null

2023-08-09 19:48:48 - [TEST_STEP][PASSED] - closeWindowIndex(1): Window with index 1 is closed

2023-08-09 19:48:48 - [MESSAGE][PASSED] - Window with index 1 is closed

2023-08-09 19:48:48 - [TEST_STEP][PASSED] - switchToWindowIndex(0): Switched to window with index: '0'

2023-08-09 19:48:48 - [MESSAGE][PASSED] - Switched to window with index: '0'

2023-08-09 19:48:48 - [TEST_STEP][PASSED] - delay(delay_4seconds): Delayed 4 second(s)

2023-08-09 19:48:52 - [MESSAGE][PASSED] - Delayed 4 second(s)]]></system-out>
         <system-err><![CDATA[]]></system-err>
      </testcase>
      <testcase name="Test Cases/12- AI assistant (beta)/12.4-Information/03- Access terms of use" time="0.731" classname="Test Cases/12- AI assistant (beta)/12.4-Information/03- Access terms of use" status="PASSED">
         <system-out><![CDATA[2023-08-09 19:48:52 - [TEST_CASE][PASSED] - Test Cases/12- AI assistant (beta)/12.4-Information/03- Access terms of use: Test Cases/12- AI assistant (beta)/12.4-Information/03- Access terms of use

2023-08-09 19:48:52 - [TEST_STEP][PASSED] - click(findTestObject("12-AI Assistant(beta)/12.4-Information/Terms of use link")): Object: 'Object Repository/12-AI Assistant(beta)/12.4-Information/Terms of use link' is clicked on

2023-08-09 19:48:53 - [MESSAGE][PASSED] - Object: 'Object Repository/12-AI Assistant(beta)/12.4-Information/Terms of use link' is clicked on

2023-08-09 19:48:53 - [TEST_STEP][PASSED] - url = getUrl(): Current window's url is: 'https://lab.everleagues.com/main/tools/openai'

2023-08-09 19:48:53 - [MESSAGE][PASSED] - Current window's url is: 'https://lab.everleagues.com/main/tools/openai'

2023-08-09 19:48:53 - [TEST_STEP][PASSED] - url.contains("https://openai.com/policies/terms-of-use"): null

2023-08-09 19:48:53 - [TEST_STEP][PASSED] - closeWindowIndex(1): Window with index 1 is closed

2023-08-09 19:48:53 - [MESSAGE][PASSED] - Window with index 1 is closed

2023-08-09 19:48:53 - [TEST_STEP][PASSED] - switchToWindowIndex(0): Switched to window with index: '0'

2023-08-09 19:48:53 - [MESSAGE][PASSED] - Switched to window with index: '0']]></system-out>
         <system-err><![CDATA[]]></system-err>
      </testcase>
      <testcase name="Test Cases/12- AI assistant (beta)/12.4-Information/04-Access usage policy" time="0.634" classname="Test Cases/12- AI assistant (beta)/12.4-Information/04-Access usage policy" status="PASSED">
         <system-out><![CDATA[2023-08-09 19:48:53 - [TEST_CASE][PASSED] - Test Cases/12- AI assistant (beta)/12.4-Information/04-Access usage policy: Test Cases/12- AI assistant (beta)/12.4-Information/04-Access usage policy

2023-08-09 19:48:53 - [TEST_STEP][PASSED] - click(findTestObject("12-AI Assistant(beta)/12.4-Information/Usage policies")): Object: 'Object Repository/12-AI Assistant(beta)/12.4-Information/Usage policies' is clicked on

2023-08-09 19:48:54 - [MESSAGE][PASSED] - Object: 'Object Repository/12-AI Assistant(beta)/12.4-Information/Usage policies' is clicked on

2023-08-09 19:48:54 - [TEST_STEP][PASSED] - url = getUrl(): Current window's url is: 'https://lab.everleagues.com/main/tools/openai'

2023-08-09 19:48:54 - [MESSAGE][PASSED] - Current window's url is: 'https://lab.everleagues.com/main/tools/openai'

2023-08-09 19:48:54 - [TEST_STEP][PASSED] - url.contains("https://openai.com/policies/usage-policies"): null

2023-08-09 19:48:54 - [TEST_STEP][PASSED] - closeWindowIndex(1): Window with index 1 is closed

2023-08-09 19:48:54 - [MESSAGE][PASSED] - Window with index 1 is closed]]></system-out>
         <system-err><![CDATA[]]></system-err>
      </testcase>
      <system-out><![CDATA[2023-08-09 19:47:11 - [TEST_SUITE][PASSED] - 12.4-AI Assistant (Information): Test Cases/12- AI assistant (beta)/12.4-Information/04-Access usage policy]]></system-out>
      <system-err><![CDATA[]]></system-err>
   </testsuite>
</testsuites>
