<?xml version="1.0" encoding="UTF-8"?>
<testsuites name="00-Signup and Account Activation" time="332.016" tests="4" failures="0" errors="0">
   <testsuite name="00-Signup and Account Activation" tests="4" failures="0" errors="0" time="332.016" skipped="0" timestamp="2023-08-04 13:41:13" hostname="Personal - DESKTOP-TFDFEQ1" id="Test Suites/TS-Organization/00-Signup and Account Activation">
      <properties>
         <property name="deviceName" value=""/>
         <property name="devicePlatform" value=""/>
         <property name="logFolder" value="C:\\Users\\Personal\\Documents\\GitHub\\Everleagues\\Reports\\20230804_134111\\TS-Organization\\00-Signup and Account Activation\\20230804_134111"/>
         <property name="logFiles" value="C:\\Users\\Personal\\Documents\\GitHub\\Everleagues\\Reports\\20230804_134111\\TS-Organization\\00-Signup and Account Activation\\20230804_134111\\execution0.log"/>
         <property name="attachments" value=""/>
         <property name="hostName" value="Personal - DESKTOP-TFDFEQ1"/>
         <property name="os" value="Windows 11 64bit"/>
         <property name="katalonVersion" value="8.6.5.208"/>
         <property name="browser" value="Chrome 115.0.0.0"/>
         <property name="hostAddress" value="10.100.1.38"/>
         <property name="sessionId" value="75b9ddf7e9f2696160f86f1b1b17167e"/>
         <property name="seleniumVersion" value="3.141.59"/>
         <property name="proxyInformation" value="ProxyInformation { proxyOption=NO_PROXY, proxyServerType=HTTP, username=, password=********, proxyServerAddress=, proxyServerPort=0, executionList=&quot;&quot;, isApplyToDesiredCapabilities=true }"/>
         <property name="platform" value="Windows 11"/>
      </properties>
      <testcase name="Test Cases/00-SignUp and Account Activation/01-Signup(Credentials Blank)" time="235.496" classname="Test Cases/00-SignUp and Account Activation/01-Signup(Credentials Blank)" status="PASSED">
         <system-out><![CDATA[2023-08-04 13:41:13 - [TEST_CASE][PASSED] - Test Cases/00-SignUp and Account Activation/01-Signup(Credentials Blank): Test Cases/00-SignUp and Account Activation/01-Signup(Credentials Blank)

2023-08-04 13:41:13 - [TEST_STEP][PASSED] - openBrowser(""): Browser is opened with url: ''

2023-08-04 13:41:13 - [MESSAGE][INFO] - Starting 'Chrome' driver

2023-08-04 13:41:13 - [MESSAGE][INFO] - User set preference: ['args', '[--disable-web-security, --ignore-certificate-errors, --no-first-run, --disable-gpu]']

2023-08-04 13:41:13 - [MESSAGE][INFO] - Action delay is set to 0 milliseconds

2023-08-04 13:41:17 - [MESSAGE][PASSED] - Browser is opened with url: ''

2023-08-04 13:41:17 - [TEST_STEP][PASSED] - navigateToUrl(appURL): Navigate to 'https://lab.everleagues.com/login' successfully

2023-08-04 13:44:58 - [MESSAGE][PASSED] - Navigate to 'https://lab.everleagues.com/login' successfully

2023-08-04 13:44:58 - [TEST_STEP][PASSED] - maximizeWindow(): Current window maximized

2023-08-04 13:44:58 - [MESSAGE][PASSED] - Current window maximized

2023-08-04 13:44:58 - [TEST_STEP][PASSED] - click(findTestObject("00-Signup and Activation/span_Sign up")): Object: 'Object Repository/00-Signup and Activation/span_Sign up' is clicked on

2023-08-04 13:44:59 - [MESSAGE][PASSED] - Object: 'Object Repository/00-Signup and Activation/span_Sign up' is clicked on

2023-08-04 13:44:59 - [TEST_STEP][PASSED] - delay(delay_3seconds): Delayed 3 second(s)

2023-08-04 13:45:02 - [MESSAGE][PASSED] - Delayed 3 second(s)

2023-08-04 13:45:02 - [TEST_STEP][PASSED] - verifyElementVisible(findTestObject("00-Signup and Activation/div_Already have an account Log In")): Object 'Object Repository/00-Signup and Activation/div_Already have an account Log In' is visible

2023-08-04 13:45:02 - [MESSAGE][PASSED] - Object 'Object Repository/00-Signup and Activation/div_Already have an account Log In' is visible

2023-08-04 13:45:02 - [TEST_STEP][PASSED] - delay(delay_3seconds): Delayed 3 second(s)

2023-08-04 13:45:05 - [MESSAGE][PASSED] - Delayed 3 second(s)

2023-08-04 13:45:05 - [TEST_STEP][PASSED] - verifyElementNotClickable(findTestObject("00-Signup and Activation/button_Sign up")): Object 'Object Repository/00-Signup and Activation/button_Sign up' is NOT clickable

2023-08-04 13:45:05 - [MESSAGE][PASSED] - Object 'Object Repository/00-Signup and Activation/button_Sign up' is NOT clickable

2023-08-04 13:45:05 - [TEST_STEP][PASSED] - delay(delay_3seconds): Delayed 3 second(s)

2023-08-04 13:45:08 - [MESSAGE][PASSED] - Delayed 3 second(s)]]></system-out>
         <system-err><![CDATA[]]></system-err>
      </testcase>
      <testcase name="Test Cases/00-SignUp and Account Activation/02-Signup(Wrong email)" time="14.67" classname="Test Cases/00-SignUp and Account Activation/02-Signup(Wrong email)" status="PASSED">
         <system-out><![CDATA[2023-08-04 13:45:08 - [TEST_CASE][PASSED] - Test Cases/00-SignUp and Account Activation/02-Signup(Wrong email): Test Cases/00-SignUp and Account Activation/02-Signup(Wrong email)

2023-08-04 13:45:09 - [TEST_STEP][PASSED] - delay(delay_3seconds): Delayed 3 second(s)

2023-08-04 13:45:12 - [MESSAGE][PASSED] - Delayed 3 second(s)

2023-08-04 13:45:12 - [TEST_STEP][PASSED] - setText(findTestObject("00-Signup and Activation/input_Email"), invalid_email): Text 'QATESTinvalidemailformat' is set on object 'Object Repository/00-Signup and Activation/input_Email'

2023-08-04 13:45:12 - [MESSAGE][PASSED] - Text 'QATESTinvalidemailformat' is set on object 'Object Repository/00-Signup and Activation/input_Email'

2023-08-04 13:45:12 - [TEST_STEP][PASSED] - delay(delay_2seconds): Delayed 2 second(s)

2023-08-04 13:45:14 - [MESSAGE][PASSED] - Delayed 2 second(s)

2023-08-04 13:45:14 - [TEST_STEP][PASSED] - click(findTestObject("00-Signup and Activation/input_firstName")): Object: 'Object Repository/00-Signup and Activation/input_firstName' is clicked on

2023-08-04 13:45:15 - [MESSAGE][PASSED] - Object: 'Object Repository/00-Signup and Activation/input_firstName' is clicked on

2023-08-04 13:45:15 - [TEST_STEP][PASSED] - verifyElementPresent(findTestObject("00-Signup and Activation/error_valid email is required"), 0): Object 'Object Repository/00-Signup and Activation/error_valid email is required' is present

2023-08-04 13:45:15 - [MESSAGE][WARNING] - Timeout '0' is invalid. Using default page load timeout: '30'

2023-08-04 13:45:15 - [MESSAGE][PASSED] - Object 'Object Repository/00-Signup and Activation/error_valid email is required' is present

2023-08-04 13:45:15 - [TEST_STEP][PASSED] - delay(delay_2seconds): Delayed 2 second(s)

2023-08-04 13:45:17 - [MESSAGE][PASSED] - Delayed 2 second(s)

2023-08-04 13:45:17 - [TEST_STEP][PASSED] - setText(findTestObject("00-Signup and Activation/input_Email"), email_without_subscription): Text 'testuser01@mailinator.com' is set on object 'Object Repository/00-Signup and Activation/input_Email'

2023-08-04 13:45:18 - [MESSAGE][PASSED] - Text 'testuser01@mailinator.com' is set on object 'Object Repository/00-Signup and Activation/input_Email'

2023-08-04 13:45:18 - [TEST_STEP][PASSED] - delay(delay_2seconds): Delayed 2 second(s)

2023-08-04 13:45:20 - [MESSAGE][PASSED] - Delayed 2 second(s)

2023-08-04 13:45:20 - [TEST_STEP][PASSED] - click(findTestObject("00-Signup and Activation/input_firstName")): Object: 'Object Repository/00-Signup and Activation/input_firstName' is clicked on

2023-08-04 13:45:21 - [MESSAGE][PASSED] - Object: 'Object Repository/00-Signup and Activation/input_firstName' is clicked on

2023-08-04 13:45:21 - [TEST_STEP][PASSED] - verifyElementVisible(findTestObject("00-Signup and Activation/error_email already exists")): Object 'Object Repository/00-Signup and Activation/error_email already exists' is visible

2023-08-04 13:45:21 - [MESSAGE][PASSED] - Object 'Object Repository/00-Signup and Activation/error_email already exists' is visible

2023-08-04 13:45:21 - [TEST_STEP][PASSED] - delay(delay_2seconds): Delayed 2 second(s)

2023-08-04 13:45:23 - [MESSAGE][PASSED] - Delayed 2 second(s)]]></system-out>
         <system-err><![CDATA[]]></system-err>
      </testcase>
      <testcase name="Test Cases/00-SignUp and Account Activation/03-Signup(Correct Details)" time="49.767" classname="Test Cases/00-SignUp and Account Activation/03-Signup(Correct Details)" status="PASSED">
         <system-out><![CDATA[2023-08-04 13:45:23 - [TEST_CASE][PASSED] - Test Cases/00-SignUp and Account Activation/03-Signup(Correct Details): Test Cases/00-SignUp and Account Activation/03-Signup(Correct Details)

2023-08-04 13:45:23 - [TEST_STEP][PASSED] - delay(delay_2seconds): Delayed 2 second(s)

2023-08-04 13:45:25 - [MESSAGE][PASSED] - Delayed 2 second(s)

2023-08-04 13:45:25 - [TEST_STEP][PASSED] - domainName = "@mailinator.com": null

2023-08-04 13:45:25 - [TEST_STEP][PASSED] - random = new java.util.Random(): null

2023-08-04 13:45:25 - [TEST_STEP][PASSED] - randomString = Long.toHexString(random.nextLong()): null

2023-08-04 13:45:25 - [TEST_STEP][PASSED] - emailAddress = "autotestuser" + randomString + domainName: null

2023-08-04 13:45:25 - [TEST_STEP][PASSED] - logInfo("Generated email address: " + emailAddress): Generated email address: autotestuserd9169239f0c579fc@mailinator.com

2023-08-04 13:45:25 - [MESSAGE][INFO] - Generated email address: autotestuserd9169239f0c579fc@mailinator.com

2023-08-04 13:45:25 - [TEST_STEP][PASSED] - setText(findTestObject("00-Signup and Activation/input_Email"), emailAddress): Text 'autotestuserd9169239f0c579fc@mailinator.com' is set on object 'Object Repository/00-Signup and Activation/input_Email'

2023-08-04 13:45:26 - [MESSAGE][PASSED] - Text 'autotestuserd9169239f0c579fc@mailinator.com' is set on object 'Object Repository/00-Signup and Activation/input_Email'

2023-08-04 13:45:26 - [TEST_STEP][PASSED] - setText(findTestObject("00-Signup and Activation/input_firstName"), first_name1): Text 'GG' is set on object 'Object Repository/00-Signup and Activation/input_firstName'

2023-08-04 13:45:28 - [MESSAGE][PASSED] - Text 'GG' is set on object 'Object Repository/00-Signup and Activation/input_firstName'

2023-08-04 13:45:28 - [TEST_STEP][PASSED] - setText(findTestObject("00-Signup and Activation/input_lastName"), last_name1): Text 'TESTER' is set on object 'Object Repository/00-Signup and Activation/input_lastName'

2023-08-04 13:45:29 - [MESSAGE][PASSED] - Text 'TESTER' is set on object 'Object Repository/00-Signup and Activation/input_lastName'

2023-08-04 13:45:29 - [TEST_STEP][PASSED] - delay(delay_2seconds): Delayed 2 second(s)

2023-08-04 13:45:31 - [MESSAGE][PASSED] - Delayed 2 second(s)

2023-08-04 13:45:31 - [TEST_STEP][PASSED] - click(findTestObject("Object Repository/00-Signup and Activation/button_Sign up")): Object: 'Object Repository/00-Signup and Activation/button_Sign up' is clicked on

2023-08-04 13:45:31 - [MESSAGE][PASSED] - Object: 'Object Repository/00-Signup and Activation/button_Sign up' is clicked on

2023-08-04 13:45:31 - [TEST_STEP][PASSED] - delay(delay_2seconds): Delayed 2 second(s)

2023-08-04 13:45:33 - [MESSAGE][PASSED] - Delayed 2 second(s)

2023-08-04 13:45:33 - [TEST_STEP][PASSED] - executeJavaScript("window.open();", []): Execute JavaScript 'window.open();' successfully

2023-08-04 13:45:33 - [MESSAGE][PASSED] - Execute JavaScript 'window.open();' successfully

2023-08-04 13:45:33 - [TEST_STEP][PASSED] - currentWindow = getWindowIndex(): Current window's index is: 0

2023-08-04 13:45:33 - [MESSAGE][PASSED] - Current window's index is: 0

2023-08-04 13:45:33 - [TEST_STEP][PASSED] - delay(delay_3seconds): Delayed 3 second(s)

2023-08-04 13:45:36 - [MESSAGE][PASSED] - Delayed 3 second(s)

2023-08-04 13:45:36 - [TEST_STEP][PASSED] - switchToWindowIndex(currentWindow + 1): Switched to window with index: '1'

2023-08-04 13:45:36 - [MESSAGE][PASSED] - Switched to window with index: '1'

2023-08-04 13:45:36 - [TEST_STEP][PASSED] - navigateToUrl(app_mailinator): Navigate to 'https://www.mailinator.com/' successfully

2023-08-04 13:45:45 - [MESSAGE][PASSED] - Navigate to 'https://www.mailinator.com/' successfully

2023-08-04 13:45:45 - [TEST_STEP][PASSED] - delay(delay_3seconds): Delayed 3 second(s)

2023-08-04 13:45:48 - [MESSAGE][PASSED] - Delayed 3 second(s)

2023-08-04 13:45:48 - [TEST_STEP][PASSED] - setText(findTestObject("00-Signup and Activation/zMailinator/input_LOGIN_search"), emailAddress): Text 'autotestuserd9169239f0c579fc@mailinator.com' is set on object 'Object Repository/00-Signup and Activation/zMailinator/input_LOGIN_search'

2023-08-04 13:45:48 - [MESSAGE][PASSED] - Text 'autotestuserd9169239f0c579fc@mailinator.com' is set on object 'Object Repository/00-Signup and Activation/zMailinator/input_LOGIN_search'

2023-08-04 13:45:48 - [TEST_STEP][PASSED] - click(findTestObject("00-Signup and Activation/zMailinator/gobutton"), STOP_ON_FAILURE): Object: 'Object Repository/00-Signup and Activation/zMailinator/gobutton' is clicked on

2023-08-04 13:45:49 - [MESSAGE][PASSED] - Object: 'Object Repository/00-Signup and Activation/zMailinator/gobutton' is clicked on

2023-08-04 13:45:49 - [TEST_STEP][PASSED] - delay(delay_3seconds): Delayed 3 second(s)

2023-08-04 13:45:52 - [MESSAGE][PASSED] - Delayed 3 second(s)

2023-08-04 13:45:52 - [TEST_STEP][PASSED] - click(findTestObject("00-Signup and Activation/zMailinator/Email - everleagues")): Object: 'Object Repository/00-Signup and Activation/zMailinator/Email - everleagues' is clicked on

2023-08-04 13:45:52 - [MESSAGE][PASSED] - Object: 'Object Repository/00-Signup and Activation/zMailinator/Email - everleagues' is clicked on

2023-08-04 13:45:52 - [TEST_STEP][PASSED] - delay(delay_3seconds): Delayed 3 second(s)

2023-08-04 13:45:55 - [MESSAGE][PASSED] - Delayed 3 second(s)

2023-08-04 13:45:55 - [TEST_STEP][PASSED] - code = getText(findTestObject("Object Repository/06-Teams/For 2FA/2FA code")): Text of object 'Object Repository/06-Teams/For 2FA/2FA code' is: '289576'

2023-08-04 13:45:56 - [MESSAGE][PASSED] - Text of object 'Object Repository/06-Teams/For 2FA/2FA code' is: '289576'

2023-08-04 13:45:56 - [TEST_STEP][PASSED] - delay(delay_3seconds): Delayed 3 second(s)

2023-08-04 13:45:59 - [MESSAGE][PASSED] - Delayed 3 second(s)

2023-08-04 13:45:59 - [TEST_STEP][PASSED] - closeWindowTitle("Mailinator"): Window with title: 'Mailinator' is closed

2023-08-04 13:45:59 - [MESSAGE][PASSED] - Window with title: 'Mailinator' is closed

2023-08-04 13:45:59 - [TEST_STEP][PASSED] - delay(delay_3seconds): Delayed 3 second(s)

2023-08-04 13:46:02 - [MESSAGE][PASSED] - Delayed 3 second(s)

2023-08-04 13:46:02 - [TEST_STEP][PASSED] - switchToWindowIndex(0): Switched to window with index: '0'

2023-08-04 13:46:02 - [MESSAGE][PASSED] - Switched to window with index: '0'

2023-08-04 13:46:02 - [TEST_STEP][PASSED] - delay(delay_3seconds): Delayed 3 second(s)

2023-08-04 13:46:05 - [MESSAGE][PASSED] - Delayed 3 second(s)

2023-08-04 13:46:05 - [TEST_STEP][PASSED] - setText(findTestObject("Object Repository/06-Teams/For 2FA/input_Enter verification code_code"), code): Text '289576' is set on object 'Object Repository/06-Teams/For 2FA/input_Enter verification code_code'

2023-08-04 13:46:06 - [MESSAGE][PASSED] - Text '289576' is set on object 'Object Repository/06-Teams/For 2FA/input_Enter verification code_code'

2023-08-04 13:46:06 - [TEST_STEP][PASSED] - delay(delay_3seconds): Delayed 3 second(s)

2023-08-04 13:46:09 - [MESSAGE][PASSED] - Delayed 3 second(s)

2023-08-04 13:46:09 - [TEST_STEP][PASSED] - click(findTestObject("06-Teams/For 2FA/button_Verify_2FA")): Object: 'Object Repository/06-Teams/For 2FA/button_Verify_2FA' is clicked on

2023-08-04 13:46:10 - [MESSAGE][PASSED] - Object: 'Object Repository/06-Teams/For 2FA/button_Verify_2FA' is clicked on

2023-08-04 13:46:10 - [TEST_STEP][PASSED] - delay(delay_3seconds): Delayed 3 second(s)

2023-08-04 13:46:13 - [MESSAGE][PASSED] - Delayed 3 second(s)]]></system-out>
         <system-err><![CDATA[]]></system-err>
      </testcase>
      <testcase name="Test Cases/00-SignUp and Account Activation/04-Set password" time="31.875" classname="Test Cases/00-SignUp and Account Activation/04-Set password" status="PASSED">
         <system-out><![CDATA[2023-08-04 13:46:13 - [TEST_CASE][PASSED] - Test Cases/00-SignUp and Account Activation/04-Set password: Test Cases/00-SignUp and Account Activation/04-Set password

2023-08-04 13:46:13 - [TEST_STEP][PASSED] - delay(delay_2seconds): Delayed 2 second(s)

2023-08-04 13:46:15 - [MESSAGE][PASSED] - Delayed 2 second(s)

2023-08-04 13:46:15 - [TEST_STEP][PASSED] - setEncryptedText(findTestObject("00-Signup and Activation/input_password"), password, STOP_ON_FAILURE): Text ****** has been set on object 'Object Repository/00-Signup and Activation/input_password'

2023-08-04 13:46:15 - [MESSAGE][PASSED] - Text ****** has been set on object 'Object Repository/00-Signup and Activation/input_password'

2023-08-04 13:46:15 - [TEST_STEP][PASSED] - setEncryptedText(findTestObject("00-Signup and Activation/input_ConfirmPassword"), password, STOP_ON_FAILURE): Text ****** has been set on object 'Object Repository/00-Signup and Activation/input_ConfirmPassword'

2023-08-04 13:46:16 - [MESSAGE][PASSED] - Text ****** has been set on object 'Object Repository/00-Signup and Activation/input_ConfirmPassword'

2023-08-04 13:46:16 - [TEST_STEP][PASSED] - delay(delay_2seconds): Delayed 2 second(s)

2023-08-04 13:46:18 - [MESSAGE][PASSED] - Delayed 2 second(s)

2023-08-04 13:46:18 - [TEST_STEP][PASSED] - click(findTestObject("00-Signup and Activation/show pass")): Object: 'Object Repository/00-Signup and Activation/show pass' is clicked on

2023-08-04 13:46:19 - [MESSAGE][PASSED] - Object: 'Object Repository/00-Signup and Activation/show pass' is clicked on

2023-08-04 13:46:19 - [TEST_STEP][PASSED] - click(findTestObject("00-Signup and Activation/show confirm pass")): Object: 'Object Repository/00-Signup and Activation/show confirm pass' is clicked on

2023-08-04 13:46:20 - [MESSAGE][PASSED] - Object: 'Object Repository/00-Signup and Activation/show confirm pass' is clicked on

2023-08-04 13:46:20 - [TEST_STEP][PASSED] - delay(delay_2seconds): Delayed 2 second(s)

2023-08-04 13:46:22 - [MESSAGE][PASSED] - Delayed 2 second(s)

2023-08-04 13:46:22 - [TEST_STEP][PASSED] - check(findTestObject("00-Signup and Activation/div_checkbox")): Object 'Object Repository/00-Signup and Activation/div_checkbox' is checked

2023-08-04 13:46:22 - [MESSAGE][PASSED] - Object 'Object Repository/00-Signup and Activation/div_checkbox' is checked

2023-08-04 13:46:22 - [TEST_STEP][PASSED] - delay(delay_2seconds): Delayed 2 second(s)

2023-08-04 13:46:24 - [MESSAGE][PASSED] - Delayed 2 second(s)

2023-08-04 13:46:24 - [TEST_STEP][PASSED] - click(findTestObject("00-Signup and Activation/button_Confirm")): Object: 'Object Repository/00-Signup and Activation/button_Confirm' is clicked on

2023-08-04 13:46:24 - [MESSAGE][PASSED] - Object: 'Object Repository/00-Signup and Activation/button_Confirm' is clicked on

2023-08-04 13:46:24 - [TEST_STEP][PASSED] - delay(delay_5seconds): Delayed 5 second(s)

2023-08-04 13:46:29 - [MESSAGE][PASSED] - Delayed 5 second(s)

2023-08-04 13:46:29 - [TEST_STEP][PASSED] - verifyElementVisible(findTestObject("00-Signup and Activation/h4_Welcome to Everleagues")): Object 'Object Repository/00-Signup and Activation/h4_Welcome to Everleagues' is visible

2023-08-04 13:46:36 - [MESSAGE][PASSED] - Object 'Object Repository/00-Signup and Activation/h4_Welcome to Everleagues' is visible

2023-08-04 13:46:36 - [TEST_STEP][PASSED] - verifyElementVisible(findTestObject("00-Signup and Activation/span_CREATE A BUSINESS ORGANIZATION")): Object 'Object Repository/00-Signup and Activation/span_CREATE A BUSINESS ORGANIZATION' is visible

2023-08-04 13:46:36 - [MESSAGE][PASSED] - Object 'Object Repository/00-Signup and Activation/span_CREATE A BUSINESS ORGANIZATION' is visible

2023-08-04 13:46:36 - [TEST_STEP][PASSED] - verifyElementVisible(findTestObject("00-Signup and Activation/span_INVITE YOUR FRIENDS  FAMILY")): Object 'Object Repository/00-Signup and Activation/span_INVITE YOUR FRIENDS  FAMILY' is visible

2023-08-04 13:46:38 - [MESSAGE][PASSED] - Object 'Object Repository/00-Signup and Activation/span_INVITE YOUR FRIENDS  FAMILY' is visible

2023-08-04 13:46:38 - [TEST_STEP][PASSED] - delay(delay_3seconds): Delayed 3 second(s)

2023-08-04 13:46:41 - [MESSAGE][PASSED] - Delayed 3 second(s)

2023-08-04 13:46:41 - [TEST_STEP][PASSED] - click(findTestObject("00-Signup and Activation/button_DO THIS LATER")): Object: 'Object Repository/00-Signup and Activation/button_DO THIS LATER' is clicked on

2023-08-04 13:46:42 - [MESSAGE][PASSED] - Object: 'Object Repository/00-Signup and Activation/button_DO THIS LATER' is clicked on

2023-08-04 13:46:42 - [TEST_STEP][PASSED] - delay(delay_2seconds): Delayed 2 second(s)

2023-08-04 13:46:44 - [MESSAGE][PASSED] - Delayed 2 second(s)

2023-08-04 13:46:44 - [TEST_STEP][PASSED] - closeBrowser(): Browser is closed

2023-08-04 13:46:45 - [MESSAGE][PASSED] - Browser is closed]]></system-out>
         <system-err><![CDATA[]]></system-err>
      </testcase>
      <system-out><![CDATA[2023-08-04 13:41:13 - [TEST_SUITE][PASSED] - 00-Signup and Account Activation: Test Cases/00-SignUp and Account Activation/04-Set password]]></system-out>
      <system-err><![CDATA[]]></system-err>
   </testsuite>
</testsuites>
