<?xml version="1.0" encoding="UTF-8"?>
<testsuites name="11.1 - Cloud Files(My Drive)" time="507.847" tests="14" failures="0" errors="0">
   <testsuite name="11.1 - Cloud Files(My Drive)" tests="14" failures="0" errors="0" time="507.847" skipped="0" timestamp="2023-08-07 18:45:26" hostname="Personal - DESKTOP-TFDFEQ1" id="Test Suites/TS-Organization/11.1 - Cloud Files(My Drive)">
      <properties>
         <property name="deviceName" value=""/>
         <property name="devicePlatform" value=""/>
         <property name="logFolder" value="C:\\Users\\Personal\\Documents\\GitHub\\Everleagues\\Reports\\20230807_184524\\TS-Organization\\11.1 - Cloud Files(My Drive)\\20230807_184524"/>
         <property name="logFiles" value="C:\\Users\\Personal\\Documents\\GitHub\\Everleagues\\Reports\\20230807_184524\\TS-Organization\\11.1 - Cloud Files(My Drive)\\20230807_184524\\execution0.log"/>
         <property name="attachments" value=""/>
         <property name="hostName" value="Personal - DESKTOP-TFDFEQ1"/>
         <property name="os" value="Windows 11 64bit"/>
         <property name="katalonVersion" value="8.6.5.208"/>
         <property name="browser" value="Chrome 115.0.0.0"/>
         <property name="hostAddress" value="10.100.1.38"/>
         <property name="sessionId" value="1d37f5ce4a96ed3c579e004d506f270d"/>
         <property name="seleniumVersion" value="3.141.59"/>
         <property name="proxyInformation" value="ProxyInformation { proxyOption=NO_PROXY, proxyServerType=HTTP, username=, password=********, proxyServerAddress=, proxyServerPort=0, executionList=&quot;&quot;, isApplyToDesiredCapabilities=true }"/>
         <property name="platform" value="Windows 11"/>
      </properties>
      <testcase name="Test Cases/11.1 - Cloud Files (My Drive)/01-Create new folder(required field is blank)" time="285.988" classname="Test Cases/11.1 - Cloud Files (My Drive)/01-Create new folder(required field is blank)" status="PASSED">
         <system-out><![CDATA[2023-08-07 18:45:26 - [TEST_CASE][PASSED] - Test Cases/11.1 - Cloud Files (My Drive)/01-Create new folder(required field is blank): Test Cases/11.1 - Cloud Files (My Drive)/01-Create new folder(required field is blank)

2023-08-07 18:45:26 - [TEST_STEP][PASSED] - openBrowser(""): Browser is opened with url: ''

2023-08-07 18:45:26 - [MESSAGE][INFO] - Starting 'Chrome' driver

2023-08-07 18:45:26 - [MESSAGE][INFO] - User set preference: ['args', '[--disable-web-security, --ignore-certificate-errors, --no-first-run, --disable-gpu]']

2023-08-07 18:45:26 - [MESSAGE][INFO] - Action delay is set to 0 milliseconds

2023-08-07 18:45:29 - [MESSAGE][PASSED] - Browser is opened with url: ''

2023-08-07 18:45:29 - [TEST_STEP][PASSED] - navigateToUrl(appURL): Navigate to 'https://lab.everleagues.com/login' successfully

2023-08-07 18:48:43 - [MESSAGE][PASSED] - Navigate to 'https://lab.everleagues.com/login' successfully

2023-08-07 18:48:43 - [TEST_STEP][PASSED] - maximizeWindow(): Current window maximized

2023-08-07 18:48:43 - [MESSAGE][PASSED] - Current window maximized

2023-08-07 18:48:43 - [TEST_STEP][PASSED] - callTestCase(findTestCase("01-Login and Forgot Password/04-Login(Valid Credentials-With Subscription)"), [:], STOP_ON_FAILURE): Call Test Case 'Test Cases/01-Login and Forgot Password/04-Login(Valid Credentials-With Subscription)' successfully

2023-08-07 18:48:43 - [TEST_CASE][PASSED] - Test Cases/01-Login and Forgot Password/04-Login(Valid Credentials-With Subscription): Test Cases/01-Login and Forgot Password/04-Login(Valid Credentials-With Subscription)

2023-08-07 18:48:44 - [TEST_STEP][PASSED] - setText(findTestObject("01-Login and Forgot Password/input_Email_email"), email_with_subscription): Text 'testuser005@mailinator.com' is set on object 'Object Repository/01-Login and Forgot Password/input_Email_email'

2023-08-07 18:48:44 - [MESSAGE][PASSED] - Text 'testuser005@mailinator.com' is set on object 'Object Repository/01-Login and Forgot Password/input_Email_email'

2023-08-07 18:48:44 - [TEST_STEP][PASSED] - setEncryptedText(findTestObject("01-Login and Forgot Password/input_Email_password"), password): Text ****** has been set on object 'Object Repository/01-Login and Forgot Password/input_Email_password'

2023-08-07 18:48:45 - [MESSAGE][PASSED] - Text ****** has been set on object 'Object Repository/01-Login and Forgot Password/input_Email_password'

2023-08-07 18:48:45 - [TEST_STEP][PASSED] - delay(delay_2seconds): Delayed 2 second(s)

2023-08-07 18:48:47 - [MESSAGE][PASSED] - Delayed 2 second(s)

2023-08-07 18:48:47 - [TEST_STEP][PASSED] - click(findTestObject("01-Login and Forgot Password/show pass button")): Object: 'Object Repository/01-Login and Forgot Password/show pass button' is clicked on

2023-08-07 18:48:47 - [MESSAGE][PASSED] - Object: 'Object Repository/01-Login and Forgot Password/show pass button' is clicked on

2023-08-07 18:48:47 - [TEST_STEP][PASSED] - delay(delay_3seconds): Delayed 3 second(s)

2023-08-07 18:48:50 - [MESSAGE][PASSED] - Delayed 3 second(s)

2023-08-07 18:48:50 - [TEST_STEP][PASSED] - click(findTestObject("01-Login and Forgot Password/button_Sign in")): Object: 'Object Repository/01-Login and Forgot Password/button_Sign in' is clicked on

2023-08-07 18:48:51 - [MESSAGE][PASSED] - Object: 'Object Repository/01-Login and Forgot Password/button_Sign in' is clicked on

2023-08-07 18:48:51 - [TEST_STEP][PASSED] - delay(delay_3seconds): Delayed 3 second(s)

2023-08-07 18:48:54 - [MESSAGE][PASSED] - Delayed 3 second(s)

2023-08-07 18:48:54 - [TEST_STEP][PASSED] - executeJavaScript("window.open();", []): Execute JavaScript 'window.open();' successfully

2023-08-07 18:48:54 - [MESSAGE][PASSED] - Execute JavaScript 'window.open();' successfully

2023-08-07 18:48:54 - [TEST_STEP][PASSED] - currentWindow = getWindowIndex(): Current window's index is: 0

2023-08-07 18:48:54 - [MESSAGE][PASSED] - Current window's index is: 0

2023-08-07 18:48:54 - [TEST_STEP][PASSED] - delay(delay_3seconds): Delayed 3 second(s)

2023-08-07 18:48:57 - [MESSAGE][PASSED] - Delayed 3 second(s)

2023-08-07 18:48:57 - [TEST_STEP][PASSED] - switchToWindowIndex(currentWindow + 1): Switched to window with index: '1'

2023-08-07 18:48:57 - [MESSAGE][PASSED] - Switched to window with index: '1'

2023-08-07 18:48:57 - [TEST_STEP][PASSED] - navigateToUrl(app_mailinator): Navigate to 'https://www.mailinator.com/' successfully

2023-08-07 18:49:04 - [MESSAGE][PASSED] - Navigate to 'https://www.mailinator.com/' successfully

2023-08-07 18:49:04 - [TEST_STEP][PASSED] - delay(delay_3seconds): Delayed 3 second(s)

2023-08-07 18:49:07 - [MESSAGE][PASSED] - Delayed 3 second(s)

2023-08-07 18:49:07 - [TEST_STEP][PASSED] - setText(findTestObject("00-Signup and Activation/zMailinator/input_LOGIN_search"), email_for_searchmailinator_testuser05): Text 'testuser005@mailinator.com' is set on object 'Object Repository/00-Signup and Activation/zMailinator/input_LOGIN_search'

2023-08-07 18:49:08 - [MESSAGE][PASSED] - Text 'testuser005@mailinator.com' is set on object 'Object Repository/00-Signup and Activation/zMailinator/input_LOGIN_search'

2023-08-07 18:49:08 - [TEST_STEP][PASSED] - click(findTestObject("00-Signup and Activation/zMailinator/gobutton"), STOP_ON_FAILURE): Object: 'Object Repository/00-Signup and Activation/zMailinator/gobutton' is clicked on

2023-08-07 18:49:09 - [MESSAGE][PASSED] - Object: 'Object Repository/00-Signup and Activation/zMailinator/gobutton' is clicked on

2023-08-07 18:49:09 - [TEST_STEP][PASSED] - delay(delay_10seconds): Delayed 10 second(s)

2023-08-07 18:49:19 - [MESSAGE][PASSED] - Delayed 10 second(s)

2023-08-07 18:49:19 - [TEST_STEP][PASSED] - click(findTestObject("00-Signup and Activation/zMailinator/Email - everleagues")): Object: 'Object Repository/00-Signup and Activation/zMailinator/Email - everleagues' is clicked on

2023-08-07 18:49:19 - [MESSAGE][PASSED] - Object: 'Object Repository/00-Signup and Activation/zMailinator/Email - everleagues' is clicked on

2023-08-07 18:49:19 - [TEST_STEP][PASSED] - delay(delay_5seconds): Delayed 5 second(s)

2023-08-07 18:49:24 - [MESSAGE][PASSED] - Delayed 5 second(s)

2023-08-07 18:49:24 - [TEST_STEP][PASSED] - code = getText(findTestObject("Object Repository/06-Teams/For 2FA/2FA code")): Text of object 'Object Repository/06-Teams/For 2FA/2FA code' is: '148725'

2023-08-07 18:49:25 - [MESSAGE][PASSED] - Text of object 'Object Repository/06-Teams/For 2FA/2FA code' is: '148725'

2023-08-07 18:49:25 - [TEST_STEP][PASSED] - delay(delay_3seconds): Delayed 3 second(s)

2023-08-07 18:49:28 - [MESSAGE][PASSED] - Delayed 3 second(s)

2023-08-07 18:49:28 - [TEST_STEP][PASSED] - closeWindowTitle("Mailinator"): Window with title: 'Mailinator' is closed

2023-08-07 18:49:28 - [MESSAGE][PASSED] - Window with title: 'Mailinator' is closed

2023-08-07 18:49:28 - [TEST_STEP][PASSED] - delay(delay_5seconds): Delayed 5 second(s)

2023-08-07 18:49:33 - [MESSAGE][PASSED] - Delayed 5 second(s)

2023-08-07 18:49:33 - [TEST_STEP][PASSED] - switchToWindowIndex(0): Switched to window with index: '0'

2023-08-07 18:49:33 - [MESSAGE][PASSED] - Switched to window with index: '0'

2023-08-07 18:49:33 - [TEST_STEP][PASSED] - delay(delay_3seconds): Delayed 3 second(s)

2023-08-07 18:49:36 - [MESSAGE][PASSED] - Delayed 3 second(s)

2023-08-07 18:49:36 - [TEST_STEP][PASSED] - setText(findTestObject("Object Repository/06-Teams/For 2FA/input_Enter verification code_code"), code): Text '148725' is set on object 'Object Repository/06-Teams/For 2FA/input_Enter verification code_code'

2023-08-07 18:49:37 - [MESSAGE][PASSED] - Text '148725' is set on object 'Object Repository/06-Teams/For 2FA/input_Enter verification code_code'

2023-08-07 18:49:37 - [TEST_STEP][PASSED] - delay(delay_3seconds): Delayed 3 second(s)

2023-08-07 18:49:40 - [MESSAGE][PASSED] - Delayed 3 second(s)

2023-08-07 18:49:40 - [TEST_STEP][PASSED] - click(findTestObject("06-Teams/For 2FA/button_Verify_2FA")): Object: 'Object Repository/06-Teams/For 2FA/button_Verify_2FA' is clicked on

2023-08-07 18:49:40 - [MESSAGE][PASSED] - Object: 'Object Repository/06-Teams/For 2FA/button_Verify_2FA' is clicked on

2023-08-07 18:49:40 - [TEST_STEP][PASSED] - delay(delay_3seconds): Delayed 3 second(s)

2023-08-07 18:49:43 - [MESSAGE][PASSED] - Delayed 3 second(s)

2023-08-07 18:49:43 - [MESSAGE][PASSED] - Call Test Case 'Test Cases/01-Login and Forgot Password/04-Login(Valid Credentials-With Subscription)' successfully

2023-08-07 18:49:43 - [TEST_STEP][PASSED] - click(findTestObject("06-Teams/button_doublearrow")): Object: 'Object Repository/06-Teams/button_doublearrow' is clicked on

2023-08-07 18:49:47 - [MESSAGE][PASSED] - Object: 'Object Repository/06-Teams/button_doublearrow' is clicked on

2023-08-07 18:49:47 - [TEST_STEP][PASSED] - click(findTestObject("06-Teams/button_My Organizations")): Object: 'Object Repository/06-Teams/button_My Organizations' is clicked on

2023-08-07 18:49:48 - [MESSAGE][PASSED] - Object: 'Object Repository/06-Teams/button_My Organizations' is clicked on

2023-08-07 18:49:48 - [TEST_STEP][PASSED] - click(findTestObject("02-Side Icons(Organization)/Add Contact/button_Automation Test Org")): Object: 'Object Repository/02-Side Icons(Organization)/Add Contact/button_Automation Test Org' is clicked on

2023-08-07 18:49:49 - [MESSAGE][PASSED] - Object: 'Object Repository/02-Side Icons(Organization)/Add Contact/button_Automation Test Org' is clicked on

2023-08-07 18:49:49 - [TEST_STEP][PASSED] - delay(delay_4seconds): Delayed 4 second(s)

2023-08-07 18:49:53 - [MESSAGE][PASSED] - Delayed 4 second(s)

2023-08-07 18:49:53 - [TEST_STEP][PASSED] - verifyElementVisible(findTestObject("02-Side Icons(Organization)/Add Contact/span_Automation Test Org")): Object 'Object Repository/02-Side Icons(Organization)/Add Contact/span_Automation Test Org' is visible

2023-08-07 18:49:53 - [MESSAGE][PASSED] - Object 'Object Repository/02-Side Icons(Organization)/Add Contact/span_Automation Test Org' is visible

2023-08-07 18:49:53 - [TEST_STEP][PASSED] - delay(delay_5seconds): Delayed 5 second(s)

2023-08-07 18:49:58 - [MESSAGE][PASSED] - Delayed 5 second(s)

2023-08-07 18:49:58 - [TEST_STEP][PASSED] - click(findTestObject("03-Header Menu/Hamburger Button/div_Cloud Files")): Object: 'Object Repository/03-Header Menu/Hamburger Button/div_Cloud Files' is clicked on

2023-08-07 18:49:59 - [MESSAGE][PASSED] - Object: 'Object Repository/03-Header Menu/Hamburger Button/div_Cloud Files' is clicked on

2023-08-07 18:49:59 - [TEST_STEP][PASSED] - scrollToElement(findTestObject("11-Cloud Files/a_My Drive"), 0): Scroll to object 'Object Repository/11-Cloud Files/a_My Drive' successfully

2023-08-07 18:49:59 - [MESSAGE][WARNING] - Timeout '0' is invalid. Using default page load timeout: '30'

2023-08-07 18:50:00 - [MESSAGE][PASSED] - Scroll to object 'Object Repository/11-Cloud Files/a_My Drive' successfully

2023-08-07 18:50:00 - [TEST_STEP][PASSED] - verifyElementVisible(findTestObject("11-Cloud Files/a_My Drive")): Object 'Object Repository/11-Cloud Files/a_My Drive' is visible

2023-08-07 18:50:00 - [MESSAGE][PASSED] - Object 'Object Repository/11-Cloud Files/a_My Drive' is visible

2023-08-07 18:50:00 - [TEST_STEP][PASSED] - verifyElementVisible(findTestObject("11-Cloud Files/a_Shared Drive")): Object 'Object Repository/11-Cloud Files/a_Shared Drive' is visible

2023-08-07 18:50:00 - [MESSAGE][PASSED] - Object 'Object Repository/11-Cloud Files/a_Shared Drive' is visible

2023-08-07 18:50:00 - [TEST_STEP][PASSED] - verifyElementVisible(findTestObject("11-Cloud Files/a_Shared With Me")): Object 'Object Repository/11-Cloud Files/a_Shared With Me' is visible

2023-08-07 18:50:01 - [MESSAGE][PASSED] - Object 'Object Repository/11-Cloud Files/a_Shared With Me' is visible

2023-08-07 18:50:01 - [TEST_STEP][PASSED] - click(findTestObject("11-Cloud Files/a_My Drive")): Object: 'Object Repository/11-Cloud Files/a_My Drive' is clicked on

2023-08-07 18:50:01 - [MESSAGE][PASSED] - Object: 'Object Repository/11-Cloud Files/a_My Drive' is clicked on

2023-08-07 18:50:01 - [TEST_STEP][PASSED] - verifyElementVisible(findTestObject("11-Cloud Files/h4_CLOUD STORAGE")): Object 'Object Repository/11-Cloud Files/h4_CLOUD STORAGE' is visible

2023-08-07 18:50:02 - [MESSAGE][PASSED] - Object 'Object Repository/11-Cloud Files/h4_CLOUD STORAGE' is visible

2023-08-07 18:50:02 - [TEST_STEP][PASSED] - verifyElementVisible(findTestObject("11-Cloud Files/h4_MY FILES")): Object 'Object Repository/11-Cloud Files/h4_MY FILES' is visible

2023-08-07 18:50:03 - [MESSAGE][PASSED] - Object 'Object Repository/11-Cloud Files/h4_MY FILES' is visible

2023-08-07 18:50:03 - [TEST_STEP][PASSED] - delay(delay_3seconds): Delayed 3 second(s)

2023-08-07 18:50:06 - [MESSAGE][PASSED] - Delayed 3 second(s)

2023-08-07 18:50:06 - [TEST_STEP][PASSED] - click(findTestObject("11-Cloud Files/button_create_new_folderNew Folder")): Object: 'Object Repository/11-Cloud Files/button_create_new_folderNew Folder' is clicked on

2023-08-07 18:50:06 - [MESSAGE][PASSED] - Object: 'Object Repository/11-Cloud Files/button_create_new_folderNew Folder' is clicked on

2023-08-07 18:50:06 - [TEST_STEP][PASSED] - verifyElementVisible(findTestObject("11-Cloud Files/mat-dialog-container_CreateNewFolder modal")): Object 'Object Repository/11-Cloud Files/mat-dialog-container_CreateNewFolder modal' is visible

2023-08-07 18:50:07 - [MESSAGE][PASSED] - Object 'Object Repository/11-Cloud Files/mat-dialog-container_CreateNewFolder modal' is visible

2023-08-07 18:50:07 - [TEST_STEP][PASSED] - verifyElementVisible(findTestObject("11-Cloud Files/h4_New folder")): Object 'Object Repository/11-Cloud Files/h4_New folder' is visible

2023-08-07 18:50:07 - [MESSAGE][PASSED] - Object 'Object Repository/11-Cloud Files/h4_New folder' is visible

2023-08-07 18:50:07 - [TEST_STEP][PASSED] - click(findTestObject("11-Cloud Files/input_folderName"), STOP_ON_FAILURE): Object: 'Object Repository/11-Cloud Files/input_folderName' is clicked on

2023-08-07 18:50:08 - [MESSAGE][PASSED] - Object: 'Object Repository/11-Cloud Files/input_folderName' is clicked on

2023-08-07 18:50:08 - [TEST_STEP][PASSED] - clickOffset(findTestObject("11-Cloud Files/input_folderName"), 50, 50): Object: 'Object Repository/11-Cloud Files/input_folderName' is clicked on using offset x=50 and y=50

2023-08-07 18:50:08 - [MESSAGE][PASSED] - Object: 'Object Repository/11-Cloud Files/input_folderName' is clicked on using offset x=50 and y=50

2023-08-07 18:50:08 - [TEST_STEP][PASSED] - verifyElementVisible(findTestObject("11-Cloud Files/mat-error_filename")): Object 'Object Repository/11-Cloud Files/mat-error_filename' is visible

2023-08-07 18:50:09 - [MESSAGE][PASSED] - Object 'Object Repository/11-Cloud Files/mat-error_filename' is visible

2023-08-07 18:50:09 - [TEST_STEP][PASSED] - verifyElementNotClickable(findTestObject("11-Cloud Files/button_Create")): Object 'Object Repository/11-Cloud Files/button_Create' is NOT clickable

2023-08-07 18:50:09 - [MESSAGE][PASSED] - Object 'Object Repository/11-Cloud Files/button_Create' is NOT clickable

2023-08-07 18:50:09 - [TEST_STEP][PASSED] - delay(delay_3seconds): Delayed 3 second(s)

2023-08-07 18:50:12 - [MESSAGE][PASSED] - Delayed 3 second(s)]]></system-out>
         <system-err><![CDATA[]]></system-err>
      </testcase>
      <testcase name="Test Cases/11.1 - Cloud Files (My Drive)/02-Create new folder" time="12.16" classname="Test Cases/11.1 - Cloud Files (My Drive)/02-Create new folder" status="PASSED">
         <system-out><![CDATA[2023-08-07 18:50:12 - [TEST_CASE][PASSED] - Test Cases/11.1 - Cloud Files (My Drive)/02-Create new folder: Test Cases/11.1 - Cloud Files (My Drive)/02-Create new folder

2023-08-07 18:50:12 - [TEST_STEP][PASSED] - setText(findTestObject("11-Cloud Files/input_folderName"), folder_name): Text 'Automation folder' is set on object 'Object Repository/11-Cloud Files/input_folderName'

2023-08-07 18:50:13 - [MESSAGE][PASSED] - Text 'Automation folder' is set on object 'Object Repository/11-Cloud Files/input_folderName'

2023-08-07 18:50:13 - [TEST_STEP][PASSED] - click(findTestObject("11-Cloud Files/button_Create")): Object: 'Object Repository/11-Cloud Files/button_Create' is clicked on

2023-08-07 18:50:14 - [MESSAGE][PASSED] - Object: 'Object Repository/11-Cloud Files/button_Create' is clicked on

2023-08-07 18:50:14 - [TEST_STEP][PASSED] - delay(delay_3seconds): Delayed 3 second(s)

2023-08-07 18:50:17 - [MESSAGE][PASSED] - Delayed 3 second(s)

2023-08-07 18:50:17 - [TEST_STEP][PASSED] - click(findTestObject("11-Cloud Files/button_create_new_folderNew Folder")): Object: 'Object Repository/11-Cloud Files/button_create_new_folderNew Folder' is clicked on

2023-08-07 18:50:17 - [MESSAGE][PASSED] - Object: 'Object Repository/11-Cloud Files/button_create_new_folderNew Folder' is clicked on

2023-08-07 18:50:17 - [TEST_STEP][PASSED] - verifyElementVisible(findTestObject("11-Cloud Files/mat-dialog-container_CreateNewFolder modal")): Object 'Object Repository/11-Cloud Files/mat-dialog-container_CreateNewFolder modal' is visible

2023-08-07 18:50:18 - [MESSAGE][PASSED] - Object 'Object Repository/11-Cloud Files/mat-dialog-container_CreateNewFolder modal' is visible

2023-08-07 18:50:18 - [TEST_STEP][PASSED] - verifyElementVisible(findTestObject("11-Cloud Files/h4_New folder")): Object 'Object Repository/11-Cloud Files/h4_New folder' is visible

2023-08-07 18:50:18 - [MESSAGE][PASSED] - Object 'Object Repository/11-Cloud Files/h4_New folder' is visible

2023-08-07 18:50:18 - [TEST_STEP][PASSED] - setText(findTestObject("11-Cloud Files/input_folderName"), folder_name2): Text 'Automation folder 2' is set on object 'Object Repository/11-Cloud Files/input_folderName'

2023-08-07 18:50:19 - [MESSAGE][PASSED] - Text 'Automation folder 2' is set on object 'Object Repository/11-Cloud Files/input_folderName'

2023-08-07 18:50:19 - [TEST_STEP][PASSED] - click(findTestObject("11-Cloud Files/button_Create")): Object: 'Object Repository/11-Cloud Files/button_Create' is clicked on

2023-08-07 18:50:20 - [MESSAGE][PASSED] - Object: 'Object Repository/11-Cloud Files/button_Create' is clicked on

2023-08-07 18:50:20 - [TEST_STEP][PASSED] - delay(delay_3seconds): Delayed 3 second(s)

2023-08-07 18:50:23 - [MESSAGE][PASSED] - Delayed 3 second(s)

2023-08-07 18:50:23 - [TEST_STEP][PASSED] - click(findTestObject("11-Cloud Files/mat-icon_refresh")): Object: 'Object Repository/11-Cloud Files/mat-icon_refresh' is clicked on

2023-08-07 18:50:23 - [MESSAGE][PASSED] - Object: 'Object Repository/11-Cloud Files/mat-icon_refresh' is clicked on

2023-08-07 18:50:23 - [TEST_STEP][PASSED] - verifyElementVisible(findTestObject("11-Cloud Files/td_Automation folder")): Object 'Object Repository/11-Cloud Files/td_Automation folder' is visible

2023-08-07 18:50:24 - [MESSAGE][PASSED] - Object 'Object Repository/11-Cloud Files/td_Automation folder' is visible]]></system-out>
         <system-err><![CDATA[]]></system-err>
      </testcase>
      <testcase name="Test Cases/11.1 - Cloud Files (My Drive)/03-Upload Local File" time="19.476" classname="Test Cases/11.1 - Cloud Files (My Drive)/03-Upload Local File" status="PASSED">
         <system-out><![CDATA[2023-08-07 18:50:24 - [TEST_CASE][PASSED] - Test Cases/11.1 - Cloud Files (My Drive)/03-Upload Local File: Test Cases/11.1 - Cloud Files (My Drive)/03-Upload Local File

2023-08-07 18:50:24 - [TEST_STEP][PASSED] - delay(delay_3seconds): Delayed 3 second(s)

2023-08-07 18:50:27 - [MESSAGE][PASSED] - Delayed 3 second(s)

2023-08-07 18:50:27 - [TEST_STEP][PASSED] - click(findTestObject("11-Cloud Files/button_cloud_upload Upload Files  Create Folders")): Object: 'Object Repository/11-Cloud Files/button_cloud_upload Upload Files  Create Folders' is clicked on

2023-08-07 18:50:28 - [MESSAGE][PASSED] - Object: 'Object Repository/11-Cloud Files/button_cloud_upload Upload Files  Create Folders' is clicked on

2023-08-07 18:50:28 - [TEST_STEP][PASSED] - uploadpackage.Upload.uploadFile(findTestObject("11-Cloud Files/button_cloud_uploadUpload Local File"), upload_file): uploadpackage.Upload.uploadFile is PASSED

2023-08-07 18:50:29 - [MESSAGE][PASSED] - Object: 'Object Repository/11-Cloud Files/button_cloud_uploadUpload Local File' is clicked on

2023-08-07 18:50:29 - [MESSAGE][PASSED] - uploadpackage.Upload.uploadFile is PASSED

2023-08-07 18:50:29 - [TEST_STEP][PASSED] - delay(delay_2seconds): Delayed 2 second(s)

2023-08-07 18:50:31 - [MESSAGE][PASSED] - Delayed 2 second(s)

2023-08-07 18:50:31 - [TEST_STEP][PASSED] - verifyElementVisible(findTestObject("11-Cloud Files/mat-dialog-container_Upload local file modal")): Object 'Object Repository/11-Cloud Files/mat-dialog-container_Upload local file modal' is visible

2023-08-07 18:50:31 - [MESSAGE][PASSED] - Object 'Object Repository/11-Cloud Files/mat-dialog-container_Upload local file modal' is visible

2023-08-07 18:50:31 - [TEST_STEP][PASSED] - click(findTestObject("11-Cloud Files/button_Confirm")): Object: 'Object Repository/11-Cloud Files/button_Confirm' is clicked on

2023-08-07 18:50:31 - [MESSAGE][PASSED] - Object: 'Object Repository/11-Cloud Files/button_Confirm' is clicked on

2023-08-07 18:50:31 - [TEST_STEP][PASSED] - delay(delay_3seconds): Delayed 3 second(s)

2023-08-07 18:50:34 - [MESSAGE][PASSED] - Delayed 3 second(s)

2023-08-07 18:50:34 - [TEST_STEP][PASSED] - verifyElementVisible(findTestObject("11-Cloud Files/div_Upload completed clear")): Object 'Object Repository/11-Cloud Files/div_Upload completed clear' is visible

2023-08-07 18:50:35 - [MESSAGE][PASSED] - Object 'Object Repository/11-Cloud Files/div_Upload completed clear' is visible

2023-08-07 18:50:35 - [TEST_STEP][PASSED] - delay(delay_3seconds): Delayed 3 second(s)

2023-08-07 18:50:38 - [MESSAGE][PASSED] - Delayed 3 second(s)

2023-08-07 18:50:38 - [TEST_STEP][PASSED] - setText(findTestObject("11-Cloud Files/input_Search cloudfiles"), folder_name): Text 'Automation folder' is set on object 'Object Repository/11-Cloud Files/input_Search cloudfiles'

2023-08-07 18:50:39 - [MESSAGE][PASSED] - Text 'Automation folder' is set on object 'Object Repository/11-Cloud Files/input_Search cloudfiles'

2023-08-07 18:50:39 - [TEST_STEP][PASSED] - sendKeys(findTestObject("11-Cloud Files/input_Search cloudfiles"), Keys.chord(ENTER)): Keys 'ENTER + ' sent to object: 'Object Repository/11-Cloud Files/input_Search cloudfiles'

2023-08-07 18:50:39 - [MESSAGE][PASSED] - Keys 'ENTER + ' sent to object: 'Object Repository/11-Cloud Files/input_Search cloudfiles'

2023-08-07 18:50:39 - [TEST_STEP][PASSED] - delay(delay_3seconds): Delayed 3 second(s)

2023-08-07 18:50:42 - [MESSAGE][PASSED] - Delayed 3 second(s)

2023-08-07 18:50:42 - [TEST_STEP][PASSED] - verifyElementVisible(findTestObject("11-Cloud Files/td_Automation folder")): Object 'Object Repository/11-Cloud Files/td_Automation folder' is visible

2023-08-07 18:50:43 - [MESSAGE][PASSED] - Object 'Object Repository/11-Cloud Files/td_Automation folder' is visible

2023-08-07 18:50:43 - [TEST_STEP][PASSED] - clearText(findTestObject("11-Cloud Files/input_Search cloudfiles")): Text of object 'Object Repository/11-Cloud Files/input_Search cloudfiles' is cleared

2023-08-07 18:50:43 - [MESSAGE][PASSED] - Text of object 'Object Repository/11-Cloud Files/input_Search cloudfiles' is cleared

2023-08-07 18:50:43 - [TEST_STEP][PASSED] - click(findTestObject("11-Cloud Files/button_back")): Object: 'Object Repository/11-Cloud Files/button_back' is clicked on

2023-08-07 18:50:44 - [MESSAGE][PASSED] - Object: 'Object Repository/11-Cloud Files/button_back' is clicked on]]></system-out>
         <system-err><![CDATA[]]></system-err>
      </testcase>
      <testcase name="Test Cases/11.1 - Cloud Files (My Drive)/04-Rename a folder and file" time="16.413" classname="Test Cases/11.1 - Cloud Files (My Drive)/04-Rename a folder and file" status="PASSED">
         <system-out><![CDATA[2023-08-07 18:50:44 - [TEST_CASE][PASSED] - Test Cases/11.1 - Cloud Files (My Drive)/04-Rename a folder and file: Test Cases/11.1 - Cloud Files (My Drive)/04-Rename a folder and file

2023-08-07 18:50:44 - [TEST_STEP][PASSED] - delay(delay_3seconds): Delayed 3 second(s)

2023-08-07 18:50:47 - [MESSAGE][PASSED] - Delayed 3 second(s)

2023-08-07 18:50:47 - [TEST_STEP][PASSED] - rightClick(findTestObject("11-Cloud Files/td_Automation folder")): Object: 'Object Repository/11-Cloud Files/td_Automation folder' is right clicked on

2023-08-07 18:50:47 - [MESSAGE][PASSED] - Object: 'Object Repository/11-Cloud Files/td_Automation folder' is right clicked on

2023-08-07 18:50:47 - [TEST_STEP][PASSED] - click(findTestObject("11-Cloud Files/button_Rename")): Object: 'Object Repository/11-Cloud Files/button_Rename' is clicked on

2023-08-07 18:50:48 - [MESSAGE][PASSED] - Object: 'Object Repository/11-Cloud Files/button_Rename' is clicked on

2023-08-07 18:50:48 - [TEST_STEP][PASSED] - verifyElementVisible(findTestObject("11-Cloud Files/mat-dialog-container_RenameName nodal")): Object 'Object Repository/11-Cloud Files/mat-dialog-container_RenameName nodal' is visible

2023-08-07 18:50:49 - [MESSAGE][PASSED] - Object 'Object Repository/11-Cloud Files/mat-dialog-container_RenameName nodal' is visible

2023-08-07 18:50:49 - [TEST_STEP][PASSED] - setText(findTestObject("11-Cloud Files/input_Rename"), edit_folder_name): Text 'Automation folder EDIT' is set on object 'Object Repository/11-Cloud Files/input_Rename'

2023-08-07 18:50:50 - [MESSAGE][PASSED] - Text 'Automation folder EDIT' is set on object 'Object Repository/11-Cloud Files/input_Rename'

2023-08-07 18:50:50 - [TEST_STEP][PASSED] - click(findTestObject("09-Settings/Users/Active User/button_Save")): Object: 'Object Repository/09-Settings/Users/Active User/button_Save' is clicked on

2023-08-07 18:50:50 - [MESSAGE][PASSED] - Object: 'Object Repository/09-Settings/Users/Active User/button_Save' is clicked on

2023-08-07 18:50:50 - [TEST_STEP][PASSED] - verifyElementVisible(findTestObject("11-Cloud Files/snack-bar-container_Successfully changed nameOK_New")): Object 'Object Repository/11-Cloud Files/snack-bar-container_Successfully changed nameOK_New' is visible

2023-08-07 18:50:52 - [MESSAGE][PASSED] - Object 'Object Repository/11-Cloud Files/snack-bar-container_Successfully changed nameOK_New' is visible

2023-08-07 18:50:52 - [TEST_STEP][PASSED] - delay(delay_3seconds): Delayed 3 second(s)

2023-08-07 18:50:55 - [MESSAGE][PASSED] - Delayed 3 second(s)

2023-08-07 18:50:55 - [TEST_STEP][PASSED] - rightClick(findTestObject("11-Cloud Files/td_qa")): Object: 'Object Repository/11-Cloud Files/td_qa' is right clicked on

2023-08-07 18:50:56 - [MESSAGE][PASSED] - Object: 'Object Repository/11-Cloud Files/td_qa' is right clicked on

2023-08-07 18:50:56 - [TEST_STEP][PASSED] - click(findTestObject("11-Cloud Files/button_Rename")): Object: 'Object Repository/11-Cloud Files/button_Rename' is clicked on

2023-08-07 18:50:56 - [MESSAGE][PASSED] - Object: 'Object Repository/11-Cloud Files/button_Rename' is clicked on

2023-08-07 18:50:56 - [TEST_STEP][PASSED] - verifyElementVisible(findTestObject("11-Cloud Files/mat-dialog-container_RenameName nodal")): Object 'Object Repository/11-Cloud Files/mat-dialog-container_RenameName nodal' is visible

2023-08-07 18:50:57 - [MESSAGE][PASSED] - Object 'Object Repository/11-Cloud Files/mat-dialog-container_RenameName nodal' is visible

2023-08-07 18:50:57 - [TEST_STEP][PASSED] - setText(findTestObject("11-Cloud Files/input_Rename"), "qa EDIT"): Text 'qa EDIT' is set on object 'Object Repository/11-Cloud Files/input_Rename'

2023-08-07 18:50:58 - [MESSAGE][PASSED] - Text 'qa EDIT' is set on object 'Object Repository/11-Cloud Files/input_Rename'

2023-08-07 18:50:58 - [TEST_STEP][PASSED] - click(findTestObject("09-Settings/Users/Active User/button_Save")): Object: 'Object Repository/09-Settings/Users/Active User/button_Save' is clicked on

2023-08-07 18:50:59 - [MESSAGE][PASSED] - Object: 'Object Repository/09-Settings/Users/Active User/button_Save' is clicked on

2023-08-07 18:50:59 - [TEST_STEP][PASSED] - verifyElementVisible(findTestObject("11-Cloud Files/snack-bar-container_Successfully changed nameOK_New")): Object 'Object Repository/11-Cloud Files/snack-bar-container_Successfully changed nameOK_New' is visible

2023-08-07 18:51:00 - [MESSAGE][PASSED] - Object 'Object Repository/11-Cloud Files/snack-bar-container_Successfully changed nameOK_New' is visible]]></system-out>
         <system-err><![CDATA[]]></system-err>
      </testcase>
      <testcase name="Test Cases/11.1 - Cloud Files (My Drive)/05-Download a file and folder" time="13.23" classname="Test Cases/11.1 - Cloud Files (My Drive)/05-Download a file and folder" status="PASSED">
         <system-out><![CDATA[2023-08-07 18:51:00 - [TEST_CASE][PASSED] - Test Cases/11.1 - Cloud Files (My Drive)/05-Download a file and folder: Test Cases/11.1 - Cloud Files (My Drive)/05-Download a file and folder

2023-08-07 18:51:00 - [TEST_STEP][PASSED] - delay(delay_3seconds): Delayed 3 second(s)

2023-08-07 18:51:03 - [MESSAGE][PASSED] - Delayed 3 second(s)

2023-08-07 18:51:03 - [TEST_STEP][PASSED] - rightClick(findTestObject("11-Cloud Files/td_qa EDIT")): Object: 'Object Repository/11-Cloud Files/td_qa EDIT' is right clicked on

2023-08-07 18:51:04 - [MESSAGE][PASSED] - Object: 'Object Repository/11-Cloud Files/td_qa EDIT' is right clicked on

2023-08-07 18:51:04 - [TEST_STEP][PASSED] - click(findTestObject("11-Cloud Files/button_download")): Object: 'Object Repository/11-Cloud Files/button_download' is clicked on

2023-08-07 18:51:05 - [MESSAGE][PASSED] - Object: 'Object Repository/11-Cloud Files/button_download' is clicked on

2023-08-07 18:51:05 - [TEST_STEP][PASSED] - verifyElementVisible(findTestObject("11-Cloud Files/div_Done downloading qaclear")): Object 'Object Repository/11-Cloud Files/div_Done downloading qaclear' is visible

2023-08-07 18:51:07 - [MESSAGE][PASSED] - Object 'Object Repository/11-Cloud Files/div_Done downloading qaclear' is visible

2023-08-07 18:51:07 - [TEST_STEP][PASSED] - delay(delay_3seconds): Delayed 3 second(s)

2023-08-07 18:51:10 - [MESSAGE][PASSED] - Delayed 3 second(s)

2023-08-07 18:51:10 - [TEST_STEP][PASSED] - rightClick(findTestObject("11-Cloud Files/td_Automation folder EDIT")): Object: 'Object Repository/11-Cloud Files/td_Automation folder EDIT' is right clicked on

2023-08-07 18:51:10 - [MESSAGE][PASSED] - Object: 'Object Repository/11-Cloud Files/td_Automation folder EDIT' is right clicked on

2023-08-07 18:51:10 - [TEST_STEP][PASSED] - click(findTestObject("11-Cloud Files/button_download")): Object: 'Object Repository/11-Cloud Files/button_download' is clicked on

2023-08-07 18:51:11 - [MESSAGE][PASSED] - Object: 'Object Repository/11-Cloud Files/button_download' is clicked on

2023-08-07 18:51:11 - [TEST_STEP][PASSED] - verifyElementVisible(findTestObject("11-Cloud Files/div_Done downloading folder")): Object 'Object Repository/11-Cloud Files/div_Done downloading folder' is visible

2023-08-07 18:51:13 - [MESSAGE][PASSED] - Object 'Object Repository/11-Cloud Files/div_Done downloading folder' is visible]]></system-out>
         <system-err><![CDATA[]]></system-err>
      </testcase>
      <testcase name="Test Cases/11.1 - Cloud Files (My Drive)/06-Duplicate a Folder (Negative scenario)" time="9.233" classname="Test Cases/11.1 - Cloud Files (My Drive)/06-Duplicate a Folder (Negative scenario)" status="PASSED">
         <system-out><![CDATA[2023-08-07 18:51:13 - [TEST_CASE][PASSED] - Test Cases/11.1 - Cloud Files (My Drive)/06-Duplicate a Folder (Negative scenario): Test Cases/11.1 - Cloud Files (My Drive)/06-Duplicate a Folder (Negative scenario)

2023-08-07 18:51:13 - [TEST_STEP][PASSED] - delay(delay_3seconds): Delayed 3 second(s)

2023-08-07 18:51:16 - [MESSAGE][PASSED] - Delayed 3 second(s)

2023-08-07 18:51:16 - [TEST_STEP][PASSED] - click(findTestObject("11-Cloud Files/td_Automation folder EDIT")): Object: 'Object Repository/11-Cloud Files/td_Automation folder EDIT' is clicked on

2023-08-07 18:51:17 - [MESSAGE][PASSED] - Object: 'Object Repository/11-Cloud Files/td_Automation folder EDIT' is clicked on

2023-08-07 18:51:17 - [TEST_STEP][PASSED] - click(findTestObject("11-Cloud Files/button_Duplicate")): Object: 'Object Repository/11-Cloud Files/button_Duplicate' is clicked on

2023-08-07 18:51:17 - [MESSAGE][PASSED] - Object: 'Object Repository/11-Cloud Files/button_Duplicate' is clicked on

2023-08-07 18:51:17 - [TEST_STEP][PASSED] - verifyElementVisible(findTestObject("11-Cloud Files/mat-dialog-container_DuplicateFolderModal")): Object 'Object Repository/11-Cloud Files/mat-dialog-container_DuplicateFolderModal' is visible

2023-08-07 18:51:18 - [MESSAGE][PASSED] - Object 'Object Repository/11-Cloud Files/mat-dialog-container_DuplicateFolderModal' is visible

2023-08-07 18:51:18 - [TEST_STEP][PASSED] - delay(delay_3seconds): Delayed 3 second(s)

2023-08-07 18:51:21 - [MESSAGE][PASSED] - Delayed 3 second(s)

2023-08-07 18:51:21 - [TEST_STEP][PASSED] - click(findTestObject("11-Cloud Files/button_Confirm")): Object: 'Object Repository/11-Cloud Files/button_Confirm' is clicked on

2023-08-07 18:51:22 - [MESSAGE][PASSED] - Object: 'Object Repository/11-Cloud Files/button_Confirm' is clicked on

2023-08-07 18:51:22 - [TEST_STEP][PASSED] - click(findTestObject("11-Cloud Files/td_Automation folder EDIT")): Object: 'Object Repository/11-Cloud Files/td_Automation folder EDIT' is clicked on

2023-08-07 18:51:22 - [MESSAGE][PASSED] - Object: 'Object Repository/11-Cloud Files/td_Automation folder EDIT' is clicked on]]></system-out>
         <system-err><![CDATA[]]></system-err>
      </testcase>
      <testcase name="Test Cases/11.1 - Cloud Files (My Drive)/07-Duplicate a file" time="8.092" classname="Test Cases/11.1 - Cloud Files (My Drive)/07-Duplicate a file" status="PASSED">
         <system-out><![CDATA[2023-08-07 18:51:22 - [TEST_CASE][PASSED] - Test Cases/11.1 - Cloud Files (My Drive)/07-Duplicate a file: Test Cases/11.1 - Cloud Files (My Drive)/07-Duplicate a file

2023-08-07 18:51:23 - [TEST_STEP][PASSED] - delay(delay_3seconds): Delayed 3 second(s)

2023-08-07 18:51:26 - [MESSAGE][PASSED] - Delayed 3 second(s)

2023-08-07 18:51:26 - [TEST_STEP][PASSED] - click(findTestObject("11-Cloud Files/td_qa EDIT")): Object: 'Object Repository/11-Cloud Files/td_qa EDIT' is clicked on

2023-08-07 18:51:26 - [MESSAGE][PASSED] - Object: 'Object Repository/11-Cloud Files/td_qa EDIT' is clicked on

2023-08-07 18:51:26 - [TEST_STEP][PASSED] - click(findTestObject("11-Cloud Files/button_Duplicate")): Object: 'Object Repository/11-Cloud Files/button_Duplicate' is clicked on

2023-08-07 18:51:27 - [MESSAGE][PASSED] - Object: 'Object Repository/11-Cloud Files/button_Duplicate' is clicked on

2023-08-07 18:51:27 - [TEST_STEP][PASSED] - verifyElementVisible(findTestObject("11-Cloud Files/div_ItemsDuplicatedSuccessfully")): Object 'Object Repository/11-Cloud Files/div_ItemsDuplicatedSuccessfully' is visible

2023-08-07 18:51:30 - [MESSAGE][PASSED] - Object 'Object Repository/11-Cloud Files/div_ItemsDuplicatedSuccessfully' is visible

2023-08-07 18:51:30 - [TEST_STEP][PASSED] - verifyElementVisible(findTestObject("11-Cloud Files/td_Copy of qa EDIT")): Object 'Object Repository/11-Cloud Files/td_Copy of qa EDIT' is visible

2023-08-07 18:51:31 - [MESSAGE][PASSED] - Object 'Object Repository/11-Cloud Files/td_Copy of qa EDIT' is visible]]></system-out>
         <system-err><![CDATA[]]></system-err>
      </testcase>
      <testcase name="Test Cases/11.1 - Cloud Files (My Drive)/08-Move a file and folder" time="15.901" classname="Test Cases/11.1 - Cloud Files (My Drive)/08-Move a file and folder" status="PASSED">
         <system-out><![CDATA[2023-08-07 18:51:31 - [TEST_CASE][PASSED] - Test Cases/11.1 - Cloud Files (My Drive)/08-Move a file and folder: Test Cases/11.1 - Cloud Files (My Drive)/08-Move a file and folder

2023-08-07 18:51:31 - [TEST_STEP][PASSED] - delay(delay_3seconds): Delayed 3 second(s)

2023-08-07 18:51:34 - [MESSAGE][PASSED] - Delayed 3 second(s)

2023-08-07 18:51:34 - [TEST_STEP][PASSED] - rightClick(findTestObject("11-Cloud Files/td_Copy of qa EDIT")): Object: 'Object Repository/11-Cloud Files/td_Copy of qa EDIT' is right clicked on

2023-08-07 18:51:34 - [MESSAGE][PASSED] - Object: 'Object Repository/11-Cloud Files/td_Copy of qa EDIT' is right clicked on

2023-08-07 18:51:34 - [TEST_STEP][PASSED] - click(findTestObject("11-Cloud Files/button_MoveTo")): Object: 'Object Repository/11-Cloud Files/button_MoveTo' is clicked on

2023-08-07 18:51:35 - [MESSAGE][PASSED] - Object: 'Object Repository/11-Cloud Files/button_MoveTo' is clicked on

2023-08-07 18:51:35 - [TEST_STEP][PASSED] - click(findTestObject("11-Cloud Files/span_Automation folder EDIT MoveTo")): Object: 'Object Repository/11-Cloud Files/span_Automation folder EDIT MoveTo' is clicked on

2023-08-07 18:51:36 - [MESSAGE][PASSED] - Object: 'Object Repository/11-Cloud Files/span_Automation folder EDIT MoveTo' is clicked on

2023-08-07 18:51:36 - [TEST_STEP][PASSED] - click(findTestObject("11-Cloud Files/button_Move")): Object: 'Object Repository/11-Cloud Files/button_Move' is clicked on

2023-08-07 18:51:37 - [MESSAGE][PASSED] - Object: 'Object Repository/11-Cloud Files/button_Move' is clicked on

2023-08-07 18:51:37 - [TEST_STEP][PASSED] - verifyElementVisible(findTestObject("11-Cloud Files/div_ItemSuccessfullyMove")): Object 'Object Repository/11-Cloud Files/div_ItemSuccessfullyMove' is visible

2023-08-07 18:51:39 - [MESSAGE][PASSED] - Object 'Object Repository/11-Cloud Files/div_ItemSuccessfullyMove' is visible

2023-08-07 18:51:39 - [TEST_STEP][PASSED] - delay(delay_3seconds): Delayed 3 second(s)

2023-08-07 18:51:42 - [MESSAGE][PASSED] - Delayed 3 second(s)

2023-08-07 18:51:42 - [TEST_STEP][PASSED] - rightClick(findTestObject("11-Cloud Files/td_Automation folder 2")): Object: 'Object Repository/11-Cloud Files/td_Automation folder 2' is right clicked on

2023-08-07 18:51:42 - [MESSAGE][PASSED] - Object: 'Object Repository/11-Cloud Files/td_Automation folder 2' is right clicked on

2023-08-07 18:51:42 - [TEST_STEP][PASSED] - click(findTestObject("11-Cloud Files/button_MoveTo")): Object: 'Object Repository/11-Cloud Files/button_MoveTo' is clicked on

2023-08-07 18:51:43 - [MESSAGE][PASSED] - Object: 'Object Repository/11-Cloud Files/button_MoveTo' is clicked on

2023-08-07 18:51:43 - [TEST_STEP][PASSED] - click(findTestObject("11-Cloud Files/span_Automation folder EDIT MoveTo")): Object: 'Object Repository/11-Cloud Files/span_Automation folder EDIT MoveTo' is clicked on

2023-08-07 18:51:44 - [MESSAGE][PASSED] - Object: 'Object Repository/11-Cloud Files/span_Automation folder EDIT MoveTo' is clicked on

2023-08-07 18:51:44 - [TEST_STEP][PASSED] - click(findTestObject("11-Cloud Files/button_Move")): Object: 'Object Repository/11-Cloud Files/button_Move' is clicked on

2023-08-07 18:51:45 - [MESSAGE][PASSED] - Object: 'Object Repository/11-Cloud Files/button_Move' is clicked on

2023-08-07 18:51:45 - [TEST_STEP][PASSED] - verifyElementVisible(findTestObject("11-Cloud Files/div_ItemSuccessfullyMove")): Object 'Object Repository/11-Cloud Files/div_ItemSuccessfullyMove' is visible

2023-08-07 18:51:46 - [MESSAGE][PASSED] - Object 'Object Repository/11-Cloud Files/div_ItemSuccessfullyMove' is visible]]></system-out>
         <system-err><![CDATA[]]></system-err>
      </testcase>
      <testcase name="Test Cases/11.1 - Cloud Files (My Drive)/09-Open a file and folder" time="14.885" classname="Test Cases/11.1 - Cloud Files (My Drive)/09-Open a file and folder" status="PASSED">
         <system-out><![CDATA[2023-08-07 18:51:46 - [TEST_CASE][PASSED] - Test Cases/11.1 - Cloud Files (My Drive)/09-Open a file and folder: Test Cases/11.1 - Cloud Files (My Drive)/09-Open a file and folder

2023-08-07 18:51:47 - [TEST_STEP][PASSED] - delay(delay_3seconds): Delayed 3 second(s)

2023-08-07 18:51:50 - [MESSAGE][PASSED] - Delayed 3 second(s)

2023-08-07 18:51:50 - [TEST_STEP][PASSED] - rightClick(findTestObject("11-Cloud Files/td_qa EDIT")): Object: 'Object Repository/11-Cloud Files/td_qa EDIT' is right clicked on

2023-08-07 18:51:50 - [MESSAGE][PASSED] - Object: 'Object Repository/11-Cloud Files/td_qa EDIT' is right clicked on

2023-08-07 18:51:50 - [TEST_STEP][PASSED] - click(findTestObject("11-Cloud Files/button_Open")): Object: 'Object Repository/11-Cloud Files/button_Open' is clicked on

2023-08-07 18:51:51 - [MESSAGE][PASSED] - Object: 'Object Repository/11-Cloud Files/button_Open' is clicked on

2023-08-07 18:51:51 - [TEST_STEP][PASSED] - switchToWindowIndex(1): Switched to window with index: '1'

2023-08-07 18:51:53 - [MESSAGE][PASSED] - Switched to window with index: '1'

2023-08-07 18:51:53 - [TEST_STEP][PASSED] - closeWindowIndex(1): Window with index 1 is closed

2023-08-07 18:51:53 - [MESSAGE][PASSED] - Window with index 1 is closed

2023-08-07 18:51:53 - [TEST_STEP][PASSED] - switchToWindowIndex(0): Switched to window with index: '0'

2023-08-07 18:51:53 - [MESSAGE][PASSED] - Switched to window with index: '0'

2023-08-07 18:51:53 - [TEST_STEP][PASSED] - delay(delay_3seconds): Delayed 3 second(s)

2023-08-07 18:51:56 - [MESSAGE][PASSED] - Delayed 3 second(s)

2023-08-07 18:51:56 - [TEST_STEP][PASSED] - rightClick(findTestObject("11-Cloud Files/td_Automation folder EDIT")): Object: 'Object Repository/11-Cloud Files/td_Automation folder EDIT' is right clicked on

2023-08-07 18:51:57 - [MESSAGE][PASSED] - Object: 'Object Repository/11-Cloud Files/td_Automation folder EDIT' is right clicked on

2023-08-07 18:51:57 - [TEST_STEP][PASSED] - click(findTestObject("11-Cloud Files/button_Open")): Object: 'Object Repository/11-Cloud Files/button_Open' is clicked on

2023-08-07 18:51:57 - [MESSAGE][PASSED] - Object: 'Object Repository/11-Cloud Files/button_Open' is clicked on

2023-08-07 18:51:57 - [TEST_STEP][PASSED] - click(findTestObject("11-Cloud Files/h4_MY FILES")): Object: 'Object Repository/11-Cloud Files/h4_MY FILES' is clicked on

2023-08-07 18:51:58 - [MESSAGE][PASSED] - Object: 'Object Repository/11-Cloud Files/h4_MY FILES' is clicked on

2023-08-07 18:51:58 - [TEST_STEP][PASSED] - delay(delay_3seconds): Delayed 3 second(s)

2023-08-07 18:52:01 - [MESSAGE][PASSED] - Delayed 3 second(s)]]></system-out>
         <system-err><![CDATA[]]></system-err>
      </testcase>
      <testcase name="Test Cases/11.1 - Cloud Files (My Drive)/10-Share a file" time="7.899" classname="Test Cases/11.1 - Cloud Files (My Drive)/10-Share a file" status="PASSED">
         <system-out><![CDATA[2023-08-07 18:52:01 - [TEST_CASE][PASSED] - Test Cases/11.1 - Cloud Files (My Drive)/10-Share a file: Test Cases/11.1 - Cloud Files (My Drive)/10-Share a file

2023-08-07 18:52:02 - [TEST_STEP][PASSED] - click(findTestObject("11-Cloud Files/button_clearNotif")): Object: 'Object Repository/11-Cloud Files/button_clearNotif' is clicked on

2023-08-07 18:52:02 - [MESSAGE][PASSED] - Object: 'Object Repository/11-Cloud Files/button_clearNotif' is clicked on

2023-08-07 18:52:02 - [TEST_STEP][PASSED] - rightClick(findTestObject("11-Cloud Files/td_qa EDIT")): Object: 'Object Repository/11-Cloud Files/td_qa EDIT' is right clicked on

2023-08-07 18:52:03 - [MESSAGE][PASSED] - Object: 'Object Repository/11-Cloud Files/td_qa EDIT' is right clicked on

2023-08-07 18:52:03 - [TEST_STEP][PASSED] - click(findTestObject("11-Cloud Files/button_Share")): Object: 'Object Repository/11-Cloud Files/button_Share' is clicked on

2023-08-07 18:52:03 - [MESSAGE][PASSED] - Object: 'Object Repository/11-Cloud Files/button_Share' is clicked on

2023-08-07 18:52:03 - [TEST_STEP][PASSED] - verifyElementVisible(findTestObject("11-Cloud Files/mat-dialog-container_ShareFiles Modal")): Object 'Object Repository/11-Cloud Files/mat-dialog-container_ShareFiles Modal' is visible

2023-08-07 18:52:04 - [MESSAGE][PASSED] - Object 'Object Repository/11-Cloud Files/mat-dialog-container_ShareFiles Modal' is visible

2023-08-07 18:52:04 - [TEST_STEP][PASSED] - click(findTestObject("11-Cloud Files/input_Add Users")): Object: 'Object Repository/11-Cloud Files/input_Add Users' is clicked on

2023-08-07 18:52:05 - [MESSAGE][PASSED] - Object: 'Object Repository/11-Cloud Files/input_Add Users' is clicked on

2023-08-07 18:52:05 - [TEST_STEP][PASSED] - click(findTestObject("11-Cloud Files/mat-option_GTGG tester 2")): Object: 'Object Repository/11-Cloud Files/mat-option_GTGG tester 2' is clicked on

2023-08-07 18:52:05 - [MESSAGE][PASSED] - Object: 'Object Repository/11-Cloud Files/mat-option_GTGG tester 2' is clicked on

2023-08-07 18:52:05 - [TEST_STEP][PASSED] - click(findTestObject("11-Cloud Files/mat-option_GTGG tester")): Object: 'Object Repository/11-Cloud Files/mat-option_GTGG tester' is clicked on

2023-08-07 18:52:06 - [MESSAGE][PASSED] - Object: 'Object Repository/11-Cloud Files/mat-option_GTGG tester' is clicked on

2023-08-07 18:52:06 - [TEST_STEP][PASSED] - click(findTestObject("11-Cloud Files/button_sharefiles_SHARE")): Object: 'Object Repository/11-Cloud Files/button_sharefiles_SHARE' is clicked on

2023-08-07 18:52:06 - [MESSAGE][PASSED] - Object: 'Object Repository/11-Cloud Files/button_sharefiles_SHARE' is clicked on

2023-08-07 18:52:06 - [TEST_STEP][PASSED] - delay(delay_3seconds): Delayed 3 second(s)

2023-08-07 18:52:09 - [MESSAGE][PASSED] - Delayed 3 second(s)]]></system-out>
         <system-err><![CDATA[]]></system-err>
      </testcase>
      <testcase name="Test Cases/11.1 - Cloud Files (My Drive)/11-Share a file - Edit" time="32.948" classname="Test Cases/11.1 - Cloud Files (My Drive)/11-Share a file - Edit" status="PASSED">
         <system-out><![CDATA[2023-08-07 18:52:09 - [TEST_CASE][PASSED] - Test Cases/11.1 - Cloud Files (My Drive)/11-Share a file - Edit: Test Cases/11.1 - Cloud Files (My Drive)/11-Share a file - Edit

2023-08-07 18:52:10 - [TEST_STEP][PASSED] - rightClick(findTestObject("11-Cloud Files/td_qa EditPeople")): Object: 'Object Repository/11-Cloud Files/td_qa EditPeople' is right clicked on

2023-08-07 18:52:10 - [MESSAGE][PASSED] - Object: 'Object Repository/11-Cloud Files/td_qa EditPeople' is right clicked on

2023-08-07 18:52:10 - [TEST_STEP][PASSED] - click(findTestObject("11-Cloud Files/button_Share")): Object: 'Object Repository/11-Cloud Files/button_Share' is clicked on

2023-08-07 18:52:11 - [MESSAGE][PASSED] - Object: 'Object Repository/11-Cloud Files/button_Share' is clicked on

2023-08-07 18:52:11 - [TEST_STEP][PASSED] - verifyElementVisible(findTestObject("11-Cloud Files/mat-dialog-container_View Share Files Modal")): Object 'Object Repository/11-Cloud Files/mat-dialog-container_View Share Files Modal' is visible

2023-08-07 18:52:12 - [MESSAGE][PASSED] - Object 'Object Repository/11-Cloud Files/mat-dialog-container_View Share Files Modal' is visible

2023-08-07 18:52:12 - [TEST_STEP][PASSED] - click(findTestObject("11-Cloud Files/div_dropdown")): Object: 'Object Repository/11-Cloud Files/div_dropdown' is clicked on

2023-08-07 18:52:12 - [MESSAGE][PASSED] - Object: 'Object Repository/11-Cloud Files/div_dropdown' is clicked on

2023-08-07 18:52:12 - [TEST_STEP][PASSED] - click(findTestObject("11-Cloud Files/mat-option_manager")): Object: 'Object Repository/11-Cloud Files/mat-option_manager' is clicked on

2023-08-07 18:52:13 - [MESSAGE][PASSED] - Object: 'Object Repository/11-Cloud Files/mat-option_manager' is clicked on

2023-08-07 18:52:13 - [TEST_STEP][PASSED] - delay(delay_3seconds): Delayed 3 second(s)

2023-08-07 18:52:16 - [MESSAGE][PASSED] - Delayed 3 second(s)

2023-08-07 18:52:16 - [TEST_STEP][PASSED] - verifyElementVisible(findTestObject("11-Cloud Files/div_GTGG tester2")): Object 'Object Repository/11-Cloud Files/div_GTGG tester2' is visible

2023-08-07 18:52:16 - [MESSAGE][PASSED] - Object 'Object Repository/11-Cloud Files/div_GTGG tester2' is visible

2023-08-07 18:52:16 - [TEST_STEP][PASSED] - click(findTestObject("11-Cloud Files/div_dropdown2")): Object: 'Object Repository/11-Cloud Files/div_dropdown2' is clicked on

2023-08-07 18:52:17 - [MESSAGE][PASSED] - Object: 'Object Repository/11-Cloud Files/div_dropdown2' is clicked on

2023-08-07 18:52:17 - [TEST_STEP][PASSED] - click(findTestObject("11-Cloud Files/mat-option-checkmark_contributor")): Object: 'Object Repository/11-Cloud Files/mat-option-checkmark_contributor' is clicked on

2023-08-07 18:52:17 - [MESSAGE][PASSED] - Object: 'Object Repository/11-Cloud Files/mat-option-checkmark_contributor' is clicked on

2023-08-07 18:52:17 - [TEST_STEP][PASSED] - delay(delay_3seconds): Delayed 3 second(s)

2023-08-07 18:52:20 - [MESSAGE][PASSED] - Delayed 3 second(s)

2023-08-07 18:52:20 - [TEST_STEP][PASSED] - verifyElementVisible(findTestObject("11-Cloud Files/div_GTGG tester")): Object 'Object Repository/11-Cloud Files/div_GTGG tester' is visible

2023-08-07 18:52:21 - [MESSAGE][PASSED] - Object 'Object Repository/11-Cloud Files/div_GTGG tester' is visible

2023-08-07 18:52:21 - [TEST_STEP][PASSED] - click(findTestObject("11-Cloud Files/div_dropdown3")): Object: 'Object Repository/11-Cloud Files/div_dropdown3' is clicked on

2023-08-07 18:52:21 - [MESSAGE][PASSED] - Object: 'Object Repository/11-Cloud Files/div_dropdown3' is clicked on

2023-08-07 18:52:21 - [TEST_STEP][PASSED] - click(findTestObject("11-Cloud Files/span_delete Remove Access")): Object: 'Object Repository/11-Cloud Files/span_delete Remove Access' is clicked on

2023-08-07 18:52:22 - [MESSAGE][PASSED] - Object: 'Object Repository/11-Cloud Files/span_delete Remove Access' is clicked on

2023-08-07 18:52:22 - [TEST_STEP][PASSED] - click(findTestObject("11-Cloud Files/button_sharefiles_SHARE")): Object: 'Object Repository/11-Cloud Files/button_sharefiles_SHARE' is clicked on

2023-08-07 18:52:22 - [MESSAGE][PASSED] - Object: 'Object Repository/11-Cloud Files/button_sharefiles_SHARE' is clicked on

2023-08-07 18:52:22 - [TEST_STEP][PASSED] - delay(delay_3seconds): Delayed 3 second(s)

2023-08-07 18:52:25 - [MESSAGE][PASSED] - Delayed 3 second(s)

2023-08-07 18:52:25 - [TEST_STEP][PASSED] - rightClick(findTestObject("11-Cloud Files/td_qa EditPeople")): Object: 'Object Repository/11-Cloud Files/td_qa EditPeople' is right clicked on

2023-08-07 18:52:26 - [MESSAGE][PASSED] - Object: 'Object Repository/11-Cloud Files/td_qa EditPeople' is right clicked on

2023-08-07 18:52:26 - [TEST_STEP][PASSED] - click(findTestObject("11-Cloud Files/button_Share")): Object: 'Object Repository/11-Cloud Files/button_Share' is clicked on

2023-08-07 18:52:26 - [MESSAGE][PASSED] - Object: 'Object Repository/11-Cloud Files/button_Share' is clicked on

2023-08-07 18:52:26 - [TEST_STEP][PASSED] - click(findTestObject("11-Cloud Files/button_Copy Share Link")): Object: 'Object Repository/11-Cloud Files/button_Copy Share Link' is clicked on

2023-08-07 18:52:27 - [MESSAGE][PASSED] - Object: 'Object Repository/11-Cloud Files/button_Copy Share Link' is clicked on

2023-08-07 18:52:27 - [TEST_STEP][PASSED] - delay(delay_3seconds): Delayed 3 second(s)

2023-08-07 18:52:30 - [MESSAGE][PASSED] - Delayed 3 second(s)

2023-08-07 18:52:30 - [TEST_STEP][PASSED] - my_clipboard = getContents(null).getTransferData(stringFlavor): null

2023-08-07 18:52:30 - [TEST_STEP][PASSED] - navigateToUrl(my_clipboard): Navigate to 'https://xukp7.app.goo.gl/rj5D' successfully

2023-08-07 18:52:34 - [MESSAGE][PASSED] - Navigate to 'https://xukp7.app.goo.gl/rj5D' successfully

2023-08-07 18:52:34 - [TEST_STEP][PASSED] - closeWindowIndex(1): Window with index 1 is closed

2023-08-07 18:52:37 - [MESSAGE][PASSED] - Window with index 1 is closed

2023-08-07 18:52:37 - [TEST_STEP][PASSED] - switchToWindowIndex(0): Switched to window with index: '0'

2023-08-07 18:52:37 - [MESSAGE][PASSED] - Switched to window with index: '0'

2023-08-07 18:52:37 - [TEST_STEP][PASSED] - click(findTestObject("03-Header Menu/Hamburger Button/div_Cloud Files")): Object: 'Object Repository/03-Header Menu/Hamburger Button/div_Cloud Files' is clicked on

2023-08-07 18:52:38 - [MESSAGE][PASSED] - Object: 'Object Repository/03-Header Menu/Hamburger Button/div_Cloud Files' is clicked on

2023-08-07 18:52:38 - [TEST_STEP][PASSED] - scrollToElement(findTestObject("11-Cloud Files/a_My Drive"), 0): Scroll to object 'Object Repository/11-Cloud Files/a_My Drive' successfully

2023-08-07 18:52:38 - [MESSAGE][WARNING] - Timeout '0' is invalid. Using default page load timeout: '30'

2023-08-07 18:52:39 - [MESSAGE][PASSED] - Scroll to object 'Object Repository/11-Cloud Files/a_My Drive' successfully

2023-08-07 18:52:39 - [TEST_STEP][PASSED] - click(findTestObject("11-Cloud Files/a_My Drive")): Object: 'Object Repository/11-Cloud Files/a_My Drive' is clicked on

2023-08-07 18:52:39 - [MESSAGE][PASSED] - Object: 'Object Repository/11-Cloud Files/a_My Drive' is clicked on

2023-08-07 18:52:39 - [TEST_STEP][PASSED] - delay(delay_3seconds): Delayed 3 second(s)

2023-08-07 18:52:42 - [MESSAGE][PASSED] - Delayed 3 second(s)]]></system-out>
         <system-err><![CDATA[]]></system-err>
      </testcase>
      <testcase name="Test Cases/11.1 - Cloud Files (My Drive)/12-Share a folder" time="22.186" classname="Test Cases/11.1 - Cloud Files (My Drive)/12-Share a folder" status="PASSED">
         <system-out><![CDATA[2023-08-07 18:52:42 - [TEST_CASE][PASSED] - Test Cases/11.1 - Cloud Files (My Drive)/12-Share a folder: Test Cases/11.1 - Cloud Files (My Drive)/12-Share a folder

2023-08-07 18:52:42 - [TEST_STEP][PASSED] - rightClick(findTestObject("11-Cloud Files/td_Automation folder EDIT")): Object: 'Object Repository/11-Cloud Files/td_Automation folder EDIT' is right clicked on

2023-08-07 18:52:43 - [MESSAGE][PASSED] - Object: 'Object Repository/11-Cloud Files/td_Automation folder EDIT' is right clicked on

2023-08-07 18:52:43 - [TEST_STEP][PASSED] - click(findTestObject("11-Cloud Files/button_Share")): Object: 'Object Repository/11-Cloud Files/button_Share' is clicked on

2023-08-07 18:52:44 - [MESSAGE][PASSED] - Object: 'Object Repository/11-Cloud Files/button_Share' is clicked on

2023-08-07 18:52:44 - [TEST_STEP][PASSED] - verifyElementVisible(findTestObject("11-Cloud Files/mat-dialog-container_ShareFiles Modal")): Object 'Object Repository/11-Cloud Files/mat-dialog-container_ShareFiles Modal' is visible

2023-08-07 18:52:45 - [MESSAGE][PASSED] - Object 'Object Repository/11-Cloud Files/mat-dialog-container_ShareFiles Modal' is visible

2023-08-07 18:52:45 - [TEST_STEP][PASSED] - click(findTestObject("11-Cloud Files/mat-icon_close")): Object: 'Object Repository/11-Cloud Files/mat-icon_close' is clicked on

2023-08-07 18:52:45 - [MESSAGE][PASSED] - Object: 'Object Repository/11-Cloud Files/mat-icon_close' is clicked on

2023-08-07 18:52:45 - [TEST_STEP][PASSED] - delay(delay_3seconds): Delayed 3 second(s)

2023-08-07 18:52:48 - [MESSAGE][PASSED] - Delayed 3 second(s)

2023-08-07 18:52:48 - [TEST_STEP][PASSED] - rightClick(findTestObject("11-Cloud Files/td_Automation folder EDIT")): Object: 'Object Repository/11-Cloud Files/td_Automation folder EDIT' is right clicked on

2023-08-07 18:52:49 - [MESSAGE][PASSED] - Object: 'Object Repository/11-Cloud Files/td_Automation folder EDIT' is right clicked on

2023-08-07 18:52:49 - [TEST_STEP][PASSED] - click(findTestObject("11-Cloud Files/button_Share")): Object: 'Object Repository/11-Cloud Files/button_Share' is clicked on

2023-08-07 18:52:50 - [MESSAGE][PASSED] - Object: 'Object Repository/11-Cloud Files/button_Share' is clicked on

2023-08-07 18:52:50 - [TEST_STEP][PASSED] - verifyElementVisible(findTestObject("11-Cloud Files/mat-dialog-container_ShareFiles Modal")): Object 'Object Repository/11-Cloud Files/mat-dialog-container_ShareFiles Modal' is visible

2023-08-07 18:52:50 - [MESSAGE][PASSED] - Object 'Object Repository/11-Cloud Files/mat-dialog-container_ShareFiles Modal' is visible

2023-08-07 18:52:50 - [TEST_STEP][PASSED] - click(findTestObject("11-Cloud Files/input_Add Users")): Object: 'Object Repository/11-Cloud Files/input_Add Users' is clicked on

2023-08-07 18:52:51 - [MESSAGE][PASSED] - Object: 'Object Repository/11-Cloud Files/input_Add Users' is clicked on

2023-08-07 18:52:51 - [TEST_STEP][PASSED] - click(findTestObject("11-Cloud Files/mat-option_GTGG tester")): Object: 'Object Repository/11-Cloud Files/mat-option_GTGG tester' is clicked on

2023-08-07 18:52:51 - [MESSAGE][PASSED] - Object: 'Object Repository/11-Cloud Files/mat-option_GTGG tester' is clicked on

2023-08-07 18:52:51 - [TEST_STEP][PASSED] - click(findTestObject("10-Open Video Conference/mat-icon_cancel")): Object: 'Object Repository/10-Open Video Conference/mat-icon_cancel' is clicked on

2023-08-07 18:52:52 - [MESSAGE][PASSED] - Object: 'Object Repository/10-Open Video Conference/mat-icon_cancel' is clicked on

2023-08-07 18:52:52 - [TEST_STEP][PASSED] - delay(delay_3seconds): Delayed 3 second(s)

2023-08-07 18:52:55 - [MESSAGE][PASSED] - Delayed 3 second(s)

2023-08-07 18:52:55 - [TEST_STEP][PASSED] - click(findTestObject("11-Cloud Files/input_Add Users")): Object: 'Object Repository/11-Cloud Files/input_Add Users' is clicked on

2023-08-07 18:52:55 - [MESSAGE][PASSED] - Object: 'Object Repository/11-Cloud Files/input_Add Users' is clicked on

2023-08-07 18:52:55 - [TEST_STEP][PASSED] - click(findTestObject("11-Cloud Files/mat-option_GTGG tester 2")): Object: 'Object Repository/11-Cloud Files/mat-option_GTGG tester 2' is clicked on

2023-08-07 18:52:56 - [MESSAGE][PASSED] - Object: 'Object Repository/11-Cloud Files/mat-option_GTGG tester 2' is clicked on

2023-08-07 18:52:56 - [TEST_STEP][PASSED] - click(findTestObject("11-Cloud Files/mat-option_GTGG tester")): Object: 'Object Repository/11-Cloud Files/mat-option_GTGG tester' is clicked on

2023-08-07 18:52:56 - [MESSAGE][PASSED] - Object: 'Object Repository/11-Cloud Files/mat-option_GTGG tester' is clicked on

2023-08-07 18:52:56 - [TEST_STEP][PASSED] - clickOffset(findTestObject("11-Cloud Files/button_Copy Share Link"), 10, 10): Object: 'Object Repository/11-Cloud Files/button_Copy Share Link' is clicked on using offset x=10 and y=10

2023-08-07 18:52:57 - [MESSAGE][PASSED] - Object: 'Object Repository/11-Cloud Files/button_Copy Share Link' is clicked on using offset x=10 and y=10

2023-08-07 18:52:57 - [TEST_STEP][PASSED] - click(findTestObject("11-Cloud Files/div_mat-checkbox-notify-user")): Object: 'Object Repository/11-Cloud Files/div_mat-checkbox-notify-user' is clicked on

2023-08-07 18:52:58 - [MESSAGE][PASSED] - Object: 'Object Repository/11-Cloud Files/div_mat-checkbox-notify-user' is clicked on

2023-08-07 18:52:58 - [TEST_STEP][PASSED] - click(findTestObject("11-Cloud Files/div_mat-checkbox-notify-user")): Object: 'Object Repository/11-Cloud Files/div_mat-checkbox-notify-user' is clicked on

2023-08-07 18:52:59 - [MESSAGE][PASSED] - Object: 'Object Repository/11-Cloud Files/div_mat-checkbox-notify-user' is clicked on

2023-08-07 18:52:59 - [TEST_STEP][PASSED] - click(findTestObject("11-Cloud Files/div_dropdown")): Object: 'Object Repository/11-Cloud Files/div_dropdown' is clicked on

2023-08-07 18:53:00 - [MESSAGE][PASSED] - Object: 'Object Repository/11-Cloud Files/div_dropdown' is clicked on

2023-08-07 18:53:00 - [TEST_STEP][PASSED] - click(findTestObject("11-Cloud Files/span_Viewer")): Object: 'Object Repository/11-Cloud Files/span_Viewer' is clicked on

2023-08-07 18:53:01 - [MESSAGE][PASSED] - Object: 'Object Repository/11-Cloud Files/span_Viewer' is clicked on

2023-08-07 18:53:01 - [TEST_STEP][PASSED] - click(findTestObject("11-Cloud Files/button_sharefiles_SHARE")): Object: 'Object Repository/11-Cloud Files/button_sharefiles_SHARE' is clicked on

2023-08-07 18:53:01 - [MESSAGE][PASSED] - Object: 'Object Repository/11-Cloud Files/button_sharefiles_SHARE' is clicked on

2023-08-07 18:53:01 - [TEST_STEP][PASSED] - delay(delay_3seconds): Delayed 3 second(s)

2023-08-07 18:53:04 - [MESSAGE][PASSED] - Delayed 3 second(s)]]></system-out>
         <system-err><![CDATA[]]></system-err>
      </testcase>
      <testcase name="Test Cases/11.1 - Cloud Files (My Drive)/13-Share a folder - Edit" time="36.467" classname="Test Cases/11.1 - Cloud Files (My Drive)/13-Share a folder - Edit" status="PASSED">
         <system-out><![CDATA[2023-08-07 18:53:04 - [TEST_CASE][PASSED] - Test Cases/11.1 - Cloud Files (My Drive)/13-Share a folder - Edit: Test Cases/11.1 - Cloud Files (My Drive)/13-Share a folder - Edit

2023-08-07 18:53:05 - [TEST_STEP][PASSED] - delay(delay_3seconds): Delayed 3 second(s)

2023-08-07 18:53:08 - [MESSAGE][PASSED] - Delayed 3 second(s)

2023-08-07 18:53:08 - [TEST_STEP][PASSED] - rightClick(findTestObject("11-Cloud Files/td_Automation folder EDIT")): Object: 'Object Repository/11-Cloud Files/td_Automation folder EDIT' is right clicked on

2023-08-07 18:53:08 - [MESSAGE][PASSED] - Object: 'Object Repository/11-Cloud Files/td_Automation folder EDIT' is right clicked on

2023-08-07 18:53:08 - [TEST_STEP][PASSED] - click(findTestObject("11-Cloud Files/button_Share")): Object: 'Object Repository/11-Cloud Files/button_Share' is clicked on

2023-08-07 18:53:09 - [MESSAGE][PASSED] - Object: 'Object Repository/11-Cloud Files/button_Share' is clicked on

2023-08-07 18:53:09 - [TEST_STEP][PASSED] - verifyElementVisible(findTestObject("11-Cloud Files/mat-dialog-container_View Share Files Modal")): Object 'Object Repository/11-Cloud Files/mat-dialog-container_View Share Files Modal' is visible

2023-08-07 18:53:10 - [MESSAGE][PASSED] - Object 'Object Repository/11-Cloud Files/mat-dialog-container_View Share Files Modal' is visible

2023-08-07 18:53:10 - [TEST_STEP][PASSED] - click(findTestObject("11-Cloud Files/div_dropdown")): Object: 'Object Repository/11-Cloud Files/div_dropdown' is clicked on

2023-08-07 18:53:10 - [MESSAGE][PASSED] - Object: 'Object Repository/11-Cloud Files/div_dropdown' is clicked on

2023-08-07 18:53:10 - [TEST_STEP][PASSED] - click(findTestObject("11-Cloud Files/mat-option_manager")): Object: 'Object Repository/11-Cloud Files/mat-option_manager' is clicked on

2023-08-07 18:53:11 - [MESSAGE][PASSED] - Object: 'Object Repository/11-Cloud Files/mat-option_manager' is clicked on

2023-08-07 18:53:11 - [TEST_STEP][PASSED] - delay(delay_3seconds): Delayed 3 second(s)

2023-08-07 18:53:14 - [MESSAGE][PASSED] - Delayed 3 second(s)

2023-08-07 18:53:14 - [TEST_STEP][PASSED] - verifyElementVisible(findTestObject("11-Cloud Files/div_GTGG tester2")): Object 'Object Repository/11-Cloud Files/div_GTGG tester2' is visible

2023-08-07 18:53:14 - [MESSAGE][PASSED] - Object 'Object Repository/11-Cloud Files/div_GTGG tester2' is visible

2023-08-07 18:53:14 - [TEST_STEP][PASSED] - click(findTestObject("11-Cloud Files/div_dropdown2")): Object: 'Object Repository/11-Cloud Files/div_dropdown2' is clicked on

2023-08-07 18:53:15 - [MESSAGE][PASSED] - Object: 'Object Repository/11-Cloud Files/div_dropdown2' is clicked on

2023-08-07 18:53:15 - [TEST_STEP][PASSED] - click(findTestObject("11-Cloud Files/mat-option-checkmark_contributor")): Object: 'Object Repository/11-Cloud Files/mat-option-checkmark_contributor' is clicked on

2023-08-07 18:53:15 - [MESSAGE][PASSED] - Object: 'Object Repository/11-Cloud Files/mat-option-checkmark_contributor' is clicked on

2023-08-07 18:53:15 - [TEST_STEP][PASSED] - delay(delay_3seconds): Delayed 3 second(s)

2023-08-07 18:53:18 - [MESSAGE][PASSED] - Delayed 3 second(s)

2023-08-07 18:53:18 - [TEST_STEP][PASSED] - verifyElementVisible(findTestObject("11-Cloud Files/div_GTGG tester")): Object 'Object Repository/11-Cloud Files/div_GTGG tester' is visible

2023-08-07 18:53:19 - [MESSAGE][PASSED] - Object 'Object Repository/11-Cloud Files/div_GTGG tester' is visible

2023-08-07 18:53:19 - [TEST_STEP][PASSED] - click(findTestObject("11-Cloud Files/div_dropdown3")): Object: 'Object Repository/11-Cloud Files/div_dropdown3' is clicked on

2023-08-07 18:53:19 - [MESSAGE][PASSED] - Object: 'Object Repository/11-Cloud Files/div_dropdown3' is clicked on

2023-08-07 18:53:19 - [TEST_STEP][PASSED] - click(findTestObject("11-Cloud Files/span_delete Remove Access")): Object: 'Object Repository/11-Cloud Files/span_delete Remove Access' is clicked on

2023-08-07 18:53:20 - [MESSAGE][PASSED] - Object: 'Object Repository/11-Cloud Files/span_delete Remove Access' is clicked on

2023-08-07 18:53:20 - [TEST_STEP][PASSED] - click(findTestObject("11-Cloud Files/button_sharefiles_SHARE")): Object: 'Object Repository/11-Cloud Files/button_sharefiles_SHARE' is clicked on

2023-08-07 18:53:20 - [MESSAGE][PASSED] - Object: 'Object Repository/11-Cloud Files/button_sharefiles_SHARE' is clicked on

2023-08-07 18:53:20 - [TEST_STEP][PASSED] - delay(delay_3seconds): Delayed 3 second(s)

2023-08-07 18:53:23 - [MESSAGE][PASSED] - Delayed 3 second(s)

2023-08-07 18:53:23 - [TEST_STEP][PASSED] - rightClick(findTestObject("11-Cloud Files/td_Automation folder EDIT")): Object: 'Object Repository/11-Cloud Files/td_Automation folder EDIT' is right clicked on

2023-08-07 18:53:24 - [MESSAGE][PASSED] - Object: 'Object Repository/11-Cloud Files/td_Automation folder EDIT' is right clicked on

2023-08-07 18:53:24 - [TEST_STEP][PASSED] - click(findTestObject("11-Cloud Files/button_Share")): Object: 'Object Repository/11-Cloud Files/button_Share' is clicked on

2023-08-07 18:53:24 - [MESSAGE][PASSED] - Object: 'Object Repository/11-Cloud Files/button_Share' is clicked on

2023-08-07 18:53:24 - [TEST_STEP][PASSED] - click(findTestObject("11-Cloud Files/button_Copy Share Link")): Object: 'Object Repository/11-Cloud Files/button_Copy Share Link' is clicked on

2023-08-07 18:53:25 - [MESSAGE][PASSED] - Object: 'Object Repository/11-Cloud Files/button_Copy Share Link' is clicked on

2023-08-07 18:53:25 - [TEST_STEP][PASSED] - delay(delay_3seconds): Delayed 3 second(s)

2023-08-07 18:53:28 - [MESSAGE][PASSED] - Delayed 3 second(s)

2023-08-07 18:53:28 - [TEST_STEP][PASSED] - my_clipboard = getContents(null).getTransferData(stringFlavor): null

2023-08-07 18:53:28 - [TEST_STEP][PASSED] - navigateToUrl(my_clipboard): Navigate to 'https://xukp7.app.goo.gl/FoK6' successfully

2023-08-07 18:53:31 - [MESSAGE][PASSED] - Navigate to 'https://xukp7.app.goo.gl/FoK6' successfully

2023-08-07 18:53:31 - [TEST_STEP][PASSED] - delay(delay_4seconds): Delayed 4 second(s)

2023-08-07 18:53:35 - [MESSAGE][PASSED] - Delayed 4 second(s)

2023-08-07 18:53:35 - [TEST_STEP][PASSED] - click(findTestObject("03-Header Menu/Hamburger Button/div_Cloud Files")): Object: 'Object Repository/03-Header Menu/Hamburger Button/div_Cloud Files' is clicked on

2023-08-07 18:53:36 - [MESSAGE][PASSED] - Object: 'Object Repository/03-Header Menu/Hamburger Button/div_Cloud Files' is clicked on

2023-08-07 18:53:36 - [TEST_STEP][PASSED] - scrollToElement(findTestObject("11-Cloud Files/a_My Drive"), 0): Scroll to object 'Object Repository/11-Cloud Files/a_My Drive' successfully

2023-08-07 18:53:36 - [MESSAGE][WARNING] - Timeout '0' is invalid. Using default page load timeout: '30'

2023-08-07 18:53:37 - [MESSAGE][PASSED] - Scroll to object 'Object Repository/11-Cloud Files/a_My Drive' successfully

2023-08-07 18:53:37 - [TEST_STEP][PASSED] - click(findTestObject("11-Cloud Files/a_My Drive")): Object: 'Object Repository/11-Cloud Files/a_My Drive' is clicked on

2023-08-07 18:53:37 - [MESSAGE][PASSED] - Object: 'Object Repository/11-Cloud Files/a_My Drive' is clicked on

2023-08-07 18:53:37 - [TEST_STEP][PASSED] - click(findTestObject("11-Cloud Files/h4_MY FILES")): Object: 'Object Repository/11-Cloud Files/h4_MY FILES' is clicked on

2023-08-07 18:53:38 - [MESSAGE][PASSED] - Object: 'Object Repository/11-Cloud Files/h4_MY FILES' is clicked on

2023-08-07 18:53:38 - [TEST_STEP][PASSED] - delay(delay_3seconds): Delayed 3 second(s)

2023-08-07 18:53:41 - [MESSAGE][PASSED] - Delayed 3 second(s)]]></system-out>
         <system-err><![CDATA[]]></system-err>
      </testcase>
      <testcase name="Test Cases/11.1 - Cloud Files (My Drive)/14-Delete a file and folder" time="12.652" classname="Test Cases/11.1 - Cloud Files (My Drive)/14-Delete a file and folder" status="PASSED">
         <system-out><![CDATA[2023-08-07 18:53:41 - [TEST_CASE][PASSED] - Test Cases/11.1 - Cloud Files (My Drive)/14-Delete a file and folder: Test Cases/11.1 - Cloud Files (My Drive)/14-Delete a file and folder

2023-08-07 18:53:41 - [TEST_STEP][PASSED] - rightClick(findTestObject("11-Cloud Files/td_Automation folder EDIT")): Object: 'Object Repository/11-Cloud Files/td_Automation folder EDIT' is right clicked on

2023-08-07 18:53:42 - [MESSAGE][PASSED] - Object: 'Object Repository/11-Cloud Files/td_Automation folder EDIT' is right clicked on

2023-08-07 18:53:42 - [TEST_STEP][PASSED] - click(findTestObject("11-Cloud Files/button_deleteDelete")): Object: 'Object Repository/11-Cloud Files/button_deleteDelete' is clicked on

2023-08-07 18:53:42 - [MESSAGE][PASSED] - Object: 'Object Repository/11-Cloud Files/button_deleteDelete' is clicked on

2023-08-07 18:53:42 - [TEST_STEP][PASSED] - verifyElementVisible(findTestObject("11-Cloud Files/mat-dialog-container_DeleteConfirmationModal")): Object 'Object Repository/11-Cloud Files/mat-dialog-container_DeleteConfirmationModal' is visible

2023-08-07 18:53:43 - [MESSAGE][PASSED] - Object 'Object Repository/11-Cloud Files/mat-dialog-container_DeleteConfirmationModal' is visible

2023-08-07 18:53:43 - [TEST_STEP][PASSED] - click(findTestObject("11-Cloud Files/button_Confirm")): Object: 'Object Repository/11-Cloud Files/button_Confirm' is clicked on

2023-08-07 18:53:43 - [MESSAGE][PASSED] - Object: 'Object Repository/11-Cloud Files/button_Confirm' is clicked on

2023-08-07 18:53:43 - [TEST_STEP][PASSED] - delay(delay_3seconds): Delayed 3 second(s)

2023-08-07 18:53:46 - [MESSAGE][PASSED] - Delayed 3 second(s)

2023-08-07 18:53:46 - [TEST_STEP][PASSED] - rightClick(findTestObject("11-Cloud Files/td_qa EditPeople")): Object: 'Object Repository/11-Cloud Files/td_qa EditPeople' is right clicked on

2023-08-07 18:53:47 - [MESSAGE][PASSED] - Object: 'Object Repository/11-Cloud Files/td_qa EditPeople' is right clicked on

2023-08-07 18:53:47 - [TEST_STEP][PASSED] - click(findTestObject("11-Cloud Files/button_deleteDelete")): Object: 'Object Repository/11-Cloud Files/button_deleteDelete' is clicked on

2023-08-07 18:53:48 - [MESSAGE][PASSED] - Object: 'Object Repository/11-Cloud Files/button_deleteDelete' is clicked on

2023-08-07 18:53:48 - [TEST_STEP][PASSED] - verifyElementVisible(findTestObject("11-Cloud Files/mat-dialog-container_DeleteConfirmationModal")): Object 'Object Repository/11-Cloud Files/mat-dialog-container_DeleteConfirmationModal' is visible

2023-08-07 18:53:48 - [MESSAGE][PASSED] - Object 'Object Repository/11-Cloud Files/mat-dialog-container_DeleteConfirmationModal' is visible

2023-08-07 18:53:48 - [TEST_STEP][PASSED] - click(findTestObject("11-Cloud Files/button_Confirm")): Object: 'Object Repository/11-Cloud Files/button_Confirm' is clicked on

2023-08-07 18:53:49 - [MESSAGE][PASSED] - Object: 'Object Repository/11-Cloud Files/button_Confirm' is clicked on

2023-08-07 18:53:49 - [TEST_STEP][PASSED] - delay(delay_4seconds): Delayed 4 second(s)

2023-08-07 18:53:53 - [MESSAGE][PASSED] - Delayed 4 second(s)

2023-08-07 18:53:53 - [TEST_STEP][PASSED] - closeBrowser(): Browser is closed

2023-08-07 18:53:54 - [MESSAGE][PASSED] - Browser is closed]]></system-out>
         <system-err><![CDATA[]]></system-err>
      </testcase>
      <system-out><![CDATA[2023-08-07 18:45:26 - [TEST_SUITE][PASSED] - 11.1 - Cloud Files(My Drive): Test Cases/11.1 - Cloud Files (My Drive)/14-Delete a file and folder]]></system-out>
      <system-err><![CDATA[]]></system-err>
   </testsuite>
</testsuites>
