<?xml version="1.0" encoding="UTF-8"?>
<testsuites name="13.2-EL Sign (Received Documents)" time="198.651" tests="5" failures="0" errors="0">
   <testsuite name="13.2-EL Sign (Received Documents)" tests="5" failures="0" errors="0" time="198.651" skipped="0" timestamp="2023-08-04 20:36:57" hostname="Personal - DESKTOP-TFDFEQ1" id="Test Suites/TS-Organization/13.2-EL Sign (Received Documents)">
      <properties>
         <property name="deviceName" value=""/>
         <property name="devicePlatform" value=""/>
         <property name="logFolder" value="C:\\Users\\Personal\\Documents\\GitHub\\Everleagues\\Reports\\20230804_203655\\TS-Organization\\13.2-EL Sign (Received Documents)\\20230804_203655"/>
         <property name="logFiles" value="C:\\Users\\Personal\\Documents\\GitHub\\Everleagues\\Reports\\20230804_203655\\TS-Organization\\13.2-EL Sign (Received Documents)\\20230804_203655\\execution0.log"/>
         <property name="attachments" value=""/>
         <property name="hostName" value="Personal - DESKTOP-TFDFEQ1"/>
         <property name="os" value="Windows 11 64bit"/>
         <property name="katalonVersion" value="8.6.5.208"/>
         <property name="browser" value="Chrome 115.0.0.0"/>
         <property name="hostAddress" value="10.100.1.38"/>
         <property name="sessionId" value="bf9daf73fe804f009d7d30c514f1936d"/>
         <property name="seleniumVersion" value="3.141.59"/>
         <property name="proxyInformation" value="ProxyInformation { proxyOption=NO_PROXY, proxyServerType=HTTP, username=, password=********, proxyServerAddress=, proxyServerPort=0, executionList=&quot;&quot;, isApplyToDesiredCapabilities=true }"/>
         <property name="platform" value="Windows 11"/>
      </properties>
      <testcase name="Test Cases/13-EL Sign/10-Received Documents(Sign a Document)" time="146.569" classname="Test Cases/13-EL Sign/10-Received Documents(Sign a Document)" status="PASSED">
         <system-out><![CDATA[2023-08-04 20:36:57 - [TEST_CASE][PASSED] - Test Cases/13-EL Sign/10-Received Documents(Sign a Document): Test Cases/13-EL Sign/10-Received Documents(Sign a Document)

2023-08-04 20:36:57 - [TEST_STEP][PASSED] - openBrowser(""): Browser is opened with url: ''

2023-08-04 20:36:57 - [MESSAGE][INFO] - Starting 'Chrome' driver

2023-08-04 20:36:57 - [MESSAGE][INFO] - User set preference: ['args', '[--disable-web-security, --ignore-certificate-errors, --no-first-run, --disable-gpu]']

2023-08-04 20:36:57 - [MESSAGE][INFO] - Action delay is set to 0 milliseconds

2023-08-04 20:36:59 - [MESSAGE][PASSED] - Browser is opened with url: ''

2023-08-04 20:36:59 - [TEST_STEP][PASSED] - navigateToUrl(appURL): Navigate to 'https://lab.everleagues.com/login' successfully

2023-08-04 20:37:11 - [MESSAGE][PASSED] - Navigate to 'https://lab.everleagues.com/login' successfully

2023-08-04 20:37:11 - [TEST_STEP][PASSED] - maximizeWindow(): Current window maximized

2023-08-04 20:37:11 - [MESSAGE][PASSED] - Current window maximized

2023-08-04 20:37:11 - [TEST_STEP][PASSED] - callTestCase(findTestCase("01-Login and Forgot Password/04-Login(Valid Credentials-With Subscription)"), [:], STOP_ON_FAILURE): Call Test Case 'Test Cases/01-Login and Forgot Password/04-Login(Valid Credentials-With Subscription)' successfully

2023-08-04 20:37:11 - [TEST_CASE][PASSED] - Test Cases/01-Login and Forgot Password/04-Login(Valid Credentials-With Subscription): Test Cases/01-Login and Forgot Password/04-Login(Valid Credentials-With Subscription)

2023-08-04 20:37:11 - [TEST_STEP][PASSED] - setText(findTestObject("01-Login and Forgot Password/input_Email_email"), email_with_subscription): Text 'testuser005@mailinator.com' is set on object 'Object Repository/01-Login and Forgot Password/input_Email_email'

2023-08-04 20:37:12 - [MESSAGE][PASSED] - Text 'testuser005@mailinator.com' is set on object 'Object Repository/01-Login and Forgot Password/input_Email_email'

2023-08-04 20:37:12 - [TEST_STEP][PASSED] - setEncryptedText(findTestObject("01-Login and Forgot Password/input_Email_password"), password): Text ****** has been set on object 'Object Repository/01-Login and Forgot Password/input_Email_password'

2023-08-04 20:37:13 - [MESSAGE][PASSED] - Text ****** has been set on object 'Object Repository/01-Login and Forgot Password/input_Email_password'

2023-08-04 20:37:13 - [TEST_STEP][PASSED] - delay(delay_2seconds): Delayed 2 second(s)

2023-08-04 20:37:15 - [MESSAGE][PASSED] - Delayed 2 second(s)

2023-08-04 20:37:15 - [TEST_STEP][PASSED] - click(findTestObject("01-Login and Forgot Password/show pass button")): Object: 'Object Repository/01-Login and Forgot Password/show pass button' is clicked on

2023-08-04 20:37:15 - [MESSAGE][PASSED] - Object: 'Object Repository/01-Login and Forgot Password/show pass button' is clicked on

2023-08-04 20:37:15 - [TEST_STEP][PASSED] - delay(delay_3seconds): Delayed 3 second(s)

2023-08-04 20:37:18 - [MESSAGE][PASSED] - Delayed 3 second(s)

2023-08-04 20:37:18 - [TEST_STEP][PASSED] - click(findTestObject("01-Login and Forgot Password/button_Sign in")): Object: 'Object Repository/01-Login and Forgot Password/button_Sign in' is clicked on

2023-08-04 20:37:18 - [MESSAGE][PASSED] - Object: 'Object Repository/01-Login and Forgot Password/button_Sign in' is clicked on

2023-08-04 20:37:18 - [TEST_STEP][PASSED] - delay(delay_3seconds): Delayed 3 second(s)

2023-08-04 20:37:21 - [MESSAGE][PASSED] - Delayed 3 second(s)

2023-08-04 20:37:21 - [TEST_STEP][PASSED] - executeJavaScript("window.open();", []): Execute JavaScript 'window.open();' successfully

2023-08-04 20:37:21 - [MESSAGE][PASSED] - Execute JavaScript 'window.open();' successfully

2023-08-04 20:37:21 - [TEST_STEP][PASSED] - currentWindow = getWindowIndex(): Current window's index is: 0

2023-08-04 20:37:21 - [MESSAGE][PASSED] - Current window's index is: 0

2023-08-04 20:37:21 - [TEST_STEP][PASSED] - delay(delay_3seconds): Delayed 3 second(s)

2023-08-04 20:37:24 - [MESSAGE][PASSED] - Delayed 3 second(s)

2023-08-04 20:37:24 - [TEST_STEP][PASSED] - switchToWindowIndex(currentWindow + 1): Switched to window with index: '1'

2023-08-04 20:37:24 - [MESSAGE][PASSED] - Switched to window with index: '1'

2023-08-04 20:37:24 - [TEST_STEP][PASSED] - navigateToUrl(app_mailinator): Navigate to 'https://www.mailinator.com/' successfully

2023-08-04 20:37:31 - [MESSAGE][PASSED] - Navigate to 'https://www.mailinator.com/' successfully

2023-08-04 20:37:31 - [TEST_STEP][PASSED] - delay(delay_3seconds): Delayed 3 second(s)

2023-08-04 20:37:34 - [MESSAGE][PASSED] - Delayed 3 second(s)

2023-08-04 20:37:34 - [TEST_STEP][PASSED] - setText(findTestObject("00-Signup and Activation/zMailinator/input_LOGIN_search"), email_for_searchmailinator_testuser05): Text 'testuser005@mailinator.com' is set on object 'Object Repository/00-Signup and Activation/zMailinator/input_LOGIN_search'

2023-08-04 20:37:35 - [MESSAGE][PASSED] - Text 'testuser005@mailinator.com' is set on object 'Object Repository/00-Signup and Activation/zMailinator/input_LOGIN_search'

2023-08-04 20:37:35 - [TEST_STEP][PASSED] - click(findTestObject("00-Signup and Activation/zMailinator/gobutton"), STOP_ON_FAILURE): Object: 'Object Repository/00-Signup and Activation/zMailinator/gobutton' is clicked on

2023-08-04 20:37:36 - [MESSAGE][PASSED] - Object: 'Object Repository/00-Signup and Activation/zMailinator/gobutton' is clicked on

2023-08-04 20:37:36 - [TEST_STEP][PASSED] - delay(delay_10seconds): Delayed 10 second(s)

2023-08-04 20:37:46 - [MESSAGE][PASSED] - Delayed 10 second(s)

2023-08-04 20:37:46 - [TEST_STEP][PASSED] - click(findTestObject("00-Signup and Activation/zMailinator/Email - everleagues")): Object: 'Object Repository/00-Signup and Activation/zMailinator/Email - everleagues' is clicked on

2023-08-04 20:37:46 - [MESSAGE][PASSED] - Object: 'Object Repository/00-Signup and Activation/zMailinator/Email - everleagues' is clicked on

2023-08-04 20:37:46 - [TEST_STEP][PASSED] - delay(delay_5seconds): Delayed 5 second(s)

2023-08-04 20:37:51 - [MESSAGE][PASSED] - Delayed 5 second(s)

2023-08-04 20:37:51 - [TEST_STEP][PASSED] - code = getText(findTestObject("Object Repository/06-Teams/For 2FA/2FA code")): Text of object 'Object Repository/06-Teams/For 2FA/2FA code' is: '335097'

2023-08-04 20:37:52 - [MESSAGE][PASSED] - Text of object 'Object Repository/06-Teams/For 2FA/2FA code' is: '335097'

2023-08-04 20:37:52 - [TEST_STEP][PASSED] - delay(delay_3seconds): Delayed 3 second(s)

2023-08-04 20:37:55 - [MESSAGE][PASSED] - Delayed 3 second(s)

2023-08-04 20:37:55 - [TEST_STEP][PASSED] - closeWindowTitle("Mailinator"): Window with title: 'Mailinator' is closed

2023-08-04 20:37:55 - [MESSAGE][PASSED] - Window with title: 'Mailinator' is closed

2023-08-04 20:37:55 - [TEST_STEP][PASSED] - delay(delay_5seconds): Delayed 5 second(s)

2023-08-04 20:38:00 - [MESSAGE][PASSED] - Delayed 5 second(s)

2023-08-04 20:38:00 - [TEST_STEP][PASSED] - switchToWindowIndex(0): Switched to window with index: '0'

2023-08-04 20:38:00 - [MESSAGE][PASSED] - Switched to window with index: '0'

2023-08-04 20:38:00 - [TEST_STEP][PASSED] - delay(delay_3seconds): Delayed 3 second(s)

2023-08-04 20:38:03 - [MESSAGE][PASSED] - Delayed 3 second(s)

2023-08-04 20:38:03 - [TEST_STEP][PASSED] - setText(findTestObject("Object Repository/06-Teams/For 2FA/input_Enter verification code_code"), code): Text '335097' is set on object 'Object Repository/06-Teams/For 2FA/input_Enter verification code_code'

2023-08-04 20:38:04 - [MESSAGE][PASSED] - Text '335097' is set on object 'Object Repository/06-Teams/For 2FA/input_Enter verification code_code'

2023-08-04 20:38:04 - [TEST_STEP][PASSED] - delay(delay_3seconds): Delayed 3 second(s)

2023-08-04 20:38:07 - [MESSAGE][PASSED] - Delayed 3 second(s)

2023-08-04 20:38:07 - [TEST_STEP][PASSED] - click(findTestObject("06-Teams/For 2FA/button_Verify_2FA")): Object: 'Object Repository/06-Teams/For 2FA/button_Verify_2FA' is clicked on

2023-08-04 20:38:07 - [MESSAGE][PASSED] - Object: 'Object Repository/06-Teams/For 2FA/button_Verify_2FA' is clicked on

2023-08-04 20:38:07 - [TEST_STEP][PASSED] - delay(delay_3seconds): Delayed 3 second(s)

2023-08-04 20:38:10 - [MESSAGE][PASSED] - Delayed 3 second(s)

2023-08-04 20:38:10 - [MESSAGE][PASSED] - Call Test Case 'Test Cases/01-Login and Forgot Password/04-Login(Valid Credentials-With Subscription)' successfully

2023-08-04 20:38:10 - [TEST_STEP][PASSED] - click(findTestObject("06-Teams/button_doublearrow")): Object: 'Object Repository/06-Teams/button_doublearrow' is clicked on

2023-08-04 20:38:13 - [MESSAGE][PASSED] - Object: 'Object Repository/06-Teams/button_doublearrow' is clicked on

2023-08-04 20:38:13 - [TEST_STEP][PASSED] - click(findTestObject("06-Teams/button_My Organizations")): Object: 'Object Repository/06-Teams/button_My Organizations' is clicked on

2023-08-04 20:38:14 - [MESSAGE][PASSED] - Object: 'Object Repository/06-Teams/button_My Organizations' is clicked on

2023-08-04 20:38:14 - [TEST_STEP][PASSED] - click(findTestObject("02-Side Icons(Organization)/Add Contact/button_Automation Test Org")): Object: 'Object Repository/02-Side Icons(Organization)/Add Contact/button_Automation Test Org' is clicked on

2023-08-04 20:38:15 - [MESSAGE][PASSED] - Object: 'Object Repository/02-Side Icons(Organization)/Add Contact/button_Automation Test Org' is clicked on

2023-08-04 20:38:15 - [TEST_STEP][PASSED] - delay(delay_4seconds): Delayed 4 second(s)

2023-08-04 20:38:19 - [MESSAGE][PASSED] - Delayed 4 second(s)

2023-08-04 20:38:19 - [TEST_STEP][PASSED] - verifyElementVisible(findTestObject("02-Side Icons(Organization)/Add Contact/span_Automation Test Org")): Object 'Object Repository/02-Side Icons(Organization)/Add Contact/span_Automation Test Org' is visible

2023-08-04 20:38:20 - [MESSAGE][PASSED] - Object 'Object Repository/02-Side Icons(Organization)/Add Contact/span_Automation Test Org' is visible

2023-08-04 20:38:20 - [TEST_STEP][PASSED] - delay(delay_5seconds): Delayed 5 second(s)

2023-08-04 20:38:25 - [MESSAGE][PASSED] - Delayed 5 second(s)

2023-08-04 20:38:25 - [TEST_STEP][PASSED] - scrollToElement(findTestObject("03-Header Menu/Hamburger Button/div_ELSign"), 0): Scroll to object 'Object Repository/03-Header Menu/Hamburger Button/div_ELSign' successfully

2023-08-04 20:38:25 - [MESSAGE][WARNING] - Timeout '0' is invalid. Using default page load timeout: '30'

2023-08-04 20:38:25 - [MESSAGE][PASSED] - Scroll to object 'Object Repository/03-Header Menu/Hamburger Button/div_ELSign' successfully

2023-08-04 20:38:25 - [TEST_STEP][PASSED] - click(findTestObject("03-Header Menu/Hamburger Button/div_ELSign")): Object: 'Object Repository/03-Header Menu/Hamburger Button/div_ELSign' is clicked on

2023-08-04 20:38:26 - [MESSAGE][PASSED] - Object: 'Object Repository/03-Header Menu/Hamburger Button/div_ELSign' is clicked on

2023-08-04 20:38:26 - [TEST_STEP][PASSED] - verifyElementVisible(findTestObject("03-Header Menu/Hamburger Button/div_ELSign")): Object 'Object Repository/03-Header Menu/Hamburger Button/div_ELSign' is visible

2023-08-04 20:38:27 - [MESSAGE][PASSED] - Object 'Object Repository/03-Header Menu/Hamburger Button/div_ELSign' is visible

2023-08-04 20:38:27 - [TEST_STEP][PASSED] - verifyElementVisible(findTestObject("13-EL Sign/h4_ELSign")): Object 'Object Repository/13-EL Sign/h4_ELSign' is visible

2023-08-04 20:38:28 - [MESSAGE][PASSED] - Object 'Object Repository/13-EL Sign/h4_ELSign' is visible

2023-08-04 20:38:28 - [TEST_STEP][PASSED] - delay(delay_3seconds): Delayed 3 second(s)

2023-08-04 20:38:31 - [MESSAGE][PASSED] - Delayed 3 second(s)

2023-08-04 20:38:31 - [TEST_STEP][PASSED] - click(findTestObject("13-EL Sign/div_Received Documents")): Object: 'Object Repository/13-EL Sign/div_Received Documents' is clicked on

2023-08-04 20:38:31 - [MESSAGE][PASSED] - Object: 'Object Repository/13-EL Sign/div_Received Documents' is clicked on

2023-08-04 20:38:31 - [TEST_STEP][PASSED] - delay(delay_3seconds): Delayed 3 second(s)

2023-08-04 20:38:34 - [MESSAGE][PASSED] - Delayed 3 second(s)

2023-08-04 20:38:34 - [TEST_STEP][PASSED] - click(findTestObject("13-EL Sign/button_create")): Object: 'Object Repository/13-EL Sign/button_create' is clicked on

2023-08-04 20:38:35 - [MESSAGE][PASSED] - Object: 'Object Repository/13-EL Sign/button_create' is clicked on

2023-08-04 20:38:35 - [TEST_STEP][PASSED] - delay(delay_3seconds): Delayed 3 second(s)

2023-08-04 20:38:38 - [MESSAGE][PASSED] - Delayed 3 second(s)

2023-08-04 20:38:38 - [TEST_STEP][PASSED] - verifyElementVisible(findTestObject("13-EL Sign/div_EL Sign Consent")): Object 'Object Repository/13-EL Sign/div_EL Sign Consent' is visible

2023-08-04 20:38:38 - [MESSAGE][PASSED] - Object 'Object Repository/13-EL Sign/div_EL Sign Consent' is visible

2023-08-04 20:38:38 - [TEST_STEP][PASSED] - delay(delay_3seconds): Delayed 3 second(s)

2023-08-04 20:38:41 - [MESSAGE][PASSED] - Delayed 3 second(s)

2023-08-04 20:38:41 - [TEST_STEP][PASSED] - click(findTestObject("13-EL Sign/checkbox_I have read and agree to the above")): Object: 'Object Repository/13-EL Sign/checkbox_I have read and agree to the above' is clicked on

2023-08-04 20:38:41 - [MESSAGE][PASSED] - Object: 'Object Repository/13-EL Sign/checkbox_I have read and agree to the above' is clicked on

2023-08-04 20:38:41 - [TEST_STEP][PASSED] - delay(delay_3seconds): Delayed 3 second(s)

2023-08-04 20:38:44 - [MESSAGE][PASSED] - Delayed 3 second(s)

2023-08-04 20:38:44 - [TEST_STEP][PASSED] - click(findTestObject("13-EL Sign/button_BEGIN")): Object: 'Object Repository/13-EL Sign/button_BEGIN' is clicked on

2023-08-04 20:38:45 - [MESSAGE][PASSED] - Object: 'Object Repository/13-EL Sign/button_BEGIN' is clicked on

2023-08-04 20:38:45 - [TEST_STEP][PASSED] - delay(delay_3seconds): Delayed 3 second(s)

2023-08-04 20:38:48 - [MESSAGE][PASSED] - Delayed 3 second(s)

2023-08-04 20:38:48 - [TEST_STEP][PASSED] - click(findTestObject("13-EL Sign/div_date")): Object: 'Object Repository/13-EL Sign/div_date' is clicked on

2023-08-04 20:38:48 - [MESSAGE][PASSED] - Object: 'Object Repository/13-EL Sign/div_date' is clicked on

2023-08-04 20:38:48 - [TEST_STEP][PASSED] - delay(delay_2seconds): Delayed 2 second(s)

2023-08-04 20:38:50 - [MESSAGE][PASSED] - Delayed 2 second(s)

2023-08-04 20:38:50 - [TEST_STEP][PASSED] - click(findTestObject("13-EL Sign/div_date")): Object: 'Object Repository/13-EL Sign/div_date' is clicked on

2023-08-04 20:38:51 - [MESSAGE][PASSED] - Object: 'Object Repository/13-EL Sign/div_date' is clicked on

2023-08-04 20:38:51 - [TEST_STEP][PASSED] - click(findTestObject("13-EL Sign/div_initial")): Object: 'Object Repository/13-EL Sign/div_initial' is clicked on

2023-08-04 20:38:51 - [MESSAGE][PASSED] - Object: 'Object Repository/13-EL Sign/div_initial' is clicked on

2023-08-04 20:38:51 - [TEST_STEP][PASSED] - verifyElementVisible(findTestObject("13-EL Sign/mat-dialog-container_InitialModal")): Object 'Object Repository/13-EL Sign/mat-dialog-container_InitialModal' is visible

2023-08-04 20:38:52 - [MESSAGE][PASSED] - Object 'Object Repository/13-EL Sign/mat-dialog-container_InitialModal' is visible

2023-08-04 20:38:52 - [TEST_STEP][PASSED] - click(findTestObject("13-EL Sign/button_Save3")): Object: 'Object Repository/13-EL Sign/button_Save3' is clicked on

2023-08-04 20:38:52 - [MESSAGE][PASSED] - Object: 'Object Repository/13-EL Sign/button_Save3' is clicked on

2023-08-04 20:38:52 - [TEST_STEP][PASSED] - delay(delay_3seconds): Delayed 3 second(s)

2023-08-04 20:38:55 - [MESSAGE][PASSED] - Delayed 3 second(s)

2023-08-04 20:38:55 - [TEST_STEP][PASSED] - click(findTestObject("13-EL Sign/div_signature")): Object: 'Object Repository/13-EL Sign/div_signature' is clicked on

2023-08-04 20:38:56 - [MESSAGE][PASSED] - Object: 'Object Repository/13-EL Sign/div_signature' is clicked on

2023-08-04 20:38:56 - [TEST_STEP][PASSED] - verifyElementVisible(findTestObject("13-EL Sign/mat-dialog-container_SignatureSettingsModal")): Object 'Object Repository/13-EL Sign/mat-dialog-container_SignatureSettingsModal' is visible

2023-08-04 20:38:56 - [MESSAGE][PASSED] - Object 'Object Repository/13-EL Sign/mat-dialog-container_SignatureSettingsModal' is visible

2023-08-04 20:38:56 - [TEST_STEP][PASSED] - click(findTestObject("13-EL Sign/checkbox_type")): Object: 'Object Repository/13-EL Sign/checkbox_type' is clicked on

2023-08-04 20:38:57 - [MESSAGE][PASSED] - Object: 'Object Repository/13-EL Sign/checkbox_type' is clicked on

2023-08-04 20:38:57 - [TEST_STEP][PASSED] - setAlertText("GG TESTER Signature"): Set alert text 'GG TESTER Signature' successfully

2023-08-04 20:38:57 - [MESSAGE][PASSED] - Set alert text 'GG TESTER Signature' successfully

2023-08-04 20:38:57 - [TEST_STEP][PASSED] - acceptAlert(): Alert accepted

2023-08-04 20:38:57 - [MESSAGE][PASSED] - Alert accepted

2023-08-04 20:38:57 - [TEST_STEP][PASSED] - click(findTestObject("13-EL Sign/button_save Save Settings")): Object: 'Object Repository/13-EL Sign/button_save Save Settings' is clicked on

2023-08-04 20:38:58 - [MESSAGE][PASSED] - Object: 'Object Repository/13-EL Sign/button_save Save Settings' is clicked on

2023-08-04 20:38:58 - [TEST_STEP][PASSED] - delay(delay_3seconds): Delayed 3 second(s)

2023-08-04 20:39:01 - [MESSAGE][PASSED] - Delayed 3 second(s)

2023-08-04 20:39:01 - [TEST_STEP][PASSED] - click(findTestObject("13-EL Sign/div_signature2")): Object: 'Object Repository/13-EL Sign/div_signature2' is clicked on

2023-08-04 20:39:01 - [MESSAGE][PASSED] - Object: 'Object Repository/13-EL Sign/div_signature2' is clicked on

2023-08-04 20:39:01 - [TEST_STEP][PASSED] - uploadpackage.Upload.uploadFile(findTestObject("13-EL Sign/div_upload_mat-checkbox"), upload_file): uploadpackage.Upload.uploadFile is PASSED

2023-08-04 20:39:02 - [MESSAGE][PASSED] - Object: 'Object Repository/13-EL Sign/div_upload_mat-checkbox' is clicked on

2023-08-04 20:39:02 - [MESSAGE][PASSED] - uploadpackage.Upload.uploadFile is PASSED

2023-08-04 20:39:02 - [TEST_STEP][PASSED] - delay(delay_3seconds): Delayed 3 second(s)

2023-08-04 20:39:05 - [MESSAGE][PASSED] - Delayed 3 second(s)

2023-08-04 20:39:05 - [TEST_STEP][PASSED] - click(findTestObject("13-EL Sign/button_save Save Settings")): Object: 'Object Repository/13-EL Sign/button_save Save Settings' is clicked on

2023-08-04 20:39:05 - [MESSAGE][PASSED] - Object: 'Object Repository/13-EL Sign/button_save Save Settings' is clicked on

2023-08-04 20:39:05 - [TEST_STEP][PASSED] - delay(delay_3seconds): Delayed 3 second(s)

2023-08-04 20:39:08 - [MESSAGE][PASSED] - Delayed 3 second(s)

2023-08-04 20:39:08 - [TEST_STEP][PASSED] - click(findTestObject("13-EL Sign/button_completenavigate_next")): Object: 'Object Repository/13-EL Sign/button_completenavigate_next' is clicked on

2023-08-04 20:39:09 - [MESSAGE][PASSED] - Object: 'Object Repository/13-EL Sign/button_completenavigate_next' is clicked on

2023-08-04 20:39:09 - [TEST_STEP][PASSED] - delay(delay_3seconds): Delayed 3 second(s)

2023-08-04 20:39:12 - [MESSAGE][PASSED] - Delayed 3 second(s)

2023-08-04 20:39:12 - [TEST_STEP][PASSED] - verifyElementVisible(findTestObject("13-EL Sign/font_Please review and press the submit button to finish signing")): Object 'Object Repository/13-EL Sign/font_Please review and press the submit button to finish signing' is visible

2023-08-04 20:39:12 - [MESSAGE][PASSED] - Object 'Object Repository/13-EL Sign/font_Please review and press the submit button to finish signing' is visible

2023-08-04 20:39:12 - [TEST_STEP][PASSED] - click(findTestObject("13-EL Sign/button_REVIEW")): Object: 'Object Repository/13-EL Sign/button_REVIEW' is clicked on

2023-08-04 20:39:12 - [MESSAGE][PASSED] - Object: 'Object Repository/13-EL Sign/button_REVIEW' is clicked on

2023-08-04 20:39:12 - [TEST_STEP][PASSED] - switchToWindowIndex(1): Switched to window with index: '1'

2023-08-04 20:39:16 - [MESSAGE][PASSED] - Switched to window with index: '1'

2023-08-04 20:39:16 - [TEST_STEP][PASSED] - closeWindowIndex(1): Window with index 1 is closed

2023-08-04 20:39:16 - [MESSAGE][PASSED] - Window with index 1 is closed

2023-08-04 20:39:16 - [TEST_STEP][PASSED] - switchToWindowIndex(0): Switched to window with index: '0'

2023-08-04 20:39:16 - [MESSAGE][PASSED] - Switched to window with index: '0'

2023-08-04 20:39:16 - [TEST_STEP][PASSED] - click(findTestObject("13-EL Sign/button_EDIT")): Object: 'Object Repository/13-EL Sign/button_EDIT' is clicked on

2023-08-04 20:39:17 - [MESSAGE][PASSED] - Object: 'Object Repository/13-EL Sign/button_EDIT' is clicked on

2023-08-04 20:39:17 - [TEST_STEP][PASSED] - delay(delay_3seconds): Delayed 3 second(s)

2023-08-04 20:39:20 - [MESSAGE][PASSED] - Delayed 3 second(s)

2023-08-04 20:39:20 - [TEST_STEP][PASSED] - click(findTestObject("13-EL Sign/button_completenavigate_next")): Object: 'Object Repository/13-EL Sign/button_completenavigate_next' is clicked on

2023-08-04 20:39:20 - [MESSAGE][PASSED] - Object: 'Object Repository/13-EL Sign/button_completenavigate_next' is clicked on

2023-08-04 20:39:20 - [TEST_STEP][PASSED] - delay(delay_3seconds): Delayed 3 second(s)

2023-08-04 20:39:23 - [MESSAGE][PASSED] - Delayed 3 second(s)

2023-08-04 20:39:23 - [TEST_STEP][PASSED] - click(findTestObject("13-EL Sign/button_SUBMIT")): Object: 'Object Repository/13-EL Sign/button_SUBMIT' is clicked on

2023-08-04 20:39:23 - [MESSAGE][PASSED] - Object: 'Object Repository/13-EL Sign/button_SUBMIT' is clicked on]]></system-out>
         <system-err><![CDATA[]]></system-err>
      </testcase>
      <testcase name="Test Cases/13-EL Sign/11-Send Documents(Download Document and Certificate)" time="18.21" classname="Test Cases/13-EL Sign/11-Send Documents(Download Document and Certificate)" status="PASSED">
         <system-out><![CDATA[2023-08-04 20:39:23 - [TEST_CASE][PASSED] - Test Cases/13-EL Sign/11-Send Documents(Download Document and Certificate): Test Cases/13-EL Sign/11-Send Documents(Download Document and Certificate)

2023-08-04 20:39:24 - [TEST_STEP][PASSED] - delay(delay_3seconds): Delayed 3 second(s)

2023-08-04 20:39:27 - [MESSAGE][PASSED] - Delayed 3 second(s)

2023-08-04 20:39:27 - [TEST_STEP][PASSED] - click(findTestObject("13-EL Sign/div_Send Documents")): Object: 'Object Repository/13-EL Sign/div_Send Documents' is clicked on

2023-08-04 20:39:27 - [MESSAGE][PASSED] - Object: 'Object Repository/13-EL Sign/div_Send Documents' is clicked on

2023-08-04 20:39:27 - [TEST_STEP][PASSED] - delay(delay_3seconds): Delayed 3 second(s)

2023-08-04 20:39:30 - [MESSAGE][PASSED] - Delayed 3 second(s)

2023-08-04 20:39:30 - [TEST_STEP][PASSED] - click(findTestObject("13-EL Sign/mat-icon_refresh")): Object: 'Object Repository/13-EL Sign/mat-icon_refresh' is clicked on

2023-08-04 20:39:31 - [MESSAGE][PASSED] - Object: 'Object Repository/13-EL Sign/mat-icon_refresh' is clicked on

2023-08-04 20:39:31 - [TEST_STEP][PASSED] - delay(delay_3seconds): Delayed 3 second(s)

2023-08-04 20:39:34 - [MESSAGE][PASSED] - Delayed 3 second(s)

2023-08-04 20:39:34 - [TEST_STEP][PASSED] - click(findTestObject("13-EL Sign/button_Download document")): Object: 'Object Repository/13-EL Sign/button_Download document' is clicked on

2023-08-04 20:39:34 - [MESSAGE][PASSED] - Object: 'Object Repository/13-EL Sign/button_Download document' is clicked on

2023-08-04 20:39:34 - [TEST_STEP][PASSED] - delay(delay_3seconds): Delayed 3 second(s)

2023-08-04 20:39:37 - [MESSAGE][PASSED] - Delayed 3 second(s)

2023-08-04 20:39:37 - [TEST_STEP][PASSED] - click(findTestObject("13-EL Sign/button_Download certificate")): Object: 'Object Repository/13-EL Sign/button_Download certificate' is clicked on

2023-08-04 20:39:38 - [MESSAGE][PASSED] - Object: 'Object Repository/13-EL Sign/button_Download certificate' is clicked on

2023-08-04 20:39:38 - [TEST_STEP][PASSED] - switchToWindowIndex(1): Switched to window with index: '1'

2023-08-04 20:39:39 - [MESSAGE][PASSED] - Switched to window with index: '1'

2023-08-04 20:39:39 - [TEST_STEP][PASSED] - closeWindowIndex(1): Window with index 1 is closed

2023-08-04 20:39:39 - [MESSAGE][PASSED] - Window with index 1 is closed

2023-08-04 20:39:39 - [TEST_STEP][PASSED] - switchToWindowIndex(0): Switched to window with index: '0'

2023-08-04 20:39:39 - [MESSAGE][PASSED] - Switched to window with index: '0'

2023-08-04 20:39:39 - [TEST_STEP][PASSED] - delay(delay_3seconds): Delayed 3 second(s)

2023-08-04 20:39:42 - [MESSAGE][PASSED] - Delayed 3 second(s)]]></system-out>
         <system-err><![CDATA[]]></system-err>
      </testcase>
      <testcase name="Test Cases/13-EL Sign/12-Received Documents(Download Document and Certificate)" time="11.624" classname="Test Cases/13-EL Sign/12-Received Documents(Download Document and Certificate)" status="PASSED">
         <system-out><![CDATA[2023-08-04 20:39:42 - [TEST_CASE][PASSED] - Test Cases/13-EL Sign/12-Received Documents(Download Document and Certificate): Test Cases/13-EL Sign/12-Received Documents(Download Document and Certificate)

2023-08-04 20:39:42 - [TEST_STEP][PASSED] - click(findTestObject("13-EL Sign/div_Received Documents")): Object: 'Object Repository/13-EL Sign/div_Received Documents' is clicked on

2023-08-04 20:39:42 - [MESSAGE][PASSED] - Object: 'Object Repository/13-EL Sign/div_Received Documents' is clicked on

2023-08-04 20:39:42 - [TEST_STEP][PASSED] - delay(delay_3seconds): Delayed 3 second(s)

2023-08-04 20:39:45 - [MESSAGE][PASSED] - Delayed 3 second(s)

2023-08-04 20:39:45 - [TEST_STEP][PASSED] - click(findTestObject("13-EL Sign/button_Download document")): Object: 'Object Repository/13-EL Sign/button_Download document' is clicked on

2023-08-04 20:39:46 - [MESSAGE][PASSED] - Object: 'Object Repository/13-EL Sign/button_Download document' is clicked on

2023-08-04 20:39:46 - [TEST_STEP][PASSED] - delay(delay_3seconds): Delayed 3 second(s)

2023-08-04 20:39:49 - [MESSAGE][PASSED] - Delayed 3 second(s)

2023-08-04 20:39:49 - [TEST_STEP][PASSED] - click(findTestObject("13-EL Sign/button_Download certificate")): Object: 'Object Repository/13-EL Sign/button_Download certificate' is clicked on

2023-08-04 20:39:49 - [MESSAGE][PASSED] - Object: 'Object Repository/13-EL Sign/button_Download certificate' is clicked on

2023-08-04 20:39:49 - [TEST_STEP][PASSED] - switchToWindowIndex(1): Switched to window with index: '1'

2023-08-04 20:39:50 - [MESSAGE][PASSED] - Switched to window with index: '1'

2023-08-04 20:39:50 - [TEST_STEP][PASSED] - closeWindowIndex(1): Window with index 1 is closed

2023-08-04 20:39:50 - [MESSAGE][PASSED] - Window with index 1 is closed

2023-08-04 20:39:50 - [TEST_STEP][PASSED] - switchToWindowIndex(0): Switched to window with index: '0'

2023-08-04 20:39:50 - [MESSAGE][PASSED] - Switched to window with index: '0'

2023-08-04 20:39:50 - [TEST_STEP][PASSED] - delay(delay_3seconds): Delayed 3 second(s)

2023-08-04 20:39:53 - [MESSAGE][PASSED] - Delayed 3 second(s)]]></system-out>
         <system-err><![CDATA[]]></system-err>
      </testcase>
      <testcase name="Test Cases/13-EL Sign/13-Receive Documents(View Document and History)" time="14.733" classname="Test Cases/13-EL Sign/13-Receive Documents(View Document and History)" status="PASSED">
         <system-out><![CDATA[2023-08-04 20:39:53 - [TEST_CASE][PASSED] - Test Cases/13-EL Sign/13-Receive Documents(View Document and History): Test Cases/13-EL Sign/13-Receive Documents(View Document and History)

2023-08-04 20:39:53 - [TEST_STEP][PASSED] - click(findTestObject("13-EL Sign/button_visibility")): Object: 'Object Repository/13-EL Sign/button_visibility' is clicked on

2023-08-04 20:39:54 - [MESSAGE][PASSED] - Object: 'Object Repository/13-EL Sign/button_visibility' is clicked on

2023-08-04 20:39:54 - [TEST_STEP][PASSED] - switchToWindowIndex(1): Switched to window with index: '1'

2023-08-04 20:39:56 - [MESSAGE][PASSED] - Switched to window with index: '1'

2023-08-04 20:39:56 - [TEST_STEP][PASSED] - closeWindowIndex(1): Window with index 1 is closed

2023-08-04 20:39:56 - [MESSAGE][PASSED] - Window with index 1 is closed

2023-08-04 20:39:56 - [TEST_STEP][PASSED] - switchToWindowIndex(0): Switched to window with index: '0'

2023-08-04 20:39:56 - [MESSAGE][PASSED] - Switched to window with index: '0'

2023-08-04 20:39:56 - [TEST_STEP][PASSED] - delay(delay_3seconds): Delayed 3 second(s)

2023-08-04 20:39:59 - [MESSAGE][PASSED] - Delayed 3 second(s)

2023-08-04 20:39:59 - [TEST_STEP][PASSED] - click(findTestObject("13-EL Sign/mat-icon_refit"), STOP_ON_FAILURE): Object: 'Object Repository/13-EL Sign/mat-icon_refit' is clicked on

2023-08-04 20:39:59 - [MESSAGE][PASSED] - Object: 'Object Repository/13-EL Sign/mat-icon_refit' is clicked on

2023-08-04 20:39:59 - [TEST_STEP][PASSED] - verifyElementVisible(findTestObject("13-EL Sign/div_statusSigned")): Object 'Object Repository/13-EL Sign/div_statusSigned' is visible

2023-08-04 20:40:00 - [MESSAGE][PASSED] - Object 'Object Repository/13-EL Sign/div_statusSigned' is visible

2023-08-04 20:40:00 - [TEST_STEP][PASSED] - click(findTestObject("13-EL Sign/button_history")): Object: 'Object Repository/13-EL Sign/button_history' is clicked on

2023-08-04 20:40:00 - [MESSAGE][PASSED] - Object: 'Object Repository/13-EL Sign/button_history' is clicked on

2023-08-04 20:40:00 - [TEST_STEP][PASSED] - verifyElementVisible(findTestObject("13-EL Sign/mat-dialog-container-historyModal")): Object 'Object Repository/13-EL Sign/mat-dialog-container-historyModal' is visible

2023-08-04 20:40:01 - [MESSAGE][PASSED] - Object 'Object Repository/13-EL Sign/mat-dialog-container-historyModal' is visible

2023-08-04 20:40:01 - [TEST_STEP][PASSED] - verifyElementVisible(findTestObject("13-EL Sign/td_historyName")): Object 'Object Repository/13-EL Sign/td_historyName' is visible

2023-08-04 20:40:01 - [MESSAGE][PASSED] - Object 'Object Repository/13-EL Sign/td_historyName' is visible

2023-08-04 20:40:01 - [TEST_STEP][PASSED] - delay(delay_3seconds): Delayed 3 second(s)

2023-08-04 20:40:04 - [MESSAGE][PASSED] - Delayed 3 second(s)

2023-08-04 20:40:04 - [TEST_STEP][PASSED] - doubleClick(findTestObject("13-EL Sign/button_CANCEL2")): Object: 'Object Repository/13-EL Sign/button_CANCEL2' is double clicked on

2023-08-04 20:40:05 - [MESSAGE][PASSED] - Object: 'Object Repository/13-EL Sign/button_CANCEL2' is double clicked on

2023-08-04 20:40:05 - [TEST_STEP][PASSED] - delay(delay_3seconds): Delayed 3 second(s)

2023-08-04 20:40:08 - [MESSAGE][PASSED] - Delayed 3 second(s)]]></system-out>
         <system-err><![CDATA[]]></system-err>
      </testcase>
      <testcase name="Test Cases/13-EL Sign/14-Send Documents(Delete ELSign)" time="7.271" classname="Test Cases/13-EL Sign/14-Send Documents(Delete ELSign)" status="PASSED">
         <system-out><![CDATA[2023-08-04 20:40:08 - [TEST_CASE][PASSED] - Test Cases/13-EL Sign/14-Send Documents(Delete ELSign): Test Cases/13-EL Sign/14-Send Documents(Delete ELSign)

2023-08-04 20:40:08 - [TEST_STEP][PASSED] - click(findTestObject("13-EL Sign/div_Send Documents")): Object: 'Object Repository/13-EL Sign/div_Send Documents' is clicked on

2023-08-04 20:40:09 - [MESSAGE][PASSED] - Object: 'Object Repository/13-EL Sign/div_Send Documents' is clicked on

2023-08-04 20:40:09 - [TEST_STEP][PASSED] - delay(delay_3seconds): Delayed 3 second(s)

2023-08-04 20:40:12 - [MESSAGE][PASSED] - Delayed 3 second(s)

2023-08-04 20:40:12 - [TEST_STEP][PASSED] - verifyElementVisible(findTestObject("13-EL Sign/button_deleteELSign")): Object 'Object Repository/13-EL Sign/button_deleteELSign' is visible

2023-08-04 20:40:12 - [MESSAGE][PASSED] - Object 'Object Repository/13-EL Sign/button_deleteELSign' is visible

2023-08-04 20:40:12 - [TEST_STEP][PASSED] - delay(delay_3seconds): Delayed 3 second(s)

2023-08-04 20:40:15 - [MESSAGE][PASSED] - Delayed 3 second(s)

2023-08-04 20:40:15 - [TEST_STEP][PASSED] - click(findTestObject("13-EL Sign/button_deleteELSign")): Object: 'Object Repository/13-EL Sign/button_deleteELSign' is clicked on

2023-08-04 20:40:15 - [MESSAGE][PASSED] - Object: 'Object Repository/13-EL Sign/button_deleteELSign' is clicked on]]></system-out>
         <system-err><![CDATA[]]></system-err>
      </testcase>
      <system-out><![CDATA[2023-08-04 20:36:57 - [TEST_SUITE][PASSED] - 13.2-EL Sign (Received Documents): Test Cases/13-EL Sign/14-Send Documents(Delete ELSign)]]></system-out>
      <system-err><![CDATA[]]></system-err>
   </testsuite>
</testsuites>
