<?xml version="1.0" encoding="UTF-8"?>
<testsuites name="09.5 - Settings (Organization)" time="452.012" tests="3" failures="0" errors="0">
   <testsuite name="09.5 - Settings (Organization)" tests="3" failures="0" errors="0" time="452.012" skipped="0" timestamp="2023-08-07 17:31:59" hostname="Personal - DESKTOP-TFDFEQ1" id="Test Suites/TS-Organization/09.5 - Settings (Organization)">
      <properties>
         <property name="deviceName" value=""/>
         <property name="devicePlatform" value=""/>
         <property name="logFolder" value="C:\\Users\\Personal\\Documents\\GitHub\\Everleagues\\Reports\\20230807_173157\\TS-Organization\\09.5 - Settings (Organization)\\20230807_173157"/>
         <property name="logFiles" value="C:\\Users\\Personal\\Documents\\GitHub\\Everleagues\\Reports\\20230807_173157\\TS-Organization\\09.5 - Settings (Organization)\\20230807_173157\\execution0.log"/>
         <property name="attachments" value=""/>
         <property name="hostName" value="Personal - DESKTOP-TFDFEQ1"/>
         <property name="os" value="Windows 11 64bit"/>
         <property name="katalonVersion" value="8.6.5.208"/>
         <property name="browser" value="Chrome 115.0.0.0"/>
         <property name="hostAddress" value="10.100.1.38"/>
         <property name="sessionId" value="5a6701e2a30a7510b1c68bf4d296f337"/>
         <property name="seleniumVersion" value="3.141.59"/>
         <property name="proxyInformation" value="ProxyInformation { proxyOption=NO_PROXY, proxyServerType=HTTP, username=, password=********, proxyServerAddress=, proxyServerPort=0, executionList=&quot;&quot;, isApplyToDesiredCapabilities=true }"/>
         <property name="platform" value="Windows 11"/>
      </properties>
      <testcase name="Test Cases/09-Settings/23 - Organization - Profile Settings" time="343.779" classname="Test Cases/09-Settings/23 - Organization - Profile Settings" status="PASSED">
         <system-out><![CDATA[2023-08-07 17:31:59 - [TEST_CASE][PASSED] - Test Cases/09-Settings/23 - Organization - Profile Settings: Test Cases/09-Settings/23 - Organization - Profile Settings

2023-08-07 17:31:59 - [TEST_STEP][PASSED] - openBrowser(""): Browser is opened with url: ''

2023-08-07 17:31:59 - [MESSAGE][INFO] - Starting 'Chrome' driver

2023-08-07 17:32:00 - [MESSAGE][INFO] - User set preference: ['args', '[--disable-web-security, --ignore-certificate-errors, --no-first-run, --disable-gpu]']

2023-08-07 17:32:00 - [MESSAGE][INFO] - Action delay is set to 0 milliseconds

2023-08-07 17:32:01 - [MESSAGE][PASSED] - Browser is opened with url: ''

2023-08-07 17:32:01 - [TEST_STEP][PASSED] - navigateToUrl(appURL): Navigate to 'https://lab.everleagues.com/login' successfully

2023-08-07 17:35:01 - [MESSAGE][PASSED] - Navigate to 'https://lab.everleagues.com/login' successfully

2023-08-07 17:35:01 - [TEST_STEP][PASSED] - maximizeWindow(): Current window maximized

2023-08-07 17:35:01 - [MESSAGE][PASSED] - Current window maximized

2023-08-07 17:35:01 - [TEST_STEP][PASSED] - callTestCase(findTestCase("01-Login and Forgot Password/04-Login(Valid Credentials-With Subscription)"), [:], STOP_ON_FAILURE): Call Test Case 'Test Cases/01-Login and Forgot Password/04-Login(Valid Credentials-With Subscription)' successfully

2023-08-07 17:35:01 - [TEST_CASE][PASSED] - Test Cases/01-Login and Forgot Password/04-Login(Valid Credentials-With Subscription): Test Cases/01-Login and Forgot Password/04-Login(Valid Credentials-With Subscription)

2023-08-07 17:35:01 - [TEST_STEP][PASSED] - setText(findTestObject("01-Login and Forgot Password/input_Email_email"), email_with_subscription): Text 'testuser005@mailinator.com' is set on object 'Object Repository/01-Login and Forgot Password/input_Email_email'

2023-08-07 17:35:02 - [MESSAGE][PASSED] - Text 'testuser005@mailinator.com' is set on object 'Object Repository/01-Login and Forgot Password/input_Email_email'

2023-08-07 17:35:02 - [TEST_STEP][PASSED] - setEncryptedText(findTestObject("01-Login and Forgot Password/input_Email_password"), password): Text ****** has been set on object 'Object Repository/01-Login and Forgot Password/input_Email_password'

2023-08-07 17:35:03 - [MESSAGE][PASSED] - Text ****** has been set on object 'Object Repository/01-Login and Forgot Password/input_Email_password'

2023-08-07 17:35:03 - [TEST_STEP][PASSED] - delay(delay_2seconds): Delayed 2 second(s)

2023-08-07 17:35:05 - [MESSAGE][PASSED] - Delayed 2 second(s)

2023-08-07 17:35:05 - [TEST_STEP][PASSED] - click(findTestObject("01-Login and Forgot Password/show pass button")): Object: 'Object Repository/01-Login and Forgot Password/show pass button' is clicked on

2023-08-07 17:35:05 - [MESSAGE][PASSED] - Object: 'Object Repository/01-Login and Forgot Password/show pass button' is clicked on

2023-08-07 17:35:05 - [TEST_STEP][PASSED] - delay(delay_3seconds): Delayed 3 second(s)

2023-08-07 17:35:08 - [MESSAGE][PASSED] - Delayed 3 second(s)

2023-08-07 17:35:08 - [TEST_STEP][PASSED] - click(findTestObject("01-Login and Forgot Password/button_Sign in")): Object: 'Object Repository/01-Login and Forgot Password/button_Sign in' is clicked on

2023-08-07 17:35:08 - [MESSAGE][PASSED] - Object: 'Object Repository/01-Login and Forgot Password/button_Sign in' is clicked on

2023-08-07 17:35:08 - [TEST_STEP][PASSED] - delay(delay_3seconds): Delayed 3 second(s)

2023-08-07 17:35:11 - [MESSAGE][PASSED] - Delayed 3 second(s)

2023-08-07 17:35:11 - [TEST_STEP][PASSED] - executeJavaScript("window.open();", []): Execute JavaScript 'window.open();' successfully

2023-08-07 17:35:11 - [MESSAGE][PASSED] - Execute JavaScript 'window.open();' successfully

2023-08-07 17:35:11 - [TEST_STEP][PASSED] - currentWindow = getWindowIndex(): Current window's index is: 0

2023-08-07 17:35:12 - [MESSAGE][PASSED] - Current window's index is: 0

2023-08-07 17:35:12 - [TEST_STEP][PASSED] - delay(delay_3seconds): Delayed 3 second(s)

2023-08-07 17:35:15 - [MESSAGE][PASSED] - Delayed 3 second(s)

2023-08-07 17:35:15 - [TEST_STEP][PASSED] - switchToWindowIndex(currentWindow + 1): Switched to window with index: '1'

2023-08-07 17:35:15 - [MESSAGE][PASSED] - Switched to window with index: '1'

2023-08-07 17:35:15 - [TEST_STEP][PASSED] - navigateToUrl(app_mailinator): Navigate to 'https://www.mailinator.com/' successfully

2023-08-07 17:35:23 - [MESSAGE][PASSED] - Navigate to 'https://www.mailinator.com/' successfully

2023-08-07 17:35:23 - [TEST_STEP][PASSED] - delay(delay_3seconds): Delayed 3 second(s)

2023-08-07 17:35:26 - [MESSAGE][PASSED] - Delayed 3 second(s)

2023-08-07 17:35:26 - [TEST_STEP][PASSED] - setText(findTestObject("00-Signup and Activation/zMailinator/input_LOGIN_search"), email_for_searchmailinator_testuser05): Text 'testuser005@mailinator.com' is set on object 'Object Repository/00-Signup and Activation/zMailinator/input_LOGIN_search'

2023-08-07 17:35:27 - [MESSAGE][PASSED] - Text 'testuser005@mailinator.com' is set on object 'Object Repository/00-Signup and Activation/zMailinator/input_LOGIN_search'

2023-08-07 17:35:27 - [TEST_STEP][PASSED] - click(findTestObject("00-Signup and Activation/zMailinator/gobutton"), STOP_ON_FAILURE): Object: 'Object Repository/00-Signup and Activation/zMailinator/gobutton' is clicked on

2023-08-07 17:35:28 - [MESSAGE][PASSED] - Object: 'Object Repository/00-Signup and Activation/zMailinator/gobutton' is clicked on

2023-08-07 17:35:28 - [TEST_STEP][PASSED] - delay(delay_10seconds): Delayed 10 second(s)

2023-08-07 17:35:38 - [MESSAGE][PASSED] - Delayed 10 second(s)

2023-08-07 17:35:38 - [TEST_STEP][PASSED] - click(findTestObject("00-Signup and Activation/zMailinator/Email - everleagues")): Object: 'Object Repository/00-Signup and Activation/zMailinator/Email - everleagues' is clicked on

2023-08-07 17:35:38 - [MESSAGE][PASSED] - Object: 'Object Repository/00-Signup and Activation/zMailinator/Email - everleagues' is clicked on

2023-08-07 17:35:38 - [TEST_STEP][PASSED] - delay(delay_5seconds): Delayed 5 second(s)

2023-08-07 17:35:43 - [MESSAGE][PASSED] - Delayed 5 second(s)

2023-08-07 17:35:43 - [TEST_STEP][PASSED] - code = getText(findTestObject("Object Repository/06-Teams/For 2FA/2FA code")): Text of object 'Object Repository/06-Teams/For 2FA/2FA code' is: '240944'

2023-08-07 17:35:43 - [MESSAGE][PASSED] - Text of object 'Object Repository/06-Teams/For 2FA/2FA code' is: '240944'

2023-08-07 17:35:43 - [TEST_STEP][PASSED] - delay(delay_3seconds): Delayed 3 second(s)

2023-08-07 17:35:46 - [MESSAGE][PASSED] - Delayed 3 second(s)

2023-08-07 17:35:46 - [TEST_STEP][PASSED] - closeWindowTitle("Mailinator"): Window with title: 'Mailinator' is closed

2023-08-07 17:35:47 - [MESSAGE][PASSED] - Window with title: 'Mailinator' is closed

2023-08-07 17:35:47 - [TEST_STEP][PASSED] - delay(delay_5seconds): Delayed 5 second(s)

2023-08-07 17:35:52 - [MESSAGE][PASSED] - Delayed 5 second(s)

2023-08-07 17:35:52 - [TEST_STEP][PASSED] - switchToWindowIndex(0): Switched to window with index: '0'

2023-08-07 17:35:52 - [MESSAGE][PASSED] - Switched to window with index: '0'

2023-08-07 17:35:52 - [TEST_STEP][PASSED] - delay(delay_3seconds): Delayed 3 second(s)

2023-08-07 17:35:55 - [MESSAGE][PASSED] - Delayed 3 second(s)

2023-08-07 17:35:55 - [TEST_STEP][PASSED] - setText(findTestObject("Object Repository/06-Teams/For 2FA/input_Enter verification code_code"), code): Text '240944' is set on object 'Object Repository/06-Teams/For 2FA/input_Enter verification code_code'

2023-08-07 17:35:56 - [MESSAGE][PASSED] - Text '240944' is set on object 'Object Repository/06-Teams/For 2FA/input_Enter verification code_code'

2023-08-07 17:35:56 - [TEST_STEP][PASSED] - delay(delay_3seconds): Delayed 3 second(s)

2023-08-07 17:35:59 - [MESSAGE][PASSED] - Delayed 3 second(s)

2023-08-07 17:35:59 - [TEST_STEP][PASSED] - click(findTestObject("06-Teams/For 2FA/button_Verify_2FA")): Object: 'Object Repository/06-Teams/For 2FA/button_Verify_2FA' is clicked on

2023-08-07 17:36:00 - [MESSAGE][PASSED] - Object: 'Object Repository/06-Teams/For 2FA/button_Verify_2FA' is clicked on

2023-08-07 17:36:00 - [TEST_STEP][PASSED] - delay(delay_3seconds): Delayed 3 second(s)

2023-08-07 17:36:03 - [MESSAGE][PASSED] - Delayed 3 second(s)

2023-08-07 17:36:03 - [MESSAGE][PASSED] - Call Test Case 'Test Cases/01-Login and Forgot Password/04-Login(Valid Credentials-With Subscription)' successfully

2023-08-07 17:36:03 - [TEST_STEP][PASSED] - click(findTestObject("06-Teams/button_doublearrow")): Object: 'Object Repository/06-Teams/button_doublearrow' is clicked on

2023-08-07 17:36:12 - [MESSAGE][PASSED] - Object: 'Object Repository/06-Teams/button_doublearrow' is clicked on

2023-08-07 17:36:12 - [TEST_STEP][PASSED] - click(findTestObject("06-Teams/button_My Organizations")): Object: 'Object Repository/06-Teams/button_My Organizations' is clicked on

2023-08-07 17:36:13 - [MESSAGE][PASSED] - Object: 'Object Repository/06-Teams/button_My Organizations' is clicked on

2023-08-07 17:36:13 - [TEST_STEP][PASSED] - click(findTestObject("06-Teams/button_GG Automation")): Object: 'Object Repository/06-Teams/button_GG Automation' is clicked on

2023-08-07 17:36:14 - [MESSAGE][PASSED] - Object: 'Object Repository/06-Teams/button_GG Automation' is clicked on

2023-08-07 17:36:14 - [TEST_STEP][PASSED] - delay(delay_4seconds): Delayed 4 second(s)

2023-08-07 17:36:18 - [MESSAGE][PASSED] - Delayed 4 second(s)

2023-08-07 17:36:18 - [TEST_STEP][PASSED] - verifyElementVisible(findTestObject("06-Teams/span_GG Automation")): Object 'Object Repository/06-Teams/span_GG Automation' is visible

2023-08-07 17:36:19 - [MESSAGE][PASSED] - Object 'Object Repository/06-Teams/span_GG Automation' is visible

2023-08-07 17:36:19 - [TEST_STEP][PASSED] - delay(delay_3seconds): Delayed 3 second(s)

2023-08-07 17:36:22 - [MESSAGE][PASSED] - Delayed 3 second(s)

2023-08-07 17:36:22 - [TEST_STEP][PASSED] - click(findTestObject("03-Header Menu/Hamburger Button/div_Settings")): Object: 'Object Repository/03-Header Menu/Hamburger Button/div_Settings' is clicked on

2023-08-07 17:36:22 - [MESSAGE][PASSED] - Object: 'Object Repository/03-Header Menu/Hamburger Button/div_Settings' is clicked on

2023-08-07 17:36:22 - [TEST_STEP][PASSED] - delay(delay_3seconds): Delayed 3 second(s)

2023-08-07 17:36:25 - [MESSAGE][PASSED] - Delayed 3 second(s)

2023-08-07 17:36:25 - [TEST_STEP][PASSED] - click(findTestObject("09-Settings/Users/div_Organization")): Object: 'Object Repository/09-Settings/Users/div_Organization' is clicked on

2023-08-07 17:36:26 - [MESSAGE][PASSED] - Object: 'Object Repository/09-Settings/Users/div_Organization' is clicked on

2023-08-07 17:36:26 - [TEST_STEP][PASSED] - verifyElementVisible(findTestObject("09-Settings/Organization/h4_ORGANIZATION SETTINGS")): Object 'Object Repository/09-Settings/Organization/h4_ORGANIZATION SETTINGS' is visible

2023-08-07 17:36:27 - [MESSAGE][PASSED] - Object 'Object Repository/09-Settings/Organization/h4_ORGANIZATION SETTINGS' is visible

2023-08-07 17:36:27 - [TEST_STEP][PASSED] - click(findTestObject("09-Settings/Organization/div_Profile")): Object: 'Object Repository/09-Settings/Organization/div_Profile' is clicked on

2023-08-07 17:36:28 - [MESSAGE][PASSED] - Object: 'Object Repository/09-Settings/Organization/div_Profile' is clicked on

2023-08-07 17:36:28 - [TEST_STEP][PASSED] - delay(delay_3seconds): Delayed 3 second(s)

2023-08-07 17:36:31 - [MESSAGE][PASSED] - Delayed 3 second(s)

2023-08-07 17:36:31 - [TEST_STEP][PASSED] - verifyElementVisible(findTestObject("09-Settings/Organization/mat-card-title_Profile")): Object 'Object Repository/09-Settings/Organization/mat-card-title_Profile' is visible

2023-08-07 17:36:31 - [MESSAGE][PASSED] - Object 'Object Repository/09-Settings/Organization/mat-card-title_Profile' is visible

2023-08-07 17:36:31 - [TEST_STEP][PASSED] - verifyElementVisible(findTestObject("09-Settings/Organization/input_Industry")): Object 'Object Repository/09-Settings/Organization/input_Industry' is visible

2023-08-07 17:36:31 - [MESSAGE][PASSED] - Object 'Object Repository/09-Settings/Organization/input_Industry' is visible

2023-08-07 17:36:31 - [TEST_STEP][PASSED] - verifyElementVisible(findTestObject("09-Settings/Organization/input_Organization number")): Object 'Object Repository/09-Settings/Organization/input_Organization number' is visible

2023-08-07 17:36:32 - [MESSAGE][PASSED] - Object 'Object Repository/09-Settings/Organization/input_Organization number' is visible

2023-08-07 17:36:32 - [TEST_STEP][PASSED] - delay(delay_3seconds): Delayed 3 second(s)

2023-08-07 17:36:35 - [MESSAGE][PASSED] - Delayed 3 second(s)

2023-08-07 17:36:35 - [TEST_STEP][PASSED] - click(findTestObject("03-Header Menu/User Profile/View Profile/Profile Tab/Upload Icon")): Object: 'Object Repository/03-Header Menu/User Profile/View Profile/Profile Tab/Upload Icon' is clicked on

2023-08-07 17:36:35 - [MESSAGE][PASSED] - Object: 'Object Repository/03-Header Menu/User Profile/View Profile/Profile Tab/Upload Icon' is clicked on

2023-08-07 17:36:35 - [TEST_STEP][PASSED] - delay(delay_2seconds): Delayed 2 second(s)

2023-08-07 17:36:37 - [MESSAGE][PASSED] - Delayed 2 second(s)

2023-08-07 17:36:37 - [TEST_STEP][PASSED] - verifyElementVisible(findTestObject("09-Settings/Organization/Upload Org image")): Object 'Object Repository/09-Settings/Organization/Upload Org image' is visible

2023-08-07 17:36:37 - [MESSAGE][PASSED] - Object 'Object Repository/09-Settings/Organization/Upload Org image' is visible

2023-08-07 17:36:37 - [TEST_STEP][PASSED] - verifyElementNotClickable(findTestObject("03-Header Menu/User Profile/View Profile/Profile Tab/button_Upload Image")): Object 'Object Repository/03-Header Menu/User Profile/View Profile/Profile Tab/button_Upload Image' is NOT clickable

2023-08-07 17:36:38 - [MESSAGE][PASSED] - Object 'Object Repository/03-Header Menu/User Profile/View Profile/Profile Tab/button_Upload Image' is NOT clickable

2023-08-07 17:36:38 - [TEST_STEP][PASSED] - delay(delay_1second): Delayed 1 second(s)

2023-08-07 17:36:39 - [MESSAGE][PASSED] - Delayed 1 second(s)

2023-08-07 17:36:39 - [TEST_STEP][PASSED] - click(findTestObject("03-Header Menu/User Profile/View Profile/Profile Tab/button_Cancel")): Object: 'Object Repository/03-Header Menu/User Profile/View Profile/Profile Tab/button_Cancel' is clicked on

2023-08-07 17:36:40 - [MESSAGE][PASSED] - Object: 'Object Repository/03-Header Menu/User Profile/View Profile/Profile Tab/button_Cancel' is clicked on

2023-08-07 17:36:40 - [TEST_STEP][PASSED] - delay(delay_3seconds): Delayed 3 second(s)

2023-08-07 17:36:43 - [MESSAGE][PASSED] - Delayed 3 second(s)

2023-08-07 17:36:43 - [TEST_STEP][PASSED] - click(findTestObject("03-Header Menu/User Profile/View Profile/Profile Tab/Upload Icon")): Object: 'Object Repository/03-Header Menu/User Profile/View Profile/Profile Tab/Upload Icon' is clicked on

2023-08-07 17:36:43 - [MESSAGE][PASSED] - Object: 'Object Repository/03-Header Menu/User Profile/View Profile/Profile Tab/Upload Icon' is clicked on

2023-08-07 17:36:43 - [TEST_STEP][PASSED] - uploadpackage.Upload.uploadFile(findTestObject("Object Repository/03-Header Menu/User Profile/View Profile/Profile Tab/button_folderBrowse"), upload_file): uploadpackage.Upload.uploadFile is PASSED

2023-08-07 17:36:44 - [MESSAGE][PASSED] - Object: 'Object Repository/03-Header Menu/User Profile/View Profile/Profile Tab/button_folderBrowse' is clicked on

2023-08-07 17:36:44 - [MESSAGE][PASSED] - uploadpackage.Upload.uploadFile is PASSED

2023-08-07 17:36:44 - [TEST_STEP][PASSED] - delay(delay_2seconds): Delayed 2 second(s)

2023-08-07 17:36:46 - [MESSAGE][PASSED] - Delayed 2 second(s)

2023-08-07 17:36:46 - [TEST_STEP][PASSED] - click(findTestObject("03-Header Menu/User Profile/View Profile/Profile Tab/button_Upload Image")): Object: 'Object Repository/03-Header Menu/User Profile/View Profile/Profile Tab/button_Upload Image' is clicked on

2023-08-07 17:36:46 - [MESSAGE][PASSED] - Object: 'Object Repository/03-Header Menu/User Profile/View Profile/Profile Tab/button_Upload Image' is clicked on

2023-08-07 17:36:46 - [TEST_STEP][PASSED] - verifyElementVisible(findTestObject("09-Settings/Organization/snack-bar-container_Successfully changed organization imageOK")): Object 'Object Repository/09-Settings/Organization/snack-bar-container_Successfully changed organization imageOK' is visible

2023-08-07 17:36:52 - [MESSAGE][PASSED] - Object 'Object Repository/09-Settings/Organization/snack-bar-container_Successfully changed organization imageOK' is visible

2023-08-07 17:36:52 - [TEST_STEP][PASSED] - click(findTestObject("09-Settings/Organization/input_name")): Object: 'Object Repository/09-Settings/Organization/input_name' is clicked on

2023-08-07 17:36:53 - [MESSAGE][PASSED] - Object: 'Object Repository/09-Settings/Organization/input_name' is clicked on

2023-08-07 17:36:53 - [TEST_STEP][PASSED] - setText(findTestObject("09-Settings/Organization/input_name"), name): Text 'THIS IS AUTOMATION' is set on object 'Object Repository/09-Settings/Organization/input_name'

2023-08-07 17:36:54 - [MESSAGE][PASSED] - Text 'THIS IS AUTOMATION' is set on object 'Object Repository/09-Settings/Organization/input_name'

2023-08-07 17:36:54 - [TEST_STEP][PASSED] - delay(delay_3seconds): Delayed 3 second(s)

2023-08-07 17:36:57 - [MESSAGE][PASSED] - Delayed 3 second(s)

2023-08-07 17:36:57 - [TEST_STEP][PASSED] - click(findTestObject("09-Settings/Users/Active User/button_Save")): Object: 'Object Repository/09-Settings/Users/Active User/button_Save' is clicked on

2023-08-07 17:36:57 - [MESSAGE][PASSED] - Object: 'Object Repository/09-Settings/Users/Active User/button_Save' is clicked on

2023-08-07 17:36:57 - [TEST_STEP][PASSED] - verifyElementVisible(findTestObject("09-Settings/Organization/snack-bar-container_Settings savedOK")): Object 'Object Repository/09-Settings/Organization/snack-bar-container_Settings savedOK' is visible

2023-08-07 17:36:59 - [MESSAGE][PASSED] - Object 'Object Repository/09-Settings/Organization/snack-bar-container_Settings savedOK' is visible

2023-08-07 17:36:59 - [TEST_STEP][PASSED] - delay(delay_3seconds): Delayed 3 second(s)

2023-08-07 17:37:02 - [MESSAGE][PASSED] - Delayed 3 second(s)

2023-08-07 17:37:02 - [TEST_STEP][PASSED] - scrollToElement(findTestObject("09-Settings/Organization/input_name"), 0): Scroll to object 'Object Repository/09-Settings/Organization/input_name' successfully

2023-08-07 17:37:02 - [MESSAGE][WARNING] - Timeout '0' is invalid. Using default page load timeout: '30'

2023-08-07 17:37:02 - [MESSAGE][PASSED] - Scroll to object 'Object Repository/09-Settings/Organization/input_name' successfully

2023-08-07 17:37:02 - [TEST_STEP][PASSED] - setText(findTestObject("09-Settings/Organization/input_name"), org_name): Text 'GG Automation' is set on object 'Object Repository/09-Settings/Organization/input_name'

2023-08-07 17:37:03 - [MESSAGE][PASSED] - Text 'GG Automation' is set on object 'Object Repository/09-Settings/Organization/input_name'

2023-08-07 17:37:03 - [TEST_STEP][PASSED] - delay(delay_3seconds): Delayed 3 second(s)

2023-08-07 17:37:06 - [MESSAGE][PASSED] - Delayed 3 second(s)

2023-08-07 17:37:06 - [TEST_STEP][PASSED] - scrollToElement(findTestObject("09-Settings/Users/Active User/button_Save"), 0): Scroll to object 'Object Repository/09-Settings/Users/Active User/button_Save' successfully

2023-08-07 17:37:06 - [MESSAGE][WARNING] - Timeout '0' is invalid. Using default page load timeout: '30'

2023-08-07 17:37:06 - [MESSAGE][PASSED] - Scroll to object 'Object Repository/09-Settings/Users/Active User/button_Save' successfully

2023-08-07 17:37:06 - [TEST_STEP][PASSED] - click(findTestObject("09-Settings/Users/Active User/button_Save")): Object: 'Object Repository/09-Settings/Users/Active User/button_Save' is clicked on

2023-08-07 17:37:07 - [MESSAGE][PASSED] - Object: 'Object Repository/09-Settings/Users/Active User/button_Save' is clicked on

2023-08-07 17:37:07 - [TEST_STEP][PASSED] - verifyElementVisible(findTestObject("09-Settings/Organization/snack-bar-container_Settings savedOK")): Object 'Object Repository/09-Settings/Organization/snack-bar-container_Settings savedOK' is visible

2023-08-07 17:37:08 - [MESSAGE][PASSED] - Object 'Object Repository/09-Settings/Organization/snack-bar-container_Settings savedOK' is visible

2023-08-07 17:37:08 - [TEST_STEP][PASSED] - delay(delay_3seconds): Delayed 3 second(s)

2023-08-07 17:37:11 - [MESSAGE][PASSED] - Delayed 3 second(s)

2023-08-07 17:37:11 - [TEST_STEP][PASSED] - scrollToElement(findTestObject("09-Settings/Organization/mat-card_Address"), 0): Scroll to object 'Object Repository/09-Settings/Organization/mat-card_Address' successfully

2023-08-07 17:37:11 - [MESSAGE][WARNING] - Timeout '0' is invalid. Using default page load timeout: '30'

2023-08-07 17:37:12 - [MESSAGE][PASSED] - Scroll to object 'Object Repository/09-Settings/Organization/mat-card_Address' successfully

2023-08-07 17:37:12 - [TEST_STEP][PASSED] - verifyElementVisible(findTestObject("09-Settings/Organization/mat-card_Address")): Object 'Object Repository/09-Settings/Organization/mat-card_Address' is visible

2023-08-07 17:37:12 - [MESSAGE][PASSED] - Object 'Object Repository/09-Settings/Organization/mat-card_Address' is visible

2023-08-07 17:37:12 - [TEST_STEP][PASSED] - verifyElementVisible(findTestObject("09-Settings/Organization/mat-card-title_Address")): Object 'Object Repository/09-Settings/Organization/mat-card-title_Address' is visible

2023-08-07 17:37:12 - [MESSAGE][PASSED] - Object 'Object Repository/09-Settings/Organization/mat-card-title_Address' is visible

2023-08-07 17:37:12 - [TEST_STEP][PASSED] - setText(findTestObject("09-Settings/Organization/input_Street"), "4711 Hardy Street"): Text '4711 Hardy Street' is set on object 'Object Repository/09-Settings/Organization/input_Street'

2023-08-07 17:37:13 - [MESSAGE][PASSED] - Text '4711 Hardy Street' is set on object 'Object Repository/09-Settings/Organization/input_Street'

2023-08-07 17:37:13 - [TEST_STEP][PASSED] - setText(findTestObject("09-Settings/Organization/input_City"), "Kelowna"): Text 'Kelowna' is set on object 'Object Repository/09-Settings/Organization/input_City'

2023-08-07 17:37:14 - [MESSAGE][PASSED] - Text 'Kelowna' is set on object 'Object Repository/09-Settings/Organization/input_City'

2023-08-07 17:37:14 - [TEST_STEP][PASSED] - setText(findTestObject("09-Settings/Organization/input_Zip"), "V1Y 8H2"): Text 'V1Y 8H2' is set on object 'Object Repository/09-Settings/Organization/input_Zip'

2023-08-07 17:37:14 - [MESSAGE][PASSED] - Text 'V1Y 8H2' is set on object 'Object Repository/09-Settings/Organization/input_Zip'

2023-08-07 17:37:14 - [TEST_STEP][PASSED] - setText(findTestObject("09-Settings/Organization/input_State"), "British Columbia"): Text 'British Columbia' is set on object 'Object Repository/09-Settings/Organization/input_State'

2023-08-07 17:37:15 - [MESSAGE][PASSED] - Text 'British Columbia' is set on object 'Object Repository/09-Settings/Organization/input_State'

2023-08-07 17:37:15 - [TEST_STEP][PASSED] - click(findTestObject("09-Settings/Organization/input_Country"), STOP_ON_FAILURE): Object: 'Object Repository/09-Settings/Organization/input_Country' is clicked on

2023-08-07 17:37:15 - [MESSAGE][PASSED] - Object: 'Object Repository/09-Settings/Organization/input_Country' is clicked on

2023-08-07 17:37:15 - [TEST_STEP][PASSED] - click(findTestObject("09-Settings/Organization/mat-option_united states"), STOP_ON_FAILURE): Object: 'Object Repository/09-Settings/Organization/mat-option_united states' is clicked on

2023-08-07 17:37:16 - [MESSAGE][PASSED] - Object: 'Object Repository/09-Settings/Organization/mat-option_united states' is clicked on

2023-08-07 17:37:16 - [TEST_STEP][PASSED] - delay(delay_3seconds): Delayed 3 second(s)

2023-08-07 17:37:19 - [MESSAGE][PASSED] - Delayed 3 second(s)

2023-08-07 17:37:19 - [TEST_STEP][PASSED] - scrollToElement(findTestObject("09-Settings/Users/Active User/button_Save"), 0): Scroll to object 'Object Repository/09-Settings/Users/Active User/button_Save' successfully

2023-08-07 17:37:19 - [MESSAGE][WARNING] - Timeout '0' is invalid. Using default page load timeout: '30'

2023-08-07 17:37:20 - [MESSAGE][PASSED] - Scroll to object 'Object Repository/09-Settings/Users/Active User/button_Save' successfully

2023-08-07 17:37:20 - [TEST_STEP][PASSED] - click(findTestObject("09-Settings/Users/Active User/button_Save")): Object: 'Object Repository/09-Settings/Users/Active User/button_Save' is clicked on

2023-08-07 17:37:20 - [MESSAGE][PASSED] - Object: 'Object Repository/09-Settings/Users/Active User/button_Save' is clicked on

2023-08-07 17:37:20 - [TEST_STEP][PASSED] - verifyElementVisible(findTestObject("09-Settings/Organization/snack-bar-container_Settings savedOK")): Object 'Object Repository/09-Settings/Organization/snack-bar-container_Settings savedOK' is visible

2023-08-07 17:37:21 - [MESSAGE][PASSED] - Object 'Object Repository/09-Settings/Organization/snack-bar-container_Settings savedOK' is visible

2023-08-07 17:37:21 - [TEST_STEP][PASSED] - delay(delay_3seconds): Delayed 3 second(s)

2023-08-07 17:37:24 - [MESSAGE][PASSED] - Delayed 3 second(s)

2023-08-07 17:37:24 - [TEST_STEP][PASSED] - verifyElementVisible(findTestObject("09-Settings/Organization/mat-card_Contact")): Object 'Object Repository/09-Settings/Organization/mat-card_Contact' is visible

2023-08-07 17:37:25 - [MESSAGE][PASSED] - Object 'Object Repository/09-Settings/Organization/mat-card_Contact' is visible

2023-08-07 17:37:25 - [TEST_STEP][PASSED] - verifyElementVisible(findTestObject("09-Settings/Organization/mat-card-title_Contact")): Object 'Object Repository/09-Settings/Organization/mat-card-title_Contact' is visible

2023-08-07 17:37:25 - [MESSAGE][PASSED] - Object 'Object Repository/09-Settings/Organization/mat-card-title_Contact' is visible

2023-08-07 17:37:25 - [TEST_STEP][PASSED] - setText(findTestObject("09-Settings/Organization/input_Email"), email_for_testuser02): Text 'testuser02@mailinator.com' is set on object 'Object Repository/09-Settings/Organization/input_Email'

2023-08-07 17:37:26 - [MESSAGE][PASSED] - Text 'testuser02@mailinator.com' is set on object 'Object Repository/09-Settings/Organization/input_Email'

2023-08-07 17:37:26 - [TEST_STEP][PASSED] - setText(findTestObject("09-Settings/Organization/input_Web"), "google.com"): Text 'google.com' is set on object 'Object Repository/09-Settings/Organization/input_Web'

2023-08-07 17:37:27 - [MESSAGE][PASSED] - Text 'google.com' is set on object 'Object Repository/09-Settings/Organization/input_Web'

2023-08-07 17:37:27 - [TEST_STEP][PASSED] - click(findTestObject("09-Settings/Organization/button_Phone")): Object: 'Object Repository/09-Settings/Organization/button_Phone' is clicked on

2023-08-07 17:37:27 - [MESSAGE][PASSED] - Object: 'Object Repository/09-Settings/Organization/button_Phone' is clicked on

2023-08-07 17:37:27 - [TEST_STEP][PASSED] - click(findTestObject("09-Settings/Organization/button_93")): Object: 'Object Repository/09-Settings/Organization/button_93' is clicked on

2023-08-07 17:37:28 - [MESSAGE][PASSED] - Object: 'Object Repository/09-Settings/Organization/button_93' is clicked on

2023-08-07 17:37:28 - [TEST_STEP][PASSED] - setText(findTestObject("09-Settings/Organization/input_phone search"), "PH"): Text 'PH' is set on object 'Object Repository/09-Settings/Organization/input_phone search'

2023-08-07 17:37:29 - [MESSAGE][PASSED] - Text 'PH' is set on object 'Object Repository/09-Settings/Organization/input_phone search'

2023-08-07 17:37:29 - [TEST_STEP][PASSED] - click(findTestObject("09-Settings/Organization/button_Philippines 63")): Object: 'Object Repository/09-Settings/Organization/button_Philippines 63' is clicked on

2023-08-07 17:37:30 - [MESSAGE][PASSED] - Object: 'Object Repository/09-Settings/Organization/button_Philippines 63' is clicked on

2023-08-07 17:37:30 - [TEST_STEP][PASSED] - setText(findTestObject("09-Settings/Organization/input_phone"), "9211234567"): Text '9211234567' is set on object 'Object Repository/09-Settings/Organization/input_phone'

2023-08-07 17:37:31 - [MESSAGE][PASSED] - Text '9211234567' is set on object 'Object Repository/09-Settings/Organization/input_phone'

2023-08-07 17:37:31 - [TEST_STEP][PASSED] - click(findTestObject("09-Settings/Organization/button_fax")): Object: 'Object Repository/09-Settings/Organization/button_fax' is clicked on

2023-08-07 17:37:32 - [MESSAGE][PASSED] - Object: 'Object Repository/09-Settings/Organization/button_fax' is clicked on

2023-08-07 17:37:32 - [TEST_STEP][PASSED] - click(findTestObject("09-Settings/Organization/button_93")): Object: 'Object Repository/09-Settings/Organization/button_93' is clicked on

2023-08-07 17:37:32 - [MESSAGE][PASSED] - Object: 'Object Repository/09-Settings/Organization/button_93' is clicked on

2023-08-07 17:37:32 - [TEST_STEP][PASSED] - setText(findTestObject("09-Settings/Organization/input_phone search"), "PH"): Text 'PH' is set on object 'Object Repository/09-Settings/Organization/input_phone search'

2023-08-07 17:37:33 - [MESSAGE][PASSED] - Text 'PH' is set on object 'Object Repository/09-Settings/Organization/input_phone search'

2023-08-07 17:37:33 - [TEST_STEP][PASSED] - click(findTestObject("09-Settings/Organization/button_Philippines 63")): Object: 'Object Repository/09-Settings/Organization/button_Philippines 63' is clicked on

2023-08-07 17:37:33 - [MESSAGE][PASSED] - Object: 'Object Repository/09-Settings/Organization/button_Philippines 63' is clicked on

2023-08-07 17:37:33 - [TEST_STEP][PASSED] - setText(findTestObject("09-Settings/Organization/input_fax"), "9211234567"): Text '9211234567' is set on object 'Object Repository/09-Settings/Organization/input_fax'

2023-08-07 17:37:35 - [MESSAGE][PASSED] - Text '9211234567' is set on object 'Object Repository/09-Settings/Organization/input_fax'

2023-08-07 17:37:35 - [TEST_STEP][PASSED] - delay(delay_3seconds): Delayed 3 second(s)

2023-08-07 17:37:38 - [MESSAGE][PASSED] - Delayed 3 second(s)

2023-08-07 17:37:38 - [TEST_STEP][PASSED] - click(findTestObject("09-Settings/Users/Active User/button_Save")): Object: 'Object Repository/09-Settings/Users/Active User/button_Save' is clicked on

2023-08-07 17:37:38 - [MESSAGE][PASSED] - Object: 'Object Repository/09-Settings/Users/Active User/button_Save' is clicked on

2023-08-07 17:37:38 - [TEST_STEP][PASSED] - verifyElementVisible(findTestObject("09-Settings/Organization/snack-bar-container_Settings savedOK")): Object 'Object Repository/09-Settings/Organization/snack-bar-container_Settings savedOK' is visible

2023-08-07 17:37:39 - [MESSAGE][PASSED] - Object 'Object Repository/09-Settings/Organization/snack-bar-container_Settings savedOK' is visible

2023-08-07 17:37:39 - [TEST_STEP][PASSED] - delay(delay_3seconds): Delayed 3 second(s)

2023-08-07 17:37:42 - [MESSAGE][PASSED] - Delayed 3 second(s)

2023-08-07 17:37:42 - [TEST_STEP][PASSED] - scrollToElement(findTestObject("09-Settings/Organization/div_Profile"), 0): Scroll to object 'Object Repository/09-Settings/Organization/div_Profile' successfully

2023-08-07 17:37:43 - [MESSAGE][WARNING] - Timeout '0' is invalid. Using default page load timeout: '30'

2023-08-07 17:37:43 - [MESSAGE][PASSED] - Scroll to object 'Object Repository/09-Settings/Organization/div_Profile' successfully]]></system-out>
         <system-err><![CDATA[]]></system-err>
      </testcase>
      <testcase name="Test Cases/09-Settings/24 - Organization - Settings" time="79.481" classname="Test Cases/09-Settings/24 - Organization - Settings" status="PASSED">
         <system-out><![CDATA[2023-08-07 17:37:43 - [TEST_CASE][PASSED] - Test Cases/09-Settings/24 - Organization - Settings: Test Cases/09-Settings/24 - Organization - Settings

2023-08-07 17:37:43 - [TEST_STEP][PASSED] - scrollToElement(findTestObject("09-Settings/Organization/div_Settings"), 0): Scroll to object 'Object Repository/09-Settings/Organization/div_Settings' successfully

2023-08-07 17:37:43 - [MESSAGE][WARNING] - Timeout '0' is invalid. Using default page load timeout: '30'

2023-08-07 17:37:43 - [MESSAGE][PASSED] - Scroll to object 'Object Repository/09-Settings/Organization/div_Settings' successfully

2023-08-07 17:37:43 - [TEST_STEP][PASSED] - delay(delay_3seconds): Delayed 3 second(s)

2023-08-07 17:37:46 - [MESSAGE][PASSED] - Delayed 3 second(s)

2023-08-07 17:37:46 - [TEST_STEP][PASSED] - click(findTestObject("09-Settings/Organization/div_Settings")): Object: 'Object Repository/09-Settings/Organization/div_Settings' is clicked on

2023-08-07 17:37:47 - [MESSAGE][PASSED] - Object: 'Object Repository/09-Settings/Organization/div_Settings' is clicked on

2023-08-07 17:37:47 - [TEST_STEP][PASSED] - verifyElementVisible(findTestObject("09-Settings/Organization/div_Settings page")): Object 'Object Repository/09-Settings/Organization/div_Settings page' is visible

2023-08-07 17:37:48 - [MESSAGE][PASSED] - Object 'Object Repository/09-Settings/Organization/div_Settings page' is visible

2023-08-07 17:37:48 - [TEST_STEP][PASSED] - delay(delay_3seconds): Delayed 3 second(s)

2023-08-07 17:37:51 - [MESSAGE][PASSED] - Delayed 3 second(s)

2023-08-07 17:37:51 - [TEST_STEP][PASSED] - verifyElementVisible(findTestObject("09-Settings/Organization/mat-card-title_Chat Message Settings")): Object 'Object Repository/09-Settings/Organization/mat-card-title_Chat Message Settings' is visible

2023-08-07 17:37:51 - [MESSAGE][PASSED] - Object 'Object Repository/09-Settings/Organization/mat-card-title_Chat Message Settings' is visible

2023-08-07 17:37:51 - [TEST_STEP][PASSED] - verifyElementVisible(findTestObject("09-Settings/Organization/mat-card_Chat Message Settings")): Object 'Object Repository/09-Settings/Organization/mat-card_Chat Message Settings' is visible

2023-08-07 17:37:51 - [MESSAGE][PASSED] - Object 'Object Repository/09-Settings/Organization/mat-card_Chat Message Settings' is visible

2023-08-07 17:37:51 - [TEST_STEP][PASSED] - click(findTestObject("09-Settings/Organization/toggle_Enable chat message editing")): Object: 'Object Repository/09-Settings/Organization/toggle_Enable chat message editing' is clicked on

2023-08-07 17:37:52 - [MESSAGE][PASSED] - Object: 'Object Repository/09-Settings/Organization/toggle_Enable chat message editing' is clicked on

2023-08-07 17:37:52 - [TEST_STEP][PASSED] - click(findTestObject("09-Settings/Organization/toggle_Enable chat message deletion")): Object: 'Object Repository/09-Settings/Organization/toggle_Enable chat message deletion' is clicked on

2023-08-07 17:37:53 - [MESSAGE][PASSED] - Object: 'Object Repository/09-Settings/Organization/toggle_Enable chat message deletion' is clicked on

2023-08-07 17:37:53 - [TEST_STEP][PASSED] - delay(delay_3seconds): Delayed 3 second(s)

2023-08-07 17:37:56 - [MESSAGE][PASSED] - Delayed 3 second(s)

2023-08-07 17:37:56 - [TEST_STEP][PASSED] - click(findTestObject("09-Settings/Organization/toggle_Enable chat message editing")): Object: 'Object Repository/09-Settings/Organization/toggle_Enable chat message editing' is clicked on

2023-08-07 17:37:56 - [MESSAGE][PASSED] - Object: 'Object Repository/09-Settings/Organization/toggle_Enable chat message editing' is clicked on

2023-08-07 17:37:56 - [TEST_STEP][PASSED] - click(findTestObject("09-Settings/Organization/toggle_Enable chat message deletion")): Object: 'Object Repository/09-Settings/Organization/toggle_Enable chat message deletion' is clicked on

2023-08-07 17:37:57 - [MESSAGE][PASSED] - Object: 'Object Repository/09-Settings/Organization/toggle_Enable chat message deletion' is clicked on

2023-08-07 17:37:57 - [TEST_STEP][PASSED] - delay(delay_2seconds): Delayed 2 second(s)

2023-08-07 17:37:59 - [MESSAGE][PASSED] - Delayed 2 second(s)

2023-08-07 17:37:59 - [TEST_STEP][PASSED] - verifyElementVisible(findTestObject("09-Settings/Organization/mat-card-title_Membership")): Object 'Object Repository/09-Settings/Organization/mat-card-title_Membership' is visible

2023-08-07 17:38:00 - [MESSAGE][PASSED] - Object 'Object Repository/09-Settings/Organization/mat-card-title_Membership' is visible

2023-08-07 17:38:00 - [TEST_STEP][PASSED] - verifyElementVisible(findTestObject("09-Settings/Organization/mat-card_Membership")): Object 'Object Repository/09-Settings/Organization/mat-card_Membership' is visible

2023-08-07 17:38:00 - [MESSAGE][PASSED] - Object 'Object Repository/09-Settings/Organization/mat-card_Membership' is visible

2023-08-07 17:38:00 - [TEST_STEP][PASSED] - verifyElementVisible(findTestObject("09-Settings/Organization/div_By enabling this option, all join requests via URL will be automatically approved")): Object 'Object Repository/09-Settings/Organization/div_By enabling this option, all join requests via URL will be automatically approved' is visible

2023-08-07 17:38:00 - [MESSAGE][PASSED] - Object 'Object Repository/09-Settings/Organization/div_By enabling this option, all join requests via URL will be automatically approved' is visible

2023-08-07 17:38:00 - [TEST_STEP][PASSED] - click(findTestObject("09-Settings/Organization/toggle_Enable auto approve")): Object: 'Object Repository/09-Settings/Organization/toggle_Enable auto approve' is clicked on

2023-08-07 17:38:01 - [MESSAGE][PASSED] - Object: 'Object Repository/09-Settings/Organization/toggle_Enable auto approve' is clicked on

2023-08-07 17:38:01 - [TEST_STEP][PASSED] - delay(delay_2seconds): Delayed 2 second(s)

2023-08-07 17:38:03 - [MESSAGE][PASSED] - Delayed 2 second(s)

2023-08-07 17:38:03 - [TEST_STEP][PASSED] - scrollToElement(findTestObject("09-Settings/Organization/mat-card-title_Cloud files"), 0): Scroll to object 'Object Repository/09-Settings/Organization/mat-card-title_Cloud files' successfully

2023-08-07 17:38:03 - [MESSAGE][WARNING] - Timeout '0' is invalid. Using default page load timeout: '30'

2023-08-07 17:38:04 - [MESSAGE][PASSED] - Scroll to object 'Object Repository/09-Settings/Organization/mat-card-title_Cloud files' successfully

2023-08-07 17:38:04 - [TEST_STEP][PASSED] - verifyElementVisible(findTestObject("09-Settings/Organization/mat-card-title_Cloud files")): Object 'Object Repository/09-Settings/Organization/mat-card-title_Cloud files' is visible

2023-08-07 17:38:04 - [MESSAGE][PASSED] - Object 'Object Repository/09-Settings/Organization/mat-card-title_Cloud files' is visible

2023-08-07 17:38:04 - [TEST_STEP][PASSED] - verifyElementVisible(findTestObject("09-Settings/Organization/mat-card-Cloud files")): Object 'Object Repository/09-Settings/Organization/mat-card-Cloud files' is visible

2023-08-07 17:38:04 - [MESSAGE][PASSED] - Object 'Object Repository/09-Settings/Organization/mat-card-Cloud files' is visible

2023-08-07 17:38:04 - [TEST_STEP][PASSED] - click(findTestObject("09-Settings/Organization/toggle_cloudfiles")): Object: 'Object Repository/09-Settings/Organization/toggle_cloudfiles' is clicked on

2023-08-07 17:38:05 - [MESSAGE][PASSED] - Object: 'Object Repository/09-Settings/Organization/toggle_cloudfiles' is clicked on

2023-08-07 17:38:05 - [TEST_STEP][PASSED] - delay(delay_2seconds): Delayed 2 second(s)

2023-08-07 17:38:07 - [MESSAGE][PASSED] - Delayed 2 second(s)

2023-08-07 17:38:07 - [TEST_STEP][PASSED] - verifyElementVisible(findTestObject("09-Settings/Organization/mat-card-title_Tools")): Object 'Object Repository/09-Settings/Organization/mat-card-title_Tools' is visible

2023-08-07 17:38:07 - [MESSAGE][PASSED] - Object 'Object Repository/09-Settings/Organization/mat-card-title_Tools' is visible

2023-08-07 17:38:07 - [TEST_STEP][PASSED] - verifyElementVisible(findTestObject("09-Settings/Organization/div_Enable or disable tools by clicking on the toggle")): Object 'Object Repository/09-Settings/Organization/div_Enable or disable tools by clicking on the toggle' is visible

2023-08-07 17:38:07 - [MESSAGE][PASSED] - Object 'Object Repository/09-Settings/Organization/div_Enable or disable tools by clicking on the toggle' is visible

2023-08-07 17:38:07 - [TEST_STEP][PASSED] - click(findTestObject("09-Settings/Organization/toggle_EL Net")): Object: 'Object Repository/09-Settings/Organization/toggle_EL Net' is clicked on

2023-08-07 17:38:08 - [MESSAGE][PASSED] - Object: 'Object Repository/09-Settings/Organization/toggle_EL Net' is clicked on

2023-08-07 17:38:08 - [TEST_STEP][PASSED] - verifyElementVisible(findTestObject("09-Settings/Organization/snack-bar-container_ELNet tool disabled.OK")): Object 'Object Repository/09-Settings/Organization/snack-bar-container_ELNet tool disabled.OK' is visible

2023-08-07 17:38:08 - [MESSAGE][PASSED] - Object 'Object Repository/09-Settings/Organization/snack-bar-container_ELNet tool disabled.OK' is visible

2023-08-07 17:38:08 - [TEST_STEP][PASSED] - delay(delay_3seconds): Delayed 3 second(s)

2023-08-07 17:38:11 - [MESSAGE][PASSED] - Delayed 3 second(s)

2023-08-07 17:38:11 - [TEST_STEP][PASSED] - click(findTestObject("09-Settings/Organization/toggle_EL Sign")): Object: 'Object Repository/09-Settings/Organization/toggle_EL Sign' is clicked on

2023-08-07 17:38:12 - [MESSAGE][PASSED] - Object: 'Object Repository/09-Settings/Organization/toggle_EL Sign' is clicked on

2023-08-07 17:38:12 - [TEST_STEP][PASSED] - verifyElementVisible(findTestObject("09-Settings/Organization/snack-bar-container_ELSign tool disabled.OK")): Object 'Object Repository/09-Settings/Organization/snack-bar-container_ELSign tool disabled.OK' is visible

2023-08-07 17:38:14 - [MESSAGE][PASSED] - Object 'Object Repository/09-Settings/Organization/snack-bar-container_ELSign tool disabled.OK' is visible

2023-08-07 17:38:14 - [TEST_STEP][PASSED] - delay(delay_3seconds): Delayed 3 second(s)

2023-08-07 17:38:17 - [MESSAGE][PASSED] - Delayed 3 second(s)

2023-08-07 17:38:17 - [TEST_STEP][PASSED] - click(findTestObject("09-Settings/Organization/toggle_EL HealthCheck")): Object: 'Object Repository/09-Settings/Organization/toggle_EL HealthCheck' is clicked on

2023-08-07 17:38:17 - [MESSAGE][PASSED] - Object: 'Object Repository/09-Settings/Organization/toggle_EL HealthCheck' is clicked on

2023-08-07 17:38:17 - [TEST_STEP][PASSED] - verifyElementVisible(findTestObject("09-Settings/Organization/snack-bar-container_EL HealthCheck tool enabled.OK")): Object 'Object Repository/09-Settings/Organization/snack-bar-container_EL HealthCheck tool enabled.OK' is visible

2023-08-07 17:38:18 - [MESSAGE][PASSED] - Object 'Object Repository/09-Settings/Organization/snack-bar-container_EL HealthCheck tool enabled.OK' is visible

2023-08-07 17:38:18 - [TEST_STEP][PASSED] - delay(delay_3seconds): Delayed 3 second(s)

2023-08-07 17:38:21 - [MESSAGE][PASSED] - Delayed 3 second(s)

2023-08-07 17:38:21 - [TEST_STEP][PASSED] - click(findTestObject("09-Settings/Organization/toggle_Income and expense")): Object: 'Object Repository/09-Settings/Organization/toggle_Income and expense' is clicked on

2023-08-07 17:38:22 - [MESSAGE][PASSED] - Object: 'Object Repository/09-Settings/Organization/toggle_Income and expense' is clicked on

2023-08-07 17:38:22 - [TEST_STEP][PASSED] - verifyElementVisible(findTestObject("09-Settings/Organization/snack-bar-container_Income and Expense tool disabled.OK")): Object 'Object Repository/09-Settings/Organization/snack-bar-container_Income and Expense tool disabled.OK' is visible

2023-08-07 17:38:23 - [MESSAGE][PASSED] - Object 'Object Repository/09-Settings/Organization/snack-bar-container_Income and Expense tool disabled.OK' is visible

2023-08-07 17:38:23 - [TEST_STEP][PASSED] - delay(delay_3seconds): Delayed 3 second(s)

2023-08-07 17:38:26 - [MESSAGE][PASSED] - Delayed 3 second(s)

2023-08-07 17:38:26 - [TEST_STEP][PASSED] - click(findTestObject("09-Settings/Organization/toggle_AI assistant")): Object: 'Object Repository/09-Settings/Organization/toggle_AI assistant' is clicked on

2023-08-07 17:38:27 - [MESSAGE][PASSED] - Object: 'Object Repository/09-Settings/Organization/toggle_AI assistant' is clicked on

2023-08-07 17:38:27 - [TEST_STEP][PASSED] - verifyElementVisible(findTestObject("09-Settings/Organization/snack-bar-container_AI Assistant tool disabled.OK")): Object 'Object Repository/09-Settings/Organization/snack-bar-container_AI Assistant tool disabled.OK' is visible

2023-08-07 17:38:29 - [MESSAGE][PASSED] - Object 'Object Repository/09-Settings/Organization/snack-bar-container_AI Assistant tool disabled.OK' is visible

2023-08-07 17:38:29 - [TEST_STEP][PASSED] - delay(delay_3seconds): Delayed 3 second(s)

2023-08-07 17:38:32 - [MESSAGE][PASSED] - Delayed 3 second(s)

2023-08-07 17:38:32 - [TEST_STEP][PASSED] - click(findTestObject("09-Settings/Organization/toogle_PDF converter1")): Object: 'Object Repository/09-Settings/Organization/toogle_PDF converter1' is clicked on

2023-08-07 17:38:32 - [MESSAGE][PASSED] - Object: 'Object Repository/09-Settings/Organization/toogle_PDF converter1' is clicked on

2023-08-07 17:38:32 - [TEST_STEP][PASSED] - verifyElementVisible(findTestObject("09-Settings/Organization/snack-bar-container_PDF Converter tool disabled.OK")): Object 'Object Repository/09-Settings/Organization/snack-bar-container_PDF Converter tool disabled.OK' is visible

2023-08-07 17:38:33 - [MESSAGE][PASSED] - Object 'Object Repository/09-Settings/Organization/snack-bar-container_PDF Converter tool disabled.OK' is visible

2023-08-07 17:38:33 - [TEST_STEP][PASSED] - delay(delay_3seconds): Delayed 3 second(s)

2023-08-07 17:38:37 - [MESSAGE][PASSED] - Delayed 3 second(s)

2023-08-07 17:38:37 - [TEST_STEP][PASSED] - click(findTestObject("09-Settings/Organization/toggle_EL Net")): Object: 'Object Repository/09-Settings/Organization/toggle_EL Net' is clicked on

2023-08-07 17:38:37 - [MESSAGE][PASSED] - Object: 'Object Repository/09-Settings/Organization/toggle_EL Net' is clicked on

2023-08-07 17:38:37 - [TEST_STEP][PASSED] - verifyElementVisible(findTestObject("09-Settings/Organization/snack-bar-container_ELNet tool enabled.OK")): Object 'Object Repository/09-Settings/Organization/snack-bar-container_ELNet tool enabled.OK' is visible

2023-08-07 17:38:38 - [MESSAGE][PASSED] - Object 'Object Repository/09-Settings/Organization/snack-bar-container_ELNet tool enabled.OK' is visible

2023-08-07 17:38:38 - [TEST_STEP][PASSED] - delay(delay_3seconds): Delayed 3 second(s)

2023-08-07 17:38:41 - [MESSAGE][PASSED] - Delayed 3 second(s)

2023-08-07 17:38:41 - [TEST_STEP][PASSED] - click(findTestObject("09-Settings/Organization/toggle_EL Sign")): Object: 'Object Repository/09-Settings/Organization/toggle_EL Sign' is clicked on

2023-08-07 17:38:43 - [MESSAGE][PASSED] - Object: 'Object Repository/09-Settings/Organization/toggle_EL Sign' is clicked on

2023-08-07 17:38:43 - [TEST_STEP][PASSED] - verifyElementVisible(findTestObject("09-Settings/Organization/snack-bar-container_ELSign tool enabled.OK")): Object 'Object Repository/09-Settings/Organization/snack-bar-container_ELSign tool enabled.OK' is visible

2023-08-07 17:38:44 - [MESSAGE][PASSED] - Object 'Object Repository/09-Settings/Organization/snack-bar-container_ELSign tool enabled.OK' is visible

2023-08-07 17:38:44 - [TEST_STEP][PASSED] - delay(delay_3seconds): Delayed 3 second(s)

2023-08-07 17:38:47 - [MESSAGE][PASSED] - Delayed 3 second(s)

2023-08-07 17:38:47 - [TEST_STEP][PASSED] - click(findTestObject("09-Settings/Organization/toggle_EL HealthCheck")): Object: 'Object Repository/09-Settings/Organization/toggle_EL HealthCheck' is clicked on

2023-08-07 17:38:47 - [MESSAGE][PASSED] - Object: 'Object Repository/09-Settings/Organization/toggle_EL HealthCheck' is clicked on

2023-08-07 17:38:47 - [TEST_STEP][PASSED] - verifyElementVisible(findTestObject("09-Settings/Organization/snack-bar-container_EL HealthCheck tool disabled.OK")): Object 'Object Repository/09-Settings/Organization/snack-bar-container_EL HealthCheck tool disabled.OK' is visible

2023-08-07 17:38:49 - [MESSAGE][PASSED] - Object 'Object Repository/09-Settings/Organization/snack-bar-container_EL HealthCheck tool disabled.OK' is visible

2023-08-07 17:38:49 - [TEST_STEP][PASSED] - delay(delay_3seconds): Delayed 3 second(s)

2023-08-07 17:38:52 - [MESSAGE][PASSED] - Delayed 3 second(s)

2023-08-07 17:38:52 - [TEST_STEP][PASSED] - click(findTestObject("09-Settings/Organization/toggle_Income and expense")): Object: 'Object Repository/09-Settings/Organization/toggle_Income and expense' is clicked on

2023-08-07 17:38:52 - [MESSAGE][PASSED] - Object: 'Object Repository/09-Settings/Organization/toggle_Income and expense' is clicked on

2023-08-07 17:38:52 - [TEST_STEP][PASSED] - verifyElementVisible(findTestObject("09-Settings/Organization/snack-bar-container_Income and Expense tool enabled.OK")): Object 'Object Repository/09-Settings/Organization/snack-bar-container_Income and Expense tool enabled.OK' is visible

2023-08-07 17:38:53 - [MESSAGE][PASSED] - Object 'Object Repository/09-Settings/Organization/snack-bar-container_Income and Expense tool enabled.OK' is visible

2023-08-07 17:38:53 - [TEST_STEP][PASSED] - delay(delay_3seconds): Delayed 3 second(s)

2023-08-07 17:38:56 - [MESSAGE][PASSED] - Delayed 3 second(s)

2023-08-07 17:38:56 - [TEST_STEP][PASSED] - click(findTestObject("09-Settings/Organization/toggle_AI assistant")): Object: 'Object Repository/09-Settings/Organization/toggle_AI assistant' is clicked on

2023-08-07 17:38:57 - [MESSAGE][PASSED] - Object: 'Object Repository/09-Settings/Organization/toggle_AI assistant' is clicked on

2023-08-07 17:38:57 - [TEST_STEP][PASSED] - verifyElementVisible(findTestObject("09-Settings/Organization/snack-bar-container_AI Assistant tool enabled.OK")): Object 'Object Repository/09-Settings/Organization/snack-bar-container_AI Assistant tool enabled.OK' is visible

2023-08-07 17:38:58 - [MESSAGE][PASSED] - Object 'Object Repository/09-Settings/Organization/snack-bar-container_AI Assistant tool enabled.OK' is visible

2023-08-07 17:38:58 - [TEST_STEP][PASSED] - delay(delay_3seconds): Delayed 3 second(s)

2023-08-07 17:39:01 - [MESSAGE][PASSED] - Delayed 3 second(s)

2023-08-07 17:39:01 - [TEST_STEP][PASSED] - click(findTestObject("09-Settings/Organization/toogle_PDF converter1")): Object: 'Object Repository/09-Settings/Organization/toogle_PDF converter1' is clicked on

2023-08-07 17:39:01 - [MESSAGE][PASSED] - Object: 'Object Repository/09-Settings/Organization/toogle_PDF converter1' is clicked on

2023-08-07 17:39:01 - [TEST_STEP][PASSED] - verifyElementVisible(findTestObject("09-Settings/Organization/snack-bar-container_PDF Converter tool enabled.OK")): Object 'Object Repository/09-Settings/Organization/snack-bar-container_PDF Converter tool enabled.OK' is visible

2023-08-07 17:39:02 - [MESSAGE][PASSED] - Object 'Object Repository/09-Settings/Organization/snack-bar-container_PDF Converter tool enabled.OK' is visible]]></system-out>
         <system-err><![CDATA[]]></system-err>
      </testcase>
      <testcase name="Test Cases/09-Settings/25 - Organization - Delete Organization" time="28.566" classname="Test Cases/09-Settings/25 - Organization - Delete Organization" status="PASSED">
         <system-out><![CDATA[2023-08-07 17:39:02 - [TEST_CASE][PASSED] - Test Cases/09-Settings/25 - Organization - Delete Organization: Test Cases/09-Settings/25 - Organization - Delete Organization

2023-08-07 17:39:02 - [TEST_STEP][PASSED] - delay(delay_3seconds): Delayed 3 second(s)

2023-08-07 17:39:05 - [MESSAGE][PASSED] - Delayed 3 second(s)

2023-08-07 17:39:05 - [TEST_STEP][PASSED] - scrollToElement(findTestObject("09-Settings/Organization/div_Profile"), 0): Scroll to object 'Object Repository/09-Settings/Organization/div_Profile' successfully

2023-08-07 17:39:06 - [MESSAGE][WARNING] - Timeout '0' is invalid. Using default page load timeout: '30'

2023-08-07 17:39:06 - [MESSAGE][PASSED] - Scroll to object 'Object Repository/09-Settings/Organization/div_Profile' successfully

2023-08-07 17:39:06 - [TEST_STEP][PASSED] - click(findTestObject("09-Settings/Organization/div_Profile")): Object: 'Object Repository/09-Settings/Organization/div_Profile' is clicked on

2023-08-07 17:39:15 - [MESSAGE][PASSED] - Object: 'Object Repository/09-Settings/Organization/div_Profile' is clicked on

2023-08-07 17:39:15 - [TEST_STEP][PASSED] - delay(delay_3seconds): Delayed 3 second(s)

2023-08-07 17:39:18 - [MESSAGE][PASSED] - Delayed 3 second(s)

2023-08-07 17:39:18 - [TEST_STEP][PASSED] - verifyElementVisible(findTestObject("09-Settings/Organization/mat-card_Profile")): Object 'Object Repository/09-Settings/Organization/mat-card_Profile' is visible

2023-08-07 17:39:18 - [MESSAGE][PASSED] - Object 'Object Repository/09-Settings/Organization/mat-card_Profile' is visible

2023-08-07 17:39:18 - [TEST_STEP][PASSED] - verifyElementVisible(findTestObject("09-Settings/Organization/mat-card_Address")): Object 'Object Repository/09-Settings/Organization/mat-card_Address' is visible

2023-08-07 17:39:18 - [MESSAGE][PASSED] - Object 'Object Repository/09-Settings/Organization/mat-card_Address' is visible

2023-08-07 17:39:18 - [TEST_STEP][PASSED] - verifyElementVisible(findTestObject("09-Settings/Organization/mat-card_Contact")): Object 'Object Repository/09-Settings/Organization/mat-card_Contact' is visible

2023-08-07 17:39:19 - [MESSAGE][PASSED] - Object 'Object Repository/09-Settings/Organization/mat-card_Contact' is visible

2023-08-07 17:39:19 - [TEST_STEP][PASSED] - delay(delay_4seconds): Delayed 4 second(s)

2023-08-07 17:39:23 - [MESSAGE][PASSED] - Delayed 4 second(s)

2023-08-07 17:39:23 - [TEST_STEP][PASSED] - click(findTestObject("09-Settings/Organization/button_Delete Organization")): Object: 'Object Repository/09-Settings/Organization/button_Delete Organization' is clicked on

2023-08-07 17:39:23 - [MESSAGE][PASSED] - Object: 'Object Repository/09-Settings/Organization/button_Delete Organization' is clicked on

2023-08-07 17:39:23 - [TEST_STEP][PASSED] - delay(delay_3seconds): Delayed 3 second(s)

2023-08-07 17:39:26 - [MESSAGE][PASSED] - Delayed 3 second(s)

2023-08-07 17:39:26 - [TEST_STEP][PASSED] - verifyElementVisible(findTestObject("09-Settings/Organization/mat-dialog-container_Delete Organization Unit")): Object 'Object Repository/09-Settings/Organization/mat-dialog-container_Delete Organization Unit' is visible

2023-08-07 17:39:26 - [MESSAGE][PASSED] - Object 'Object Repository/09-Settings/Organization/mat-dialog-container_Delete Organization Unit' is visible

2023-08-07 17:39:26 - [TEST_STEP][PASSED] - click(findTestObject("09-Settings/Organization/button_Delete")): Object: 'Object Repository/09-Settings/Organization/button_Delete' is clicked on

2023-08-07 17:39:27 - [MESSAGE][PASSED] - Object: 'Object Repository/09-Settings/Organization/button_Delete' is clicked on

2023-08-07 17:39:27 - [TEST_STEP][PASSED] - delay(delay_3seconds): Delayed 3 second(s)

2023-08-07 17:39:30 - [MESSAGE][PASSED] - Delayed 3 second(s)

2023-08-07 17:39:30 - [TEST_STEP][PASSED] - closeBrowser(): Browser is closed

2023-08-07 17:39:31 - [MESSAGE][PASSED] - Browser is closed]]></system-out>
         <system-err><![CDATA[]]></system-err>
      </testcase>
      <system-out><![CDATA[2023-08-07 17:31:59 - [TEST_SUITE][PASSED] - 09.5 - Settings (Organization): Test Cases/09-Settings/25 - Organization - Delete Organization]]></system-out>
      <system-err><![CDATA[]]></system-err>
   </testsuite>
</testsuites>
