<?xml version="1.0" encoding="UTF-8"?>
<testsuites name="14-Income and Expense" time="269.375" tests="12" failures="0" errors="0">
   <testsuite name="14-Income and Expense" tests="12" failures="0" errors="0" time="269.375" skipped="0" timestamp="2023-08-04 20:47:55" hostname="Personal - DESKTOP-TFDFEQ1" id="Test Suites/TS-Organization/14-Income and Expense">
      <properties>
         <property name="deviceName" value=""/>
         <property name="devicePlatform" value=""/>
         <property name="logFolder" value="C:\\Users\\Personal\\Documents\\GitHub\\Everleagues\\Reports\\20230804_204753\\TS-Organization\\14-Income and Expense\\20230804_204753"/>
         <property name="logFiles" value="C:\\Users\\Personal\\Documents\\GitHub\\Everleagues\\Reports\\20230804_204753\\TS-Organization\\14-Income and Expense\\20230804_204753\\execution0.log"/>
         <property name="attachments" value=""/>
         <property name="hostName" value="Personal - DESKTOP-TFDFEQ1"/>
         <property name="os" value="Windows 11 64bit"/>
         <property name="katalonVersion" value="8.6.5.208"/>
         <property name="browser" value="Chrome 115.0.0.0"/>
         <property name="hostAddress" value="10.100.1.38"/>
         <property name="sessionId" value="01e318d58c0f68cc197a5919c293ec57"/>
         <property name="seleniumVersion" value="3.141.59"/>
         <property name="proxyInformation" value="ProxyInformation { proxyOption=NO_PROXY, proxyServerType=HTTP, username=, password=********, proxyServerAddress=, proxyServerPort=0, executionList=&quot;&quot;, isApplyToDesiredCapabilities=true }"/>
         <property name="platform" value="Windows 11"/>
      </properties>
      <testcase name="Test Cases/14-Income and Expense/01-Add Company (required field is blank)" time="109.731" classname="Test Cases/14-Income and Expense/01-Add Company (required field is blank)" status="PASSED">
         <system-out><![CDATA[2023-08-04 20:47:55 - [TEST_CASE][PASSED] - Test Cases/14-Income and Expense/01-Add Company (required field is blank): Test Cases/14-Income and Expense/01-Add Company (required field is blank)

2023-08-04 20:47:55 - [TEST_STEP][PASSED] - openBrowser(""): Browser is opened with url: ''

2023-08-04 20:47:55 - [MESSAGE][INFO] - Starting 'Chrome' driver

2023-08-04 20:47:55 - [MESSAGE][INFO] - User set preference: ['args', '[--disable-web-security, --ignore-certificate-errors, --no-first-run, --disable-gpu]']

2023-08-04 20:47:55 - [MESSAGE][INFO] - Action delay is set to 0 milliseconds

2023-08-04 20:47:57 - [MESSAGE][PASSED] - Browser is opened with url: ''

2023-08-04 20:47:57 - [TEST_STEP][PASSED] - navigateToUrl(appURL): Navigate to 'https://lab.everleagues.com/login' successfully

2023-08-04 20:48:08 - [MESSAGE][PASSED] - Navigate to 'https://lab.everleagues.com/login' successfully

2023-08-04 20:48:08 - [TEST_STEP][PASSED] - maximizeWindow(): Current window maximized

2023-08-04 20:48:08 - [MESSAGE][PASSED] - Current window maximized

2023-08-04 20:48:08 - [TEST_STEP][PASSED] - callTestCase(findTestCase("01-Login and Forgot Password/04-Login(Valid Credentials-With Subscription)"), [:], STOP_ON_FAILURE): Call Test Case 'Test Cases/01-Login and Forgot Password/04-Login(Valid Credentials-With Subscription)' successfully

2023-08-04 20:48:08 - [TEST_CASE][PASSED] - Test Cases/01-Login and Forgot Password/04-Login(Valid Credentials-With Subscription): Test Cases/01-Login and Forgot Password/04-Login(Valid Credentials-With Subscription)

2023-08-04 20:48:08 - [TEST_STEP][PASSED] - setText(findTestObject("01-Login and Forgot Password/input_Email_email"), email_with_subscription): Text 'testuser005@mailinator.com' is set on object 'Object Repository/01-Login and Forgot Password/input_Email_email'

2023-08-04 20:48:09 - [MESSAGE][PASSED] - Text 'testuser005@mailinator.com' is set on object 'Object Repository/01-Login and Forgot Password/input_Email_email'

2023-08-04 20:48:09 - [TEST_STEP][PASSED] - setEncryptedText(findTestObject("01-Login and Forgot Password/input_Email_password"), password): Text ****** has been set on object 'Object Repository/01-Login and Forgot Password/input_Email_password'

2023-08-04 20:48:10 - [MESSAGE][PASSED] - Text ****** has been set on object 'Object Repository/01-Login and Forgot Password/input_Email_password'

2023-08-04 20:48:10 - [TEST_STEP][PASSED] - delay(delay_2seconds): Delayed 2 second(s)

2023-08-04 20:48:12 - [MESSAGE][PASSED] - Delayed 2 second(s)

2023-08-04 20:48:12 - [TEST_STEP][PASSED] - click(findTestObject("01-Login and Forgot Password/show pass button")): Object: 'Object Repository/01-Login and Forgot Password/show pass button' is clicked on

2023-08-04 20:48:12 - [MESSAGE][PASSED] - Object: 'Object Repository/01-Login and Forgot Password/show pass button' is clicked on

2023-08-04 20:48:12 - [TEST_STEP][PASSED] - delay(delay_3seconds): Delayed 3 second(s)

2023-08-04 20:48:15 - [MESSAGE][PASSED] - Delayed 3 second(s)

2023-08-04 20:48:15 - [TEST_STEP][PASSED] - click(findTestObject("01-Login and Forgot Password/button_Sign in")): Object: 'Object Repository/01-Login and Forgot Password/button_Sign in' is clicked on

2023-08-04 20:48:15 - [MESSAGE][PASSED] - Object: 'Object Repository/01-Login and Forgot Password/button_Sign in' is clicked on

2023-08-04 20:48:15 - [TEST_STEP][PASSED] - delay(delay_3seconds): Delayed 3 second(s)

2023-08-04 20:48:18 - [MESSAGE][PASSED] - Delayed 3 second(s)

2023-08-04 20:48:18 - [TEST_STEP][PASSED] - executeJavaScript("window.open();", []): Execute JavaScript 'window.open();' successfully

2023-08-04 20:48:18 - [MESSAGE][PASSED] - Execute JavaScript 'window.open();' successfully

2023-08-04 20:48:18 - [TEST_STEP][PASSED] - currentWindow = getWindowIndex(): Current window's index is: 0

2023-08-04 20:48:18 - [MESSAGE][PASSED] - Current window's index is: 0

2023-08-04 20:48:18 - [TEST_STEP][PASSED] - delay(delay_3seconds): Delayed 3 second(s)

2023-08-04 20:48:22 - [MESSAGE][PASSED] - Delayed 3 second(s)

2023-08-04 20:48:22 - [TEST_STEP][PASSED] - switchToWindowIndex(currentWindow + 1): Switched to window with index: '1'

2023-08-04 20:48:22 - [MESSAGE][PASSED] - Switched to window with index: '1'

2023-08-04 20:48:22 - [TEST_STEP][PASSED] - navigateToUrl(app_mailinator): Navigate to 'https://www.mailinator.com/' successfully

2023-08-04 20:48:30 - [MESSAGE][PASSED] - Navigate to 'https://www.mailinator.com/' successfully

2023-08-04 20:48:30 - [TEST_STEP][PASSED] - delay(delay_3seconds): Delayed 3 second(s)

2023-08-04 20:48:33 - [MESSAGE][PASSED] - Delayed 3 second(s)

2023-08-04 20:48:33 - [TEST_STEP][PASSED] - setText(findTestObject("00-Signup and Activation/zMailinator/input_LOGIN_search"), email_for_searchmailinator_testuser05): Text 'testuser005@mailinator.com' is set on object 'Object Repository/00-Signup and Activation/zMailinator/input_LOGIN_search'

2023-08-04 20:48:34 - [MESSAGE][PASSED] - Text 'testuser005@mailinator.com' is set on object 'Object Repository/00-Signup and Activation/zMailinator/input_LOGIN_search'

2023-08-04 20:48:34 - [TEST_STEP][PASSED] - click(findTestObject("00-Signup and Activation/zMailinator/gobutton"), STOP_ON_FAILURE): Object: 'Object Repository/00-Signup and Activation/zMailinator/gobutton' is clicked on

2023-08-04 20:48:35 - [MESSAGE][PASSED] - Object: 'Object Repository/00-Signup and Activation/zMailinator/gobutton' is clicked on

2023-08-04 20:48:35 - [TEST_STEP][PASSED] - delay(delay_10seconds): Delayed 10 second(s)

2023-08-04 20:48:45 - [MESSAGE][PASSED] - Delayed 10 second(s)

2023-08-04 20:48:45 - [TEST_STEP][PASSED] - click(findTestObject("00-Signup and Activation/zMailinator/Email - everleagues")): Object: 'Object Repository/00-Signup and Activation/zMailinator/Email - everleagues' is clicked on

2023-08-04 20:48:45 - [MESSAGE][PASSED] - Object: 'Object Repository/00-Signup and Activation/zMailinator/Email - everleagues' is clicked on

2023-08-04 20:48:45 - [TEST_STEP][PASSED] - delay(delay_5seconds): Delayed 5 second(s)

2023-08-04 20:48:50 - [MESSAGE][PASSED] - Delayed 5 second(s)

2023-08-04 20:48:50 - [TEST_STEP][PASSED] - code = getText(findTestObject("Object Repository/06-Teams/For 2FA/2FA code")): Text of object 'Object Repository/06-Teams/For 2FA/2FA code' is: '077871'

2023-08-04 20:48:51 - [MESSAGE][PASSED] - Text of object 'Object Repository/06-Teams/For 2FA/2FA code' is: '077871'

2023-08-04 20:48:51 - [TEST_STEP][PASSED] - delay(delay_3seconds): Delayed 3 second(s)

2023-08-04 20:48:54 - [MESSAGE][PASSED] - Delayed 3 second(s)

2023-08-04 20:48:54 - [TEST_STEP][PASSED] - closeWindowTitle("Mailinator"): Window with title: 'Mailinator' is closed

2023-08-04 20:48:54 - [MESSAGE][PASSED] - Window with title: 'Mailinator' is closed

2023-08-04 20:48:54 - [TEST_STEP][PASSED] - delay(delay_5seconds): Delayed 5 second(s)

2023-08-04 20:48:59 - [MESSAGE][PASSED] - Delayed 5 second(s)

2023-08-04 20:48:59 - [TEST_STEP][PASSED] - switchToWindowIndex(0): Switched to window with index: '0'

2023-08-04 20:48:59 - [MESSAGE][PASSED] - Switched to window with index: '0'

2023-08-04 20:48:59 - [TEST_STEP][PASSED] - delay(delay_3seconds): Delayed 3 second(s)

2023-08-04 20:49:02 - [MESSAGE][PASSED] - Delayed 3 second(s)

2023-08-04 20:49:02 - [TEST_STEP][PASSED] - setText(findTestObject("Object Repository/06-Teams/For 2FA/input_Enter verification code_code"), code): Text '077871' is set on object 'Object Repository/06-Teams/For 2FA/input_Enter verification code_code'

2023-08-04 20:49:03 - [MESSAGE][PASSED] - Text '077871' is set on object 'Object Repository/06-Teams/For 2FA/input_Enter verification code_code'

2023-08-04 20:49:03 - [TEST_STEP][PASSED] - delay(delay_3seconds): Delayed 3 second(s)

2023-08-04 20:49:06 - [MESSAGE][PASSED] - Delayed 3 second(s)

2023-08-04 20:49:06 - [TEST_STEP][PASSED] - click(findTestObject("06-Teams/For 2FA/button_Verify_2FA")): Object: 'Object Repository/06-Teams/For 2FA/button_Verify_2FA' is clicked on

2023-08-04 20:49:06 - [MESSAGE][PASSED] - Object: 'Object Repository/06-Teams/For 2FA/button_Verify_2FA' is clicked on

2023-08-04 20:49:06 - [TEST_STEP][PASSED] - delay(delay_3seconds): Delayed 3 second(s)

2023-08-04 20:49:09 - [MESSAGE][PASSED] - Delayed 3 second(s)

2023-08-04 20:49:09 - [MESSAGE][PASSED] - Call Test Case 'Test Cases/01-Login and Forgot Password/04-Login(Valid Credentials-With Subscription)' successfully

2023-08-04 20:49:09 - [TEST_STEP][PASSED] - click(findTestObject("06-Teams/button_doublearrow")): Object: 'Object Repository/06-Teams/button_doublearrow' is clicked on

2023-08-04 20:49:13 - [MESSAGE][PASSED] - Object: 'Object Repository/06-Teams/button_doublearrow' is clicked on

2023-08-04 20:49:13 - [TEST_STEP][PASSED] - click(findTestObject("06-Teams/button_My Organizations")): Object: 'Object Repository/06-Teams/button_My Organizations' is clicked on

2023-08-04 20:49:14 - [MESSAGE][PASSED] - Object: 'Object Repository/06-Teams/button_My Organizations' is clicked on

2023-08-04 20:49:14 - [TEST_STEP][PASSED] - click(findTestObject("02-Side Icons(Organization)/Add Contact/button_Automation Test Org")): Object: 'Object Repository/02-Side Icons(Organization)/Add Contact/button_Automation Test Org' is clicked on

2023-08-04 20:49:15 - [MESSAGE][PASSED] - Object: 'Object Repository/02-Side Icons(Organization)/Add Contact/button_Automation Test Org' is clicked on

2023-08-04 20:49:15 - [TEST_STEP][PASSED] - delay(delay_4seconds): Delayed 4 second(s)

2023-08-04 20:49:19 - [MESSAGE][PASSED] - Delayed 4 second(s)

2023-08-04 20:49:19 - [TEST_STEP][PASSED] - verifyElementVisible(findTestObject("02-Side Icons(Organization)/Add Contact/span_Automation Test Org")): Object 'Object Repository/02-Side Icons(Organization)/Add Contact/span_Automation Test Org' is visible

2023-08-04 20:49:20 - [MESSAGE][PASSED] - Object 'Object Repository/02-Side Icons(Organization)/Add Contact/span_Automation Test Org' is visible

2023-08-04 20:49:20 - [TEST_STEP][PASSED] - delay(delay_5seconds): Delayed 5 second(s)

2023-08-04 20:49:25 - [MESSAGE][PASSED] - Delayed 5 second(s)

2023-08-04 20:49:25 - [TEST_STEP][PASSED] - scrollToElement(findTestObject("03-Header Menu/Hamburger Button/div_Income and Expense"), 0): Scroll to object 'Object Repository/03-Header Menu/Hamburger Button/div_Income and Expense' successfully

2023-08-04 20:49:25 - [MESSAGE][WARNING] - Timeout '0' is invalid. Using default page load timeout: '30'

2023-08-04 20:49:25 - [MESSAGE][PASSED] - Scroll to object 'Object Repository/03-Header Menu/Hamburger Button/div_Income and Expense' successfully

2023-08-04 20:49:25 - [TEST_STEP][PASSED] - click(findTestObject("03-Header Menu/Hamburger Button/div_Income and Expense")): Object: 'Object Repository/03-Header Menu/Hamburger Button/div_Income and Expense' is clicked on

2023-08-04 20:49:26 - [MESSAGE][PASSED] - Object: 'Object Repository/03-Header Menu/Hamburger Button/div_Income and Expense' is clicked on

2023-08-04 20:49:26 - [TEST_STEP][PASSED] - verifyElementVisible(findTestObject("14-Income and Expense/div_IncomeAndExpense Tracker")): Object 'Object Repository/14-Income and Expense/div_IncomeAndExpense Tracker' is visible

2023-08-04 20:49:27 - [MESSAGE][PASSED] - Object 'Object Repository/14-Income and Expense/div_IncomeAndExpense Tracker' is visible

2023-08-04 20:49:27 - [TEST_STEP][PASSED] - verifyElementVisible(findTestObject("14-Income and Expense/th_Income  Expense Tracker")): Object 'Object Repository/14-Income and Expense/th_Income  Expense Tracker' is visible

2023-08-04 20:49:28 - [MESSAGE][PASSED] - Object 'Object Repository/14-Income and Expense/th_Income  Expense Tracker' is visible

2023-08-04 20:49:28 - [TEST_STEP][PASSED] - delay(delay_3seconds): Delayed 3 second(s)

2023-08-04 20:49:31 - [MESSAGE][PASSED] - Delayed 3 second(s)

2023-08-04 20:49:31 - [TEST_STEP][PASSED] - click(findTestObject("14-Income and Expense/button_ADD COMPANY")): Object: 'Object Repository/14-Income and Expense/button_ADD COMPANY' is clicked on

2023-08-04 20:49:31 - [MESSAGE][PASSED] - Object: 'Object Repository/14-Income and Expense/button_ADD COMPANY' is clicked on

2023-08-04 20:49:31 - [TEST_STEP][PASSED] - click(findTestObject("14-Income and Expense/mat-icon_clear")): Object: 'Object Repository/14-Income and Expense/mat-icon_clear' is clicked on

2023-08-04 20:49:32 - [MESSAGE][PASSED] - Object: 'Object Repository/14-Income and Expense/mat-icon_clear' is clicked on

2023-08-04 20:49:32 - [TEST_STEP][PASSED] - delay(delay_3seconds): Delayed 3 second(s)

2023-08-04 20:49:35 - [MESSAGE][PASSED] - Delayed 3 second(s)

2023-08-04 20:49:35 - [TEST_STEP][PASSED] - click(findTestObject("14-Income and Expense/button_ADD COMPANY")): Object: 'Object Repository/14-Income and Expense/button_ADD COMPANY' is clicked on

2023-08-04 20:49:36 - [MESSAGE][PASSED] - Object: 'Object Repository/14-Income and Expense/button_ADD COMPANY' is clicked on

2023-08-04 20:49:36 - [TEST_STEP][PASSED] - verifyElementVisible(findTestObject("14-Income and Expense/mat-dialog-container_Add CompanyModal")): Object 'Object Repository/14-Income and Expense/mat-dialog-container_Add CompanyModal' is visible

2023-08-04 20:49:37 - [MESSAGE][PASSED] - Object 'Object Repository/14-Income and Expense/mat-dialog-container_Add CompanyModal' is visible

2023-08-04 20:49:37 - [TEST_STEP][PASSED] - click(findTestObject("14-Income and Expense/input_CompanyName")): Object: 'Object Repository/14-Income and Expense/input_CompanyName' is clicked on

2023-08-04 20:49:37 - [MESSAGE][PASSED] - Object: 'Object Repository/14-Income and Expense/input_CompanyName' is clicked on

2023-08-04 20:49:37 - [TEST_STEP][PASSED] - click(findTestObject("14-Income and Expense/dropdown_CompanyType")): Object: 'Object Repository/14-Income and Expense/dropdown_CompanyType' is clicked on

2023-08-04 20:49:37 - [MESSAGE][PASSED] - Object: 'Object Repository/14-Income and Expense/dropdown_CompanyType' is clicked on

2023-08-04 20:49:37 - [TEST_STEP][PASSED] - doubleClick(findTestObject("14-Income and Expense/input_CompanyName")): Object: 'Object Repository/14-Income and Expense/input_CompanyName' is double clicked on

2023-08-04 20:49:38 - [MESSAGE][PASSED] - Object: 'Object Repository/14-Income and Expense/input_CompanyName' is double clicked on

2023-08-04 20:49:38 - [TEST_STEP][PASSED] - click(findTestObject("14-Income and Expense/dropdown_ChoosingDate")): Object: 'Object Repository/14-Income and Expense/dropdown_ChoosingDate' is clicked on

2023-08-04 20:49:39 - [MESSAGE][PASSED] - Object: 'Object Repository/14-Income and Expense/dropdown_ChoosingDate' is clicked on

2023-08-04 20:49:39 - [TEST_STEP][PASSED] - doubleClick(findTestObject("14-Income and Expense/mat-icon_account")): Object: 'Object Repository/14-Income and Expense/mat-icon_account' is double clicked on

2023-08-04 20:49:39 - [MESSAGE][PASSED] - Object: 'Object Repository/14-Income and Expense/mat-icon_account' is double clicked on

2023-08-04 20:49:39 - [TEST_STEP][PASSED] - click(findTestObject("14-Income and Expense/input_CompanyName")): Object: 'Object Repository/14-Income and Expense/input_CompanyName' is clicked on

2023-08-04 20:49:40 - [MESSAGE][PASSED] - Object: 'Object Repository/14-Income and Expense/input_CompanyName' is clicked on

2023-08-04 20:49:40 - [TEST_STEP][PASSED] - verifyElementVisible(findTestObject("14-Income and Expense/mat-error_Company name is required")): Object 'Object Repository/14-Income and Expense/mat-error_Company name is required' is visible

2023-08-04 20:49:41 - [MESSAGE][PASSED] - Object 'Object Repository/14-Income and Expense/mat-error_Company name is required' is visible

2023-08-04 20:49:41 - [TEST_STEP][PASSED] - verifyElementVisible(findTestObject("14-Income and Expense/mat-error_Company type is required")): Object 'Object Repository/14-Income and Expense/mat-error_Company type is required' is visible

2023-08-04 20:49:41 - [MESSAGE][PASSED] - Object 'Object Repository/14-Income and Expense/mat-error_Company type is required' is visible

2023-08-04 20:49:41 - [TEST_STEP][PASSED] - verifyElementNotClickable(findTestObject("14-Income and Expense/button_BEGIN")): Object 'Object Repository/14-Income and Expense/button_BEGIN' is NOT clickable

2023-08-04 20:49:42 - [MESSAGE][PASSED] - Object 'Object Repository/14-Income and Expense/button_BEGIN' is NOT clickable

2023-08-04 20:49:42 - [TEST_STEP][PASSED] - delay(delay_3seconds): Delayed 3 second(s)

2023-08-04 20:49:45 - [MESSAGE][PASSED] - Delayed 3 second(s)]]></system-out>
         <system-err><![CDATA[]]></system-err>
      </testcase>
      <testcase name="Test Cases/14-Income and Expense/02-Add Company (fill out required field)" time="8.773" classname="Test Cases/14-Income and Expense/02-Add Company (fill out required field)" status="PASSED">
         <system-out><![CDATA[2023-08-04 20:49:45 - [TEST_CASE][PASSED] - Test Cases/14-Income and Expense/02-Add Company (fill out required field): Test Cases/14-Income and Expense/02-Add Company (fill out required field)

2023-08-04 20:49:45 - [TEST_STEP][PASSED] - setText(findTestObject("14-Income and Expense/input_CompanyName"), company_name): Text 'Automation Company' is set on object 'Object Repository/14-Income and Expense/input_CompanyName'

2023-08-04 20:49:46 - [MESSAGE][PASSED] - Text 'Automation Company' is set on object 'Object Repository/14-Income and Expense/input_CompanyName'

2023-08-04 20:49:46 - [TEST_STEP][PASSED] - click(findTestObject("14-Income and Expense/dropdown_CompanyType")): Object: 'Object Repository/14-Income and Expense/dropdown_CompanyType' is clicked on

2023-08-04 20:49:46 - [MESSAGE][PASSED] - Object: 'Object Repository/14-Income and Expense/dropdown_CompanyType' is clicked on

2023-08-04 20:49:46 - [TEST_STEP][PASSED] - click(findTestObject("14-Income and Expense/mat-option_Consulting")): Object: 'Object Repository/14-Income and Expense/mat-option_Consulting' is clicked on

2023-08-04 20:49:47 - [MESSAGE][PASSED] - Object: 'Object Repository/14-Income and Expense/mat-option_Consulting' is clicked on

2023-08-04 20:49:47 - [TEST_STEP][PASSED] - click(findTestObject("14-Income and Expense/dropdown_ChoosingDate")): Object: 'Object Repository/14-Income and Expense/dropdown_ChoosingDate' is clicked on

2023-08-04 20:49:47 - [MESSAGE][PASSED] - Object: 'Object Repository/14-Income and Expense/dropdown_ChoosingDate' is clicked on

2023-08-04 20:49:47 - [TEST_STEP][PASSED] - click(findTestObject("14-Income and Expense/mat-option_End of September")): Object: 'Object Repository/14-Income and Expense/mat-option_End of September' is clicked on

2023-08-04 20:49:48 - [MESSAGE][PASSED] - Object: 'Object Repository/14-Income and Expense/mat-option_End of September' is clicked on

2023-08-04 20:49:48 - [TEST_STEP][PASSED] - click(findTestObject("14-Income and Expense/mat-icon_account")): Object: 'Object Repository/14-Income and Expense/mat-icon_account' is clicked on

2023-08-04 20:49:48 - [MESSAGE][PASSED] - Object: 'Object Repository/14-Income and Expense/mat-icon_account' is clicked on

2023-08-04 20:49:48 - [TEST_STEP][PASSED] - click(findTestObject("14-Income and Expense/mat-option_GG TESTER")): Object: 'Object Repository/14-Income and Expense/mat-option_GG TESTER' is clicked on

2023-08-04 20:49:49 - [MESSAGE][PASSED] - Object: 'Object Repository/14-Income and Expense/mat-option_GG TESTER' is clicked on

2023-08-04 20:49:49 - [TEST_STEP][PASSED] - delay(delay_1second): Delayed 1 second(s)

2023-08-04 20:49:50 - [MESSAGE][PASSED] - Delayed 1 second(s)

2023-08-04 20:49:50 - [TEST_STEP][PASSED] - click(findTestObject("14-Income and Expense/button_BEGIN")): Object: 'Object Repository/14-Income and Expense/button_BEGIN' is clicked on

2023-08-04 20:49:50 - [MESSAGE][PASSED] - Object: 'Object Repository/14-Income and Expense/button_BEGIN' is clicked on

2023-08-04 20:49:50 - [TEST_STEP][PASSED] - delay(delay_3seconds): Delayed 3 second(s)

2023-08-04 20:49:53 - [MESSAGE][PASSED] - Delayed 3 second(s)]]></system-out>
         <system-err><![CDATA[]]></system-err>
      </testcase>
      <testcase name="Test Cases/14-Income and Expense/03-Add receipt (required field is blank)" time="15.423" classname="Test Cases/14-Income and Expense/03-Add receipt (required field is blank)" status="PASSED">
         <system-out><![CDATA[2023-08-04 20:49:54 - [TEST_CASE][PASSED] - Test Cases/14-Income and Expense/03-Add receipt (required field is blank): Test Cases/14-Income and Expense/03-Add receipt (required field is blank)

2023-08-04 20:49:54 - [TEST_STEP][PASSED] - click(findTestObject("14-Income and Expense/button_addReceipt")): Object: 'Object Repository/14-Income and Expense/button_addReceipt' is clicked on

2023-08-04 20:49:54 - [MESSAGE][PASSED] - Object: 'Object Repository/14-Income and Expense/button_addReceipt' is clicked on

2023-08-04 20:49:54 - [TEST_STEP][PASSED] - click(findTestObject("14-Income and Expense/mat-icon_clear")): Object: 'Object Repository/14-Income and Expense/mat-icon_clear' is clicked on

2023-08-04 20:49:55 - [MESSAGE][PASSED] - Object: 'Object Repository/14-Income and Expense/mat-icon_clear' is clicked on

2023-08-04 20:49:55 - [TEST_STEP][PASSED] - delay(delay_3seconds): Delayed 3 second(s)

2023-08-04 20:49:58 - [MESSAGE][PASSED] - Delayed 3 second(s)

2023-08-04 20:49:58 - [TEST_STEP][PASSED] - click(findTestObject("14-Income and Expense/button_addReceipt")): Object: 'Object Repository/14-Income and Expense/button_addReceipt' is clicked on

2023-08-04 20:49:59 - [MESSAGE][PASSED] - Object: 'Object Repository/14-Income and Expense/button_addReceipt' is clicked on

2023-08-04 20:49:59 - [TEST_STEP][PASSED] - verifyElementVisible(findTestObject("14-Income and Expense/mat-dialog-container_Add ReceiptModal")): Object 'Object Repository/14-Income and Expense/mat-dialog-container_Add ReceiptModal' is visible

2023-08-04 20:50:00 - [MESSAGE][PASSED] - Object 'Object Repository/14-Income and Expense/mat-dialog-container_Add ReceiptModal' is visible

2023-08-04 20:50:00 - [TEST_STEP][PASSED] - click(findTestObject("14-Income and Expense/input_VendorName")): Object: 'Object Repository/14-Income and Expense/input_VendorName' is clicked on

2023-08-04 20:50:00 - [MESSAGE][PASSED] - Object: 'Object Repository/14-Income and Expense/input_VendorName' is clicked on

2023-08-04 20:50:00 - [TEST_STEP][PASSED] - sendKeys(findTestObject("14-Income and Expense/input_VendorName"), Keys.chord(ESCAPE)): Keys 'ESCAPE + ' sent to object: 'Object Repository/14-Income and Expense/input_VendorName'

2023-08-04 20:50:01 - [MESSAGE][PASSED] - Keys 'ESCAPE + ' sent to object: 'Object Repository/14-Income and Expense/input_VendorName'

2023-08-04 20:50:01 - [TEST_STEP][PASSED] - click(findTestObject("14-Income and Expense/input_AccountType")): Object: 'Object Repository/14-Income and Expense/input_AccountType' is clicked on

2023-08-04 20:50:01 - [MESSAGE][PASSED] - Object: 'Object Repository/14-Income and Expense/input_AccountType' is clicked on

2023-08-04 20:50:01 - [TEST_STEP][PASSED] - doubleClick(findTestObject("14-Income and Expense/input_VendorName")): Object: 'Object Repository/14-Income and Expense/input_VendorName' is double clicked on

2023-08-04 20:50:02 - [MESSAGE][PASSED] - Object: 'Object Repository/14-Income and Expense/input_VendorName' is double clicked on

2023-08-04 20:50:02 - [TEST_STEP][PASSED] - click(findTestObject("14-Income and Expense/input_Amount")): Object: 'Object Repository/14-Income and Expense/input_Amount' is clicked on

2023-08-04 20:50:03 - [MESSAGE][PASSED] - Object: 'Object Repository/14-Income and Expense/input_Amount' is clicked on

2023-08-04 20:50:03 - [TEST_STEP][PASSED] - click(findTestObject("14-Income and Expense/input_VendorName")): Object: 'Object Repository/14-Income and Expense/input_VendorName' is clicked on

2023-08-04 20:50:03 - [MESSAGE][PASSED] - Object: 'Object Repository/14-Income and Expense/input_VendorName' is clicked on

2023-08-04 20:50:03 - [TEST_STEP][PASSED] - sendKeys(findTestObject("14-Income and Expense/input_VendorName"), Keys.chord(ESCAPE)): Keys 'ESCAPE + ' sent to object: 'Object Repository/14-Income and Expense/input_VendorName'

2023-08-04 20:50:04 - [MESSAGE][PASSED] - Keys 'ESCAPE + ' sent to object: 'Object Repository/14-Income and Expense/input_VendorName'

2023-08-04 20:50:04 - [TEST_STEP][PASSED] - verifyElementVisible(findTestObject("14-Income and Expense/mat-error_Vendor name is required")): Object 'Object Repository/14-Income and Expense/mat-error_Vendor name is required' is visible

2023-08-04 20:50:04 - [MESSAGE][PASSED] - Object 'Object Repository/14-Income and Expense/mat-error_Vendor name is required' is visible

2023-08-04 20:50:04 - [TEST_STEP][PASSED] - verifyElementVisible(findTestObject("14-Income and Expense/mat-error_account type is required")): Object 'Object Repository/14-Income and Expense/mat-error_account type is required' is visible

2023-08-04 20:50:05 - [MESSAGE][PASSED] - Object 'Object Repository/14-Income and Expense/mat-error_account type is required' is visible

2023-08-04 20:50:05 - [TEST_STEP][PASSED] - verifyElementVisible(findTestObject("14-Income and Expense/mat-error_Receipt amount is required")): Object 'Object Repository/14-Income and Expense/mat-error_Receipt amount is required' is visible

2023-08-04 20:50:05 - [MESSAGE][PASSED] - Object 'Object Repository/14-Income and Expense/mat-error_Receipt amount is required' is visible

2023-08-04 20:50:05 - [TEST_STEP][PASSED] - verifyElementVisible(findTestObject("14-Income and Expense/mat-hint_Required")): Object 'Object Repository/14-Income and Expense/mat-hint_Required' is visible

2023-08-04 20:50:05 - [MESSAGE][PASSED] - Object 'Object Repository/14-Income and Expense/mat-hint_Required' is visible

2023-08-04 20:50:05 - [TEST_STEP][PASSED] - scrollToElement(findTestObject("14-Income and Expense/button_Done"), 0): Scroll to object 'Object Repository/14-Income and Expense/button_Done' successfully

2023-08-04 20:50:05 - [MESSAGE][WARNING] - Timeout '0' is invalid. Using default page load timeout: '30'

2023-08-04 20:50:06 - [MESSAGE][PASSED] - Scroll to object 'Object Repository/14-Income and Expense/button_Done' successfully

2023-08-04 20:50:06 - [TEST_STEP][PASSED] - verifyElementNotClickable(findTestObject("14-Income and Expense/button_Done")): Object 'Object Repository/14-Income and Expense/button_Done' is NOT clickable

2023-08-04 20:50:06 - [MESSAGE][PASSED] - Object 'Object Repository/14-Income and Expense/button_Done' is NOT clickable

2023-08-04 20:50:06 - [TEST_STEP][PASSED] - delay(delay_3seconds): Delayed 3 second(s)

2023-08-04 20:50:09 - [MESSAGE][PASSED] - Delayed 3 second(s)]]></system-out>
         <system-err><![CDATA[]]></system-err>
      </testcase>
      <testcase name="Test Cases/14-Income and Expense/04-Add Receipt (Amount is less than 0)" time="4.954" classname="Test Cases/14-Income and Expense/04-Add Receipt (Amount is less than 0)" status="PASSED">
         <system-out><![CDATA[2023-08-04 20:50:09 - [TEST_CASE][PASSED] - Test Cases/14-Income and Expense/04-Add Receipt (Amount is less than 0): Test Cases/14-Income and Expense/04-Add Receipt (Amount is less than 0)

2023-08-04 20:50:09 - [TEST_STEP][PASSED] - setText(findTestObject("14-Income and Expense/input_Amount"), "-9"): Text '-9' is set on object 'Object Repository/14-Income and Expense/input_Amount'

2023-08-04 20:50:10 - [MESSAGE][PASSED] - Text '-9' is set on object 'Object Repository/14-Income and Expense/input_Amount'

2023-08-04 20:50:10 - [TEST_STEP][PASSED] - click(findTestObject("14-Income and Expense/input_VendorName")): Object: 'Object Repository/14-Income and Expense/input_VendorName' is clicked on

2023-08-04 20:50:10 - [MESSAGE][PASSED] - Object: 'Object Repository/14-Income and Expense/input_VendorName' is clicked on

2023-08-04 20:50:10 - [TEST_STEP][PASSED] - verifyElementVisible(findTestObject("14-Income and Expense/mat-error_Receipt amount should be greater than 0")): Object 'Object Repository/14-Income and Expense/mat-error_Receipt amount should be greater than 0' is visible

2023-08-04 20:50:11 - [MESSAGE][PASSED] - Object 'Object Repository/14-Income and Expense/mat-error_Receipt amount should be greater than 0' is visible

2023-08-04 20:50:11 - [TEST_STEP][PASSED] - delay(delay_3seconds): Delayed 3 second(s)

2023-08-04 20:50:14 - [MESSAGE][PASSED] - Delayed 3 second(s)]]></system-out>
         <system-err><![CDATA[]]></system-err>
      </testcase>
      <testcase name="Test Cases/14-Income and Expense/05-Add receipt (fill out required field)" time="13.984" classname="Test Cases/14-Income and Expense/05-Add receipt (fill out required field)" status="PASSED">
         <system-out><![CDATA[2023-08-04 20:50:14 - [TEST_CASE][PASSED] - Test Cases/14-Income and Expense/05-Add receipt (fill out required field): Test Cases/14-Income and Expense/05-Add receipt (fill out required field)

2023-08-04 20:50:14 - [TEST_STEP][PASSED] - setText(findTestObject("14-Income and Expense/input_VendorName"), vendor_name): Text 'GG Automation' is set on object 'Object Repository/14-Income and Expense/input_VendorName'

2023-08-04 20:50:15 - [MESSAGE][PASSED] - Text 'GG Automation' is set on object 'Object Repository/14-Income and Expense/input_VendorName'

2023-08-04 20:50:15 - [TEST_STEP][PASSED] - click(findTestObject("14-Income and Expense/input_AccountType")): Object: 'Object Repository/14-Income and Expense/input_AccountType' is clicked on

2023-08-04 20:50:16 - [MESSAGE][PASSED] - Object: 'Object Repository/14-Income and Expense/input_AccountType' is clicked on

2023-08-04 20:50:16 - [TEST_STEP][PASSED] - click(findTestObject("14-Income and Expense/mat-option_5090-Other income")): Object: 'Object Repository/14-Income and Expense/mat-option_5090-Other income' is clicked on

2023-08-04 20:50:17 - [MESSAGE][PASSED] - Object: 'Object Repository/14-Income and Expense/mat-option_5090-Other income' is clicked on

2023-08-04 20:50:17 - [TEST_STEP][PASSED] - click(findTestObject("14-Income and Expense/button_Receipt Date")): Object: 'Object Repository/14-Income and Expense/button_Receipt Date' is clicked on

2023-08-04 20:50:18 - [MESSAGE][PASSED] - Object: 'Object Repository/14-Income and Expense/button_Receipt Date' is clicked on

2023-08-04 20:50:18 - [TEST_STEP][PASSED] - clickOffset(findTestObject("14-Income and Expense/button_Receipt Date"), 10, 10): Object: 'Object Repository/14-Income and Expense/button_Receipt Date' is clicked on using offset x=10 and y=10

2023-08-04 20:50:19 - [MESSAGE][PASSED] - Object: 'Object Repository/14-Income and Expense/button_Receipt Date' is clicked on using offset x=10 and y=10

2023-08-04 20:50:19 - [TEST_STEP][PASSED] - setText(findTestObject("14-Income and Expense/input_Amount"), "30000"): Text '30000' is set on object 'Object Repository/14-Income and Expense/input_Amount'

2023-08-04 20:50:20 - [MESSAGE][PASSED] - Text '30000' is set on object 'Object Repository/14-Income and Expense/input_Amount'

2023-08-04 20:50:20 - [TEST_STEP][PASSED] - setText(findTestObject("14-Income and Expense/input_AddANote"), "Receipt Note"): Text 'Receipt Note' is set on object 'Object Repository/14-Income and Expense/input_AddANote'

2023-08-04 20:50:21 - [MESSAGE][PASSED] - Text 'Receipt Note' is set on object 'Object Repository/14-Income and Expense/input_AddANote'

2023-08-04 20:50:21 - [TEST_STEP][PASSED] - uploadpackage.Upload.uploadFile(findTestObject("Object Repository/14-Income and Expense/div_Required_uploadfilecontainer"), upload_pdf_file): uploadpackage.Upload.uploadFile is PASSED

2023-08-04 20:50:21 - [MESSAGE][PASSED] - Object: 'Object Repository/14-Income and Expense/div_Required_uploadfilecontainer' is clicked on

2023-08-04 20:50:21 - [MESSAGE][PASSED] - uploadpackage.Upload.uploadFile is PASSED

2023-08-04 20:50:21 - [TEST_STEP][PASSED] - delay(delay_3seconds): Delayed 3 second(s)

2023-08-04 20:50:24 - [MESSAGE][PASSED] - Delayed 3 second(s)

2023-08-04 20:50:24 - [TEST_STEP][PASSED] - click(findTestObject("14-Income and Expense/button_Done")): Object: 'Object Repository/14-Income and Expense/button_Done' is clicked on

2023-08-04 20:50:25 - [MESSAGE][PASSED] - Object: 'Object Repository/14-Income and Expense/button_Done' is clicked on

2023-08-04 20:50:25 - [TEST_STEP][PASSED] - delay(delay_3seconds): Delayed 3 second(s)

2023-08-04 20:50:28 - [MESSAGE][PASSED] - Delayed 3 second(s)]]></system-out>
         <system-err><![CDATA[]]></system-err>
      </testcase>
      <testcase name="Test Cases/14-Income and Expense/06-Update report - Select Fiscal Year" time="9.899" classname="Test Cases/14-Income and Expense/06-Update report - Select Fiscal Year" status="PASSED">
         <system-out><![CDATA[2023-08-04 20:50:28 - [TEST_CASE][PASSED] - Test Cases/14-Income and Expense/06-Update report - Select Fiscal Year: Test Cases/14-Income and Expense/06-Update report - Select Fiscal Year

2023-08-04 20:50:28 - [TEST_STEP][PASSED] - click(findTestObject("14-Income and Expense/button_UPDATE")): Object: 'Object Repository/14-Income and Expense/button_UPDATE' is clicked on

2023-08-04 20:50:28 - [MESSAGE][PASSED] - Object: 'Object Repository/14-Income and Expense/button_UPDATE' is clicked on

2023-08-04 20:50:28 - [TEST_STEP][PASSED] - verifyElementVisible(findTestObject("14-Income and Expense/h6-Automation Company")): Object 'Object Repository/14-Income and Expense/h6-Automation Company' is visible

2023-08-04 20:50:30 - [MESSAGE][PASSED] - Object 'Object Repository/14-Income and Expense/h6-Automation Company' is visible

2023-08-04 20:50:30 - [TEST_STEP][PASSED] - click(findTestObject("14-Income and Expense/button_BACK")): Object: 'Object Repository/14-Income and Expense/button_BACK' is clicked on

2023-08-04 20:50:30 - [MESSAGE][PASSED] - Object: 'Object Repository/14-Income and Expense/button_BACK' is clicked on

2023-08-04 20:50:30 - [TEST_STEP][PASSED] - delay(delay_2seconds): Delayed 2 second(s)

2023-08-04 20:50:32 - [MESSAGE][PASSED] - Delayed 2 second(s)

2023-08-04 20:50:32 - [TEST_STEP][PASSED] - click(findTestObject("14-Income and Expense/button_insert_chart_outlinedUPDATE")): Object: 'Object Repository/14-Income and Expense/button_insert_chart_outlinedUPDATE' is clicked on

2023-08-04 20:50:33 - [MESSAGE][PASSED] - Object: 'Object Repository/14-Income and Expense/button_insert_chart_outlinedUPDATE' is clicked on

2023-08-04 20:50:33 - [TEST_STEP][PASSED] - click(findTestObject("14-Income and Expense/div_Select Fiscal Year")): Object: 'Object Repository/14-Income and Expense/div_Select Fiscal Year' is clicked on

2023-08-04 20:50:34 - [MESSAGE][PASSED] - Object: 'Object Repository/14-Income and Expense/div_Select Fiscal Year' is clicked on

2023-08-04 20:50:34 - [TEST_STEP][PASSED] - click(findTestObject("14-Income and Expense/mat-option_92023")): Object: 'Object Repository/14-Income and Expense/mat-option_92023' is clicked on

2023-08-04 20:50:35 - [MESSAGE][PASSED] - Object: 'Object Repository/14-Income and Expense/mat-option_92023' is clicked on

2023-08-04 20:50:35 - [TEST_STEP][PASSED] - delay(delay_3seconds): Delayed 3 second(s)

2023-08-04 20:50:38 - [MESSAGE][PASSED] - Delayed 3 second(s)]]></system-out>
         <system-err><![CDATA[]]></system-err>
      </testcase>
      <testcase name="Test Cases/14-Income and Expense/07-Update report - Download As" time="9.547" classname="Test Cases/14-Income and Expense/07-Update report - Download As" status="PASSED">
         <system-out><![CDATA[2023-08-04 20:50:38 - [TEST_CASE][PASSED] - Test Cases/14-Income and Expense/07-Update report - Download As: Test Cases/14-Income and Expense/07-Update report - Download As

2023-08-04 20:50:38 - [TEST_STEP][PASSED] - click(findTestObject("14-Income and Expense/div_Download As")): Object: 'Object Repository/14-Income and Expense/div_Download As' is clicked on

2023-08-04 20:50:38 - [MESSAGE][PASSED] - Object: 'Object Repository/14-Income and Expense/div_Download As' is clicked on

2023-08-04 20:50:38 - [TEST_STEP][PASSED] - click(findTestObject("14-Income and Expense/mat-option_PDF")): Object: 'Object Repository/14-Income and Expense/mat-option_PDF' is clicked on

2023-08-04 20:50:39 - [MESSAGE][PASSED] - Object: 'Object Repository/14-Income and Expense/mat-option_PDF' is clicked on

2023-08-04 20:50:39 - [TEST_STEP][PASSED] - click(findTestObject("14-Income and Expense/button_download1")): Object: 'Object Repository/14-Income and Expense/button_download1' is clicked on

2023-08-04 20:50:40 - [MESSAGE][PASSED] - Object: 'Object Repository/14-Income and Expense/button_download1' is clicked on

2023-08-04 20:50:40 - [TEST_STEP][PASSED] - delay(delay_3seconds): Delayed 3 second(s)

2023-08-04 20:50:43 - [MESSAGE][PASSED] - Delayed 3 second(s)

2023-08-04 20:50:43 - [TEST_STEP][PASSED] - click(findTestObject("14-Income and Expense/div_Download As")): Object: 'Object Repository/14-Income and Expense/div_Download As' is clicked on

2023-08-04 20:50:43 - [MESSAGE][PASSED] - Object: 'Object Repository/14-Income and Expense/div_Download As' is clicked on

2023-08-04 20:50:43 - [TEST_STEP][PASSED] - click(findTestObject("14-Income and Expense/mat-option_EXCELCSV")): Object: 'Object Repository/14-Income and Expense/mat-option_EXCELCSV' is clicked on

2023-08-04 20:50:44 - [MESSAGE][PASSED] - Object: 'Object Repository/14-Income and Expense/mat-option_EXCELCSV' is clicked on

2023-08-04 20:50:44 - [TEST_STEP][PASSED] - click(findTestObject("14-Income and Expense/button_download1")): Object: 'Object Repository/14-Income and Expense/button_download1' is clicked on

2023-08-04 20:50:44 - [MESSAGE][PASSED] - Object: 'Object Repository/14-Income and Expense/button_download1' is clicked on

2023-08-04 20:50:44 - [TEST_STEP][PASSED] - delay(delay_3seconds): Delayed 3 second(s)

2023-08-04 20:50:47 - [MESSAGE][PASSED] - Delayed 3 second(s)]]></system-out>
         <system-err><![CDATA[]]></system-err>
      </testcase>
      <testcase name="Test Cases/14-Income and Expense/08-Update report - View and download receipt" time="20.419" classname="Test Cases/14-Income and Expense/08-Update report - View and download receipt" status="PASSED">
         <system-out><![CDATA[2023-08-04 20:50:47 - [TEST_CASE][PASSED] - Test Cases/14-Income and Expense/08-Update report - View and download receipt: Test Cases/14-Income and Expense/08-Update report - View and download receipt

2023-08-04 20:50:48 - [TEST_STEP][PASSED] - click(findTestObject("14-Income and Expense/button_visibility")): Object: 'Object Repository/14-Income and Expense/button_visibility' is clicked on

2023-08-04 20:50:48 - [MESSAGE][PASSED] - Object: 'Object Repository/14-Income and Expense/button_visibility' is clicked on

2023-08-04 20:50:48 - [TEST_STEP][PASSED] - refresh(): Refresh successfully

2023-08-04 20:50:50 - [MESSAGE][PASSED] - Refresh successfully

2023-08-04 20:50:50 - [TEST_STEP][PASSED] - delay(delay_2seconds): Delayed 2 second(s)

2023-08-04 20:50:52 - [MESSAGE][PASSED] - Delayed 2 second(s)

2023-08-04 20:50:52 - [TEST_STEP][PASSED] - refresh(): Refresh successfully

2023-08-04 20:50:54 - [MESSAGE][PASSED] - Refresh successfully

2023-08-04 20:50:54 - [TEST_STEP][PASSED] - delay(delay_2seconds): Delayed 2 second(s)

2023-08-04 20:50:56 - [MESSAGE][PASSED] - Delayed 2 second(s)

2023-08-04 20:50:56 - [TEST_STEP][PASSED] - scrollToElement(findTestObject("03-Header Menu/Hamburger Button/div_Income and Expense"), 0): Scroll to object 'Object Repository/03-Header Menu/Hamburger Button/div_Income and Expense' successfully

2023-08-04 20:50:56 - [MESSAGE][WARNING] - Timeout '0' is invalid. Using default page load timeout: '30'

2023-08-04 20:50:56 - [MESSAGE][PASSED] - Scroll to object 'Object Repository/03-Header Menu/Hamburger Button/div_Income and Expense' successfully

2023-08-04 20:50:56 - [TEST_STEP][PASSED] - click(findTestObject("03-Header Menu/Hamburger Button/div_Income and Expense")): Object: 'Object Repository/03-Header Menu/Hamburger Button/div_Income and Expense' is clicked on

2023-08-04 20:50:57 - [MESSAGE][PASSED] - Object: 'Object Repository/03-Header Menu/Hamburger Button/div_Income and Expense' is clicked on

2023-08-04 20:50:57 - [TEST_STEP][PASSED] - delay(delay_2seconds): Delayed 2 second(s)

2023-08-04 20:50:59 - [MESSAGE][PASSED] - Delayed 2 second(s)

2023-08-04 20:50:59 - [TEST_STEP][PASSED] - click(findTestObject("14-Income and Expense/button_UPDATE")): Object: 'Object Repository/14-Income and Expense/button_UPDATE' is clicked on

2023-08-04 20:50:59 - [MESSAGE][PASSED] - Object: 'Object Repository/14-Income and Expense/button_UPDATE' is clicked on

2023-08-04 20:50:59 - [TEST_STEP][PASSED] - delay(delay_2seconds): Delayed 2 second(s)

2023-08-04 20:51:01 - [MESSAGE][PASSED] - Delayed 2 second(s)

2023-08-04 20:51:01 - [TEST_STEP][PASSED] - scrollToElement(findTestObject("14-Income and Expense/button_visibility"), 0): Scroll to object 'Object Repository/14-Income and Expense/button_visibility' successfully

2023-08-04 20:51:01 - [MESSAGE][WARNING] - Timeout '0' is invalid. Using default page load timeout: '30'

2023-08-04 20:51:02 - [MESSAGE][PASSED] - Scroll to object 'Object Repository/14-Income and Expense/button_visibility' successfully

2023-08-04 20:51:02 - [TEST_STEP][PASSED] - delay(delay_2seconds): Delayed 2 second(s)

2023-08-04 20:51:04 - [MESSAGE][PASSED] - Delayed 2 second(s)

2023-08-04 20:51:04 - [TEST_STEP][PASSED] - scrollToElement(findTestObject("14-Income and Expense/label_Income and Expense Report"), 0): Scroll to object 'Object Repository/14-Income and Expense/label_Income and Expense Report' successfully

2023-08-04 20:51:04 - [MESSAGE][WARNING] - Timeout '0' is invalid. Using default page load timeout: '30'

2023-08-04 20:51:04 - [MESSAGE][PASSED] - Scroll to object 'Object Repository/14-Income and Expense/label_Income and Expense Report' successfully

2023-08-04 20:51:04 - [TEST_STEP][PASSED] - click(findTestObject("14-Income and Expense/button_download2")): Object: 'Object Repository/14-Income and Expense/button_download2' is clicked on

2023-08-04 20:51:05 - [MESSAGE][PASSED] - Object: 'Object Repository/14-Income and Expense/button_download2' is clicked on

2023-08-04 20:51:05 - [TEST_STEP][PASSED] - delay(delay_3seconds): Delayed 3 second(s)

2023-08-04 20:51:08 - [MESSAGE][PASSED] - Delayed 3 second(s)]]></system-out>
         <system-err><![CDATA[]]></system-err>
      </testcase>
      <testcase name="Test Cases/14-Income and Expense/09-Update report - Edit receipt" time="20.905" classname="Test Cases/14-Income and Expense/09-Update report - Edit receipt" status="PASSED">
         <system-out><![CDATA[2023-08-04 20:51:08 - [TEST_CASE][PASSED] - Test Cases/14-Income and Expense/09-Update report - Edit receipt: Test Cases/14-Income and Expense/09-Update report - Edit receipt

2023-08-04 20:51:08 - [TEST_STEP][PASSED] - click(findTestObject("14-Income and Expense/button_UPDATE loop")): Object: 'Object Repository/14-Income and Expense/button_UPDATE loop' is clicked on

2023-08-04 20:51:08 - [MESSAGE][PASSED] - Object: 'Object Repository/14-Income and Expense/button_UPDATE loop' is clicked on

2023-08-04 20:51:08 - [TEST_STEP][PASSED] - delay(delay_2seconds): Delayed 2 second(s)

2023-08-04 20:51:10 - [MESSAGE][PASSED] - Delayed 2 second(s)

2023-08-04 20:51:10 - [TEST_STEP][PASSED] - scrollToElement(findTestObject("14-Income and Expense/button_edit"), 0): Scroll to object 'Object Repository/14-Income and Expense/button_edit' successfully

2023-08-04 20:51:11 - [MESSAGE][WARNING] - Timeout '0' is invalid. Using default page load timeout: '30'

2023-08-04 20:51:11 - [MESSAGE][PASSED] - Scroll to object 'Object Repository/14-Income and Expense/button_edit' successfully

2023-08-04 20:51:11 - [TEST_STEP][PASSED] - click(findTestObject("14-Income and Expense/button_edit")): Object: 'Object Repository/14-Income and Expense/button_edit' is clicked on

2023-08-04 20:51:18 - [MESSAGE][PASSED] - Object: 'Object Repository/14-Income and Expense/button_edit' is clicked on

2023-08-04 20:51:18 - [TEST_STEP][PASSED] - verifyElementVisible(findTestObject("14-Income and Expense/mat-dialog-container_Edit receipt Modal")): Object 'Object Repository/14-Income and Expense/mat-dialog-container_Edit receipt Modal' is visible

2023-08-04 20:51:19 - [MESSAGE][PASSED] - Object 'Object Repository/14-Income and Expense/mat-dialog-container_Edit receipt Modal' is visible

2023-08-04 20:51:19 - [TEST_STEP][PASSED] - setText(findTestObject("14-Income and Expense/input_VendorName"), edit_vendor_name): Text 'GG Automation Edit' is set on object 'Object Repository/14-Income and Expense/input_VendorName'

2023-08-04 20:51:20 - [MESSAGE][PASSED] - Text 'GG Automation Edit' is set on object 'Object Repository/14-Income and Expense/input_VendorName'

2023-08-04 20:51:20 - [TEST_STEP][PASSED] - sendKeys(findTestObject("14-Income and Expense/input_VendorName"), Keys.chord(ESCAPE)): Keys 'ESCAPE + ' sent to object: 'Object Repository/14-Income and Expense/input_VendorName'

2023-08-04 20:51:20 - [MESSAGE][PASSED] - Keys 'ESCAPE + ' sent to object: 'Object Repository/14-Income and Expense/input_VendorName'

2023-08-04 20:51:20 - [TEST_STEP][PASSED] - click(findTestObject("14-Income and Expense/input_AccountType")): Object: 'Object Repository/14-Income and Expense/input_AccountType' is clicked on

2023-08-04 20:51:21 - [MESSAGE][PASSED] - Object: 'Object Repository/14-Income and Expense/input_AccountType' is clicked on

2023-08-04 20:51:21 - [TEST_STEP][PASSED] - click(findTestObject("14-Income and Expense/mat-option_2000-Furniture and Equipment")): Object: 'Object Repository/14-Income and Expense/mat-option_2000-Furniture and Equipment' is clicked on

2023-08-04 20:51:21 - [MESSAGE][PASSED] - Object: 'Object Repository/14-Income and Expense/mat-option_2000-Furniture and Equipment' is clicked on

2023-08-04 20:51:21 - [TEST_STEP][PASSED] - setText(findTestObject("14-Income and Expense/input_Amount"), "40000"): Text '40000' is set on object 'Object Repository/14-Income and Expense/input_Amount'

2023-08-04 20:51:22 - [MESSAGE][PASSED] - Text '40000' is set on object 'Object Repository/14-Income and Expense/input_Amount'

2023-08-04 20:51:22 - [TEST_STEP][PASSED] - setText(findTestObject("14-Income and Expense/input_AddANote"), "Receipt Note Edit"): Text 'Receipt Note Edit' is set on object 'Object Repository/14-Income and Expense/input_AddANote'

2023-08-04 20:51:23 - [MESSAGE][PASSED] - Text 'Receipt Note Edit' is set on object 'Object Repository/14-Income and Expense/input_AddANote'

2023-08-04 20:51:23 - [TEST_STEP][PASSED] - delay(delay_2seconds): Delayed 2 second(s)

2023-08-04 20:51:25 - [MESSAGE][PASSED] - Delayed 2 second(s)

2023-08-04 20:51:25 - [TEST_STEP][PASSED] - click(findTestObject("14-Income and Expense/button_UPDATE2")): Object: 'Object Repository/14-Income and Expense/button_UPDATE2' is clicked on

2023-08-04 20:51:26 - [MESSAGE][PASSED] - Object: 'Object Repository/14-Income and Expense/button_UPDATE2' is clicked on

2023-08-04 20:51:26 - [TEST_STEP][PASSED] - delay(delay_3seconds): Delayed 3 second(s)

2023-08-04 20:51:29 - [MESSAGE][PASSED] - Delayed 3 second(s)]]></system-out>
         <system-err><![CDATA[]]></system-err>
      </testcase>
      <testcase name="Test Cases/14-Income and Expense/10-Update report - Delete receipt" time="33.063" classname="Test Cases/14-Income and Expense/10-Update report - Delete receipt" status="PASSED">
         <system-out><![CDATA[2023-08-04 20:51:29 - [TEST_CASE][PASSED] - Test Cases/14-Income and Expense/10-Update report - Delete receipt: Test Cases/14-Income and Expense/10-Update report - Delete receipt

2023-08-04 20:51:29 - [TEST_STEP][PASSED] - click(findTestObject("14-Income and Expense/button_delete_forever")): Object: 'Object Repository/14-Income and Expense/button_delete_forever' is clicked on

2023-08-04 20:51:29 - [MESSAGE][PASSED] - Object: 'Object Repository/14-Income and Expense/button_delete_forever' is clicked on

2023-08-04 20:51:29 - [TEST_STEP][PASSED] - verifyElementVisible(findTestObject("14-Income and Expense/mat-dialog-container_ReceiptDeleteConfirmationModal")): Object 'Object Repository/14-Income and Expense/mat-dialog-container_ReceiptDeleteConfirmationModal' is visible

2023-08-04 20:51:30 - [MESSAGE][PASSED] - Object 'Object Repository/14-Income and Expense/mat-dialog-container_ReceiptDeleteConfirmationModal' is visible

2023-08-04 20:51:30 - [TEST_STEP][PASSED] - click(findTestObject("14-Income and Expense/button_No")): Object: 'Object Repository/14-Income and Expense/button_No' is clicked on

2023-08-04 20:51:31 - [MESSAGE][PASSED] - Object: 'Object Repository/14-Income and Expense/button_No' is clicked on

2023-08-04 20:51:31 - [TEST_STEP][PASSED] - delay(delay_3seconds): Delayed 3 second(s)

2023-08-04 20:51:34 - [MESSAGE][PASSED] - Delayed 3 second(s)

2023-08-04 20:51:34 - [TEST_STEP][PASSED] - click(findTestObject("14-Income and Expense/button_delete_forever")): Object: 'Object Repository/14-Income and Expense/button_delete_forever' is clicked on

2023-08-04 20:51:34 - [MESSAGE][PASSED] - Object: 'Object Repository/14-Income and Expense/button_delete_forever' is clicked on

2023-08-04 20:51:34 - [TEST_STEP][PASSED] - verifyElementVisible(findTestObject("14-Income and Expense/mat-dialog-container_ReceiptDeleteConfirmationModal")): Object 'Object Repository/14-Income and Expense/mat-dialog-container_ReceiptDeleteConfirmationModal' is visible

2023-08-04 20:51:35 - [MESSAGE][PASSED] - Object 'Object Repository/14-Income and Expense/mat-dialog-container_ReceiptDeleteConfirmationModal' is visible

2023-08-04 20:51:35 - [TEST_STEP][PASSED] - delay(delay_2seconds): Delayed 2 second(s)

2023-08-04 20:51:37 - [MESSAGE][PASSED] - Delayed 2 second(s)

2023-08-04 20:51:37 - [TEST_STEP][PASSED] - click(findTestObject("14-Income and Expense/button_Yes")): Object: 'Object Repository/14-Income and Expense/button_Yes' is clicked on

2023-08-04 20:51:37 - [MESSAGE][PASSED] - Object: 'Object Repository/14-Income and Expense/button_Yes' is clicked on

2023-08-04 20:51:37 - [TEST_STEP][PASSED] - delay(delay_2seconds): Delayed 2 second(s)

2023-08-04 20:51:39 - [MESSAGE][PASSED] - Delayed 2 second(s)

2023-08-04 20:51:39 - [TEST_STEP][PASSED] - click(findTestObject("14-Income and Expense/button_BACK")): Object: 'Object Repository/14-Income and Expense/button_BACK' is clicked on

2023-08-04 20:51:59 - [MESSAGE][PASSED] - Object: 'Object Repository/14-Income and Expense/button_BACK' is clicked on

2023-08-04 20:51:59 - [TEST_STEP][PASSED] - delay(delay_3seconds): Delayed 3 second(s)

2023-08-04 20:52:02 - [MESSAGE][PASSED] - Delayed 3 second(s)]]></system-out>
         <system-err><![CDATA[]]></system-err>
      </testcase>
      <testcase name="Test Cases/14-Income and Expense/11-Settings" time="16.694" classname="Test Cases/14-Income and Expense/11-Settings" status="PASSED">
         <system-out><![CDATA[2023-08-04 20:52:02 - [TEST_CASE][PASSED] - Test Cases/14-Income and Expense/11-Settings: Test Cases/14-Income and Expense/11-Settings

2023-08-04 20:52:02 - [TEST_STEP][PASSED] - click(findTestObject("14-Income and Expense/button_settings")): Object: 'Object Repository/14-Income and Expense/button_settings' is clicked on

2023-08-04 20:52:03 - [MESSAGE][PASSED] - Object: 'Object Repository/14-Income and Expense/button_settings' is clicked on

2023-08-04 20:52:03 - [TEST_STEP][PASSED] - verifyElementVisible(findTestObject("14-Income and Expense/mat-dialog-container_Edit CompanyModal")): Object 'Object Repository/14-Income and Expense/mat-dialog-container_Edit CompanyModal' is visible

2023-08-04 20:52:03 - [MESSAGE][PASSED] - Object 'Object Repository/14-Income and Expense/mat-dialog-container_Edit CompanyModal' is visible

2023-08-04 20:52:03 - [TEST_STEP][PASSED] - click(findTestObject("14-Income and Expense/button_CANCEL")): Object: 'Object Repository/14-Income and Expense/button_CANCEL' is clicked on

2023-08-04 20:52:04 - [MESSAGE][PASSED] - Object: 'Object Repository/14-Income and Expense/button_CANCEL' is clicked on

2023-08-04 20:52:04 - [TEST_STEP][PASSED] - delay(delay_2seconds): Delayed 2 second(s)

2023-08-04 20:52:06 - [MESSAGE][PASSED] - Delayed 2 second(s)

2023-08-04 20:52:06 - [TEST_STEP][PASSED] - click(findTestObject("14-Income and Expense/button_settings")): Object: 'Object Repository/14-Income and Expense/button_settings' is clicked on

2023-08-04 20:52:06 - [MESSAGE][PASSED] - Object: 'Object Repository/14-Income and Expense/button_settings' is clicked on

2023-08-04 20:52:06 - [TEST_STEP][PASSED] - delay(delay_2seconds): Delayed 2 second(s)

2023-08-04 20:52:08 - [MESSAGE][PASSED] - Delayed 2 second(s)

2023-08-04 20:52:08 - [TEST_STEP][PASSED] - verifyElementVisible(findTestObject("14-Income and Expense/mat-dialog-container_Edit CompanyModal")): Object 'Object Repository/14-Income and Expense/mat-dialog-container_Edit CompanyModal' is visible

2023-08-04 20:52:09 - [MESSAGE][PASSED] - Object 'Object Repository/14-Income and Expense/mat-dialog-container_Edit CompanyModal' is visible

2023-08-04 20:52:09 - [TEST_STEP][PASSED] - setText(findTestObject("14-Income and Expense/input_CompanyName"), edit_company_name): Text 'Automation Company Edit' is set on object 'Object Repository/14-Income and Expense/input_CompanyName'

2023-08-04 20:52:10 - [MESSAGE][PASSED] - Text 'Automation Company Edit' is set on object 'Object Repository/14-Income and Expense/input_CompanyName'

2023-08-04 20:52:10 - [TEST_STEP][PASSED] - click(findTestObject("14-Income and Expense/dropdown_CompanyType")): Object: 'Object Repository/14-Income and Expense/dropdown_CompanyType' is clicked on

2023-08-04 20:52:10 - [MESSAGE][PASSED] - Object: 'Object Repository/14-Income and Expense/dropdown_CompanyType' is clicked on

2023-08-04 20:52:10 - [TEST_STEP][PASSED] - scrollToElement(findTestObject("14-Income and Expense/mat-option_Other General Business"), 0): Scroll to object 'Object Repository/14-Income and Expense/mat-option_Other General Business' successfully

2023-08-04 20:52:10 - [MESSAGE][WARNING] - Timeout '0' is invalid. Using default page load timeout: '30'

2023-08-04 20:52:10 - [MESSAGE][PASSED] - Scroll to object 'Object Repository/14-Income and Expense/mat-option_Other General Business' successfully

2023-08-04 20:52:10 - [TEST_STEP][PASSED] - click(findTestObject("14-Income and Expense/mat-option_Other General Business")): Object: 'Object Repository/14-Income and Expense/mat-option_Other General Business' is clicked on

2023-08-04 20:52:11 - [MESSAGE][PASSED] - Object: 'Object Repository/14-Income and Expense/mat-option_Other General Business' is clicked on

2023-08-04 20:52:11 - [TEST_STEP][PASSED] - click(findTestObject("14-Income and Expense/dropdown_ChoosingDate")): Object: 'Object Repository/14-Income and Expense/dropdown_ChoosingDate' is clicked on

2023-08-04 20:52:11 - [MESSAGE][PASSED] - Object: 'Object Repository/14-Income and Expense/dropdown_ChoosingDate' is clicked on

2023-08-04 20:52:11 - [TEST_STEP][PASSED] - click(findTestObject("14-Income and Expense/mat-option_End of December")): Object: 'Object Repository/14-Income and Expense/mat-option_End of December' is clicked on

2023-08-04 20:52:12 - [MESSAGE][PASSED] - Object: 'Object Repository/14-Income and Expense/mat-option_End of December' is clicked on

2023-08-04 20:52:12 - [TEST_STEP][PASSED] - delay(delay_3seconds): Delayed 3 second(s)

2023-08-04 20:52:15 - [MESSAGE][PASSED] - Delayed 3 second(s)

2023-08-04 20:52:15 - [TEST_STEP][PASSED] - click(findTestObject("14-Income and Expense/button_UPDATE3")): Object: 'Object Repository/14-Income and Expense/button_UPDATE3' is clicked on

2023-08-04 20:52:15 - [MESSAGE][PASSED] - Object: 'Object Repository/14-Income and Expense/button_UPDATE3' is clicked on

2023-08-04 20:52:15 - [TEST_STEP][PASSED] - delay(delay_3seconds): Delayed 3 second(s)

2023-08-04 20:52:19 - [MESSAGE][PASSED] - Delayed 3 second(s)]]></system-out>
         <system-err><![CDATA[]]></system-err>
      </testcase>
      <testcase name="Test Cases/14-Income and Expense/12-Delete company" time="5.644" classname="Test Cases/14-Income and Expense/12-Delete company" status="PASSED">
         <system-out><![CDATA[2023-08-04 20:52:19 - [TEST_CASE][PASSED] - Test Cases/14-Income and Expense/12-Delete company: Test Cases/14-Income and Expense/12-Delete company

2023-08-04 20:52:19 - [TEST_STEP][PASSED] - click(findTestObject("14-Income and Expense/button_delete")): Object: 'Object Repository/14-Income and Expense/button_delete' is clicked on

2023-08-04 20:52:19 - [MESSAGE][PASSED] - Object: 'Object Repository/14-Income and Expense/button_delete' is clicked on

2023-08-04 20:52:19 - [TEST_STEP][PASSED] - verifyElementVisible(findTestObject("14-Income and Expense/mat-dialog-container_CompanyDeleteConfimationModal")): Object 'Object Repository/14-Income and Expense/mat-dialog-container_CompanyDeleteConfimationModal' is visible

2023-08-04 20:52:20 - [MESSAGE][PASSED] - Object 'Object Repository/14-Income and Expense/mat-dialog-container_CompanyDeleteConfimationModal' is visible

2023-08-04 20:52:20 - [TEST_STEP][PASSED] - click(findTestObject("14-Income and Expense/button_Yes")): Object: 'Object Repository/14-Income and Expense/button_Yes' is clicked on

2023-08-04 20:52:20 - [MESSAGE][PASSED] - Object: 'Object Repository/14-Income and Expense/button_Yes' is clicked on

2023-08-04 20:52:20 - [TEST_STEP][PASSED] - delay(delay_3seconds): Delayed 3 second(s)

2023-08-04 20:52:23 - [MESSAGE][PASSED] - Delayed 3 second(s)

2023-08-04 20:52:23 - [TEST_STEP][PASSED] - closeBrowser(STOP_ON_FAILURE): Browser is closed

2023-08-04 20:52:24 - [MESSAGE][PASSED] - Browser is closed]]></system-out>
         <system-err><![CDATA[]]></system-err>
      </testcase>
      <system-out><![CDATA[2023-08-04 20:47:55 - [TEST_SUITE][PASSED] - 14-Income and Expense: Test Cases/14-Income and Expense/12-Delete company]]></system-out>
      <system-err><![CDATA[]]></system-err>
   </testsuite>
</testsuites>
